<!DOCTYPE html PUBLIC "-//W3C//DTD XHTML 1.0 Transitional//EN" "http://www.w3.org/TR/xhtml1/DTD/xhtml1-transitional.dtd">

<html xmlns="http://www.w3.org/1999/xhtml" xml:lang="en" lang="en">
<head>
    <meta http-equiv="Content-Type" content="text/html; charset=UTF-8"/>

        <link rel="SHORTCUT ICON" href="../../../../img/clover.ico" />

    <style type="text/css" media="screen">
        @import url('../../../../style.css');
        @import url('../../../../roundedcorners.css');
        @import url('../../../../tree.css');
            </style>
    
    <script src="../../../../sorttable.js" type="text/javascript"></script>
    <script src="../../../../overlibmws.js" type="text/javascript"><!-- overLIB (c) Erik Bosrup --></script>
    <script src="../../../../overlibmws_shadow.js" type="text/javascript" ></script>
    <script src="../../../../clover.js" type="text/javascript"></script>
    <script src="../../../../cloud.js" type="text/javascript"></script>
    <script src="../../../../help.js" type="text/javascript"></script>
  <title>TransitDroid2.0 Coverage Report</title>
</head>
<body onload="loadPkgPane('TransitDroid2.0 Coverage Report: transitdroid.domain.entities.contract.ContractTest', 'pkg-results.html');">
  <!-- render overall summary coverage graph -->
<table cellspacing="0" cellpadding="2" class="barGraph">
<thead >
    
  <tr>
    <td colspan="7" >
        <div class="roundedLarge">
            <b class="ctop"><b class="cb1"></b><b class="cb2 testHeader"></b><b class="cb3 testHeader"></b><b class="cb4 testHeader"></b></b>
            <div class="roundedContent">
                <table width="100%" cellspacing="0"><tr class="reportHeader ">
                    <td valign="top" class="titleText testHeader">Clover Test Report -                         TransitDroid2.0 Coverage Report <div class="timestamp"><b>Coverage timestamp:</b>&nbsp;Fri Apr 5 2013 13:12:48 EDT
                    </div>
                                                <div class="navBar">
                           	                        	                        </div>
                                                                        
                        <div class="navBar">
                            <span><a href="../../../../test-pkg-summary.html">Overview</a></span>&nbsp;&nbsp;&nbsp;
                            <span><a href="test-pkg-summary.html">Package</a></span>&nbsp;&nbsp;&nbsp;
                            <span class="navBarCurrent">File</span>&nbsp;&nbsp;&nbsp;
                            <span>Test</span>
                        </div>
                                                
                        <div class="navBarLink">
                            &nbsp;&nbsp;&nbsp;
                            <a href="../../../../index.html" target="_top">FRAMES</a>&nbsp;&nbsp;
                            <a href="test-ContractTest.html" target="_top">NO FRAMES</a>&nbsp;&nbsp;
                            <a><label onclick="toggleHelp(this);" class="nonHelpItem">SHOW HELP</label></a>&nbsp;&nbsp;                            
                        </div>
                    </td>
                </tr></table>
            </div>
            <b class="cbottom"><b class="cb4 testHeader"></b><b class="cb3 testHeader"></b><b class="cb2 testHeader"></b><b class="cb1"></b></b>
        </div>

    </td>
  </tr>


<tr class="titleText">
    <td class="evalBar" colspan="7">
        This report was generated with an evaluation server license.  <a href="http://www.atlassian.com/software/clover">Purchase Clover</a> or <a href="http://confluence.atlassian.com/x/JAgQCQ">configure your license.</a>
    </td>
</tr>


</thead>
<tbody>
    <tr><td class="hbreak" colspan="7">&nbsp;</td></tr>
    
    <tr>
        <td class="graphHeaderLeft titleText testHeader">Class</td>
        <td class="graphHeader headerTitle testHeader">Tests</td>
        <td class="graphHeader headerTitle testHeader">Fail</td>
        <td class="graphHeader headerTitle testHeader">Error</td>
        <td class="graphHeader headerTitle testHeader"><label onkeyup="return help_tests_time;">Time (secs)</label></td>
        <td class="graphHeader headerTitle testHeader" colspan="2">% Tests Success</td>
    </tr>
    <tr>
        <td class="graphItem titleText">ContractTest</td>
        <td class="graphPercent testPasses">
    <span class="sortValue">24</span>
    24
</td>

<td class="graphPercent  testFailures ">
    <span class="sortValue">24</span>
    24
</td>

<td class="graphPercent ">
    <span class="sortValue">0</span>
    0
</td>
        <td class="graphPercent">0.008</td>
        <td class="graphPercent">0%</td>
        <td class="graphPercent">
            

<div>
    <div style="width: 40px; font-size:0px;"></div>

    <div title="0% Errors" style="min-width: 40px;" class="testBarError">
        <div title="100% of Tests Failed" class="testBarFail" style="width: 100%">
            <div title="0% of Tests Passed" class="testBarPass" style="width: 0%"></div>
        </div>
    </div>
</div>        </td>
    </tr>
    <tr><td class="hbreak" colspan="7">&nbsp;</td></tr>
</tbody>
<tbody>
    <tr>
        <td class="graphHeaderLeft titleText  headerTitle sortable testHeader" onclick="ts_resortTable(this, 'alpha', 0);return false;" colspan="2">Tests</td>
        <td class="graphHeader sortable headerTitle testHeader" onclick="ts_resortTable(this, 'number', 1);return false;" colspan="1">Started</td>
        <td class="graphHeader sortable headerTitle testHeader" onclick="ts_resortTable(this, 'number', 2);return false;" colspan="1">Status</td>
        <td class="graphHeader sortable headerTitle testHeader" onclick="ts_resortTable(this, 'number', 3);return false;" colspan="1"><label onkeyup="return help_tests_time;">Time (secs)</label></td>
        <td class="graphHeader sortable headerTitle testHeader" onclick="ts_resortTable(this, 'alpha', 4);return false;" colspan="6">Message</td>
    </tr>

<!-- render list of package coverage graphs -->

       <tr>
        <td class="graphItem alignTop" colspan="2"><span class="sortValue">ContractTest.testSetKeys</span><a href="ContractTest_testSetKeys_ax.html">ContractTest.testSetKeys</a></td>
        <td class="graphPercent alignTop" colspan="1" style="whitespace:nowrap;"><span class="sortValue">1365181966088</span>5 Apr 13:12:46</td>
        <td class="graphPercent alignTop" colspan="1">      <span class="sortValue">3</span>
    <span class="testResultFailure">FAIL</span>
  </td>
        <td class="graphPercent alignTop" colspan="1"><span class="sortValue">0.0</span>0</td>
        <td class="graphItemRight alignTop" colspan="6" style="width:50%">
          <span class="sortValue">Not&nbsp;yet&nbsp;implemented</span>
           <span class="expand" id="togglebut1" onclick="toggleNodeExpansion('togglebut1', 'msgc1', 'msge1');return false;">&nbsp;</span>
           <div class="titleText errorMessage" id="msgc1">Not&nbsp;yet&nbsp;implemented</div>
           <div class="titleText errorMessage" id="msge1" style="display:none;"> <div>java.lang.AssertionError: Not yet implemented</div><div> at org.junit.Assert.fail(Assert.java:74)</div><div>	at <a href="../../../../transitdroid/domain/entities/contract/ContractTest.html?line=26#src-26">transitdroid.domain.entities.contract.ContractTest.testSetKeys(ContractTest.java:26)</a></div><div> at org.junit.internal.runners.TestMethod.invoke(TestMethod.java:59)</div><div> at org.junit.internal.runners.MethodRoadie.runTestMethod(MethodRoadie.java:98)</div><div> at org.junit.internal.runners.MethodRoadie$2.run(MethodRoadie.java:79)</div><div> at org.junit.internal.runners.MethodRoadie.runBeforesThenTestThenAfters(MethodRoadie.java:87)</div><div> at org.junit.internal.runners.MethodRoadie.runTest(MethodRoadie.java:77)</div><div> at org.junit.internal.runners.MethodRoadie.run(MethodRoadie.java:42)</div><div> at org.junit.internal.runners.JUnit4ClassRunner.invokeTestMethod(JUnit4ClassRunner.java:88)</div><div> at org.junit.internal.runners.JUnit4ClassRunner.runMethods(JUnit4ClassRunner.java:51)</div><div> at org.junit.internal.runners.JUnit4ClassRunner$1.run(JUnit4ClassRunner.java:44)</div><div> at org.junit.internal.runners.ClassRoadie.runUnprotected(ClassRoadie.java:27)</div><div> at org.junit.internal.runners.ClassRoadie.runProtected(ClassRoadie.java:37)</div><div> at org.junit.internal.runners.JUnit4ClassRunner.run(JUnit4ClassRunner.java:42)</div><div> at org.eclipse.jdt.internal.junit4.runner.JUnit4TestReference.run(JUnit4TestReference.java:50)</div><div> at org.eclipse.jdt.internal.junit.runner.TestExecution.run(TestExecution.java:38)</div><div> at org.eclipse.jdt.internal.junit.runner.RemoteTestRunner.runTests(RemoteTestRunner.java:467)</div><div> at org.eclipse.jdt.internal.junit.runner.RemoteTestRunner.runTests(RemoteTestRunner.java:683)</div><div> at org.eclipse.jdt.internal.junit.runner.RemoteTestRunner.run(RemoteTestRunner.java:390)</div><div> at org.eclipse.jdt.internal.junit.runner.RemoteTestRunner.main(RemoteTestRunner.java:197)</div> </div>
                  </td>
    </tr>
          <tr>
        <td class="graphItem alignTop" colspan="2"><span class="sortValue">ContractTest.testSetCard</span><a href="ContractTest_testSetCard_oi.html">ContractTest.testSetCard</a></td>
        <td class="graphPercent alignTop" colspan="1" style="whitespace:nowrap;"><span class="sortValue">1365181966092</span>5 Apr 13:12:46</td>
        <td class="graphPercent alignTop" colspan="1">      <span class="sortValue">3</span>
    <span class="testResultFailure">FAIL</span>
  </td>
        <td class="graphPercent alignTop" colspan="1"><span class="sortValue">0.0010</span>0.001</td>
        <td class="graphItemRight alignTop" colspan="6" style="width:50%">
          <span class="sortValue">Not&nbsp;yet&nbsp;implemented</span>
           <span class="expand" id="togglebut2" onclick="toggleNodeExpansion('togglebut2', 'msgc2', 'msge2');return false;">&nbsp;</span>
           <div class="titleText errorMessage" id="msgc2">Not&nbsp;yet&nbsp;implemented</div>
           <div class="titleText errorMessage" id="msge2" style="display:none;"> <div>java.lang.AssertionError: Not yet implemented</div><div> at org.junit.Assert.fail(Assert.java:74)</div><div>	at <a href="../../../../transitdroid/domain/entities/contract/ContractTest.html?line=46#src-46">transitdroid.domain.entities.contract.ContractTest.testSetCard(ContractTest.java:46)</a></div><div> at org.junit.internal.runners.TestMethod.invoke(TestMethod.java:59)</div><div> at org.junit.internal.runners.MethodRoadie.runTestMethod(MethodRoadie.java:98)</div><div> at org.junit.internal.runners.MethodRoadie$2.run(MethodRoadie.java:79)</div><div> at org.junit.internal.runners.MethodRoadie.runBeforesThenTestThenAfters(MethodRoadie.java:87)</div><div> at org.junit.internal.runners.MethodRoadie.runTest(MethodRoadie.java:77)</div><div> at org.junit.internal.runners.MethodRoadie.run(MethodRoadie.java:42)</div><div> at org.junit.internal.runners.JUnit4ClassRunner.invokeTestMethod(JUnit4ClassRunner.java:88)</div><div> at org.junit.internal.runners.JUnit4ClassRunner.runMethods(JUnit4ClassRunner.java:51)</div><div> at org.junit.internal.runners.JUnit4ClassRunner$1.run(JUnit4ClassRunner.java:44)</div><div> at org.junit.internal.runners.ClassRoadie.runUnprotected(ClassRoadie.java:27)</div><div> at org.junit.internal.runners.ClassRoadie.runProtected(ClassRoadie.java:37)</div><div> at org.junit.internal.runners.JUnit4ClassRunner.run(JUnit4ClassRunner.java:42)</div><div> at org.eclipse.jdt.internal.junit4.runner.JUnit4TestReference.run(JUnit4TestReference.java:50)</div><div> at org.eclipse.jdt.internal.junit.runner.TestExecution.run(TestExecution.java:38)</div><div> at org.eclipse.jdt.internal.junit.runner.RemoteTestRunner.runTests(RemoteTestRunner.java:467)</div><div> at org.eclipse.jdt.internal.junit.runner.RemoteTestRunner.runTests(RemoteTestRunner.java:683)</div><div> at org.eclipse.jdt.internal.junit.runner.RemoteTestRunner.run(RemoteTestRunner.java:390)</div><div> at org.eclipse.jdt.internal.junit.runner.RemoteTestRunner.main(RemoteTestRunner.java:197)</div> </div>
                  </td>
    </tr>
          <tr>
        <td class="graphItem alignTop" colspan="2"><span class="sortValue">ContractTest.testSetSalt</span><a href="ContractTest_testSetSalt_15o.html">ContractTest.testSetSalt</a></td>
        <td class="graphPercent alignTop" colspan="1" style="whitespace:nowrap;"><span class="sortValue">1365181896509</span>5 Apr 13:11:36</td>
        <td class="graphPercent alignTop" colspan="1">      <span class="sortValue">3</span>
    <span class="testResultFailure">FAIL</span>
  </td>
        <td class="graphPercent alignTop" colspan="1"><span class="sortValue">0.0</span>0</td>
        <td class="graphItemRight alignTop" colspan="6" style="width:50%">
          <span class="sortValue">Not&nbsp;yet&nbsp;implemented</span>
           <span class="expand" id="togglebut3" onclick="toggleNodeExpansion('togglebut3', 'msgc3', 'msge3');return false;">&nbsp;</span>
           <div class="titleText errorMessage" id="msgc3">Not&nbsp;yet&nbsp;implemented</div>
           <div class="titleText errorMessage" id="msge3" style="display:none;"> <div>java.lang.AssertionError: Not yet implemented</div><div> at org.junit.Assert.fail(Assert.java:74)</div><div>	at <a href="../../../../transitdroid/domain/entities/contract/ContractTest.html?line=66#src-66">transitdroid.domain.entities.contract.ContractTest.testSetSalt(ContractTest.java:66)</a></div><div> at org.junit.internal.runners.TestMethod.invoke(TestMethod.java:59)</div><div> at org.junit.internal.runners.MethodRoadie.runTestMethod(MethodRoadie.java:98)</div><div> at org.junit.internal.runners.MethodRoadie$2.run(MethodRoadie.java:79)</div><div> at org.junit.internal.runners.MethodRoadie.runBeforesThenTestThenAfters(MethodRoadie.java:87)</div><div> at org.junit.internal.runners.MethodRoadie.runTest(MethodRoadie.java:77)</div><div> at org.junit.internal.runners.MethodRoadie.run(MethodRoadie.java:42)</div><div> at org.junit.internal.runners.JUnit4ClassRunner.invokeTestMethod(JUnit4ClassRunner.java:88)</div><div> at org.junit.internal.runners.JUnit4ClassRunner.runMethods(JUnit4ClassRunner.java:51)</div><div> at org.junit.internal.runners.JUnit4ClassRunner$1.run(JUnit4ClassRunner.java:44)</div><div> at org.junit.internal.runners.ClassRoadie.runUnprotected(ClassRoadie.java:27)</div><div> at org.junit.internal.runners.ClassRoadie.runProtected(ClassRoadie.java:37)</div><div> at org.junit.internal.runners.JUnit4ClassRunner.run(JUnit4ClassRunner.java:42)</div><div> at org.eclipse.jdt.internal.junit4.runner.JUnit4TestReference.run(JUnit4TestReference.java:50)</div><div> at org.eclipse.jdt.internal.junit.runner.TestExecution.run(TestExecution.java:38)</div><div> at org.eclipse.jdt.internal.junit.runner.RemoteTestRunner.runTests(RemoteTestRunner.java:467)</div><div> at org.eclipse.jdt.internal.junit.runner.RemoteTestRunner.runTests(RemoteTestRunner.java:683)</div><div> at org.eclipse.jdt.internal.junit.runner.RemoteTestRunner.run(RemoteTestRunner.java:390)</div><div> at org.eclipse.jdt.internal.junit.runner.RemoteTestRunner.main(RemoteTestRunner.java:197)</div> </div>
                  </td>
    </tr>
          <tr>
        <td class="graphItem alignTop" colspan="2"><span class="sortValue">ContractTest.testContractUUIDIntMobileDeviceICardUser</span><a href="ContractTest_testContractUUIDIntMobileDeviceICardUser_12x.html">ContractTest.testContractUUIDIntMobileDeviceICardUser</a></td>
        <td class="graphPercent alignTop" colspan="1" style="whitespace:nowrap;"><span class="sortValue">1365181896523</span>5 Apr 13:11:36</td>
        <td class="graphPercent alignTop" colspan="1">      <span class="sortValue">3</span>
    <span class="testResultFailure">FAIL</span>
  </td>
        <td class="graphPercent alignTop" colspan="1"><span class="sortValue">0.0</span>0</td>
        <td class="graphItemRight alignTop" colspan="6" style="width:50%">
          <span class="sortValue">Not&nbsp;yet&nbsp;implemented</span>
           <span class="expand" id="togglebut4" onclick="toggleNodeExpansion('togglebut4', 'msgc4', 'msge4');return false;">&nbsp;</span>
           <div class="titleText errorMessage" id="msgc4">Not&nbsp;yet&nbsp;implemented</div>
           <div class="titleText errorMessage" id="msge4" style="display:none;"> <div>java.lang.AssertionError: Not yet implemented</div><div> at org.junit.Assert.fail(Assert.java:74)</div><div>	at <a href="../../../../transitdroid/domain/entities/contract/ContractTest.html?line=16#src-16">transitdroid.domain.entities.contract.ContractTest.testContractUUIDIntMobileDeviceICardUser(ContractTest.java:16)</a></div><div> at org.junit.internal.runners.TestMethod.invoke(TestMethod.java:59)</div><div> at org.junit.internal.runners.MethodRoadie.runTestMethod(MethodRoadie.java:98)</div><div> at org.junit.internal.runners.MethodRoadie$2.run(MethodRoadie.java:79)</div><div> at org.junit.internal.runners.MethodRoadie.runBeforesThenTestThenAfters(MethodRoadie.java:87)</div><div> at org.junit.internal.runners.MethodRoadie.runTest(MethodRoadie.java:77)</div><div> at org.junit.internal.runners.MethodRoadie.run(MethodRoadie.java:42)</div><div> at org.junit.internal.runners.JUnit4ClassRunner.invokeTestMethod(JUnit4ClassRunner.java:88)</div><div> at org.junit.internal.runners.JUnit4ClassRunner.runMethods(JUnit4ClassRunner.java:51)</div><div> at org.junit.internal.runners.JUnit4ClassRunner$1.run(JUnit4ClassRunner.java:44)</div><div> at org.junit.internal.runners.ClassRoadie.runUnprotected(ClassRoadie.java:27)</div><div> at org.junit.internal.runners.ClassRoadie.runProtected(ClassRoadie.java:37)</div><div> at org.junit.internal.runners.JUnit4ClassRunner.run(JUnit4ClassRunner.java:42)</div><div> at org.eclipse.jdt.internal.junit4.runner.JUnit4TestReference.run(JUnit4TestReference.java:50)</div><div> at org.eclipse.jdt.internal.junit.runner.TestExecution.run(TestExecution.java:38)</div><div> at org.eclipse.jdt.internal.junit.runner.RemoteTestRunner.runTests(RemoteTestRunner.java:467)</div><div> at org.eclipse.jdt.internal.junit.runner.RemoteTestRunner.runTests(RemoteTestRunner.java:683)</div><div> at org.eclipse.jdt.internal.junit.runner.RemoteTestRunner.run(RemoteTestRunner.java:390)</div><div> at org.eclipse.jdt.internal.junit.runner.RemoteTestRunner.main(RemoteTestRunner.java:197)</div> </div>
                  </td>
    </tr>
          <tr>
        <td class="graphItem alignTop" colspan="2"><span class="sortValue">ContractTest.testContractUUIDIntListOfbyteIMobileDeviceICardIUserByteArray</span><a href="ContractTest_testContractUUIDIntListOfbyteIMobileDeviceICardIUserByteArray_sn.html">ContractTest.testContractUUIDIntListOfbyteIMobileDeviceICardIUserByteArray</a></td>
        <td class="graphPercent alignTop" colspan="1" style="whitespace:nowrap;"><span class="sortValue">1365181966095</span>5 Apr 13:12:46</td>
        <td class="graphPercent alignTop" colspan="1">      <span class="sortValue">3</span>
    <span class="testResultFailure">FAIL</span>
  </td>
        <td class="graphPercent alignTop" colspan="1"><span class="sortValue">0.0</span>0</td>
        <td class="graphItemRight alignTop" colspan="6" style="width:50%">
          <span class="sortValue">Not&nbsp;yet&nbsp;implemented</span>
           <span class="expand" id="togglebut5" onclick="toggleNodeExpansion('togglebut5', 'msgc5', 'msge5');return false;">&nbsp;</span>
           <div class="titleText errorMessage" id="msgc5">Not&nbsp;yet&nbsp;implemented</div>
           <div class="titleText errorMessage" id="msge5" style="display:none;"> <div>java.lang.AssertionError: Not yet implemented</div><div> at org.junit.Assert.fail(Assert.java:74)</div><div>	at <a href="../../../../transitdroid/domain/entities/contract/ContractTest.html?line=11#src-11">transitdroid.domain.entities.contract.ContractTest.testContractUUIDIntListOfbyteIMobileDeviceICardIUserByteArray(ContractTest.java:11)</a></div><div> at org.junit.internal.runners.TestMethod.invoke(TestMethod.java:59)</div><div> at org.junit.internal.runners.MethodRoadie.runTestMethod(MethodRoadie.java:98)</div><div> at org.junit.internal.runners.MethodRoadie$2.run(MethodRoadie.java:79)</div><div> at org.junit.internal.runners.MethodRoadie.runBeforesThenTestThenAfters(MethodRoadie.java:87)</div><div> at org.junit.internal.runners.MethodRoadie.runTest(MethodRoadie.java:77)</div><div> at org.junit.internal.runners.MethodRoadie.run(MethodRoadie.java:42)</div><div> at org.junit.internal.runners.JUnit4ClassRunner.invokeTestMethod(JUnit4ClassRunner.java:88)</div><div> at org.junit.internal.runners.JUnit4ClassRunner.runMethods(JUnit4ClassRunner.java:51)</div><div> at org.junit.internal.runners.JUnit4ClassRunner$1.run(JUnit4ClassRunner.java:44)</div><div> at org.junit.internal.runners.ClassRoadie.runUnprotected(ClassRoadie.java:27)</div><div> at org.junit.internal.runners.ClassRoadie.runProtected(ClassRoadie.java:37)</div><div> at org.junit.internal.runners.JUnit4ClassRunner.run(JUnit4ClassRunner.java:42)</div><div> at org.eclipse.jdt.internal.junit4.runner.JUnit4TestReference.run(JUnit4TestReference.java:50)</div><div> at org.eclipse.jdt.internal.junit.runner.TestExecution.run(TestExecution.java:38)</div><div> at org.eclipse.jdt.internal.junit.runner.RemoteTestRunner.runTests(RemoteTestRunner.java:467)</div><div> at org.eclipse.jdt.internal.junit.runner.RemoteTestRunner.runTests(RemoteTestRunner.java:683)</div><div> at org.eclipse.jdt.internal.junit.runner.RemoteTestRunner.run(RemoteTestRunner.java:390)</div><div> at org.eclipse.jdt.internal.junit.runner.RemoteTestRunner.main(RemoteTestRunner.java:197)</div> </div>
                  </td>
    </tr>
          <tr>
        <td class="graphItem alignTop" colspan="2"><span class="sortValue">ContractTest.testSetCard</span><a href="ContractTest_testSetCard_12m.html">ContractTest.testSetCard</a></td>
        <td class="graphPercent alignTop" colspan="1" style="whitespace:nowrap;"><span class="sortValue">1365181896517</span>5 Apr 13:11:36</td>
        <td class="graphPercent alignTop" colspan="1">      <span class="sortValue">3</span>
    <span class="testResultFailure">FAIL</span>
  </td>
        <td class="graphPercent alignTop" colspan="1"><span class="sortValue">0.0</span>0</td>
        <td class="graphItemRight alignTop" colspan="6" style="width:50%">
          <span class="sortValue">Not&nbsp;yet&nbsp;implemented</span>
           <span class="expand" id="togglebut6" onclick="toggleNodeExpansion('togglebut6', 'msgc6', 'msge6');return false;">&nbsp;</span>
           <div class="titleText errorMessage" id="msgc6">Not&nbsp;yet&nbsp;implemented</div>
           <div class="titleText errorMessage" id="msge6" style="display:none;"> <div>java.lang.AssertionError: Not yet implemented</div><div> at org.junit.Assert.fail(Assert.java:74)</div><div>	at <a href="../../../../transitdroid/domain/entities/contract/ContractTest.html?line=46#src-46">transitdroid.domain.entities.contract.ContractTest.testSetCard(ContractTest.java:46)</a></div><div> at org.junit.internal.runners.TestMethod.invoke(TestMethod.java:59)</div><div> at org.junit.internal.runners.MethodRoadie.runTestMethod(MethodRoadie.java:98)</div><div> at org.junit.internal.runners.MethodRoadie$2.run(MethodRoadie.java:79)</div><div> at org.junit.internal.runners.MethodRoadie.runBeforesThenTestThenAfters(MethodRoadie.java:87)</div><div> at org.junit.internal.runners.MethodRoadie.runTest(MethodRoadie.java:77)</div><div> at org.junit.internal.runners.MethodRoadie.run(MethodRoadie.java:42)</div><div> at org.junit.internal.runners.JUnit4ClassRunner.invokeTestMethod(JUnit4ClassRunner.java:88)</div><div> at org.junit.internal.runners.JUnit4ClassRunner.runMethods(JUnit4ClassRunner.java:51)</div><div> at org.junit.internal.runners.JUnit4ClassRunner$1.run(JUnit4ClassRunner.java:44)</div><div> at org.junit.internal.runners.ClassRoadie.runUnprotected(ClassRoadie.java:27)</div><div> at org.junit.internal.runners.ClassRoadie.runProtected(ClassRoadie.java:37)</div><div> at org.junit.internal.runners.JUnit4ClassRunner.run(JUnit4ClassRunner.java:42)</div><div> at org.eclipse.jdt.internal.junit4.runner.JUnit4TestReference.run(JUnit4TestReference.java:50)</div><div> at org.eclipse.jdt.internal.junit.runner.TestExecution.run(TestExecution.java:38)</div><div> at org.eclipse.jdt.internal.junit.runner.RemoteTestRunner.runTests(RemoteTestRunner.java:467)</div><div> at org.eclipse.jdt.internal.junit.runner.RemoteTestRunner.runTests(RemoteTestRunner.java:683)</div><div> at org.eclipse.jdt.internal.junit.runner.RemoteTestRunner.run(RemoteTestRunner.java:390)</div><div> at org.eclipse.jdt.internal.junit.runner.RemoteTestRunner.main(RemoteTestRunner.java:197)</div> </div>
                  </td>
    </tr>
          <tr>
        <td class="graphItem alignTop" colspan="2"><span class="sortValue">ContractTest.testGetCard</span><a href="ContractTest_testGetCard_9e.html">ContractTest.testGetCard</a></td>
        <td class="graphPercent alignTop" colspan="1" style="whitespace:nowrap;"><span class="sortValue">1365181896514</span>5 Apr 13:11:36</td>
        <td class="graphPercent alignTop" colspan="1">      <span class="sortValue">3</span>
    <span class="testResultFailure">FAIL</span>
  </td>
        <td class="graphPercent alignTop" colspan="1"><span class="sortValue">0.0</span>0</td>
        <td class="graphItemRight alignTop" colspan="6" style="width:50%">
          <span class="sortValue">Not&nbsp;yet&nbsp;implemented</span>
           <span class="expand" id="togglebut7" onclick="toggleNodeExpansion('togglebut7', 'msgc7', 'msge7');return false;">&nbsp;</span>
           <div class="titleText errorMessage" id="msgc7">Not&nbsp;yet&nbsp;implemented</div>
           <div class="titleText errorMessage" id="msge7" style="display:none;"> <div>java.lang.AssertionError: Not yet implemented</div><div> at org.junit.Assert.fail(Assert.java:74)</div><div>	at <a href="../../../../transitdroid/domain/entities/contract/ContractTest.html?line=41#src-41">transitdroid.domain.entities.contract.ContractTest.testGetCard(ContractTest.java:41)</a></div><div> at org.junit.internal.runners.TestMethod.invoke(TestMethod.java:59)</div><div> at org.junit.internal.runners.MethodRoadie.runTestMethod(MethodRoadie.java:98)</div><div> at org.junit.internal.runners.MethodRoadie$2.run(MethodRoadie.java:79)</div><div> at org.junit.internal.runners.MethodRoadie.runBeforesThenTestThenAfters(MethodRoadie.java:87)</div><div> at org.junit.internal.runners.MethodRoadie.runTest(MethodRoadie.java:77)</div><div> at org.junit.internal.runners.MethodRoadie.run(MethodRoadie.java:42)</div><div> at org.junit.internal.runners.JUnit4ClassRunner.invokeTestMethod(JUnit4ClassRunner.java:88)</div><div> at org.junit.internal.runners.JUnit4ClassRunner.runMethods(JUnit4ClassRunner.java:51)</div><div> at org.junit.internal.runners.JUnit4ClassRunner$1.run(JUnit4ClassRunner.java:44)</div><div> at org.junit.internal.runners.ClassRoadie.runUnprotected(ClassRoadie.java:27)</div><div> at org.junit.internal.runners.ClassRoadie.runProtected(ClassRoadie.java:37)</div><div> at org.junit.internal.runners.JUnit4ClassRunner.run(JUnit4ClassRunner.java:42)</div><div> at org.eclipse.jdt.internal.junit4.runner.JUnit4TestReference.run(JUnit4TestReference.java:50)</div><div> at org.eclipse.jdt.internal.junit.runner.TestExecution.run(TestExecution.java:38)</div><div> at org.eclipse.jdt.internal.junit.runner.RemoteTestRunner.runTests(RemoteTestRunner.java:467)</div><div> at org.eclipse.jdt.internal.junit.runner.RemoteTestRunner.runTests(RemoteTestRunner.java:683)</div><div> at org.eclipse.jdt.internal.junit.runner.RemoteTestRunner.run(RemoteTestRunner.java:390)</div><div> at org.eclipse.jdt.internal.junit.runner.RemoteTestRunner.main(RemoteTestRunner.java:197)</div> </div>
                  </td>
    </tr>
          <tr>
        <td class="graphItem alignTop" colspan="2"><span class="sortValue">ContractTest.testGetSalt</span><a href="ContractTest_testGetSalt_ha.html">ContractTest.testGetSalt</a></td>
        <td class="graphPercent alignTop" colspan="1" style="whitespace:nowrap;"><span class="sortValue">1365181896506</span>5 Apr 13:11:36</td>
        <td class="graphPercent alignTop" colspan="1">      <span class="sortValue">3</span>
    <span class="testResultFailure">FAIL</span>
  </td>
        <td class="graphPercent alignTop" colspan="1"><span class="sortValue">0.0</span>0</td>
        <td class="graphItemRight alignTop" colspan="6" style="width:50%">
          <span class="sortValue">Not&nbsp;yet&nbsp;implemented</span>
           <span class="expand" id="togglebut8" onclick="toggleNodeExpansion('togglebut8', 'msgc8', 'msge8');return false;">&nbsp;</span>
           <div class="titleText errorMessage" id="msgc8">Not&nbsp;yet&nbsp;implemented</div>
           <div class="titleText errorMessage" id="msge8" style="display:none;"> <div>java.lang.AssertionError: Not yet implemented</div><div> at org.junit.Assert.fail(Assert.java:74)</div><div>	at <a href="../../../../transitdroid/domain/entities/contract/ContractTest.html?line=61#src-61">transitdroid.domain.entities.contract.ContractTest.testGetSalt(ContractTest.java:61)</a></div><div> at org.junit.internal.runners.TestMethod.invoke(TestMethod.java:59)</div><div> at org.junit.internal.runners.MethodRoadie.runTestMethod(MethodRoadie.java:98)</div><div> at org.junit.internal.runners.MethodRoadie$2.run(MethodRoadie.java:79)</div><div> at org.junit.internal.runners.MethodRoadie.runBeforesThenTestThenAfters(MethodRoadie.java:87)</div><div> at org.junit.internal.runners.MethodRoadie.runTest(MethodRoadie.java:77)</div><div> at org.junit.internal.runners.MethodRoadie.run(MethodRoadie.java:42)</div><div> at org.junit.internal.runners.JUnit4ClassRunner.invokeTestMethod(JUnit4ClassRunner.java:88)</div><div> at org.junit.internal.runners.JUnit4ClassRunner.runMethods(JUnit4ClassRunner.java:51)</div><div> at org.junit.internal.runners.JUnit4ClassRunner$1.run(JUnit4ClassRunner.java:44)</div><div> at org.junit.internal.runners.ClassRoadie.runUnprotected(ClassRoadie.java:27)</div><div> at org.junit.internal.runners.ClassRoadie.runProtected(ClassRoadie.java:37)</div><div> at org.junit.internal.runners.JUnit4ClassRunner.run(JUnit4ClassRunner.java:42)</div><div> at org.eclipse.jdt.internal.junit4.runner.JUnit4TestReference.run(JUnit4TestReference.java:50)</div><div> at org.eclipse.jdt.internal.junit.runner.TestExecution.run(TestExecution.java:38)</div><div> at org.eclipse.jdt.internal.junit.runner.RemoteTestRunner.runTests(RemoteTestRunner.java:467)</div><div> at org.eclipse.jdt.internal.junit.runner.RemoteTestRunner.runTests(RemoteTestRunner.java:683)</div><div> at org.eclipse.jdt.internal.junit.runner.RemoteTestRunner.run(RemoteTestRunner.java:390)</div><div> at org.eclipse.jdt.internal.junit.runner.RemoteTestRunner.main(RemoteTestRunner.java:197)</div> </div>
                  </td>
    </tr>
          <tr>
        <td class="graphItem alignTop" colspan="2"><span class="sortValue">ContractTest.testSetSalt</span><a href="ContractTest_testSetSalt_4o.html">ContractTest.testSetSalt</a></td>
        <td class="graphPercent alignTop" colspan="1" style="whitespace:nowrap;"><span class="sortValue">1365181966084</span>5 Apr 13:12:46</td>
        <td class="graphPercent alignTop" colspan="1">      <span class="sortValue">3</span>
    <span class="testResultFailure">FAIL</span>
  </td>
        <td class="graphPercent alignTop" colspan="1"><span class="sortValue">0.0010</span>0.001</td>
        <td class="graphItemRight alignTop" colspan="6" style="width:50%">
          <span class="sortValue">Not&nbsp;yet&nbsp;implemented</span>
           <span class="expand" id="togglebut9" onclick="toggleNodeExpansion('togglebut9', 'msgc9', 'msge9');return false;">&nbsp;</span>
           <div class="titleText errorMessage" id="msgc9">Not&nbsp;yet&nbsp;implemented</div>
           <div class="titleText errorMessage" id="msge9" style="display:none;"> <div>java.lang.AssertionError: Not yet implemented</div><div> at org.junit.Assert.fail(Assert.java:74)</div><div>	at <a href="../../../../transitdroid/domain/entities/contract/ContractTest.html?line=66#src-66">transitdroid.domain.entities.contract.ContractTest.testSetSalt(ContractTest.java:66)</a></div><div> at org.junit.internal.runners.TestMethod.invoke(TestMethod.java:59)</div><div> at org.junit.internal.runners.MethodRoadie.runTestMethod(MethodRoadie.java:98)</div><div> at org.junit.internal.runners.MethodRoadie$2.run(MethodRoadie.java:79)</div><div> at org.junit.internal.runners.MethodRoadie.runBeforesThenTestThenAfters(MethodRoadie.java:87)</div><div> at org.junit.internal.runners.MethodRoadie.runTest(MethodRoadie.java:77)</div><div> at org.junit.internal.runners.MethodRoadie.run(MethodRoadie.java:42)</div><div> at org.junit.internal.runners.JUnit4ClassRunner.invokeTestMethod(JUnit4ClassRunner.java:88)</div><div> at org.junit.internal.runners.JUnit4ClassRunner.runMethods(JUnit4ClassRunner.java:51)</div><div> at org.junit.internal.runners.JUnit4ClassRunner$1.run(JUnit4ClassRunner.java:44)</div><div> at org.junit.internal.runners.ClassRoadie.runUnprotected(ClassRoadie.java:27)</div><div> at org.junit.internal.runners.ClassRoadie.runProtected(ClassRoadie.java:37)</div><div> at org.junit.internal.runners.JUnit4ClassRunner.run(JUnit4ClassRunner.java:42)</div><div> at org.eclipse.jdt.internal.junit4.runner.JUnit4TestReference.run(JUnit4TestReference.java:50)</div><div> at org.eclipse.jdt.internal.junit.runner.TestExecution.run(TestExecution.java:38)</div><div> at org.eclipse.jdt.internal.junit.runner.RemoteTestRunner.runTests(RemoteTestRunner.java:467)</div><div> at org.eclipse.jdt.internal.junit.runner.RemoteTestRunner.runTests(RemoteTestRunner.java:683)</div><div> at org.eclipse.jdt.internal.junit.runner.RemoteTestRunner.run(RemoteTestRunner.java:390)</div><div> at org.eclipse.jdt.internal.junit.runner.RemoteTestRunner.main(RemoteTestRunner.java:197)</div> </div>
                  </td>
    </tr>
          <tr>
        <td class="graphItem alignTop" colspan="2"><span class="sortValue">ContractTest.testGetMobileDevice</span><a href="ContractTest_testGetMobileDevice_110.html">ContractTest.testGetMobileDevice</a></td>
        <td class="graphPercent alignTop" colspan="1" style="whitespace:nowrap;"><span class="sortValue">1365181896526</span>5 Apr 13:11:36</td>
        <td class="graphPercent alignTop" colspan="1">      <span class="sortValue">3</span>
    <span class="testResultFailure">FAIL</span>
  </td>
        <td class="graphPercent alignTop" colspan="1"><span class="sortValue">0.0010</span>0.001</td>
        <td class="graphItemRight alignTop" colspan="6" style="width:50%">
          <span class="sortValue">Not&nbsp;yet&nbsp;implemented</span>
           <span class="expand" id="togglebut10" onclick="toggleNodeExpansion('togglebut10', 'msgc10', 'msge10');return false;">&nbsp;</span>
           <div class="titleText errorMessage" id="msgc10">Not&nbsp;yet&nbsp;implemented</div>
           <div class="titleText errorMessage" id="msge10" style="display:none;"> <div>java.lang.AssertionError: Not yet implemented</div><div> at org.junit.Assert.fail(Assert.java:74)</div><div>	at <a href="../../../../transitdroid/domain/entities/contract/ContractTest.html?line=31#src-31">transitdroid.domain.entities.contract.ContractTest.testGetMobileDevice(ContractTest.java:31)</a></div><div> at org.junit.internal.runners.TestMethod.invoke(TestMethod.java:59)</div><div> at org.junit.internal.runners.MethodRoadie.runTestMethod(MethodRoadie.java:98)</div><div> at org.junit.internal.runners.MethodRoadie$2.run(MethodRoadie.java:79)</div><div> at org.junit.internal.runners.MethodRoadie.runBeforesThenTestThenAfters(MethodRoadie.java:87)</div><div> at org.junit.internal.runners.MethodRoadie.runTest(MethodRoadie.java:77)</div><div> at org.junit.internal.runners.MethodRoadie.run(MethodRoadie.java:42)</div><div> at org.junit.internal.runners.JUnit4ClassRunner.invokeTestMethod(JUnit4ClassRunner.java:88)</div><div> at org.junit.internal.runners.JUnit4ClassRunner.runMethods(JUnit4ClassRunner.java:51)</div><div> at org.junit.internal.runners.JUnit4ClassRunner$1.run(JUnit4ClassRunner.java:44)</div><div> at org.junit.internal.runners.ClassRoadie.runUnprotected(ClassRoadie.java:27)</div><div> at org.junit.internal.runners.ClassRoadie.runProtected(ClassRoadie.java:37)</div><div> at org.junit.internal.runners.JUnit4ClassRunner.run(JUnit4ClassRunner.java:42)</div><div> at org.eclipse.jdt.internal.junit4.runner.JUnit4TestReference.run(JUnit4TestReference.java:50)</div><div> at org.eclipse.jdt.internal.junit.runner.TestExecution.run(TestExecution.java:38)</div><div> at org.eclipse.jdt.internal.junit.runner.RemoteTestRunner.runTests(RemoteTestRunner.java:467)</div><div> at org.eclipse.jdt.internal.junit.runner.RemoteTestRunner.runTests(RemoteTestRunner.java:683)</div><div> at org.eclipse.jdt.internal.junit.runner.RemoteTestRunner.run(RemoteTestRunner.java:390)</div><div> at org.eclipse.jdt.internal.junit.runner.RemoteTestRunner.main(RemoteTestRunner.java:197)</div> </div>
                  </td>
    </tr>
          <tr>
        <td class="graphItem alignTop" colspan="2"><span class="sortValue">ContractTest.testGetUser</span><a href="ContractTest_testGetUser_3z.html">ContractTest.testGetUser</a></td>
        <td class="graphPercent alignTop" colspan="1" style="whitespace:nowrap;"><span class="sortValue">1365181896497</span>5 Apr 13:11:36</td>
        <td class="graphPercent alignTop" colspan="1">      <span class="sortValue">3</span>
    <span class="testResultFailure">FAIL</span>
  </td>
        <td class="graphPercent alignTop" colspan="1"><span class="sortValue">0.0</span>0</td>
        <td class="graphItemRight alignTop" colspan="6" style="width:50%">
          <span class="sortValue">Not&nbsp;yet&nbsp;implemented</span>
           <span class="expand" id="togglebut11" onclick="toggleNodeExpansion('togglebut11', 'msgc11', 'msge11');return false;">&nbsp;</span>
           <div class="titleText errorMessage" id="msgc11">Not&nbsp;yet&nbsp;implemented</div>
           <div class="titleText errorMessage" id="msge11" style="display:none;"> <div>java.lang.AssertionError: Not yet implemented</div><div> at org.junit.Assert.fail(Assert.java:74)</div><div>	at <a href="../../../../transitdroid/domain/entities/contract/ContractTest.html?line=51#src-51">transitdroid.domain.entities.contract.ContractTest.testGetUser(ContractTest.java:51)</a></div><div> at org.junit.internal.runners.TestMethod.invoke(TestMethod.java:59)</div><div> at org.junit.internal.runners.MethodRoadie.runTestMethod(MethodRoadie.java:98)</div><div> at org.junit.internal.runners.MethodRoadie$2.run(MethodRoadie.java:79)</div><div> at org.junit.internal.runners.MethodRoadie.runBeforesThenTestThenAfters(MethodRoadie.java:87)</div><div> at org.junit.internal.runners.MethodRoadie.runTest(MethodRoadie.java:77)</div><div> at org.junit.internal.runners.MethodRoadie.run(MethodRoadie.java:42)</div><div> at org.junit.internal.runners.JUnit4ClassRunner.invokeTestMethod(JUnit4ClassRunner.java:88)</div><div> at org.junit.internal.runners.JUnit4ClassRunner.runMethods(JUnit4ClassRunner.java:51)</div><div> at org.junit.internal.runners.JUnit4ClassRunner$1.run(JUnit4ClassRunner.java:44)</div><div> at org.junit.internal.runners.ClassRoadie.runUnprotected(ClassRoadie.java:27)</div><div> at org.junit.internal.runners.ClassRoadie.runProtected(ClassRoadie.java:37)</div><div> at org.junit.internal.runners.JUnit4ClassRunner.run(JUnit4ClassRunner.java:42)</div><div> at org.eclipse.jdt.internal.junit4.runner.JUnit4TestReference.run(JUnit4TestReference.java:50)</div><div> at org.eclipse.jdt.internal.junit.runner.TestExecution.run(TestExecution.java:38)</div><div> at org.eclipse.jdt.internal.junit.runner.RemoteTestRunner.runTests(RemoteTestRunner.java:467)</div><div> at org.eclipse.jdt.internal.junit.runner.RemoteTestRunner.runTests(RemoteTestRunner.java:683)</div><div> at org.eclipse.jdt.internal.junit.runner.RemoteTestRunner.run(RemoteTestRunner.java:390)</div><div> at org.eclipse.jdt.internal.junit.runner.RemoteTestRunner.main(RemoteTestRunner.java:197)</div> </div>
                  </td>
    </tr>
          <tr>
        <td class="graphItem alignTop" colspan="2"><span class="sortValue">ContractTest.testGetCard</span><a href="ContractTest_testGetCard_hc.html">ContractTest.testGetCard</a></td>
        <td class="graphPercent alignTop" colspan="1" style="whitespace:nowrap;"><span class="sortValue">1365181966090</span>5 Apr 13:12:46</td>
        <td class="graphPercent alignTop" colspan="1">      <span class="sortValue">3</span>
    <span class="testResultFailure">FAIL</span>
  </td>
        <td class="graphPercent alignTop" colspan="1"><span class="sortValue">0.0</span>0</td>
        <td class="graphItemRight alignTop" colspan="6" style="width:50%">
          <span class="sortValue">Not&nbsp;yet&nbsp;implemented</span>
           <span class="expand" id="togglebut12" onclick="toggleNodeExpansion('togglebut12', 'msgc12', 'msge12');return false;">&nbsp;</span>
           <div class="titleText errorMessage" id="msgc12">Not&nbsp;yet&nbsp;implemented</div>
           <div class="titleText errorMessage" id="msge12" style="display:none;"> <div>java.lang.AssertionError: Not yet implemented</div><div> at org.junit.Assert.fail(Assert.java:74)</div><div>	at <a href="../../../../transitdroid/domain/entities/contract/ContractTest.html?line=41#src-41">transitdroid.domain.entities.contract.ContractTest.testGetCard(ContractTest.java:41)</a></div><div> at org.junit.internal.runners.TestMethod.invoke(TestMethod.java:59)</div><div> at org.junit.internal.runners.MethodRoadie.runTestMethod(MethodRoadie.java:98)</div><div> at org.junit.internal.runners.MethodRoadie$2.run(MethodRoadie.java:79)</div><div> at org.junit.internal.runners.MethodRoadie.runBeforesThenTestThenAfters(MethodRoadie.java:87)</div><div> at org.junit.internal.runners.MethodRoadie.runTest(MethodRoadie.java:77)</div><div> at org.junit.internal.runners.MethodRoadie.run(MethodRoadie.java:42)</div><div> at org.junit.internal.runners.JUnit4ClassRunner.invokeTestMethod(JUnit4ClassRunner.java:88)</div><div> at org.junit.internal.runners.JUnit4ClassRunner.runMethods(JUnit4ClassRunner.java:51)</div><div> at org.junit.internal.runners.JUnit4ClassRunner$1.run(JUnit4ClassRunner.java:44)</div><div> at org.junit.internal.runners.ClassRoadie.runUnprotected(ClassRoadie.java:27)</div><div> at org.junit.internal.runners.ClassRoadie.runProtected(ClassRoadie.java:37)</div><div> at org.junit.internal.runners.JUnit4ClassRunner.run(JUnit4ClassRunner.java:42)</div><div> at org.eclipse.jdt.internal.junit4.runner.JUnit4TestReference.run(JUnit4TestReference.java:50)</div><div> at org.eclipse.jdt.internal.junit.runner.TestExecution.run(TestExecution.java:38)</div><div> at org.eclipse.jdt.internal.junit.runner.RemoteTestRunner.runTests(RemoteTestRunner.java:467)</div><div> at org.eclipse.jdt.internal.junit.runner.RemoteTestRunner.runTests(RemoteTestRunner.java:683)</div><div> at org.eclipse.jdt.internal.junit.runner.RemoteTestRunner.run(RemoteTestRunner.java:390)</div><div> at org.eclipse.jdt.internal.junit.runner.RemoteTestRunner.main(RemoteTestRunner.java:197)</div> </div>
                  </td>
    </tr>
          <tr>
        <td class="graphItem alignTop" colspan="2"><span class="sortValue">ContractTest.testGetMobileDevice</span><a href="ContractTest_testGetMobileDevice_8f.html">ContractTest.testGetMobileDevice</a></td>
        <td class="graphPercent alignTop" colspan="1" style="whitespace:nowrap;"><span class="sortValue">1365181966100</span>5 Apr 13:12:46</td>
        <td class="graphPercent alignTop" colspan="1">      <span class="sortValue">3</span>
    <span class="testResultFailure">FAIL</span>
  </td>
        <td class="graphPercent alignTop" colspan="1"><span class="sortValue">0.0</span>0</td>
        <td class="graphItemRight alignTop" colspan="6" style="width:50%">
          <span class="sortValue">Not&nbsp;yet&nbsp;implemented</span>
           <span class="expand" id="togglebut13" onclick="toggleNodeExpansion('togglebut13', 'msgc13', 'msge13');return false;">&nbsp;</span>
           <div class="titleText errorMessage" id="msgc13">Not&nbsp;yet&nbsp;implemented</div>
           <div class="titleText errorMessage" id="msge13" style="display:none;"> <div>java.lang.AssertionError: Not yet implemented</div><div> at org.junit.Assert.fail(Assert.java:74)</div><div>	at <a href="../../../../transitdroid/domain/entities/contract/ContractTest.html?line=31#src-31">transitdroid.domain.entities.contract.ContractTest.testGetMobileDevice(ContractTest.java:31)</a></div><div> at org.junit.internal.runners.TestMethod.invoke(TestMethod.java:59)</div><div> at org.junit.internal.runners.MethodRoadie.runTestMethod(MethodRoadie.java:98)</div><div> at org.junit.internal.runners.MethodRoadie$2.run(MethodRoadie.java:79)</div><div> at org.junit.internal.runners.MethodRoadie.runBeforesThenTestThenAfters(MethodRoadie.java:87)</div><div> at org.junit.internal.runners.MethodRoadie.runTest(MethodRoadie.java:77)</div><div> at org.junit.internal.runners.MethodRoadie.run(MethodRoadie.java:42)</div><div> at org.junit.internal.runners.JUnit4ClassRunner.invokeTestMethod(JUnit4ClassRunner.java:88)</div><div> at org.junit.internal.runners.JUnit4ClassRunner.runMethods(JUnit4ClassRunner.java:51)</div><div> at org.junit.internal.runners.JUnit4ClassRunner$1.run(JUnit4ClassRunner.java:44)</div><div> at org.junit.internal.runners.ClassRoadie.runUnprotected(ClassRoadie.java:27)</div><div> at org.junit.internal.runners.ClassRoadie.runProtected(ClassRoadie.java:37)</div><div> at org.junit.internal.runners.JUnit4ClassRunner.run(JUnit4ClassRunner.java:42)</div><div> at org.eclipse.jdt.internal.junit4.runner.JUnit4TestReference.run(JUnit4TestReference.java:50)</div><div> at org.eclipse.jdt.internal.junit.runner.TestExecution.run(TestExecution.java:38)</div><div> at org.eclipse.jdt.internal.junit.runner.RemoteTestRunner.runTests(RemoteTestRunner.java:467)</div><div> at org.eclipse.jdt.internal.junit.runner.RemoteTestRunner.runTests(RemoteTestRunner.java:683)</div><div> at org.eclipse.jdt.internal.junit.runner.RemoteTestRunner.run(RemoteTestRunner.java:390)</div><div> at org.eclipse.jdt.internal.junit.runner.RemoteTestRunner.main(RemoteTestRunner.java:197)</div> </div>
                  </td>
    </tr>
          <tr>
        <td class="graphItem alignTop" colspan="2"><span class="sortValue">ContractTest.testGetKeys</span><a href="ContractTest_testGetKeys_wi.html">ContractTest.testGetKeys</a></td>
        <td class="graphPercent alignTop" colspan="1" style="whitespace:nowrap;"><span class="sortValue">1365181896503</span>5 Apr 13:11:36</td>
        <td class="graphPercent alignTop" colspan="1">      <span class="sortValue">3</span>
    <span class="testResultFailure">FAIL</span>
  </td>
        <td class="graphPercent alignTop" colspan="1"><span class="sortValue">0.0</span>0</td>
        <td class="graphItemRight alignTop" colspan="6" style="width:50%">
          <span class="sortValue">Not&nbsp;yet&nbsp;implemented</span>
           <span class="expand" id="togglebut14" onclick="toggleNodeExpansion('togglebut14', 'msgc14', 'msge14');return false;">&nbsp;</span>
           <div class="titleText errorMessage" id="msgc14">Not&nbsp;yet&nbsp;implemented</div>
           <div class="titleText errorMessage" id="msge14" style="display:none;"> <div>java.lang.AssertionError: Not yet implemented</div><div> at org.junit.Assert.fail(Assert.java:74)</div><div>	at <a href="../../../../transitdroid/domain/entities/contract/ContractTest.html?line=21#src-21">transitdroid.domain.entities.contract.ContractTest.testGetKeys(ContractTest.java:21)</a></div><div> at org.junit.internal.runners.TestMethod.invoke(TestMethod.java:59)</div><div> at org.junit.internal.runners.MethodRoadie.runTestMethod(MethodRoadie.java:98)</div><div> at org.junit.internal.runners.MethodRoadie$2.run(MethodRoadie.java:79)</div><div> at org.junit.internal.runners.MethodRoadie.runBeforesThenTestThenAfters(MethodRoadie.java:87)</div><div> at org.junit.internal.runners.MethodRoadie.runTest(MethodRoadie.java:77)</div><div> at org.junit.internal.runners.MethodRoadie.run(MethodRoadie.java:42)</div><div> at org.junit.internal.runners.JUnit4ClassRunner.invokeTestMethod(JUnit4ClassRunner.java:88)</div><div> at org.junit.internal.runners.JUnit4ClassRunner.runMethods(JUnit4ClassRunner.java:51)</div><div> at org.junit.internal.runners.JUnit4ClassRunner$1.run(JUnit4ClassRunner.java:44)</div><div> at org.junit.internal.runners.ClassRoadie.runUnprotected(ClassRoadie.java:27)</div><div> at org.junit.internal.runners.ClassRoadie.runProtected(ClassRoadie.java:37)</div><div> at org.junit.internal.runners.JUnit4ClassRunner.run(JUnit4ClassRunner.java:42)</div><div> at org.eclipse.jdt.internal.junit4.runner.JUnit4TestReference.run(JUnit4TestReference.java:50)</div><div> at org.eclipse.jdt.internal.junit.runner.TestExecution.run(TestExecution.java:38)</div><div> at org.eclipse.jdt.internal.junit.runner.RemoteTestRunner.runTests(RemoteTestRunner.java:467)</div><div> at org.eclipse.jdt.internal.junit.runner.RemoteTestRunner.runTests(RemoteTestRunner.java:683)</div><div> at org.eclipse.jdt.internal.junit.runner.RemoteTestRunner.run(RemoteTestRunner.java:390)</div><div> at org.eclipse.jdt.internal.junit.runner.RemoteTestRunner.main(RemoteTestRunner.java:197)</div> </div>
                  </td>
    </tr>
          <tr>
        <td class="graphItem alignTop" colspan="2"><span class="sortValue">ContractTest.testContractUUIDIntMobileDeviceICardUser</span><a href="ContractTest_testContractUUIDIntMobileDeviceICardUser_in.html">ContractTest.testContractUUIDIntMobileDeviceICardUser</a></td>
        <td class="graphPercent alignTop" colspan="1" style="whitespace:nowrap;"><span class="sortValue">1365181966097</span>5 Apr 13:12:46</td>
        <td class="graphPercent alignTop" colspan="1">      <span class="sortValue">3</span>
    <span class="testResultFailure">FAIL</span>
  </td>
        <td class="graphPercent alignTop" colspan="1"><span class="sortValue">0.0010</span>0.001</td>
        <td class="graphItemRight alignTop" colspan="6" style="width:50%">
          <span class="sortValue">Not&nbsp;yet&nbsp;implemented</span>
           <span class="expand" id="togglebut15" onclick="toggleNodeExpansion('togglebut15', 'msgc15', 'msge15');return false;">&nbsp;</span>
           <div class="titleText errorMessage" id="msgc15">Not&nbsp;yet&nbsp;implemented</div>
           <div class="titleText errorMessage" id="msge15" style="display:none;"> <div>java.lang.AssertionError: Not yet implemented</div><div> at org.junit.Assert.fail(Assert.java:74)</div><div>	at <a href="../../../../transitdroid/domain/entities/contract/ContractTest.html?line=16#src-16">transitdroid.domain.entities.contract.ContractTest.testContractUUIDIntMobileDeviceICardUser(ContractTest.java:16)</a></div><div> at org.junit.internal.runners.TestMethod.invoke(TestMethod.java:59)</div><div> at org.junit.internal.runners.MethodRoadie.runTestMethod(MethodRoadie.java:98)</div><div> at org.junit.internal.runners.MethodRoadie$2.run(MethodRoadie.java:79)</div><div> at org.junit.internal.runners.MethodRoadie.runBeforesThenTestThenAfters(MethodRoadie.java:87)</div><div> at org.junit.internal.runners.MethodRoadie.runTest(MethodRoadie.java:77)</div><div> at org.junit.internal.runners.MethodRoadie.run(MethodRoadie.java:42)</div><div> at org.junit.internal.runners.JUnit4ClassRunner.invokeTestMethod(JUnit4ClassRunner.java:88)</div><div> at org.junit.internal.runners.JUnit4ClassRunner.runMethods(JUnit4ClassRunner.java:51)</div><div> at org.junit.internal.runners.JUnit4ClassRunner$1.run(JUnit4ClassRunner.java:44)</div><div> at org.junit.internal.runners.ClassRoadie.runUnprotected(ClassRoadie.java:27)</div><div> at org.junit.internal.runners.ClassRoadie.runProtected(ClassRoadie.java:37)</div><div> at org.junit.internal.runners.JUnit4ClassRunner.run(JUnit4ClassRunner.java:42)</div><div> at org.eclipse.jdt.internal.junit4.runner.JUnit4TestReference.run(JUnit4TestReference.java:50)</div><div> at org.eclipse.jdt.internal.junit.runner.TestExecution.run(TestExecution.java:38)</div><div> at org.eclipse.jdt.internal.junit.runner.RemoteTestRunner.runTests(RemoteTestRunner.java:467)</div><div> at org.eclipse.jdt.internal.junit.runner.RemoteTestRunner.runTests(RemoteTestRunner.java:683)</div><div> at org.eclipse.jdt.internal.junit.runner.RemoteTestRunner.run(RemoteTestRunner.java:390)</div><div> at org.eclipse.jdt.internal.junit.runner.RemoteTestRunner.main(RemoteTestRunner.java:197)</div> </div>
                  </td>
    </tr>
          <tr>
        <td class="graphItem alignTop" colspan="2"><span class="sortValue">ContractTest.testSetUser</span><a href="ContractTest_testSetUser_nz.html">ContractTest.testSetUser</a></td>
        <td class="graphPercent alignTop" colspan="1" style="whitespace:nowrap;"><span class="sortValue">1365181966075</span>5 Apr 13:12:46</td>
        <td class="graphPercent alignTop" colspan="1">      <span class="sortValue">3</span>
    <span class="testResultFailure">FAIL</span>
  </td>
        <td class="graphPercent alignTop" colspan="1"><span class="sortValue">0.0</span>0</td>
        <td class="graphItemRight alignTop" colspan="6" style="width:50%">
          <span class="sortValue">Not&nbsp;yet&nbsp;implemented</span>
           <span class="expand" id="togglebut16" onclick="toggleNodeExpansion('togglebut16', 'msgc16', 'msge16');return false;">&nbsp;</span>
           <div class="titleText errorMessage" id="msgc16">Not&nbsp;yet&nbsp;implemented</div>
           <div class="titleText errorMessage" id="msge16" style="display:none;"> <div>java.lang.AssertionError: Not yet implemented</div><div> at org.junit.Assert.fail(Assert.java:74)</div><div>	at <a href="../../../../transitdroid/domain/entities/contract/ContractTest.html?line=56#src-56">transitdroid.domain.entities.contract.ContractTest.testSetUser(ContractTest.java:56)</a></div><div> at org.junit.internal.runners.TestMethod.invoke(TestMethod.java:59)</div><div> at org.junit.internal.runners.MethodRoadie.runTestMethod(MethodRoadie.java:98)</div><div> at org.junit.internal.runners.MethodRoadie$2.run(MethodRoadie.java:79)</div><div> at org.junit.internal.runners.MethodRoadie.runBeforesThenTestThenAfters(MethodRoadie.java:87)</div><div> at org.junit.internal.runners.MethodRoadie.runTest(MethodRoadie.java:77)</div><div> at org.junit.internal.runners.MethodRoadie.run(MethodRoadie.java:42)</div><div> at org.junit.internal.runners.JUnit4ClassRunner.invokeTestMethod(JUnit4ClassRunner.java:88)</div><div> at org.junit.internal.runners.JUnit4ClassRunner.runMethods(JUnit4ClassRunner.java:51)</div><div> at org.junit.internal.runners.JUnit4ClassRunner$1.run(JUnit4ClassRunner.java:44)</div><div> at org.junit.internal.runners.ClassRoadie.runUnprotected(ClassRoadie.java:27)</div><div> at org.junit.internal.runners.ClassRoadie.runProtected(ClassRoadie.java:37)</div><div> at org.junit.internal.runners.JUnit4ClassRunner.run(JUnit4ClassRunner.java:42)</div><div> at org.eclipse.jdt.internal.junit4.runner.JUnit4TestReference.run(JUnit4TestReference.java:50)</div><div> at org.eclipse.jdt.internal.junit.runner.TestExecution.run(TestExecution.java:38)</div><div> at org.eclipse.jdt.internal.junit.runner.RemoteTestRunner.runTests(RemoteTestRunner.java:467)</div><div> at org.eclipse.jdt.internal.junit.runner.RemoteTestRunner.runTests(RemoteTestRunner.java:683)</div><div> at org.eclipse.jdt.internal.junit.runner.RemoteTestRunner.run(RemoteTestRunner.java:390)</div><div> at org.eclipse.jdt.internal.junit.runner.RemoteTestRunner.main(RemoteTestRunner.java:197)</div> </div>
                  </td>
    </tr>
          <tr>
        <td class="graphItem alignTop" colspan="2"><span class="sortValue">ContractTest.testGetUser</span><a href="ContractTest_testGetUser_2p.html">ContractTest.testGetUser</a></td>
        <td class="graphPercent alignTop" colspan="1" style="whitespace:nowrap;"><span class="sortValue">1365181966072</span>5 Apr 13:12:46</td>
        <td class="graphPercent alignTop" colspan="1">      <span class="sortValue">3</span>
    <span class="testResultFailure">FAIL</span>
  </td>
        <td class="graphPercent alignTop" colspan="1"><span class="sortValue">0.0010</span>0.001</td>
        <td class="graphItemRight alignTop" colspan="6" style="width:50%">
          <span class="sortValue">Not&nbsp;yet&nbsp;implemented</span>
           <span class="expand" id="togglebut17" onclick="toggleNodeExpansion('togglebut17', 'msgc17', 'msge17');return false;">&nbsp;</span>
           <div class="titleText errorMessage" id="msgc17">Not&nbsp;yet&nbsp;implemented</div>
           <div class="titleText errorMessage" id="msge17" style="display:none;"> <div>java.lang.AssertionError: Not yet implemented</div><div> at org.junit.Assert.fail(Assert.java:74)</div><div>	at <a href="../../../../transitdroid/domain/entities/contract/ContractTest.html?line=51#src-51">transitdroid.domain.entities.contract.ContractTest.testGetUser(ContractTest.java:51)</a></div><div> at org.junit.internal.runners.TestMethod.invoke(TestMethod.java:59)</div><div> at org.junit.internal.runners.MethodRoadie.runTestMethod(MethodRoadie.java:98)</div><div> at org.junit.internal.runners.MethodRoadie$2.run(MethodRoadie.java:79)</div><div> at org.junit.internal.runners.MethodRoadie.runBeforesThenTestThenAfters(MethodRoadie.java:87)</div><div> at org.junit.internal.runners.MethodRoadie.runTest(MethodRoadie.java:77)</div><div> at org.junit.internal.runners.MethodRoadie.run(MethodRoadie.java:42)</div><div> at org.junit.internal.runners.JUnit4ClassRunner.invokeTestMethod(JUnit4ClassRunner.java:88)</div><div> at org.junit.internal.runners.JUnit4ClassRunner.runMethods(JUnit4ClassRunner.java:51)</div><div> at org.junit.internal.runners.JUnit4ClassRunner$1.run(JUnit4ClassRunner.java:44)</div><div> at org.junit.internal.runners.ClassRoadie.runUnprotected(ClassRoadie.java:27)</div><div> at org.junit.internal.runners.ClassRoadie.runProtected(ClassRoadie.java:37)</div><div> at org.junit.internal.runners.JUnit4ClassRunner.run(JUnit4ClassRunner.java:42)</div><div> at org.eclipse.jdt.internal.junit4.runner.JUnit4TestReference.run(JUnit4TestReference.java:50)</div><div> at org.eclipse.jdt.internal.junit.runner.TestExecution.run(TestExecution.java:38)</div><div> at org.eclipse.jdt.internal.junit.runner.RemoteTestRunner.runTests(RemoteTestRunner.java:467)</div><div> at org.eclipse.jdt.internal.junit.runner.RemoteTestRunner.runTests(RemoteTestRunner.java:683)</div><div> at org.eclipse.jdt.internal.junit.runner.RemoteTestRunner.run(RemoteTestRunner.java:390)</div><div> at org.eclipse.jdt.internal.junit.runner.RemoteTestRunner.main(RemoteTestRunner.java:197)</div> </div>
                  </td>
    </tr>
          <tr>
        <td class="graphItem alignTop" colspan="2"><span class="sortValue">ContractTest.testContractUUIDIntListOfbyteIMobileDeviceICardIUserByteArray</span><a href="ContractTest_testContractUUIDIntListOfbyteIMobileDeviceICardIUserByteArray_113.html">ContractTest.testContractUUIDIntListOfbyteIMobileDeviceICardIUserByteArray</a></td>
        <td class="graphPercent alignTop" colspan="1" style="whitespace:nowrap;"><span class="sortValue">1365181896519</span>5 Apr 13:11:36</td>
        <td class="graphPercent alignTop" colspan="1">      <span class="sortValue">3</span>
    <span class="testResultFailure">FAIL</span>
  </td>
        <td class="graphPercent alignTop" colspan="1"><span class="sortValue">0.0010</span>0.001</td>
        <td class="graphItemRight alignTop" colspan="6" style="width:50%">
          <span class="sortValue">Not&nbsp;yet&nbsp;implemented</span>
           <span class="expand" id="togglebut18" onclick="toggleNodeExpansion('togglebut18', 'msgc18', 'msge18');return false;">&nbsp;</span>
           <div class="titleText errorMessage" id="msgc18">Not&nbsp;yet&nbsp;implemented</div>
           <div class="titleText errorMessage" id="msge18" style="display:none;"> <div>java.lang.AssertionError: Not yet implemented</div><div> at org.junit.Assert.fail(Assert.java:74)</div><div>	at <a href="../../../../transitdroid/domain/entities/contract/ContractTest.html?line=11#src-11">transitdroid.domain.entities.contract.ContractTest.testContractUUIDIntListOfbyteIMobileDeviceICardIUserByteArray(ContractTest.java:11)</a></div><div> at org.junit.internal.runners.TestMethod.invoke(TestMethod.java:59)</div><div> at org.junit.internal.runners.MethodRoadie.runTestMethod(MethodRoadie.java:98)</div><div> at org.junit.internal.runners.MethodRoadie$2.run(MethodRoadie.java:79)</div><div> at org.junit.internal.runners.MethodRoadie.runBeforesThenTestThenAfters(MethodRoadie.java:87)</div><div> at org.junit.internal.runners.MethodRoadie.runTest(MethodRoadie.java:77)</div><div> at org.junit.internal.runners.MethodRoadie.run(MethodRoadie.java:42)</div><div> at org.junit.internal.runners.JUnit4ClassRunner.invokeTestMethod(JUnit4ClassRunner.java:88)</div><div> at org.junit.internal.runners.JUnit4ClassRunner.runMethods(JUnit4ClassRunner.java:51)</div><div> at org.junit.internal.runners.JUnit4ClassRunner$1.run(JUnit4ClassRunner.java:44)</div><div> at org.junit.internal.runners.ClassRoadie.runUnprotected(ClassRoadie.java:27)</div><div> at org.junit.internal.runners.ClassRoadie.runProtected(ClassRoadie.java:37)</div><div> at org.junit.internal.runners.JUnit4ClassRunner.run(JUnit4ClassRunner.java:42)</div><div> at org.eclipse.jdt.internal.junit4.runner.JUnit4TestReference.run(JUnit4TestReference.java:50)</div><div> at org.eclipse.jdt.internal.junit.runner.TestExecution.run(TestExecution.java:38)</div><div> at org.eclipse.jdt.internal.junit.runner.RemoteTestRunner.runTests(RemoteTestRunner.java:467)</div><div> at org.eclipse.jdt.internal.junit.runner.RemoteTestRunner.runTests(RemoteTestRunner.java:683)</div><div> at org.eclipse.jdt.internal.junit.runner.RemoteTestRunner.run(RemoteTestRunner.java:390)</div><div> at org.eclipse.jdt.internal.junit.runner.RemoteTestRunner.main(RemoteTestRunner.java:197)</div> </div>
                  </td>
    </tr>
          <tr>
        <td class="graphItem alignTop" colspan="2"><span class="sortValue">ContractTest.testGetKeys</span><a href="ContractTest_testGetKeys_ma.html">ContractTest.testGetKeys</a></td>
        <td class="graphPercent alignTop" colspan="1" style="whitespace:nowrap;"><span class="sortValue">1365181966078</span>5 Apr 13:12:46</td>
        <td class="graphPercent alignTop" colspan="1">      <span class="sortValue">3</span>
    <span class="testResultFailure">FAIL</span>
  </td>
        <td class="graphPercent alignTop" colspan="1"><span class="sortValue">0.0</span>0</td>
        <td class="graphItemRight alignTop" colspan="6" style="width:50%">
          <span class="sortValue">Not&nbsp;yet&nbsp;implemented</span>
           <span class="expand" id="togglebut19" onclick="toggleNodeExpansion('togglebut19', 'msgc19', 'msge19');return false;">&nbsp;</span>
           <div class="titleText errorMessage" id="msgc19">Not&nbsp;yet&nbsp;implemented</div>
           <div class="titleText errorMessage" id="msge19" style="display:none;"> <div>java.lang.AssertionError: Not yet implemented</div><div> at org.junit.Assert.fail(Assert.java:74)</div><div>	at <a href="../../../../transitdroid/domain/entities/contract/ContractTest.html?line=21#src-21">transitdroid.domain.entities.contract.ContractTest.testGetKeys(ContractTest.java:21)</a></div><div> at org.junit.internal.runners.TestMethod.invoke(TestMethod.java:59)</div><div> at org.junit.internal.runners.MethodRoadie.runTestMethod(MethodRoadie.java:98)</div><div> at org.junit.internal.runners.MethodRoadie$2.run(MethodRoadie.java:79)</div><div> at org.junit.internal.runners.MethodRoadie.runBeforesThenTestThenAfters(MethodRoadie.java:87)</div><div> at org.junit.internal.runners.MethodRoadie.runTest(MethodRoadie.java:77)</div><div> at org.junit.internal.runners.MethodRoadie.run(MethodRoadie.java:42)</div><div> at org.junit.internal.runners.JUnit4ClassRunner.invokeTestMethod(JUnit4ClassRunner.java:88)</div><div> at org.junit.internal.runners.JUnit4ClassRunner.runMethods(JUnit4ClassRunner.java:51)</div><div> at org.junit.internal.runners.JUnit4ClassRunner$1.run(JUnit4ClassRunner.java:44)</div><div> at org.junit.internal.runners.ClassRoadie.runUnprotected(ClassRoadie.java:27)</div><div> at org.junit.internal.runners.ClassRoadie.runProtected(ClassRoadie.java:37)</div><div> at org.junit.internal.runners.JUnit4ClassRunner.run(JUnit4ClassRunner.java:42)</div><div> at org.eclipse.jdt.internal.junit4.runner.JUnit4TestReference.run(JUnit4TestReference.java:50)</div><div> at org.eclipse.jdt.internal.junit.runner.TestExecution.run(TestExecution.java:38)</div><div> at org.eclipse.jdt.internal.junit.runner.RemoteTestRunner.runTests(RemoteTestRunner.java:467)</div><div> at org.eclipse.jdt.internal.junit.runner.RemoteTestRunner.runTests(RemoteTestRunner.java:683)</div><div> at org.eclipse.jdt.internal.junit.runner.RemoteTestRunner.run(RemoteTestRunner.java:390)</div><div> at org.eclipse.jdt.internal.junit.runner.RemoteTestRunner.main(RemoteTestRunner.java:197)</div> </div>
                  </td>
    </tr>
          <tr>
        <td class="graphItem alignTop" colspan="2"><span class="sortValue">ContractTest.testSetUser</span><a href="ContractTest_testSetUser_ru.html">ContractTest.testSetUser</a></td>
        <td class="graphPercent alignTop" colspan="1" style="whitespace:nowrap;"><span class="sortValue">1365181896500</span>5 Apr 13:11:36</td>
        <td class="graphPercent alignTop" colspan="1">      <span class="sortValue">3</span>
    <span class="testResultFailure">FAIL</span>
  </td>
        <td class="graphPercent alignTop" colspan="1"><span class="sortValue">0.0</span>0</td>
        <td class="graphItemRight alignTop" colspan="6" style="width:50%">
          <span class="sortValue">Not&nbsp;yet&nbsp;implemented</span>
           <span class="expand" id="togglebut20" onclick="toggleNodeExpansion('togglebut20', 'msgc20', 'msge20');return false;">&nbsp;</span>
           <div class="titleText errorMessage" id="msgc20">Not&nbsp;yet&nbsp;implemented</div>
           <div class="titleText errorMessage" id="msge20" style="display:none;"> <div>java.lang.AssertionError: Not yet implemented</div><div> at org.junit.Assert.fail(Assert.java:74)</div><div>	at <a href="../../../../transitdroid/domain/entities/contract/ContractTest.html?line=56#src-56">transitdroid.domain.entities.contract.ContractTest.testSetUser(ContractTest.java:56)</a></div><div> at org.junit.internal.runners.TestMethod.invoke(TestMethod.java:59)</div><div> at org.junit.internal.runners.MethodRoadie.runTestMethod(MethodRoadie.java:98)</div><div> at org.junit.internal.runners.MethodRoadie$2.run(MethodRoadie.java:79)</div><div> at org.junit.internal.runners.MethodRoadie.runBeforesThenTestThenAfters(MethodRoadie.java:87)</div><div> at org.junit.internal.runners.MethodRoadie.runTest(MethodRoadie.java:77)</div><div> at org.junit.internal.runners.MethodRoadie.run(MethodRoadie.java:42)</div><div> at org.junit.internal.runners.JUnit4ClassRunner.invokeTestMethod(JUnit4ClassRunner.java:88)</div><div> at org.junit.internal.runners.JUnit4ClassRunner.runMethods(JUnit4ClassRunner.java:51)</div><div> at org.junit.internal.runners.JUnit4ClassRunner$1.run(JUnit4ClassRunner.java:44)</div><div> at org.junit.internal.runners.ClassRoadie.runUnprotected(ClassRoadie.java:27)</div><div> at org.junit.internal.runners.ClassRoadie.runProtected(ClassRoadie.java:37)</div><div> at org.junit.internal.runners.JUnit4ClassRunner.run(JUnit4ClassRunner.java:42)</div><div> at org.eclipse.jdt.internal.junit4.runner.JUnit4TestReference.run(JUnit4TestReference.java:50)</div><div> at org.eclipse.jdt.internal.junit.runner.TestExecution.run(TestExecution.java:38)</div><div> at org.eclipse.jdt.internal.junit.runner.RemoteTestRunner.runTests(RemoteTestRunner.java:467)</div><div> at org.eclipse.jdt.internal.junit.runner.RemoteTestRunner.runTests(RemoteTestRunner.java:683)</div><div> at org.eclipse.jdt.internal.junit.runner.RemoteTestRunner.run(RemoteTestRunner.java:390)</div><div> at org.eclipse.jdt.internal.junit.runner.RemoteTestRunner.main(RemoteTestRunner.java:197)</div> </div>
                  </td>
    </tr>
          <tr>
        <td class="graphItem alignTop" colspan="2"><span class="sortValue">ContractTest.testGetSalt</span><a href="ContractTest_testGetSalt_152.html">ContractTest.testGetSalt</a></td>
        <td class="graphPercent alignTop" colspan="1" style="whitespace:nowrap;"><span class="sortValue">1365181966080</span>5 Apr 13:12:46</td>
        <td class="graphPercent alignTop" colspan="1">      <span class="sortValue">3</span>
    <span class="testResultFailure">FAIL</span>
  </td>
        <td class="graphPercent alignTop" colspan="1"><span class="sortValue">0.0</span>0</td>
        <td class="graphItemRight alignTop" colspan="6" style="width:50%">
          <span class="sortValue">Not&nbsp;yet&nbsp;implemented</span>
           <span class="expand" id="togglebut21" onclick="toggleNodeExpansion('togglebut21', 'msgc21', 'msge21');return false;">&nbsp;</span>
           <div class="titleText errorMessage" id="msgc21">Not&nbsp;yet&nbsp;implemented</div>
           <div class="titleText errorMessage" id="msge21" style="display:none;"> <div>java.lang.AssertionError: Not yet implemented</div><div> at org.junit.Assert.fail(Assert.java:74)</div><div>	at <a href="../../../../transitdroid/domain/entities/contract/ContractTest.html?line=61#src-61">transitdroid.domain.entities.contract.ContractTest.testGetSalt(ContractTest.java:61)</a></div><div> at org.junit.internal.runners.TestMethod.invoke(TestMethod.java:59)</div><div> at org.junit.internal.runners.MethodRoadie.runTestMethod(MethodRoadie.java:98)</div><div> at org.junit.internal.runners.MethodRoadie$2.run(MethodRoadie.java:79)</div><div> at org.junit.internal.runners.MethodRoadie.runBeforesThenTestThenAfters(MethodRoadie.java:87)</div><div> at org.junit.internal.runners.MethodRoadie.runTest(MethodRoadie.java:77)</div><div> at org.junit.internal.runners.MethodRoadie.run(MethodRoadie.java:42)</div><div> at org.junit.internal.runners.JUnit4ClassRunner.invokeTestMethod(JUnit4ClassRunner.java:88)</div><div> at org.junit.internal.runners.JUnit4ClassRunner.runMethods(JUnit4ClassRunner.java:51)</div><div> at org.junit.internal.runners.JUnit4ClassRunner$1.run(JUnit4ClassRunner.java:44)</div><div> at org.junit.internal.runners.ClassRoadie.runUnprotected(ClassRoadie.java:27)</div><div> at org.junit.internal.runners.ClassRoadie.runProtected(ClassRoadie.java:37)</div><div> at org.junit.internal.runners.JUnit4ClassRunner.run(JUnit4ClassRunner.java:42)</div><div> at org.eclipse.jdt.internal.junit4.runner.JUnit4TestReference.run(JUnit4TestReference.java:50)</div><div> at org.eclipse.jdt.internal.junit.runner.TestExecution.run(TestExecution.java:38)</div><div> at org.eclipse.jdt.internal.junit.runner.RemoteTestRunner.runTests(RemoteTestRunner.java:467)</div><div> at org.eclipse.jdt.internal.junit.runner.RemoteTestRunner.runTests(RemoteTestRunner.java:683)</div><div> at org.eclipse.jdt.internal.junit.runner.RemoteTestRunner.run(RemoteTestRunner.java:390)</div><div> at org.eclipse.jdt.internal.junit.runner.RemoteTestRunner.main(RemoteTestRunner.java:197)</div> </div>
                  </td>
    </tr>
          <tr>
        <td class="graphItem alignTop" colspan="2"><span class="sortValue">ContractTest.testSetMobileDevice</span><a href="ContractTest_testSetMobileDevice_w9.html">ContractTest.testSetMobileDevice</a></td>
        <td class="graphPercent alignTop" colspan="1" style="whitespace:nowrap;"><span class="sortValue">1365181896529</span>5 Apr 13:11:36</td>
        <td class="graphPercent alignTop" colspan="1">      <span class="sortValue">3</span>
    <span class="testResultFailure">FAIL</span>
  </td>
        <td class="graphPercent alignTop" colspan="1"><span class="sortValue">0.0010</span>0.001</td>
        <td class="graphItemRight alignTop" colspan="6" style="width:50%">
          <span class="sortValue">Not&nbsp;yet&nbsp;implemented</span>
           <span class="expand" id="togglebut22" onclick="toggleNodeExpansion('togglebut22', 'msgc22', 'msge22');return false;">&nbsp;</span>
           <div class="titleText errorMessage" id="msgc22">Not&nbsp;yet&nbsp;implemented</div>
           <div class="titleText errorMessage" id="msge22" style="display:none;"> <div>java.lang.AssertionError: Not yet implemented</div><div> at org.junit.Assert.fail(Assert.java:74)</div><div>	at <a href="../../../../transitdroid/domain/entities/contract/ContractTest.html?line=36#src-36">transitdroid.domain.entities.contract.ContractTest.testSetMobileDevice(ContractTest.java:36)</a></div><div> at org.junit.internal.runners.TestMethod.invoke(TestMethod.java:59)</div><div> at org.junit.internal.runners.MethodRoadie.runTestMethod(MethodRoadie.java:98)</div><div> at org.junit.internal.runners.MethodRoadie$2.run(MethodRoadie.java:79)</div><div> at org.junit.internal.runners.MethodRoadie.runBeforesThenTestThenAfters(MethodRoadie.java:87)</div><div> at org.junit.internal.runners.MethodRoadie.runTest(MethodRoadie.java:77)</div><div> at org.junit.internal.runners.MethodRoadie.run(MethodRoadie.java:42)</div><div> at org.junit.internal.runners.JUnit4ClassRunner.invokeTestMethod(JUnit4ClassRunner.java:88)</div><div> at org.junit.internal.runners.JUnit4ClassRunner.runMethods(JUnit4ClassRunner.java:51)</div><div> at org.junit.internal.runners.JUnit4ClassRunner$1.run(JUnit4ClassRunner.java:44)</div><div> at org.junit.internal.runners.ClassRoadie.runUnprotected(ClassRoadie.java:27)</div><div> at org.junit.internal.runners.ClassRoadie.runProtected(ClassRoadie.java:37)</div><div> at org.junit.internal.runners.JUnit4ClassRunner.run(JUnit4ClassRunner.java:42)</div><div> at org.eclipse.jdt.internal.junit4.runner.JUnit4TestReference.run(JUnit4TestReference.java:50)</div><div> at org.eclipse.jdt.internal.junit.runner.TestExecution.run(TestExecution.java:38)</div><div> at org.eclipse.jdt.internal.junit.runner.RemoteTestRunner.runTests(RemoteTestRunner.java:467)</div><div> at org.eclipse.jdt.internal.junit.runner.RemoteTestRunner.runTests(RemoteTestRunner.java:683)</div><div> at org.eclipse.jdt.internal.junit.runner.RemoteTestRunner.run(RemoteTestRunner.java:390)</div><div> at org.eclipse.jdt.internal.junit.runner.RemoteTestRunner.main(RemoteTestRunner.java:197)</div> </div>
                  </td>
    </tr>
          <tr>
        <td class="graphItem alignTop" colspan="2"><span class="sortValue">ContractTest.testSetKeys</span><a href="ContractTest_testSetKeys_am.html">ContractTest.testSetKeys</a></td>
        <td class="graphPercent alignTop" colspan="1" style="whitespace:nowrap;"><span class="sortValue">1365181896512</span>5 Apr 13:11:36</td>
        <td class="graphPercent alignTop" colspan="1">      <span class="sortValue">3</span>
    <span class="testResultFailure">FAIL</span>
  </td>
        <td class="graphPercent alignTop" colspan="1"><span class="sortValue">0.0</span>0</td>
        <td class="graphItemRight alignTop" colspan="6" style="width:50%">
          <span class="sortValue">Not&nbsp;yet&nbsp;implemented</span>
           <span class="expand" id="togglebut23" onclick="toggleNodeExpansion('togglebut23', 'msgc23', 'msge23');return false;">&nbsp;</span>
           <div class="titleText errorMessage" id="msgc23">Not&nbsp;yet&nbsp;implemented</div>
           <div class="titleText errorMessage" id="msge23" style="display:none;"> <div>java.lang.AssertionError: Not yet implemented</div><div> at org.junit.Assert.fail(Assert.java:74)</div><div>	at <a href="../../../../transitdroid/domain/entities/contract/ContractTest.html?line=26#src-26">transitdroid.domain.entities.contract.ContractTest.testSetKeys(ContractTest.java:26)</a></div><div> at org.junit.internal.runners.TestMethod.invoke(TestMethod.java:59)</div><div> at org.junit.internal.runners.MethodRoadie.runTestMethod(MethodRoadie.java:98)</div><div> at org.junit.internal.runners.MethodRoadie$2.run(MethodRoadie.java:79)</div><div> at org.junit.internal.runners.MethodRoadie.runBeforesThenTestThenAfters(MethodRoadie.java:87)</div><div> at org.junit.internal.runners.MethodRoadie.runTest(MethodRoadie.java:77)</div><div> at org.junit.internal.runners.MethodRoadie.run(MethodRoadie.java:42)</div><div> at org.junit.internal.runners.JUnit4ClassRunner.invokeTestMethod(JUnit4ClassRunner.java:88)</div><div> at org.junit.internal.runners.JUnit4ClassRunner.runMethods(JUnit4ClassRunner.java:51)</div><div> at org.junit.internal.runners.JUnit4ClassRunner$1.run(JUnit4ClassRunner.java:44)</div><div> at org.junit.internal.runners.ClassRoadie.runUnprotected(ClassRoadie.java:27)</div><div> at org.junit.internal.runners.ClassRoadie.runProtected(ClassRoadie.java:37)</div><div> at org.junit.internal.runners.JUnit4ClassRunner.run(JUnit4ClassRunner.java:42)</div><div> at org.eclipse.jdt.internal.junit4.runner.JUnit4TestReference.run(JUnit4TestReference.java:50)</div><div> at org.eclipse.jdt.internal.junit.runner.TestExecution.run(TestExecution.java:38)</div><div> at org.eclipse.jdt.internal.junit.runner.RemoteTestRunner.runTests(RemoteTestRunner.java:467)</div><div> at org.eclipse.jdt.internal.junit.runner.RemoteTestRunner.runTests(RemoteTestRunner.java:683)</div><div> at org.eclipse.jdt.internal.junit.runner.RemoteTestRunner.run(RemoteTestRunner.java:390)</div><div> at org.eclipse.jdt.internal.junit.runner.RemoteTestRunner.main(RemoteTestRunner.java:197)</div> </div>
                  </td>
    </tr>
          <tr>
        <td class="graphItem alignTop" colspan="2"><span class="sortValue">ContractTest.testSetMobileDevice</span><a href="ContractTest_testSetMobileDevice_yv.html">ContractTest.testSetMobileDevice</a></td>
        <td class="graphPercent alignTop" colspan="1" style="whitespace:nowrap;"><span class="sortValue">1365181966102</span>5 Apr 13:12:46</td>
        <td class="graphPercent alignTop" colspan="1">      <span class="sortValue">3</span>
    <span class="testResultFailure">FAIL</span>
  </td>
        <td class="graphPercent alignTop" colspan="1"><span class="sortValue">0.0010</span>0.001</td>
        <td class="graphItemRight alignTop" colspan="6" style="width:50%">
          <span class="sortValue">Not&nbsp;yet&nbsp;implemented</span>
           <span class="expand" id="togglebut24" onclick="toggleNodeExpansion('togglebut24', 'msgc24', 'msge24');return false;">&nbsp;</span>
           <div class="titleText errorMessage" id="msgc24">Not&nbsp;yet&nbsp;implemented</div>
           <div class="titleText errorMessage" id="msge24" style="display:none;"> <div>java.lang.AssertionError: Not yet implemented</div><div> at org.junit.Assert.fail(Assert.java:74)</div><div>	at <a href="../../../../transitdroid/domain/entities/contract/ContractTest.html?line=36#src-36">transitdroid.domain.entities.contract.ContractTest.testSetMobileDevice(ContractTest.java:36)</a></div><div> at org.junit.internal.runners.TestMethod.invoke(TestMethod.java:59)</div><div> at org.junit.internal.runners.MethodRoadie.runTestMethod(MethodRoadie.java:98)</div><div> at org.junit.internal.runners.MethodRoadie$2.run(MethodRoadie.java:79)</div><div> at org.junit.internal.runners.MethodRoadie.runBeforesThenTestThenAfters(MethodRoadie.java:87)</div><div> at org.junit.internal.runners.MethodRoadie.runTest(MethodRoadie.java:77)</div><div> at org.junit.internal.runners.MethodRoadie.run(MethodRoadie.java:42)</div><div> at org.junit.internal.runners.JUnit4ClassRunner.invokeTestMethod(JUnit4ClassRunner.java:88)</div><div> at org.junit.internal.runners.JUnit4ClassRunner.runMethods(JUnit4ClassRunner.java:51)</div><div> at org.junit.internal.runners.JUnit4ClassRunner$1.run(JUnit4ClassRunner.java:44)</div><div> at org.junit.internal.runners.ClassRoadie.runUnprotected(ClassRoadie.java:27)</div><div> at org.junit.internal.runners.ClassRoadie.runProtected(ClassRoadie.java:37)</div><div> at org.junit.internal.runners.JUnit4ClassRunner.run(JUnit4ClassRunner.java:42)</div><div> at org.eclipse.jdt.internal.junit4.runner.JUnit4TestReference.run(JUnit4TestReference.java:50)</div><div> at org.eclipse.jdt.internal.junit.runner.TestExecution.run(TestExecution.java:38)</div><div> at org.eclipse.jdt.internal.junit.runner.RemoteTestRunner.runTests(RemoteTestRunner.java:467)</div><div> at org.eclipse.jdt.internal.junit.runner.RemoteTestRunner.runTests(RemoteTestRunner.java:683)</div><div> at org.eclipse.jdt.internal.junit.runner.RemoteTestRunner.run(RemoteTestRunner.java:390)</div><div> at org.eclipse.jdt.internal.junit.runner.RemoteTestRunner.main(RemoteTestRunner.java:197)</div> </div>
                  </td>
    </tr>
   </tbody>
<tbody>
<tr><td class="hbreak" colspan="7">&nbsp;</td></tr>
<tr><td class="footer" colspan="7">
<table>
<tr>
 <td><a target="_new" href="http://www.atlassian.com/software/clover"><img alt="Clover" src="../../../../img/logo.gif" style="border:none"/></a></td><td style="white-space:nowrap;"><i>Report generated by </i>Clover <a target="_new" href="http://www.atlassian.com/software/clover">Code Coverage</a> v3.1.11<i><br/>Fri Apr 5 2013 13:16:47 EDT</i>.</td>
<td>&nbsp;</td><td style="BORDER-LEFT: #9c9c9c 1px solid;">&nbsp;</td><td>Clover Evaluation License registered to Clover Plugin. You have 29 day(s) before your license expires.</td>
</tr>
</table>
</td>
</tr></tbody>
</table>
</body>
</html>
