<!DOCTYPE html PUBLIC "-//W3C//DTD XHTML 1.0 Transitional//EN" "http://www.w3.org/TR/xhtml1/DTD/xhtml1-transitional.dtd">

<html xmlns="http://www.w3.org/1999/xhtml" xml:lang="en" lang="en">
<head>
    <meta http-equiv="Content-Type" content="text/html; charset=UTF-8"/>

        <link rel="SHORTCUT ICON" href="../../../../img/clover.ico" />

    <style type="text/css" media="screen">
        @import url('../../../../style.css');
        @import url('../../../../roundedcorners.css');
        @import url('../../../../tree.css');
            </style>
    
    <script src="../../../../sorttable.js" type="text/javascript"></script>
    <script src="../../../../overlibmws.js" type="text/javascript"><!-- overLIB (c) Erik Bosrup --></script>
    <script src="../../../../overlibmws_shadow.js" type="text/javascript" ></script>
    <script src="../../../../clover.js" type="text/javascript"></script>
    <script src="../../../../cloud.js" type="text/javascript"></script>
    <script src="../../../../help.js" type="text/javascript"></script>
  <title>TransitDroid2.0 Coverage Report</title>
</head>
<body onload="loadPkgPane('TransitDroid2.0 Coverage Report: transitdroid.domain.entities.card.CardProxyTest', 'pkg-results.html');">
  <!-- render overall summary coverage graph -->
<table cellspacing="0" cellpadding="2" class="barGraph">
<thead >
    
  <tr>
    <td colspan="7" >
        <div class="roundedLarge">
            <b class="ctop"><b class="cb1"></b><b class="cb2 testHeader"></b><b class="cb3 testHeader"></b><b class="cb4 testHeader"></b></b>
            <div class="roundedContent">
                <table width="100%" cellspacing="0"><tr class="reportHeader ">
                    <td valign="top" class="titleText testHeader">Clover Test Report -                         TransitDroid2.0 Coverage Report <div class="timestamp"><b>Coverage timestamp:</b>&nbsp;Fri Apr 5 2013 13:12:48 EDT
                    </div>
                                                <div class="navBar">
                           	                        	                        </div>
                                                                        
                        <div class="navBar">
                            <span><a href="../../../../test-pkg-summary.html">Overview</a></span>&nbsp;&nbsp;&nbsp;
                            <span><a href="test-pkg-summary.html">Package</a></span>&nbsp;&nbsp;&nbsp;
                            <span class="navBarCurrent">File</span>&nbsp;&nbsp;&nbsp;
                            <span>Test</span>
                        </div>
                                                
                        <div class="navBarLink">
                            &nbsp;&nbsp;&nbsp;
                            <a href="../../../../index.html" target="_top">FRAMES</a>&nbsp;&nbsp;
                            <a href="test-CardProxyTest.html" target="_top">NO FRAMES</a>&nbsp;&nbsp;
                            <a><label onclick="toggleHelp(this);" class="nonHelpItem">SHOW HELP</label></a>&nbsp;&nbsp;                            
                        </div>
                    </td>
                </tr></table>
            </div>
            <b class="cbottom"><b class="cb4 testHeader"></b><b class="cb3 testHeader"></b><b class="cb2 testHeader"></b><b class="cb1"></b></b>
        </div>

    </td>
  </tr>


<tr class="titleText">
    <td class="evalBar" colspan="7">
        This report was generated with an evaluation server license.  <a href="http://www.atlassian.com/software/clover">Purchase Clover</a> or <a href="http://confluence.atlassian.com/x/JAgQCQ">configure your license.</a>
    </td>
</tr>


</thead>
<tbody>
    <tr><td class="hbreak" colspan="7">&nbsp;</td></tr>
    
    <tr>
        <td class="graphHeaderLeft titleText testHeader">Class</td>
        <td class="graphHeader headerTitle testHeader">Tests</td>
        <td class="graphHeader headerTitle testHeader">Fail</td>
        <td class="graphHeader headerTitle testHeader">Error</td>
        <td class="graphHeader headerTitle testHeader"><label onkeyup="return help_tests_time;">Time (secs)</label></td>
        <td class="graphHeader headerTitle testHeader" colspan="2">% Tests Success</td>
    </tr>
    <tr>
        <td class="graphItem titleText">CardProxyTest</td>
        <td class="graphPercent testPasses">
    <span class="sortValue">42</span>
    42
</td>

<td class="graphPercent  testFailures ">
    <span class="sortValue">42</span>
    42
</td>

<td class="graphPercent ">
    <span class="sortValue">0</span>
    0
</td>
        <td class="graphPercent">0.016</td>
        <td class="graphPercent">0%</td>
        <td class="graphPercent">
            

<div>
    <div style="width: 40px; font-size:0px;"></div>

    <div title="0% Errors" style="min-width: 40px;" class="testBarError">
        <div title="100% of Tests Failed" class="testBarFail" style="width: 100%">
            <div title="0% of Tests Passed" class="testBarPass" style="width: 0%"></div>
        </div>
    </div>
</div>        </td>
    </tr>
    <tr><td class="hbreak" colspan="7">&nbsp;</td></tr>
</tbody>
<tbody>
    <tr>
        <td class="graphHeaderLeft titleText  headerTitle sortable testHeader" onclick="ts_resortTable(this, 'alpha', 0);return false;" colspan="2">Tests</td>
        <td class="graphHeader sortable headerTitle testHeader" onclick="ts_resortTable(this, 'number', 1);return false;" colspan="1">Started</td>
        <td class="graphHeader sortable headerTitle testHeader" onclick="ts_resortTable(this, 'number', 2);return false;" colspan="1">Status</td>
        <td class="graphHeader sortable headerTitle testHeader" onclick="ts_resortTable(this, 'number', 3);return false;" colspan="1"><label onkeyup="return help_tests_time;">Time (secs)</label></td>
        <td class="graphHeader sortable headerTitle testHeader" onclick="ts_resortTable(this, 'alpha', 4);return false;" colspan="6">Message</td>
    </tr>

<!-- render list of package coverage graphs -->

       <tr>
        <td class="graphItem alignTop" colspan="2"><span class="sortValue">CardProxyTest.testGetSinglePass</span><a href="CardProxyTest_testGetSinglePass_9q.html">CardProxyTest.testGetSinglePass</a></td>
        <td class="graphPercent alignTop" colspan="1" style="whitespace:nowrap;"><span class="sortValue">1365181890784</span>5 Apr 13:11:30</td>
        <td class="graphPercent alignTop" colspan="1">      <span class="sortValue">3</span>
    <span class="testResultFailure">FAIL</span>
  </td>
        <td class="graphPercent alignTop" colspan="1"><span class="sortValue">0.0</span>0</td>
        <td class="graphItemRight alignTop" colspan="6" style="width:50%">
          <span class="sortValue">Not&nbsp;yet&nbsp;implemented</span>
           <span class="expand" id="togglebut1" onclick="toggleNodeExpansion('togglebut1', 'msgc1', 'msge1');return false;">&nbsp;</span>
           <div class="titleText errorMessage" id="msgc1">Not&nbsp;yet&nbsp;implemented</div>
           <div class="titleText errorMessage" id="msge1" style="display:none;"> <div>java.lang.AssertionError: Not yet implemented</div><div> at org.junit.Assert.fail(Assert.java:74)</div><div>	at <a href="../../../../transitdroid/domain/entities/card/CardProxyTest.html?line=81#src-81">transitdroid.domain.entities.card.CardProxyTest.testGetSinglePass(CardProxyTest.java:81)</a></div><div> at org.junit.internal.runners.TestMethod.invoke(TestMethod.java:59)</div><div> at org.junit.internal.runners.MethodRoadie.runTestMethod(MethodRoadie.java:98)</div><div> at org.junit.internal.runners.MethodRoadie$2.run(MethodRoadie.java:79)</div><div> at org.junit.internal.runners.MethodRoadie.runBeforesThenTestThenAfters(MethodRoadie.java:87)</div><div> at org.junit.internal.runners.MethodRoadie.runTest(MethodRoadie.java:77)</div><div> at org.junit.internal.runners.MethodRoadie.run(MethodRoadie.java:42)</div><div> at org.junit.internal.runners.JUnit4ClassRunner.invokeTestMethod(JUnit4ClassRunner.java:88)</div><div> at org.junit.internal.runners.JUnit4ClassRunner.runMethods(JUnit4ClassRunner.java:51)</div><div> at org.junit.internal.runners.JUnit4ClassRunner$1.run(JUnit4ClassRunner.java:44)</div><div> at org.junit.internal.runners.ClassRoadie.runUnprotected(ClassRoadie.java:27)</div><div> at org.junit.internal.runners.ClassRoadie.runProtected(ClassRoadie.java:37)</div><div> at org.junit.internal.runners.JUnit4ClassRunner.run(JUnit4ClassRunner.java:42)</div><div> at org.eclipse.jdt.internal.junit4.runner.JUnit4TestReference.run(JUnit4TestReference.java:50)</div><div> at org.eclipse.jdt.internal.junit.runner.TestExecution.run(TestExecution.java:38)</div><div> at org.eclipse.jdt.internal.junit.runner.RemoteTestRunner.runTests(RemoteTestRunner.java:467)</div><div> at org.eclipse.jdt.internal.junit.runner.RemoteTestRunner.runTests(RemoteTestRunner.java:683)</div><div> at org.eclipse.jdt.internal.junit.runner.RemoteTestRunner.run(RemoteTestRunner.java:390)</div><div> at org.eclipse.jdt.internal.junit.runner.RemoteTestRunner.main(RemoteTestRunner.java:197)</div> </div>
                  </td>
    </tr>
          <tr>
        <td class="graphItem alignTop" colspan="2"><span class="sortValue">CardProxyTest.testSetYearlyPass</span><a href="CardProxyTest_testSetYearlyPass_e.html">CardProxyTest.testSetYearlyPass</a></td>
        <td class="graphPercent alignTop" colspan="1" style="whitespace:nowrap;"><span class="sortValue">1365181890797</span>5 Apr 13:11:30</td>
        <td class="graphPercent alignTop" colspan="1">      <span class="sortValue">3</span>
    <span class="testResultFailure">FAIL</span>
  </td>
        <td class="graphPercent alignTop" colspan="1"><span class="sortValue">0.0</span>0</td>
        <td class="graphItemRight alignTop" colspan="6" style="width:50%">
          <span class="sortValue">Not&nbsp;yet&nbsp;implemented</span>
           <span class="expand" id="togglebut2" onclick="toggleNodeExpansion('togglebut2', 'msgc2', 'msge2');return false;">&nbsp;</span>
           <div class="titleText errorMessage" id="msgc2">Not&nbsp;yet&nbsp;implemented</div>
           <div class="titleText errorMessage" id="msge2" style="display:none;"> <div>java.lang.AssertionError: Not yet implemented</div><div> at org.junit.Assert.fail(Assert.java:74)</div><div>	at <a href="../../../../transitdroid/domain/entities/card/CardProxyTest.html?line=106#src-106">transitdroid.domain.entities.card.CardProxyTest.testSetYearlyPass(CardProxyTest.java:106)</a></div><div> at org.junit.internal.runners.TestMethod.invoke(TestMethod.java:59)</div><div> at org.junit.internal.runners.MethodRoadie.runTestMethod(MethodRoadie.java:98)</div><div> at org.junit.internal.runners.MethodRoadie$2.run(MethodRoadie.java:79)</div><div> at org.junit.internal.runners.MethodRoadie.runBeforesThenTestThenAfters(MethodRoadie.java:87)</div><div> at org.junit.internal.runners.MethodRoadie.runTest(MethodRoadie.java:77)</div><div> at org.junit.internal.runners.MethodRoadie.run(MethodRoadie.java:42)</div><div> at org.junit.internal.runners.JUnit4ClassRunner.invokeTestMethod(JUnit4ClassRunner.java:88)</div><div> at org.junit.internal.runners.JUnit4ClassRunner.runMethods(JUnit4ClassRunner.java:51)</div><div> at org.junit.internal.runners.JUnit4ClassRunner$1.run(JUnit4ClassRunner.java:44)</div><div> at org.junit.internal.runners.ClassRoadie.runUnprotected(ClassRoadie.java:27)</div><div> at org.junit.internal.runners.ClassRoadie.runProtected(ClassRoadie.java:37)</div><div> at org.junit.internal.runners.JUnit4ClassRunner.run(JUnit4ClassRunner.java:42)</div><div> at org.eclipse.jdt.internal.junit4.runner.JUnit4TestReference.run(JUnit4TestReference.java:50)</div><div> at org.eclipse.jdt.internal.junit.runner.TestExecution.run(TestExecution.java:38)</div><div> at org.eclipse.jdt.internal.junit.runner.RemoteTestRunner.runTests(RemoteTestRunner.java:467)</div><div> at org.eclipse.jdt.internal.junit.runner.RemoteTestRunner.runTests(RemoteTestRunner.java:683)</div><div> at org.eclipse.jdt.internal.junit.runner.RemoteTestRunner.run(RemoteTestRunner.java:390)</div><div> at org.eclipse.jdt.internal.junit.runner.RemoteTestRunner.main(RemoteTestRunner.java:197)</div> </div>
                  </td>
    </tr>
          <tr>
        <td class="graphItem alignTop" colspan="2"><span class="sortValue">CardProxyTest.testCardProxy</span><a href="CardProxyTest_testCardProxy_a1.html">CardProxyTest.testCardProxy</a></td>
        <td class="graphPercent alignTop" colspan="1" style="whitespace:nowrap;"><span class="sortValue">1365181961415</span>5 Apr 13:12:41</td>
        <td class="graphPercent alignTop" colspan="1">      <span class="sortValue">3</span>
    <span class="testResultFailure">FAIL</span>
  </td>
        <td class="graphPercent alignTop" colspan="1"><span class="sortValue">0.0010</span>0.001</td>
        <td class="graphItemRight alignTop" colspan="6" style="width:50%">
          <span class="sortValue">Not&nbsp;yet&nbsp;implemented</span>
           <span class="expand" id="togglebut3" onclick="toggleNodeExpansion('togglebut3', 'msgc3', 'msge3');return false;">&nbsp;</span>
           <div class="titleText errorMessage" id="msgc3">Not&nbsp;yet&nbsp;implemented</div>
           <div class="titleText errorMessage" id="msge3" style="display:none;"> <div>java.lang.AssertionError: Not yet implemented</div><div> at org.junit.Assert.fail(Assert.java:74)</div><div>	at <a href="../../../../transitdroid/domain/entities/card/CardProxyTest.html?line=21#src-21">transitdroid.domain.entities.card.CardProxyTest.testCardProxy(CardProxyTest.java:21)</a></div><div> at org.junit.internal.runners.TestMethod.invoke(TestMethod.java:59)</div><div> at org.junit.internal.runners.MethodRoadie.runTestMethod(MethodRoadie.java:98)</div><div> at org.junit.internal.runners.MethodRoadie$2.run(MethodRoadie.java:79)</div><div> at org.junit.internal.runners.MethodRoadie.runBeforesThenTestThenAfters(MethodRoadie.java:87)</div><div> at org.junit.internal.runners.MethodRoadie.runTest(MethodRoadie.java:77)</div><div> at org.junit.internal.runners.MethodRoadie.run(MethodRoadie.java:42)</div><div> at org.junit.internal.runners.JUnit4ClassRunner.invokeTestMethod(JUnit4ClassRunner.java:88)</div><div> at org.junit.internal.runners.JUnit4ClassRunner.runMethods(JUnit4ClassRunner.java:51)</div><div> at org.junit.internal.runners.JUnit4ClassRunner$1.run(JUnit4ClassRunner.java:44)</div><div> at org.junit.internal.runners.ClassRoadie.runUnprotected(ClassRoadie.java:27)</div><div> at org.junit.internal.runners.ClassRoadie.runProtected(ClassRoadie.java:37)</div><div> at org.junit.internal.runners.JUnit4ClassRunner.run(JUnit4ClassRunner.java:42)</div><div> at org.eclipse.jdt.internal.junit4.runner.JUnit4TestReference.run(JUnit4TestReference.java:50)</div><div> at org.eclipse.jdt.internal.junit.runner.TestExecution.run(TestExecution.java:38)</div><div> at org.eclipse.jdt.internal.junit.runner.RemoteTestRunner.runTests(RemoteTestRunner.java:467)</div><div> at org.eclipse.jdt.internal.junit.runner.RemoteTestRunner.runTests(RemoteTestRunner.java:683)</div><div> at org.eclipse.jdt.internal.junit.runner.RemoteTestRunner.run(RemoteTestRunner.java:390)</div><div> at org.eclipse.jdt.internal.junit.runner.RemoteTestRunner.main(RemoteTestRunner.java:197)</div> </div>
                  </td>
    </tr>
          <tr>
        <td class="graphItem alignTop" colspan="2"><span class="sortValue">CardProxyTest.testGetSinglePass</span><a href="CardProxyTest_testGetSinglePass_fm.html">CardProxyTest.testGetSinglePass</a></td>
        <td class="graphPercent alignTop" colspan="1" style="whitespace:nowrap;"><span class="sortValue">1365181961475</span>5 Apr 13:12:41</td>
        <td class="graphPercent alignTop" colspan="1">      <span class="sortValue">3</span>
    <span class="testResultFailure">FAIL</span>
  </td>
        <td class="graphPercent alignTop" colspan="1"><span class="sortValue">0.0</span>0</td>
        <td class="graphItemRight alignTop" colspan="6" style="width:50%">
          <span class="sortValue">Not&nbsp;yet&nbsp;implemented</span>
           <span class="expand" id="togglebut4" onclick="toggleNodeExpansion('togglebut4', 'msgc4', 'msge4');return false;">&nbsp;</span>
           <div class="titleText errorMessage" id="msgc4">Not&nbsp;yet&nbsp;implemented</div>
           <div class="titleText errorMessage" id="msge4" style="display:none;"> <div>java.lang.AssertionError: Not yet implemented</div><div> at org.junit.Assert.fail(Assert.java:74)</div><div>	at <a href="../../../../transitdroid/domain/entities/card/CardProxyTest.html?line=81#src-81">transitdroid.domain.entities.card.CardProxyTest.testGetSinglePass(CardProxyTest.java:81)</a></div><div> at org.junit.internal.runners.TestMethod.invoke(TestMethod.java:59)</div><div> at org.junit.internal.runners.MethodRoadie.runTestMethod(MethodRoadie.java:98)</div><div> at org.junit.internal.runners.MethodRoadie$2.run(MethodRoadie.java:79)</div><div> at org.junit.internal.runners.MethodRoadie.runBeforesThenTestThenAfters(MethodRoadie.java:87)</div><div> at org.junit.internal.runners.MethodRoadie.runTest(MethodRoadie.java:77)</div><div> at org.junit.internal.runners.MethodRoadie.run(MethodRoadie.java:42)</div><div> at org.junit.internal.runners.JUnit4ClassRunner.invokeTestMethod(JUnit4ClassRunner.java:88)</div><div> at org.junit.internal.runners.JUnit4ClassRunner.runMethods(JUnit4ClassRunner.java:51)</div><div> at org.junit.internal.runners.JUnit4ClassRunner$1.run(JUnit4ClassRunner.java:44)</div><div> at org.junit.internal.runners.ClassRoadie.runUnprotected(ClassRoadie.java:27)</div><div> at org.junit.internal.runners.ClassRoadie.runProtected(ClassRoadie.java:37)</div><div> at org.junit.internal.runners.JUnit4ClassRunner.run(JUnit4ClassRunner.java:42)</div><div> at org.eclipse.jdt.internal.junit4.runner.JUnit4TestReference.run(JUnit4TestReference.java:50)</div><div> at org.eclipse.jdt.internal.junit.runner.TestExecution.run(TestExecution.java:38)</div><div> at org.eclipse.jdt.internal.junit.runner.RemoteTestRunner.runTests(RemoteTestRunner.java:467)</div><div> at org.eclipse.jdt.internal.junit.runner.RemoteTestRunner.runTests(RemoteTestRunner.java:683)</div><div> at org.eclipse.jdt.internal.junit.runner.RemoteTestRunner.run(RemoteTestRunner.java:390)</div><div> at org.eclipse.jdt.internal.junit.runner.RemoteTestRunner.main(RemoteTestRunner.java:197)</div> </div>
                  </td>
    </tr>
          <tr>
        <td class="graphItem alignTop" colspan="2"><span class="sortValue">CardProxyTest.testSetThreeDayPass</span><a href="CardProxyTest_testSetThreeDayPass_r3.html">CardProxyTest.testSetThreeDayPass</a></td>
        <td class="graphPercent alignTop" colspan="1" style="whitespace:nowrap;"><span class="sortValue">1365181890791</span>5 Apr 13:11:30</td>
        <td class="graphPercent alignTop" colspan="1">      <span class="sortValue">3</span>
    <span class="testResultFailure">FAIL</span>
  </td>
        <td class="graphPercent alignTop" colspan="1"><span class="sortValue">0.0010</span>0.001</td>
        <td class="graphItemRight alignTop" colspan="6" style="width:50%">
          <span class="sortValue">Not&nbsp;yet&nbsp;implemented</span>
           <span class="expand" id="togglebut5" onclick="toggleNodeExpansion('togglebut5', 'msgc5', 'msge5');return false;">&nbsp;</span>
           <div class="titleText errorMessage" id="msgc5">Not&nbsp;yet&nbsp;implemented</div>
           <div class="titleText errorMessage" id="msge5" style="display:none;"> <div>java.lang.AssertionError: Not yet implemented</div><div> at org.junit.Assert.fail(Assert.java:74)</div><div>	at <a href="../../../../transitdroid/domain/entities/card/CardProxyTest.html?line=96#src-96">transitdroid.domain.entities.card.CardProxyTest.testSetThreeDayPass(CardProxyTest.java:96)</a></div><div> at org.junit.internal.runners.TestMethod.invoke(TestMethod.java:59)</div><div> at org.junit.internal.runners.MethodRoadie.runTestMethod(MethodRoadie.java:98)</div><div> at org.junit.internal.runners.MethodRoadie$2.run(MethodRoadie.java:79)</div><div> at org.junit.internal.runners.MethodRoadie.runBeforesThenTestThenAfters(MethodRoadie.java:87)</div><div> at org.junit.internal.runners.MethodRoadie.runTest(MethodRoadie.java:77)</div><div> at org.junit.internal.runners.MethodRoadie.run(MethodRoadie.java:42)</div><div> at org.junit.internal.runners.JUnit4ClassRunner.invokeTestMethod(JUnit4ClassRunner.java:88)</div><div> at org.junit.internal.runners.JUnit4ClassRunner.runMethods(JUnit4ClassRunner.java:51)</div><div> at org.junit.internal.runners.JUnit4ClassRunner$1.run(JUnit4ClassRunner.java:44)</div><div> at org.junit.internal.runners.ClassRoadie.runUnprotected(ClassRoadie.java:27)</div><div> at org.junit.internal.runners.ClassRoadie.runProtected(ClassRoadie.java:37)</div><div> at org.junit.internal.runners.JUnit4ClassRunner.run(JUnit4ClassRunner.java:42)</div><div> at org.eclipse.jdt.internal.junit4.runner.JUnit4TestReference.run(JUnit4TestReference.java:50)</div><div> at org.eclipse.jdt.internal.junit.runner.TestExecution.run(TestExecution.java:38)</div><div> at org.eclipse.jdt.internal.junit.runner.RemoteTestRunner.runTests(RemoteTestRunner.java:467)</div><div> at org.eclipse.jdt.internal.junit.runner.RemoteTestRunner.runTests(RemoteTestRunner.java:683)</div><div> at org.eclipse.jdt.internal.junit.runner.RemoteTestRunner.run(RemoteTestRunner.java:390)</div><div> at org.eclipse.jdt.internal.junit.runner.RemoteTestRunner.main(RemoteTestRunner.java:197)</div> </div>
                  </td>
    </tr>
          <tr>
        <td class="graphItem alignTop" colspan="2"><span class="sortValue">CardProxyTest.testSetNightlyPass</span><a href="CardProxyTest_testSetNightlyPass_12u.html">CardProxyTest.testSetNightlyPass</a></td>
        <td class="graphPercent alignTop" colspan="1" style="whitespace:nowrap;"><span class="sortValue">1365181961442</span>5 Apr 13:12:41</td>
        <td class="graphPercent alignTop" colspan="1">      <span class="sortValue">3</span>
    <span class="testResultFailure">FAIL</span>
  </td>
        <td class="graphPercent alignTop" colspan="1"><span class="sortValue">0.0</span>0</td>
        <td class="graphItemRight alignTop" colspan="6" style="width:50%">
          <span class="sortValue">Not&nbsp;yet&nbsp;implemented</span>
           <span class="expand" id="togglebut6" onclick="toggleNodeExpansion('togglebut6', 'msgc6', 'msge6');return false;">&nbsp;</span>
           <div class="titleText errorMessage" id="msgc6">Not&nbsp;yet&nbsp;implemented</div>
           <div class="titleText errorMessage" id="msge6" style="display:none;"> <div>java.lang.AssertionError: Not yet implemented</div><div> at org.junit.Assert.fail(Assert.java:74)</div><div>	at <a href="../../../../transitdroid/domain/entities/card/CardProxyTest.html?line=46#src-46">transitdroid.domain.entities.card.CardProxyTest.testSetNightlyPass(CardProxyTest.java:46)</a></div><div> at org.junit.internal.runners.TestMethod.invoke(TestMethod.java:59)</div><div> at org.junit.internal.runners.MethodRoadie.runTestMethod(MethodRoadie.java:98)</div><div> at org.junit.internal.runners.MethodRoadie$2.run(MethodRoadie.java:79)</div><div> at org.junit.internal.runners.MethodRoadie.runBeforesThenTestThenAfters(MethodRoadie.java:87)</div><div> at org.junit.internal.runners.MethodRoadie.runTest(MethodRoadie.java:77)</div><div> at org.junit.internal.runners.MethodRoadie.run(MethodRoadie.java:42)</div><div> at org.junit.internal.runners.JUnit4ClassRunner.invokeTestMethod(JUnit4ClassRunner.java:88)</div><div> at org.junit.internal.runners.JUnit4ClassRunner.runMethods(JUnit4ClassRunner.java:51)</div><div> at org.junit.internal.runners.JUnit4ClassRunner$1.run(JUnit4ClassRunner.java:44)</div><div> at org.junit.internal.runners.ClassRoadie.runUnprotected(ClassRoadie.java:27)</div><div> at org.junit.internal.runners.ClassRoadie.runProtected(ClassRoadie.java:37)</div><div> at org.junit.internal.runners.JUnit4ClassRunner.run(JUnit4ClassRunner.java:42)</div><div> at org.eclipse.jdt.internal.junit4.runner.JUnit4TestReference.run(JUnit4TestReference.java:50)</div><div> at org.eclipse.jdt.internal.junit.runner.TestExecution.run(TestExecution.java:38)</div><div> at org.eclipse.jdt.internal.junit.runner.RemoteTestRunner.runTests(RemoteTestRunner.java:467)</div><div> at org.eclipse.jdt.internal.junit.runner.RemoteTestRunner.runTests(RemoteTestRunner.java:683)</div><div> at org.eclipse.jdt.internal.junit.runner.RemoteTestRunner.run(RemoteTestRunner.java:390)</div><div> at org.eclipse.jdt.internal.junit.runner.RemoteTestRunner.main(RemoteTestRunner.java:197)</div> </div>
                  </td>
    </tr>
          <tr>
        <td class="graphItem alignTop" colspan="2"><span class="sortValue">CardProxyTest.testGetYearlyPass</span><a href="CardProxyTest_testGetYearlyPass_fj.html">CardProxyTest.testGetYearlyPass</a></td>
        <td class="graphPercent alignTop" colspan="1" style="whitespace:nowrap;"><span class="sortValue">1365181890794</span>5 Apr 13:11:30</td>
        <td class="graphPercent alignTop" colspan="1">      <span class="sortValue">3</span>
    <span class="testResultFailure">FAIL</span>
  </td>
        <td class="graphPercent alignTop" colspan="1"><span class="sortValue">0.0</span>0</td>
        <td class="graphItemRight alignTop" colspan="6" style="width:50%">
          <span class="sortValue">Not&nbsp;yet&nbsp;implemented</span>
           <span class="expand" id="togglebut7" onclick="toggleNodeExpansion('togglebut7', 'msgc7', 'msge7');return false;">&nbsp;</span>
           <div class="titleText errorMessage" id="msgc7">Not&nbsp;yet&nbsp;implemented</div>
           <div class="titleText errorMessage" id="msge7" style="display:none;"> <div>java.lang.AssertionError: Not yet implemented</div><div> at org.junit.Assert.fail(Assert.java:74)</div><div>	at <a href="../../../../transitdroid/domain/entities/card/CardProxyTest.html?line=101#src-101">transitdroid.domain.entities.card.CardProxyTest.testGetYearlyPass(CardProxyTest.java:101)</a></div><div> at org.junit.internal.runners.TestMethod.invoke(TestMethod.java:59)</div><div> at org.junit.internal.runners.MethodRoadie.runTestMethod(MethodRoadie.java:98)</div><div> at org.junit.internal.runners.MethodRoadie$2.run(MethodRoadie.java:79)</div><div> at org.junit.internal.runners.MethodRoadie.runBeforesThenTestThenAfters(MethodRoadie.java:87)</div><div> at org.junit.internal.runners.MethodRoadie.runTest(MethodRoadie.java:77)</div><div> at org.junit.internal.runners.MethodRoadie.run(MethodRoadie.java:42)</div><div> at org.junit.internal.runners.JUnit4ClassRunner.invokeTestMethod(JUnit4ClassRunner.java:88)</div><div> at org.junit.internal.runners.JUnit4ClassRunner.runMethods(JUnit4ClassRunner.java:51)</div><div> at org.junit.internal.runners.JUnit4ClassRunner$1.run(JUnit4ClassRunner.java:44)</div><div> at org.junit.internal.runners.ClassRoadie.runUnprotected(ClassRoadie.java:27)</div><div> at org.junit.internal.runners.ClassRoadie.runProtected(ClassRoadie.java:37)</div><div> at org.junit.internal.runners.JUnit4ClassRunner.run(JUnit4ClassRunner.java:42)</div><div> at org.eclipse.jdt.internal.junit4.runner.JUnit4TestReference.run(JUnit4TestReference.java:50)</div><div> at org.eclipse.jdt.internal.junit.runner.TestExecution.run(TestExecution.java:38)</div><div> at org.eclipse.jdt.internal.junit.runner.RemoteTestRunner.runTests(RemoteTestRunner.java:467)</div><div> at org.eclipse.jdt.internal.junit.runner.RemoteTestRunner.runTests(RemoteTestRunner.java:683)</div><div> at org.eclipse.jdt.internal.junit.runner.RemoteTestRunner.run(RemoteTestRunner.java:390)</div><div> at org.eclipse.jdt.internal.junit.runner.RemoteTestRunner.main(RemoteTestRunner.java:197)</div> </div>
                  </td>
    </tr>
          <tr>
        <td class="graphItem alignTop" colspan="2"><span class="sortValue">CardProxyTest.testEqualsObject</span><a href="CardProxyTest_testEqualsObject_t7.html">CardProxyTest.testEqualsObject</a></td>
        <td class="graphPercent alignTop" colspan="1" style="whitespace:nowrap;"><span class="sortValue">1365181961408</span>5 Apr 13:12:41</td>
        <td class="graphPercent alignTop" colspan="1">      <span class="sortValue">3</span>
    <span class="testResultFailure">FAIL</span>
  </td>
        <td class="graphPercent alignTop" colspan="1"><span class="sortValue">0.0010</span>0.001</td>
        <td class="graphItemRight alignTop" colspan="6" style="width:50%">
          <span class="sortValue">Not&nbsp;yet&nbsp;implemented</span>
           <span class="expand" id="togglebut8" onclick="toggleNodeExpansion('togglebut8', 'msgc8', 'msge8');return false;">&nbsp;</span>
           <div class="titleText errorMessage" id="msgc8">Not&nbsp;yet&nbsp;implemented</div>
           <div class="titleText errorMessage" id="msge8" style="display:none;"> <div>java.lang.AssertionError: Not yet implemented</div><div> at org.junit.Assert.fail(Assert.java:74)</div><div>	at <a href="../../../../transitdroid/domain/entities/card/CardProxyTest.html?line=31#src-31">transitdroid.domain.entities.card.CardProxyTest.testEqualsObject(CardProxyTest.java:31)</a></div><div> at org.junit.internal.runners.TestMethod.invoke(TestMethod.java:59)</div><div> at org.junit.internal.runners.MethodRoadie.runTestMethod(MethodRoadie.java:98)</div><div> at org.junit.internal.runners.MethodRoadie$2.run(MethodRoadie.java:79)</div><div> at org.junit.internal.runners.MethodRoadie.runBeforesThenTestThenAfters(MethodRoadie.java:87)</div><div> at org.junit.internal.runners.MethodRoadie.runTest(MethodRoadie.java:77)</div><div> at org.junit.internal.runners.MethodRoadie.run(MethodRoadie.java:42)</div><div> at org.junit.internal.runners.JUnit4ClassRunner.invokeTestMethod(JUnit4ClassRunner.java:88)</div><div> at org.junit.internal.runners.JUnit4ClassRunner.runMethods(JUnit4ClassRunner.java:51)</div><div> at org.junit.internal.runners.JUnit4ClassRunner$1.run(JUnit4ClassRunner.java:44)</div><div> at org.junit.internal.runners.ClassRoadie.runUnprotected(ClassRoadie.java:27)</div><div> at org.junit.internal.runners.ClassRoadie.runProtected(ClassRoadie.java:37)</div><div> at org.junit.internal.runners.JUnit4ClassRunner.run(JUnit4ClassRunner.java:42)</div><div> at org.eclipse.jdt.internal.junit4.runner.JUnit4TestReference.run(JUnit4TestReference.java:50)</div><div> at org.eclipse.jdt.internal.junit.runner.TestExecution.run(TestExecution.java:38)</div><div> at org.eclipse.jdt.internal.junit.runner.RemoteTestRunner.runTests(RemoteTestRunner.java:467)</div><div> at org.eclipse.jdt.internal.junit.runner.RemoteTestRunner.runTests(RemoteTestRunner.java:683)</div><div> at org.eclipse.jdt.internal.junit.runner.RemoteTestRunner.run(RemoteTestRunner.java:390)</div><div> at org.eclipse.jdt.internal.junit.runner.RemoteTestRunner.main(RemoteTestRunner.java:197)</div> </div>
                  </td>
    </tr>
          <tr>
        <td class="graphItem alignTop" colspan="2"><span class="sortValue">CardProxyTest.testSetVersion</span><a href="CardProxyTest_testSetVersion_62.html">CardProxyTest.testSetVersion</a></td>
        <td class="graphPercent alignTop" colspan="1" style="whitespace:nowrap;"><span class="sortValue">1365181961400</span>5 Apr 13:12:41</td>
        <td class="graphPercent alignTop" colspan="1">      <span class="sortValue">3</span>
    <span class="testResultFailure">FAIL</span>
  </td>
        <td class="graphPercent alignTop" colspan="1"><span class="sortValue">0.0010</span>0.001</td>
        <td class="graphItemRight alignTop" colspan="6" style="width:50%">
          <span class="sortValue">Not&nbsp;yet&nbsp;implemented</span>
           <span class="expand" id="togglebut9" onclick="toggleNodeExpansion('togglebut9', 'msgc9', 'msge9');return false;">&nbsp;</span>
           <div class="titleText errorMessage" id="msgc9">Not&nbsp;yet&nbsp;implemented</div>
           <div class="titleText errorMessage" id="msge9" style="display:none;"> <div>java.lang.AssertionError: Not yet implemented</div><div> at org.junit.Assert.fail(Assert.java:74)</div><div>	at <a href="../../../../transitdroid/domain/entities/card/CardProxyTest.html?line=36#src-36">transitdroid.domain.entities.card.CardProxyTest.testSetVersion(CardProxyTest.java:36)</a></div><div> at org.junit.internal.runners.TestMethod.invoke(TestMethod.java:59)</div><div> at org.junit.internal.runners.MethodRoadie.runTestMethod(MethodRoadie.java:98)</div><div> at org.junit.internal.runners.MethodRoadie$2.run(MethodRoadie.java:79)</div><div> at org.junit.internal.runners.MethodRoadie.runBeforesThenTestThenAfters(MethodRoadie.java:87)</div><div> at org.junit.internal.runners.MethodRoadie.runTest(MethodRoadie.java:77)</div><div> at org.junit.internal.runners.MethodRoadie.run(MethodRoadie.java:42)</div><div> at org.junit.internal.runners.JUnit4ClassRunner.invokeTestMethod(JUnit4ClassRunner.java:88)</div><div> at org.junit.internal.runners.JUnit4ClassRunner.runMethods(JUnit4ClassRunner.java:51)</div><div> at org.junit.internal.runners.JUnit4ClassRunner$1.run(JUnit4ClassRunner.java:44)</div><div> at org.junit.internal.runners.ClassRoadie.runUnprotected(ClassRoadie.java:27)</div><div> at org.junit.internal.runners.ClassRoadie.runProtected(ClassRoadie.java:37)</div><div> at org.junit.internal.runners.JUnit4ClassRunner.run(JUnit4ClassRunner.java:42)</div><div> at org.eclipse.jdt.internal.junit4.runner.JUnit4TestReference.run(JUnit4TestReference.java:50)</div><div> at org.eclipse.jdt.internal.junit.runner.TestExecution.run(TestExecution.java:38)</div><div> at org.eclipse.jdt.internal.junit.runner.RemoteTestRunner.runTests(RemoteTestRunner.java:467)</div><div> at org.eclipse.jdt.internal.junit.runner.RemoteTestRunner.runTests(RemoteTestRunner.java:683)</div><div> at org.eclipse.jdt.internal.junit.runner.RemoteTestRunner.run(RemoteTestRunner.java:390)</div><div> at org.eclipse.jdt.internal.junit.runner.RemoteTestRunner.main(RemoteTestRunner.java:197)</div> </div>
                  </td>
    </tr>
          <tr>
        <td class="graphItem alignTop" colspan="2"><span class="sortValue">CardProxyTest.testGetPasses</span><a href="CardProxyTest_testGetPasses_165.html">CardProxyTest.testGetPasses</a></td>
        <td class="graphPercent alignTop" colspan="1" style="whitespace:nowrap;"><span class="sortValue">1365181961445</span>5 Apr 13:12:41</td>
        <td class="graphPercent alignTop" colspan="1">      <span class="sortValue">3</span>
    <span class="testResultFailure">FAIL</span>
  </td>
        <td class="graphPercent alignTop" colspan="1"><span class="sortValue">0.0</span>0</td>
        <td class="graphItemRight alignTop" colspan="6" style="width:50%">
          <span class="sortValue">Not&nbsp;yet&nbsp;implemented</span>
           <span class="expand" id="togglebut10" onclick="toggleNodeExpansion('togglebut10', 'msgc10', 'msge10');return false;">&nbsp;</span>
           <div class="titleText errorMessage" id="msgc10">Not&nbsp;yet&nbsp;implemented</div>
           <div class="titleText errorMessage" id="msge10" style="display:none;"> <div>java.lang.AssertionError: Not yet implemented</div><div> at org.junit.Assert.fail(Assert.java:74)</div><div>	at <a href="../../../../transitdroid/domain/entities/card/CardProxyTest.html?line=51#src-51">transitdroid.domain.entities.card.CardProxyTest.testGetPasses(CardProxyTest.java:51)</a></div><div> at org.junit.internal.runners.TestMethod.invoke(TestMethod.java:59)</div><div> at org.junit.internal.runners.MethodRoadie.runTestMethod(MethodRoadie.java:98)</div><div> at org.junit.internal.runners.MethodRoadie$2.run(MethodRoadie.java:79)</div><div> at org.junit.internal.runners.MethodRoadie.runBeforesThenTestThenAfters(MethodRoadie.java:87)</div><div> at org.junit.internal.runners.MethodRoadie.runTest(MethodRoadie.java:77)</div><div> at org.junit.internal.runners.MethodRoadie.run(MethodRoadie.java:42)</div><div> at org.junit.internal.runners.JUnit4ClassRunner.invokeTestMethod(JUnit4ClassRunner.java:88)</div><div> at org.junit.internal.runners.JUnit4ClassRunner.runMethods(JUnit4ClassRunner.java:51)</div><div> at org.junit.internal.runners.JUnit4ClassRunner$1.run(JUnit4ClassRunner.java:44)</div><div> at org.junit.internal.runners.ClassRoadie.runUnprotected(ClassRoadie.java:27)</div><div> at org.junit.internal.runners.ClassRoadie.runProtected(ClassRoadie.java:37)</div><div> at org.junit.internal.runners.JUnit4ClassRunner.run(JUnit4ClassRunner.java:42)</div><div> at org.eclipse.jdt.internal.junit4.runner.JUnit4TestReference.run(JUnit4TestReference.java:50)</div><div> at org.eclipse.jdt.internal.junit.runner.TestExecution.run(TestExecution.java:38)</div><div> at org.eclipse.jdt.internal.junit.runner.RemoteTestRunner.runTests(RemoteTestRunner.java:467)</div><div> at org.eclipse.jdt.internal.junit.runner.RemoteTestRunner.runTests(RemoteTestRunner.java:683)</div><div> at org.eclipse.jdt.internal.junit.runner.RemoteTestRunner.run(RemoteTestRunner.java:390)</div><div> at org.eclipse.jdt.internal.junit.runner.RemoteTestRunner.main(RemoteTestRunner.java:197)</div> </div>
                  </td>
    </tr>
          <tr>
        <td class="graphItem alignTop" colspan="2"><span class="sortValue">CardProxyTest.testSetMonthlyPass</span><a href="CardProxyTest_testSetMonthlyPass_ox.html">CardProxyTest.testSetMonthlyPass</a></td>
        <td class="graphPercent alignTop" colspan="1" style="whitespace:nowrap;"><span class="sortValue">1365181890771</span>5 Apr 13:11:30</td>
        <td class="graphPercent alignTop" colspan="1">      <span class="sortValue">3</span>
    <span class="testResultFailure">FAIL</span>
  </td>
        <td class="graphPercent alignTop" colspan="1"><span class="sortValue">0.0</span>0</td>
        <td class="graphItemRight alignTop" colspan="6" style="width:50%">
          <span class="sortValue">Not&nbsp;yet&nbsp;implemented</span>
           <span class="expand" id="togglebut11" onclick="toggleNodeExpansion('togglebut11', 'msgc11', 'msge11');return false;">&nbsp;</span>
           <div class="titleText errorMessage" id="msgc11">Not&nbsp;yet&nbsp;implemented</div>
           <div class="titleText errorMessage" id="msge11" style="display:none;"> <div>java.lang.AssertionError: Not yet implemented</div><div> at org.junit.Assert.fail(Assert.java:74)</div><div>	at <a href="../../../../transitdroid/domain/entities/card/CardProxyTest.html?line=56#src-56">transitdroid.domain.entities.card.CardProxyTest.testSetMonthlyPass(CardProxyTest.java:56)</a></div><div> at org.junit.internal.runners.TestMethod.invoke(TestMethod.java:59)</div><div> at org.junit.internal.runners.MethodRoadie.runTestMethod(MethodRoadie.java:98)</div><div> at org.junit.internal.runners.MethodRoadie$2.run(MethodRoadie.java:79)</div><div> at org.junit.internal.runners.MethodRoadie.runBeforesThenTestThenAfters(MethodRoadie.java:87)</div><div> at org.junit.internal.runners.MethodRoadie.runTest(MethodRoadie.java:77)</div><div> at org.junit.internal.runners.MethodRoadie.run(MethodRoadie.java:42)</div><div> at org.junit.internal.runners.JUnit4ClassRunner.invokeTestMethod(JUnit4ClassRunner.java:88)</div><div> at org.junit.internal.runners.JUnit4ClassRunner.runMethods(JUnit4ClassRunner.java:51)</div><div> at org.junit.internal.runners.JUnit4ClassRunner$1.run(JUnit4ClassRunner.java:44)</div><div> at org.junit.internal.runners.ClassRoadie.runUnprotected(ClassRoadie.java:27)</div><div> at org.junit.internal.runners.ClassRoadie.runProtected(ClassRoadie.java:37)</div><div> at org.junit.internal.runners.JUnit4ClassRunner.run(JUnit4ClassRunner.java:42)</div><div> at org.eclipse.jdt.internal.junit4.runner.JUnit4TestReference.run(JUnit4TestReference.java:50)</div><div> at org.eclipse.jdt.internal.junit.runner.TestExecution.run(TestExecution.java:38)</div><div> at org.eclipse.jdt.internal.junit.runner.RemoteTestRunner.runTests(RemoteTestRunner.java:467)</div><div> at org.eclipse.jdt.internal.junit.runner.RemoteTestRunner.runTests(RemoteTestRunner.java:683)</div><div> at org.eclipse.jdt.internal.junit.runner.RemoteTestRunner.run(RemoteTestRunner.java:390)</div><div> at org.eclipse.jdt.internal.junit.runner.RemoteTestRunner.main(RemoteTestRunner.java:197)</div> </div>
                  </td>
    </tr>
          <tr>
        <td class="graphItem alignTop" colspan="2"><span class="sortValue">CardProxyTest.testEqualsObject</span><a href="CardProxyTest_testEqualsObject_8b.html">CardProxyTest.testEqualsObject</a></td>
        <td class="graphPercent alignTop" colspan="1" style="whitespace:nowrap;"><span class="sortValue">1365181890755</span>5 Apr 13:11:30</td>
        <td class="graphPercent alignTop" colspan="1">      <span class="sortValue">3</span>
    <span class="testResultFailure">FAIL</span>
  </td>
        <td class="graphPercent alignTop" colspan="1"><span class="sortValue">0.0</span>0</td>
        <td class="graphItemRight alignTop" colspan="6" style="width:50%">
          <span class="sortValue">Not&nbsp;yet&nbsp;implemented</span>
           <span class="expand" id="togglebut12" onclick="toggleNodeExpansion('togglebut12', 'msgc12', 'msge12');return false;">&nbsp;</span>
           <div class="titleText errorMessage" id="msgc12">Not&nbsp;yet&nbsp;implemented</div>
           <div class="titleText errorMessage" id="msge12" style="display:none;"> <div>java.lang.AssertionError: Not yet implemented</div><div> at org.junit.Assert.fail(Assert.java:74)</div><div>	at <a href="../../../../transitdroid/domain/entities/card/CardProxyTest.html?line=31#src-31">transitdroid.domain.entities.card.CardProxyTest.testEqualsObject(CardProxyTest.java:31)</a></div><div> at org.junit.internal.runners.TestMethod.invoke(TestMethod.java:59)</div><div> at org.junit.internal.runners.MethodRoadie.runTestMethod(MethodRoadie.java:98)</div><div> at org.junit.internal.runners.MethodRoadie$2.run(MethodRoadie.java:79)</div><div> at org.junit.internal.runners.MethodRoadie.runBeforesThenTestThenAfters(MethodRoadie.java:87)</div><div> at org.junit.internal.runners.MethodRoadie.runTest(MethodRoadie.java:77)</div><div> at org.junit.internal.runners.MethodRoadie.run(MethodRoadie.java:42)</div><div> at org.junit.internal.runners.JUnit4ClassRunner.invokeTestMethod(JUnit4ClassRunner.java:88)</div><div> at org.junit.internal.runners.JUnit4ClassRunner.runMethods(JUnit4ClassRunner.java:51)</div><div> at org.junit.internal.runners.JUnit4ClassRunner$1.run(JUnit4ClassRunner.java:44)</div><div> at org.junit.internal.runners.ClassRoadie.runUnprotected(ClassRoadie.java:27)</div><div> at org.junit.internal.runners.ClassRoadie.runProtected(ClassRoadie.java:37)</div><div> at org.junit.internal.runners.JUnit4ClassRunner.run(JUnit4ClassRunner.java:42)</div><div> at org.eclipse.jdt.internal.junit4.runner.JUnit4TestReference.run(JUnit4TestReference.java:50)</div><div> at org.eclipse.jdt.internal.junit.runner.TestExecution.run(TestExecution.java:38)</div><div> at org.eclipse.jdt.internal.junit.runner.RemoteTestRunner.runTests(RemoteTestRunner.java:467)</div><div> at org.eclipse.jdt.internal.junit.runner.RemoteTestRunner.runTests(RemoteTestRunner.java:683)</div><div> at org.eclipse.jdt.internal.junit.runner.RemoteTestRunner.run(RemoteTestRunner.java:390)</div><div> at org.eclipse.jdt.internal.junit.runner.RemoteTestRunner.main(RemoteTestRunner.java:197)</div> </div>
                  </td>
    </tr>
          <tr>
        <td class="graphItem alignTop" colspan="2"><span class="sortValue">CardProxyTest.testGetThreeDayPass</span><a href="CardProxyTest_testGetThreeDayPass_14v.html">CardProxyTest.testGetThreeDayPass</a></td>
        <td class="graphPercent alignTop" colspan="1" style="whitespace:nowrap;"><span class="sortValue">1365181961481</span>5 Apr 13:12:41</td>
        <td class="graphPercent alignTop" colspan="1">      <span class="sortValue">3</span>
    <span class="testResultFailure">FAIL</span>
  </td>
        <td class="graphPercent alignTop" colspan="1"><span class="sortValue">0.0</span>0</td>
        <td class="graphItemRight alignTop" colspan="6" style="width:50%">
          <span class="sortValue">Not&nbsp;yet&nbsp;implemented</span>
           <span class="expand" id="togglebut13" onclick="toggleNodeExpansion('togglebut13', 'msgc13', 'msge13');return false;">&nbsp;</span>
           <div class="titleText errorMessage" id="msgc13">Not&nbsp;yet&nbsp;implemented</div>
           <div class="titleText errorMessage" id="msge13" style="display:none;"> <div>java.lang.AssertionError: Not yet implemented</div><div> at org.junit.Assert.fail(Assert.java:74)</div><div>	at <a href="../../../../transitdroid/domain/entities/card/CardProxyTest.html?line=91#src-91">transitdroid.domain.entities.card.CardProxyTest.testGetThreeDayPass(CardProxyTest.java:91)</a></div><div> at org.junit.internal.runners.TestMethod.invoke(TestMethod.java:59)</div><div> at org.junit.internal.runners.MethodRoadie.runTestMethod(MethodRoadie.java:98)</div><div> at org.junit.internal.runners.MethodRoadie$2.run(MethodRoadie.java:79)</div><div> at org.junit.internal.runners.MethodRoadie.runBeforesThenTestThenAfters(MethodRoadie.java:87)</div><div> at org.junit.internal.runners.MethodRoadie.runTest(MethodRoadie.java:77)</div><div> at org.junit.internal.runners.MethodRoadie.run(MethodRoadie.java:42)</div><div> at org.junit.internal.runners.JUnit4ClassRunner.invokeTestMethod(JUnit4ClassRunner.java:88)</div><div> at org.junit.internal.runners.JUnit4ClassRunner.runMethods(JUnit4ClassRunner.java:51)</div><div> at org.junit.internal.runners.JUnit4ClassRunner$1.run(JUnit4ClassRunner.java:44)</div><div> at org.junit.internal.runners.ClassRoadie.runUnprotected(ClassRoadie.java:27)</div><div> at org.junit.internal.runners.ClassRoadie.runProtected(ClassRoadie.java:37)</div><div> at org.junit.internal.runners.JUnit4ClassRunner.run(JUnit4ClassRunner.java:42)</div><div> at org.eclipse.jdt.internal.junit4.runner.JUnit4TestReference.run(JUnit4TestReference.java:50)</div><div> at org.eclipse.jdt.internal.junit.runner.TestExecution.run(TestExecution.java:38)</div><div> at org.eclipse.jdt.internal.junit.runner.RemoteTestRunner.runTests(RemoteTestRunner.java:467)</div><div> at org.eclipse.jdt.internal.junit.runner.RemoteTestRunner.runTests(RemoteTestRunner.java:683)</div><div> at org.eclipse.jdt.internal.junit.runner.RemoteTestRunner.run(RemoteTestRunner.java:390)</div><div> at org.eclipse.jdt.internal.junit.runner.RemoteTestRunner.main(RemoteTestRunner.java:197)</div> </div>
                  </td>
    </tr>
          <tr>
        <td class="graphItem alignTop" colspan="2"><span class="sortValue">CardProxyTest.testSetId</span><a href="CardProxyTest_testSetId_k.html">CardProxyTest.testSetId</a></td>
        <td class="graphPercent alignTop" colspan="1" style="whitespace:nowrap;"><span class="sortValue">1365181961412</span>5 Apr 13:12:41</td>
        <td class="graphPercent alignTop" colspan="1">      <span class="sortValue">3</span>
    <span class="testResultFailure">FAIL</span>
  </td>
        <td class="graphPercent alignTop" colspan="1"><span class="sortValue">0.0</span>0</td>
        <td class="graphItemRight alignTop" colspan="6" style="width:50%">
          <span class="sortValue">Not&nbsp;yet&nbsp;implemented</span>
           <span class="expand" id="togglebut14" onclick="toggleNodeExpansion('togglebut14', 'msgc14', 'msge14');return false;">&nbsp;</span>
           <div class="titleText errorMessage" id="msgc14">Not&nbsp;yet&nbsp;implemented</div>
           <div class="titleText errorMessage" id="msge14" style="display:none;"> <div>java.lang.AssertionError: Not yet implemented</div><div> at org.junit.Assert.fail(Assert.java:74)</div><div>	at <a href="../../../../transitdroid/domain/entities/card/CardProxyTest.html?line=16#src-16">transitdroid.domain.entities.card.CardProxyTest.testSetId(CardProxyTest.java:16)</a></div><div> at org.junit.internal.runners.TestMethod.invoke(TestMethod.java:59)</div><div> at org.junit.internal.runners.MethodRoadie.runTestMethod(MethodRoadie.java:98)</div><div> at org.junit.internal.runners.MethodRoadie$2.run(MethodRoadie.java:79)</div><div> at org.junit.internal.runners.MethodRoadie.runBeforesThenTestThenAfters(MethodRoadie.java:87)</div><div> at org.junit.internal.runners.MethodRoadie.runTest(MethodRoadie.java:77)</div><div> at org.junit.internal.runners.MethodRoadie.run(MethodRoadie.java:42)</div><div> at org.junit.internal.runners.JUnit4ClassRunner.invokeTestMethod(JUnit4ClassRunner.java:88)</div><div> at org.junit.internal.runners.JUnit4ClassRunner.runMethods(JUnit4ClassRunner.java:51)</div><div> at org.junit.internal.runners.JUnit4ClassRunner$1.run(JUnit4ClassRunner.java:44)</div><div> at org.junit.internal.runners.ClassRoadie.runUnprotected(ClassRoadie.java:27)</div><div> at org.junit.internal.runners.ClassRoadie.runProtected(ClassRoadie.java:37)</div><div> at org.junit.internal.runners.JUnit4ClassRunner.run(JUnit4ClassRunner.java:42)</div><div> at org.eclipse.jdt.internal.junit4.runner.JUnit4TestReference.run(JUnit4TestReference.java:50)</div><div> at org.eclipse.jdt.internal.junit.runner.TestExecution.run(TestExecution.java:38)</div><div> at org.eclipse.jdt.internal.junit.runner.RemoteTestRunner.runTests(RemoteTestRunner.java:467)</div><div> at org.eclipse.jdt.internal.junit.runner.RemoteTestRunner.runTests(RemoteTestRunner.java:683)</div><div> at org.eclipse.jdt.internal.junit.runner.RemoteTestRunner.run(RemoteTestRunner.java:390)</div><div> at org.eclipse.jdt.internal.junit.runner.RemoteTestRunner.main(RemoteTestRunner.java:197)</div> </div>
                  </td>
    </tr>
          <tr>
        <td class="graphItem alignTop" colspan="2"><span class="sortValue">CardProxyTest.testGetThreeDayPass</span><a href="CardProxyTest_testGetThreeDayPass_oz.html">CardProxyTest.testGetThreeDayPass</a></td>
        <td class="graphPercent alignTop" colspan="1" style="whitespace:nowrap;"><span class="sortValue">1365181890789</span>5 Apr 13:11:30</td>
        <td class="graphPercent alignTop" colspan="1">      <span class="sortValue">3</span>
    <span class="testResultFailure">FAIL</span>
  </td>
        <td class="graphPercent alignTop" colspan="1"><span class="sortValue">0.0</span>0</td>
        <td class="graphItemRight alignTop" colspan="6" style="width:50%">
          <span class="sortValue">Not&nbsp;yet&nbsp;implemented</span>
           <span class="expand" id="togglebut15" onclick="toggleNodeExpansion('togglebut15', 'msgc15', 'msge15');return false;">&nbsp;</span>
           <div class="titleText errorMessage" id="msgc15">Not&nbsp;yet&nbsp;implemented</div>
           <div class="titleText errorMessage" id="msge15" style="display:none;"> <div>java.lang.AssertionError: Not yet implemented</div><div> at org.junit.Assert.fail(Assert.java:74)</div><div>	at <a href="../../../../transitdroid/domain/entities/card/CardProxyTest.html?line=91#src-91">transitdroid.domain.entities.card.CardProxyTest.testGetThreeDayPass(CardProxyTest.java:91)</a></div><div> at org.junit.internal.runners.TestMethod.invoke(TestMethod.java:59)</div><div> at org.junit.internal.runners.MethodRoadie.runTestMethod(MethodRoadie.java:98)</div><div> at org.junit.internal.runners.MethodRoadie$2.run(MethodRoadie.java:79)</div><div> at org.junit.internal.runners.MethodRoadie.runBeforesThenTestThenAfters(MethodRoadie.java:87)</div><div> at org.junit.internal.runners.MethodRoadie.runTest(MethodRoadie.java:77)</div><div> at org.junit.internal.runners.MethodRoadie.run(MethodRoadie.java:42)</div><div> at org.junit.internal.runners.JUnit4ClassRunner.invokeTestMethod(JUnit4ClassRunner.java:88)</div><div> at org.junit.internal.runners.JUnit4ClassRunner.runMethods(JUnit4ClassRunner.java:51)</div><div> at org.junit.internal.runners.JUnit4ClassRunner$1.run(JUnit4ClassRunner.java:44)</div><div> at org.junit.internal.runners.ClassRoadie.runUnprotected(ClassRoadie.java:27)</div><div> at org.junit.internal.runners.ClassRoadie.runProtected(ClassRoadie.java:37)</div><div> at org.junit.internal.runners.JUnit4ClassRunner.run(JUnit4ClassRunner.java:42)</div><div> at org.eclipse.jdt.internal.junit4.runner.JUnit4TestReference.run(JUnit4TestReference.java:50)</div><div> at org.eclipse.jdt.internal.junit.runner.TestExecution.run(TestExecution.java:38)</div><div> at org.eclipse.jdt.internal.junit.runner.RemoteTestRunner.runTests(RemoteTestRunner.java:467)</div><div> at org.eclipse.jdt.internal.junit.runner.RemoteTestRunner.runTests(RemoteTestRunner.java:683)</div><div> at org.eclipse.jdt.internal.junit.runner.RemoteTestRunner.run(RemoteTestRunner.java:390)</div><div> at org.eclipse.jdt.internal.junit.runner.RemoteTestRunner.main(RemoteTestRunner.java:197)</div> </div>
                  </td>
    </tr>
          <tr>
        <td class="graphItem alignTop" colspan="2"><span class="sortValue">CardProxyTest.testSetThreeDayPass</span><a href="CardProxyTest_testSetThreeDayPass_11v.html">CardProxyTest.testSetThreeDayPass</a></td>
        <td class="graphPercent alignTop" colspan="1" style="whitespace:nowrap;"><span class="sortValue">1365181961484</span>5 Apr 13:12:41</td>
        <td class="graphPercent alignTop" colspan="1">      <span class="sortValue">3</span>
    <span class="testResultFailure">FAIL</span>
  </td>
        <td class="graphPercent alignTop" colspan="1"><span class="sortValue">0.0</span>0</td>
        <td class="graphItemRight alignTop" colspan="6" style="width:50%">
          <span class="sortValue">Not&nbsp;yet&nbsp;implemented</span>
           <span class="expand" id="togglebut16" onclick="toggleNodeExpansion('togglebut16', 'msgc16', 'msge16');return false;">&nbsp;</span>
           <div class="titleText errorMessage" id="msgc16">Not&nbsp;yet&nbsp;implemented</div>
           <div class="titleText errorMessage" id="msge16" style="display:none;"> <div>java.lang.AssertionError: Not yet implemented</div><div> at org.junit.Assert.fail(Assert.java:74)</div><div>	at <a href="../../../../transitdroid/domain/entities/card/CardProxyTest.html?line=96#src-96">transitdroid.domain.entities.card.CardProxyTest.testSetThreeDayPass(CardProxyTest.java:96)</a></div><div> at org.junit.internal.runners.TestMethod.invoke(TestMethod.java:59)</div><div> at org.junit.internal.runners.MethodRoadie.runTestMethod(MethodRoadie.java:98)</div><div> at org.junit.internal.runners.MethodRoadie$2.run(MethodRoadie.java:79)</div><div> at org.junit.internal.runners.MethodRoadie.runBeforesThenTestThenAfters(MethodRoadie.java:87)</div><div> at org.junit.internal.runners.MethodRoadie.runTest(MethodRoadie.java:77)</div><div> at org.junit.internal.runners.MethodRoadie.run(MethodRoadie.java:42)</div><div> at org.junit.internal.runners.JUnit4ClassRunner.invokeTestMethod(JUnit4ClassRunner.java:88)</div><div> at org.junit.internal.runners.JUnit4ClassRunner.runMethods(JUnit4ClassRunner.java:51)</div><div> at org.junit.internal.runners.JUnit4ClassRunner$1.run(JUnit4ClassRunner.java:44)</div><div> at org.junit.internal.runners.ClassRoadie.runUnprotected(ClassRoadie.java:27)</div><div> at org.junit.internal.runners.ClassRoadie.runProtected(ClassRoadie.java:37)</div><div> at org.junit.internal.runners.JUnit4ClassRunner.run(JUnit4ClassRunner.java:42)</div><div> at org.eclipse.jdt.internal.junit4.runner.JUnit4TestReference.run(JUnit4TestReference.java:50)</div><div> at org.eclipse.jdt.internal.junit.runner.TestExecution.run(TestExecution.java:38)</div><div> at org.eclipse.jdt.internal.junit.runner.RemoteTestRunner.runTests(RemoteTestRunner.java:467)</div><div> at org.eclipse.jdt.internal.junit.runner.RemoteTestRunner.runTests(RemoteTestRunner.java:683)</div><div> at org.eclipse.jdt.internal.junit.runner.RemoteTestRunner.run(RemoteTestRunner.java:390)</div><div> at org.eclipse.jdt.internal.junit.runner.RemoteTestRunner.main(RemoteTestRunner.java:197)</div> </div>
                  </td>
    </tr>
          <tr>
        <td class="graphItem alignTop" colspan="2"><span class="sortValue">CardProxyTest.testSetId</span><a href="CardProxyTest_testSetId_k0.html">CardProxyTest.testSetId</a></td>
        <td class="graphPercent alignTop" colspan="1" style="whitespace:nowrap;"><span class="sortValue">1365181890757</span>5 Apr 13:11:30</td>
        <td class="graphPercent alignTop" colspan="1">      <span class="sortValue">3</span>
    <span class="testResultFailure">FAIL</span>
  </td>
        <td class="graphPercent alignTop" colspan="1"><span class="sortValue">0.0010</span>0.001</td>
        <td class="graphItemRight alignTop" colspan="6" style="width:50%">
          <span class="sortValue">Not&nbsp;yet&nbsp;implemented</span>
           <span class="expand" id="togglebut17" onclick="toggleNodeExpansion('togglebut17', 'msgc17', 'msge17');return false;">&nbsp;</span>
           <div class="titleText errorMessage" id="msgc17">Not&nbsp;yet&nbsp;implemented</div>
           <div class="titleText errorMessage" id="msge17" style="display:none;"> <div>java.lang.AssertionError: Not yet implemented</div><div> at org.junit.Assert.fail(Assert.java:74)</div><div>	at <a href="../../../../transitdroid/domain/entities/card/CardProxyTest.html?line=16#src-16">transitdroid.domain.entities.card.CardProxyTest.testSetId(CardProxyTest.java:16)</a></div><div> at org.junit.internal.runners.TestMethod.invoke(TestMethod.java:59)</div><div> at org.junit.internal.runners.MethodRoadie.runTestMethod(MethodRoadie.java:98)</div><div> at org.junit.internal.runners.MethodRoadie$2.run(MethodRoadie.java:79)</div><div> at org.junit.internal.runners.MethodRoadie.runBeforesThenTestThenAfters(MethodRoadie.java:87)</div><div> at org.junit.internal.runners.MethodRoadie.runTest(MethodRoadie.java:77)</div><div> at org.junit.internal.runners.MethodRoadie.run(MethodRoadie.java:42)</div><div> at org.junit.internal.runners.JUnit4ClassRunner.invokeTestMethod(JUnit4ClassRunner.java:88)</div><div> at org.junit.internal.runners.JUnit4ClassRunner.runMethods(JUnit4ClassRunner.java:51)</div><div> at org.junit.internal.runners.JUnit4ClassRunner$1.run(JUnit4ClassRunner.java:44)</div><div> at org.junit.internal.runners.ClassRoadie.runUnprotected(ClassRoadie.java:27)</div><div> at org.junit.internal.runners.ClassRoadie.runProtected(ClassRoadie.java:37)</div><div> at org.junit.internal.runners.JUnit4ClassRunner.run(JUnit4ClassRunner.java:42)</div><div> at org.eclipse.jdt.internal.junit4.runner.JUnit4TestReference.run(JUnit4TestReference.java:50)</div><div> at org.eclipse.jdt.internal.junit.runner.TestExecution.run(TestExecution.java:38)</div><div> at org.eclipse.jdt.internal.junit.runner.RemoteTestRunner.runTests(RemoteTestRunner.java:467)</div><div> at org.eclipse.jdt.internal.junit.runner.RemoteTestRunner.runTests(RemoteTestRunner.java:683)</div><div> at org.eclipse.jdt.internal.junit.runner.RemoteTestRunner.run(RemoteTestRunner.java:390)</div><div> at org.eclipse.jdt.internal.junit.runner.RemoteTestRunner.main(RemoteTestRunner.java:197)</div> </div>
                  </td>
    </tr>
          <tr>
        <td class="graphItem alignTop" colspan="2"><span class="sortValue">CardProxyTest.testGetDailyPass</span><a href="CardProxyTest_testGetDailyPass_o5.html">CardProxyTest.testGetDailyPass</a></td>
        <td class="graphPercent alignTop" colspan="1" style="whitespace:nowrap;"><span class="sortValue">1365181890778</span>5 Apr 13:11:30</td>
        <td class="graphPercent alignTop" colspan="1">      <span class="sortValue">3</span>
    <span class="testResultFailure">FAIL</span>
  </td>
        <td class="graphPercent alignTop" colspan="1"><span class="sortValue">0.0010</span>0.001</td>
        <td class="graphItemRight alignTop" colspan="6" style="width:50%">
          <span class="sortValue">Not&nbsp;yet&nbsp;implemented</span>
           <span class="expand" id="togglebut18" onclick="toggleNodeExpansion('togglebut18', 'msgc18', 'msge18');return false;">&nbsp;</span>
           <div class="titleText errorMessage" id="msgc18">Not&nbsp;yet&nbsp;implemented</div>
           <div class="titleText errorMessage" id="msge18" style="display:none;"> <div>java.lang.AssertionError: Not yet implemented</div><div> at org.junit.Assert.fail(Assert.java:74)</div><div>	at <a href="../../../../transitdroid/domain/entities/card/CardProxyTest.html?line=71#src-71">transitdroid.domain.entities.card.CardProxyTest.testGetDailyPass(CardProxyTest.java:71)</a></div><div> at org.junit.internal.runners.TestMethod.invoke(TestMethod.java:59)</div><div> at org.junit.internal.runners.MethodRoadie.runTestMethod(MethodRoadie.java:98)</div><div> at org.junit.internal.runners.MethodRoadie$2.run(MethodRoadie.java:79)</div><div> at org.junit.internal.runners.MethodRoadie.runBeforesThenTestThenAfters(MethodRoadie.java:87)</div><div> at org.junit.internal.runners.MethodRoadie.runTest(MethodRoadie.java:77)</div><div> at org.junit.internal.runners.MethodRoadie.run(MethodRoadie.java:42)</div><div> at org.junit.internal.runners.JUnit4ClassRunner.invokeTestMethod(JUnit4ClassRunner.java:88)</div><div> at org.junit.internal.runners.JUnit4ClassRunner.runMethods(JUnit4ClassRunner.java:51)</div><div> at org.junit.internal.runners.JUnit4ClassRunner$1.run(JUnit4ClassRunner.java:44)</div><div> at org.junit.internal.runners.ClassRoadie.runUnprotected(ClassRoadie.java:27)</div><div> at org.junit.internal.runners.ClassRoadie.runProtected(ClassRoadie.java:37)</div><div> at org.junit.internal.runners.JUnit4ClassRunner.run(JUnit4ClassRunner.java:42)</div><div> at org.eclipse.jdt.internal.junit4.runner.JUnit4TestReference.run(JUnit4TestReference.java:50)</div><div> at org.eclipse.jdt.internal.junit.runner.TestExecution.run(TestExecution.java:38)</div><div> at org.eclipse.jdt.internal.junit.runner.RemoteTestRunner.runTests(RemoteTestRunner.java:467)</div><div> at org.eclipse.jdt.internal.junit.runner.RemoteTestRunner.runTests(RemoteTestRunner.java:683)</div><div> at org.eclipse.jdt.internal.junit.runner.RemoteTestRunner.run(RemoteTestRunner.java:390)</div><div> at org.eclipse.jdt.internal.junit.runner.RemoteTestRunner.main(RemoteTestRunner.java:197)</div> </div>
                  </td>
    </tr>
          <tr>
        <td class="graphItem alignTop" colspan="2"><span class="sortValue">CardProxyTest.testGetMonthlyPass</span><a href="CardProxyTest_testGetMonthlyPass_x3.html">CardProxyTest.testGetMonthlyPass</a></td>
        <td class="graphPercent alignTop" colspan="1" style="whitespace:nowrap;"><span class="sortValue">1365181961461</span>5 Apr 13:12:41</td>
        <td class="graphPercent alignTop" colspan="1">      <span class="sortValue">3</span>
    <span class="testResultFailure">FAIL</span>
  </td>
        <td class="graphPercent alignTop" colspan="1"><span class="sortValue">0.0</span>0</td>
        <td class="graphItemRight alignTop" colspan="6" style="width:50%">
          <span class="sortValue">Not&nbsp;yet&nbsp;implemented</span>
           <span class="expand" id="togglebut19" onclick="toggleNodeExpansion('togglebut19', 'msgc19', 'msge19');return false;">&nbsp;</span>
           <div class="titleText errorMessage" id="msgc19">Not&nbsp;yet&nbsp;implemented</div>
           <div class="titleText errorMessage" id="msge19" style="display:none;"> <div>java.lang.AssertionError: Not yet implemented</div><div> at org.junit.Assert.fail(Assert.java:74)</div><div>	at <a href="../../../../transitdroid/domain/entities/card/CardProxyTest.html?line=61#src-61">transitdroid.domain.entities.card.CardProxyTest.testGetMonthlyPass(CardProxyTest.java:61)</a></div><div> at org.junit.internal.runners.TestMethod.invoke(TestMethod.java:59)</div><div> at org.junit.internal.runners.MethodRoadie.runTestMethod(MethodRoadie.java:98)</div><div> at org.junit.internal.runners.MethodRoadie$2.run(MethodRoadie.java:79)</div><div> at org.junit.internal.runners.MethodRoadie.runBeforesThenTestThenAfters(MethodRoadie.java:87)</div><div> at org.junit.internal.runners.MethodRoadie.runTest(MethodRoadie.java:77)</div><div> at org.junit.internal.runners.MethodRoadie.run(MethodRoadie.java:42)</div><div> at org.junit.internal.runners.JUnit4ClassRunner.invokeTestMethod(JUnit4ClassRunner.java:88)</div><div> at org.junit.internal.runners.JUnit4ClassRunner.runMethods(JUnit4ClassRunner.java:51)</div><div> at org.junit.internal.runners.JUnit4ClassRunner$1.run(JUnit4ClassRunner.java:44)</div><div> at org.junit.internal.runners.ClassRoadie.runUnprotected(ClassRoadie.java:27)</div><div> at org.junit.internal.runners.ClassRoadie.runProtected(ClassRoadie.java:37)</div><div> at org.junit.internal.runners.JUnit4ClassRunner.run(JUnit4ClassRunner.java:42)</div><div> at org.eclipse.jdt.internal.junit4.runner.JUnit4TestReference.run(JUnit4TestReference.java:50)</div><div> at org.eclipse.jdt.internal.junit.runner.TestExecution.run(TestExecution.java:38)</div><div> at org.eclipse.jdt.internal.junit.runner.RemoteTestRunner.runTests(RemoteTestRunner.java:467)</div><div> at org.eclipse.jdt.internal.junit.runner.RemoteTestRunner.runTests(RemoteTestRunner.java:683)</div><div> at org.eclipse.jdt.internal.junit.runner.RemoteTestRunner.run(RemoteTestRunner.java:390)</div><div> at org.eclipse.jdt.internal.junit.runner.RemoteTestRunner.main(RemoteTestRunner.java:197)</div> </div>
                  </td>
    </tr>
          <tr>
        <td class="graphItem alignTop" colspan="2"><span class="sortValue">CardProxyTest.testSetNightlyPass</span><a href="CardProxyTest_testSetNightlyPass_a9.html">CardProxyTest.testSetNightlyPass</a></td>
        <td class="graphPercent alignTop" colspan="1" style="whitespace:nowrap;"><span class="sortValue">1365181890766</span>5 Apr 13:11:30</td>
        <td class="graphPercent alignTop" colspan="1">      <span class="sortValue">3</span>
    <span class="testResultFailure">FAIL</span>
  </td>
        <td class="graphPercent alignTop" colspan="1"><span class="sortValue">0.0</span>0</td>
        <td class="graphItemRight alignTop" colspan="6" style="width:50%">
          <span class="sortValue">Not&nbsp;yet&nbsp;implemented</span>
           <span class="expand" id="togglebut20" onclick="toggleNodeExpansion('togglebut20', 'msgc20', 'msge20');return false;">&nbsp;</span>
           <div class="titleText errorMessage" id="msgc20">Not&nbsp;yet&nbsp;implemented</div>
           <div class="titleText errorMessage" id="msge20" style="display:none;"> <div>java.lang.AssertionError: Not yet implemented</div><div> at org.junit.Assert.fail(Assert.java:74)</div><div>	at <a href="../../../../transitdroid/domain/entities/card/CardProxyTest.html?line=46#src-46">transitdroid.domain.entities.card.CardProxyTest.testSetNightlyPass(CardProxyTest.java:46)</a></div><div> at org.junit.internal.runners.TestMethod.invoke(TestMethod.java:59)</div><div> at org.junit.internal.runners.MethodRoadie.runTestMethod(MethodRoadie.java:98)</div><div> at org.junit.internal.runners.MethodRoadie$2.run(MethodRoadie.java:79)</div><div> at org.junit.internal.runners.MethodRoadie.runBeforesThenTestThenAfters(MethodRoadie.java:87)</div><div> at org.junit.internal.runners.MethodRoadie.runTest(MethodRoadie.java:77)</div><div> at org.junit.internal.runners.MethodRoadie.run(MethodRoadie.java:42)</div><div> at org.junit.internal.runners.JUnit4ClassRunner.invokeTestMethod(JUnit4ClassRunner.java:88)</div><div> at org.junit.internal.runners.JUnit4ClassRunner.runMethods(JUnit4ClassRunner.java:51)</div><div> at org.junit.internal.runners.JUnit4ClassRunner$1.run(JUnit4ClassRunner.java:44)</div><div> at org.junit.internal.runners.ClassRoadie.runUnprotected(ClassRoadie.java:27)</div><div> at org.junit.internal.runners.ClassRoadie.runProtected(ClassRoadie.java:37)</div><div> at org.junit.internal.runners.JUnit4ClassRunner.run(JUnit4ClassRunner.java:42)</div><div> at org.eclipse.jdt.internal.junit4.runner.JUnit4TestReference.run(JUnit4TestReference.java:50)</div><div> at org.eclipse.jdt.internal.junit.runner.TestExecution.run(TestExecution.java:38)</div><div> at org.eclipse.jdt.internal.junit.runner.RemoteTestRunner.runTests(RemoteTestRunner.java:467)</div><div> at org.eclipse.jdt.internal.junit.runner.RemoteTestRunner.runTests(RemoteTestRunner.java:683)</div><div> at org.eclipse.jdt.internal.junit.runner.RemoteTestRunner.run(RemoteTestRunner.java:390)</div><div> at org.eclipse.jdt.internal.junit.runner.RemoteTestRunner.main(RemoteTestRunner.java:197)</div> </div>
                  </td>
    </tr>
          <tr>
        <td class="graphItem alignTop" colspan="2"><span class="sortValue">CardProxyTest.testSetSinglePass</span><a href="CardProxyTest_testSetSinglePass_ql.html">CardProxyTest.testSetSinglePass</a></td>
        <td class="graphPercent alignTop" colspan="1" style="whitespace:nowrap;"><span class="sortValue">1365181890786</span>5 Apr 13:11:30</td>
        <td class="graphPercent alignTop" colspan="1">      <span class="sortValue">3</span>
    <span class="testResultFailure">FAIL</span>
  </td>
        <td class="graphPercent alignTop" colspan="1"><span class="sortValue">0.0010</span>0.001</td>
        <td class="graphItemRight alignTop" colspan="6" style="width:50%">
          <span class="sortValue">Not&nbsp;yet&nbsp;implemented</span>
           <span class="expand" id="togglebut21" onclick="toggleNodeExpansion('togglebut21', 'msgc21', 'msge21');return false;">&nbsp;</span>
           <div class="titleText errorMessage" id="msgc21">Not&nbsp;yet&nbsp;implemented</div>
           <div class="titleText errorMessage" id="msge21" style="display:none;"> <div>java.lang.AssertionError: Not yet implemented</div><div> at org.junit.Assert.fail(Assert.java:74)</div><div>	at <a href="../../../../transitdroid/domain/entities/card/CardProxyTest.html?line=86#src-86">transitdroid.domain.entities.card.CardProxyTest.testSetSinglePass(CardProxyTest.java:86)</a></div><div> at org.junit.internal.runners.TestMethod.invoke(TestMethod.java:59)</div><div> at org.junit.internal.runners.MethodRoadie.runTestMethod(MethodRoadie.java:98)</div><div> at org.junit.internal.runners.MethodRoadie$2.run(MethodRoadie.java:79)</div><div> at org.junit.internal.runners.MethodRoadie.runBeforesThenTestThenAfters(MethodRoadie.java:87)</div><div> at org.junit.internal.runners.MethodRoadie.runTest(MethodRoadie.java:77)</div><div> at org.junit.internal.runners.MethodRoadie.run(MethodRoadie.java:42)</div><div> at org.junit.internal.runners.JUnit4ClassRunner.invokeTestMethod(JUnit4ClassRunner.java:88)</div><div> at org.junit.internal.runners.JUnit4ClassRunner.runMethods(JUnit4ClassRunner.java:51)</div><div> at org.junit.internal.runners.JUnit4ClassRunner$1.run(JUnit4ClassRunner.java:44)</div><div> at org.junit.internal.runners.ClassRoadie.runUnprotected(ClassRoadie.java:27)</div><div> at org.junit.internal.runners.ClassRoadie.runProtected(ClassRoadie.java:37)</div><div> at org.junit.internal.runners.JUnit4ClassRunner.run(JUnit4ClassRunner.java:42)</div><div> at org.eclipse.jdt.internal.junit4.runner.JUnit4TestReference.run(JUnit4TestReference.java:50)</div><div> at org.eclipse.jdt.internal.junit.runner.TestExecution.run(TestExecution.java:38)</div><div> at org.eclipse.jdt.internal.junit.runner.RemoteTestRunner.runTests(RemoteTestRunner.java:467)</div><div> at org.eclipse.jdt.internal.junit.runner.RemoteTestRunner.runTests(RemoteTestRunner.java:683)</div><div> at org.eclipse.jdt.internal.junit.runner.RemoteTestRunner.run(RemoteTestRunner.java:390)</div><div> at org.eclipse.jdt.internal.junit.runner.RemoteTestRunner.main(RemoteTestRunner.java:197)</div> </div>
                  </td>
    </tr>
          <tr>
        <td class="graphItem alignTop" colspan="2"><span class="sortValue">CardProxyTest.testGetNightlyPass</span><a href="CardProxyTest_testGetNightlyPass_vc.html">CardProxyTest.testGetNightlyPass</a></td>
        <td class="graphPercent alignTop" colspan="1" style="whitespace:nowrap;"><span class="sortValue">1365181961419</span>5 Apr 13:12:41</td>
        <td class="graphPercent alignTop" colspan="1">      <span class="sortValue">3</span>
    <span class="testResultFailure">FAIL</span>
  </td>
        <td class="graphPercent alignTop" colspan="1"><span class="sortValue">0.0</span>0</td>
        <td class="graphItemRight alignTop" colspan="6" style="width:50%">
          <span class="sortValue">Not&nbsp;yet&nbsp;implemented</span>
           <span class="expand" id="togglebut22" onclick="toggleNodeExpansion('togglebut22', 'msgc22', 'msge22');return false;">&nbsp;</span>
           <div class="titleText errorMessage" id="msgc22">Not&nbsp;yet&nbsp;implemented</div>
           <div class="titleText errorMessage" id="msge22" style="display:none;"> <div>java.lang.AssertionError: Not yet implemented</div><div> at org.junit.Assert.fail(Assert.java:74)</div><div>	at <a href="../../../../transitdroid/domain/entities/card/CardProxyTest.html?line=41#src-41">transitdroid.domain.entities.card.CardProxyTest.testGetNightlyPass(CardProxyTest.java:41)</a></div><div> at org.junit.internal.runners.TestMethod.invoke(TestMethod.java:59)</div><div> at org.junit.internal.runners.MethodRoadie.runTestMethod(MethodRoadie.java:98)</div><div> at org.junit.internal.runners.MethodRoadie$2.run(MethodRoadie.java:79)</div><div> at org.junit.internal.runners.MethodRoadie.runBeforesThenTestThenAfters(MethodRoadie.java:87)</div><div> at org.junit.internal.runners.MethodRoadie.runTest(MethodRoadie.java:77)</div><div> at org.junit.internal.runners.MethodRoadie.run(MethodRoadie.java:42)</div><div> at org.junit.internal.runners.JUnit4ClassRunner.invokeTestMethod(JUnit4ClassRunner.java:88)</div><div> at org.junit.internal.runners.JUnit4ClassRunner.runMethods(JUnit4ClassRunner.java:51)</div><div> at org.junit.internal.runners.JUnit4ClassRunner$1.run(JUnit4ClassRunner.java:44)</div><div> at org.junit.internal.runners.ClassRoadie.runUnprotected(ClassRoadie.java:27)</div><div> at org.junit.internal.runners.ClassRoadie.runProtected(ClassRoadie.java:37)</div><div> at org.junit.internal.runners.JUnit4ClassRunner.run(JUnit4ClassRunner.java:42)</div><div> at org.eclipse.jdt.internal.junit4.runner.JUnit4TestReference.run(JUnit4TestReference.java:50)</div><div> at org.eclipse.jdt.internal.junit.runner.TestExecution.run(TestExecution.java:38)</div><div> at org.eclipse.jdt.internal.junit.runner.RemoteTestRunner.runTests(RemoteTestRunner.java:467)</div><div> at org.eclipse.jdt.internal.junit.runner.RemoteTestRunner.runTests(RemoteTestRunner.java:683)</div><div> at org.eclipse.jdt.internal.junit.runner.RemoteTestRunner.run(RemoteTestRunner.java:390)</div><div> at org.eclipse.jdt.internal.junit.runner.RemoteTestRunner.main(RemoteTestRunner.java:197)</div> </div>
                  </td>
    </tr>
          <tr>
        <td class="graphItem alignTop" colspan="2"><span class="sortValue">CardProxyTest.testHashCode</span><a href="CardProxyTest_testHashCode_wk.html">CardProxyTest.testHashCode</a></td>
        <td class="graphPercent alignTop" colspan="1" style="whitespace:nowrap;"><span class="sortValue">1365181890752</span>5 Apr 13:11:30</td>
        <td class="graphPercent alignTop" colspan="1">      <span class="sortValue">3</span>
    <span class="testResultFailure">FAIL</span>
  </td>
        <td class="graphPercent alignTop" colspan="1"><span class="sortValue">0.0010</span>0.001</td>
        <td class="graphItemRight alignTop" colspan="6" style="width:50%">
          <span class="sortValue">Not&nbsp;yet&nbsp;implemented</span>
           <span class="expand" id="togglebut23" onclick="toggleNodeExpansion('togglebut23', 'msgc23', 'msge23');return false;">&nbsp;</span>
           <div class="titleText errorMessage" id="msgc23">Not&nbsp;yet&nbsp;implemented</div>
           <div class="titleText errorMessage" id="msge23" style="display:none;"> <div>java.lang.AssertionError: Not yet implemented</div><div> at org.junit.Assert.fail(Assert.java:74)</div><div>	at <a href="../../../../transitdroid/domain/entities/card/CardProxyTest.html?line=11#src-11">transitdroid.domain.entities.card.CardProxyTest.testHashCode(CardProxyTest.java:11)</a></div><div> at org.junit.internal.runners.TestMethod.invoke(TestMethod.java:59)</div><div> at org.junit.internal.runners.MethodRoadie.runTestMethod(MethodRoadie.java:98)</div><div> at org.junit.internal.runners.MethodRoadie$2.run(MethodRoadie.java:79)</div><div> at org.junit.internal.runners.MethodRoadie.runBeforesThenTestThenAfters(MethodRoadie.java:87)</div><div> at org.junit.internal.runners.MethodRoadie.runTest(MethodRoadie.java:77)</div><div> at org.junit.internal.runners.MethodRoadie.run(MethodRoadie.java:42)</div><div> at org.junit.internal.runners.JUnit4ClassRunner.invokeTestMethod(JUnit4ClassRunner.java:88)</div><div> at org.junit.internal.runners.JUnit4ClassRunner.runMethods(JUnit4ClassRunner.java:51)</div><div> at org.junit.internal.runners.JUnit4ClassRunner$1.run(JUnit4ClassRunner.java:44)</div><div> at org.junit.internal.runners.ClassRoadie.runUnprotected(ClassRoadie.java:27)</div><div> at org.junit.internal.runners.ClassRoadie.runProtected(ClassRoadie.java:37)</div><div> at org.junit.internal.runners.JUnit4ClassRunner.run(JUnit4ClassRunner.java:42)</div><div> at org.eclipse.jdt.internal.junit4.runner.JUnit4TestReference.run(JUnit4TestReference.java:50)</div><div> at org.eclipse.jdt.internal.junit.runner.TestExecution.run(TestExecution.java:38)</div><div> at org.eclipse.jdt.internal.junit.runner.RemoteTestRunner.runTests(RemoteTestRunner.java:467)</div><div> at org.eclipse.jdt.internal.junit.runner.RemoteTestRunner.runTests(RemoteTestRunner.java:683)</div><div> at org.eclipse.jdt.internal.junit.runner.RemoteTestRunner.run(RemoteTestRunner.java:390)</div><div> at org.eclipse.jdt.internal.junit.runner.RemoteTestRunner.main(RemoteTestRunner.java:197)</div> </div>
                  </td>
    </tr>
          <tr>
        <td class="graphItem alignTop" colspan="2"><span class="sortValue">CardProxyTest.testSetMonthlyPass</span><a href="CardProxyTest_testSetMonthlyPass_go.html">CardProxyTest.testSetMonthlyPass</a></td>
        <td class="graphPercent alignTop" colspan="1" style="whitespace:nowrap;"><span class="sortValue">1365181961458</span>5 Apr 13:12:41</td>
        <td class="graphPercent alignTop" colspan="1">      <span class="sortValue">3</span>
    <span class="testResultFailure">FAIL</span>
  </td>
        <td class="graphPercent alignTop" colspan="1"><span class="sortValue">0.0</span>0</td>
        <td class="graphItemRight alignTop" colspan="6" style="width:50%">
          <span class="sortValue">Not&nbsp;yet&nbsp;implemented</span>
           <span class="expand" id="togglebut24" onclick="toggleNodeExpansion('togglebut24', 'msgc24', 'msge24');return false;">&nbsp;</span>
           <div class="titleText errorMessage" id="msgc24">Not&nbsp;yet&nbsp;implemented</div>
           <div class="titleText errorMessage" id="msge24" style="display:none;"> <div>java.lang.AssertionError: Not yet implemented</div><div> at org.junit.Assert.fail(Assert.java:74)</div><div>	at <a href="../../../../transitdroid/domain/entities/card/CardProxyTest.html?line=56#src-56">transitdroid.domain.entities.card.CardProxyTest.testSetMonthlyPass(CardProxyTest.java:56)</a></div><div> at org.junit.internal.runners.TestMethod.invoke(TestMethod.java:59)</div><div> at org.junit.internal.runners.MethodRoadie.runTestMethod(MethodRoadie.java:98)</div><div> at org.junit.internal.runners.MethodRoadie$2.run(MethodRoadie.java:79)</div><div> at org.junit.internal.runners.MethodRoadie.runBeforesThenTestThenAfters(MethodRoadie.java:87)</div><div> at org.junit.internal.runners.MethodRoadie.runTest(MethodRoadie.java:77)</div><div> at org.junit.internal.runners.MethodRoadie.run(MethodRoadie.java:42)</div><div> at org.junit.internal.runners.JUnit4ClassRunner.invokeTestMethod(JUnit4ClassRunner.java:88)</div><div> at org.junit.internal.runners.JUnit4ClassRunner.runMethods(JUnit4ClassRunner.java:51)</div><div> at org.junit.internal.runners.JUnit4ClassRunner$1.run(JUnit4ClassRunner.java:44)</div><div> at org.junit.internal.runners.ClassRoadie.runUnprotected(ClassRoadie.java:27)</div><div> at org.junit.internal.runners.ClassRoadie.runProtected(ClassRoadie.java:37)</div><div> at org.junit.internal.runners.JUnit4ClassRunner.run(JUnit4ClassRunner.java:42)</div><div> at org.eclipse.jdt.internal.junit4.runner.JUnit4TestReference.run(JUnit4TestReference.java:50)</div><div> at org.eclipse.jdt.internal.junit.runner.TestExecution.run(TestExecution.java:38)</div><div> at org.eclipse.jdt.internal.junit.runner.RemoteTestRunner.runTests(RemoteTestRunner.java:467)</div><div> at org.eclipse.jdt.internal.junit.runner.RemoteTestRunner.runTests(RemoteTestRunner.java:683)</div><div> at org.eclipse.jdt.internal.junit.runner.RemoteTestRunner.run(RemoteTestRunner.java:390)</div><div> at org.eclipse.jdt.internal.junit.runner.RemoteTestRunner.main(RemoteTestRunner.java:197)</div> </div>
                  </td>
    </tr>
          <tr>
        <td class="graphItem alignTop" colspan="2"><span class="sortValue">CardProxyTest.testToString</span><a href="CardProxyTest_testToString_54.html">CardProxyTest.testToString</a></td>
        <td class="graphPercent alignTop" colspan="1" style="whitespace:nowrap;"><span class="sortValue">1365181890750</span>5 Apr 13:11:30</td>
        <td class="graphPercent alignTop" colspan="1">      <span class="sortValue">3</span>
    <span class="testResultFailure">FAIL</span>
  </td>
        <td class="graphPercent alignTop" colspan="1"><span class="sortValue">0.0</span>0</td>
        <td class="graphItemRight alignTop" colspan="6" style="width:50%">
          <span class="sortValue">Not&nbsp;yet&nbsp;implemented</span>
           <span class="expand" id="togglebut25" onclick="toggleNodeExpansion('togglebut25', 'msgc25', 'msge25');return false;">&nbsp;</span>
           <div class="titleText errorMessage" id="msgc25">Not&nbsp;yet&nbsp;implemented</div>
           <div class="titleText errorMessage" id="msge25" style="display:none;"> <div>java.lang.AssertionError: Not yet implemented</div><div> at org.junit.Assert.fail(Assert.java:74)</div><div>	at <a href="../../../../transitdroid/domain/entities/card/CardProxyTest.html?line=111#src-111">transitdroid.domain.entities.card.CardProxyTest.testToString(CardProxyTest.java:111)</a></div><div> at org.junit.internal.runners.TestMethod.invoke(TestMethod.java:59)</div><div> at org.junit.internal.runners.MethodRoadie.runTestMethod(MethodRoadie.java:98)</div><div> at org.junit.internal.runners.MethodRoadie$2.run(MethodRoadie.java:79)</div><div> at org.junit.internal.runners.MethodRoadie.runBeforesThenTestThenAfters(MethodRoadie.java:87)</div><div> at org.junit.internal.runners.MethodRoadie.runTest(MethodRoadie.java:77)</div><div> at org.junit.internal.runners.MethodRoadie.run(MethodRoadie.java:42)</div><div> at org.junit.internal.runners.JUnit4ClassRunner.invokeTestMethod(JUnit4ClassRunner.java:88)</div><div> at org.junit.internal.runners.JUnit4ClassRunner.runMethods(JUnit4ClassRunner.java:51)</div><div> at org.junit.internal.runners.JUnit4ClassRunner$1.run(JUnit4ClassRunner.java:44)</div><div> at org.junit.internal.runners.ClassRoadie.runUnprotected(ClassRoadie.java:27)</div><div> at org.junit.internal.runners.ClassRoadie.runProtected(ClassRoadie.java:37)</div><div> at org.junit.internal.runners.JUnit4ClassRunner.run(JUnit4ClassRunner.java:42)</div><div> at org.eclipse.jdt.internal.junit4.runner.JUnit4TestReference.run(JUnit4TestReference.java:50)</div><div> at org.eclipse.jdt.internal.junit.runner.TestExecution.run(TestExecution.java:38)</div><div> at org.eclipse.jdt.internal.junit.runner.RemoteTestRunner.runTests(RemoteTestRunner.java:467)</div><div> at org.eclipse.jdt.internal.junit.runner.RemoteTestRunner.runTests(RemoteTestRunner.java:683)</div><div> at org.eclipse.jdt.internal.junit.runner.RemoteTestRunner.run(RemoteTestRunner.java:390)</div><div> at org.eclipse.jdt.internal.junit.runner.RemoteTestRunner.main(RemoteTestRunner.java:197)</div> </div>
                  </td>
    </tr>
          <tr>
        <td class="graphItem alignTop" colspan="2"><span class="sortValue">CardProxyTest.testGetDailyPass</span><a href="CardProxyTest_testGetDailyPass_ky.html">CardProxyTest.testGetDailyPass</a></td>
        <td class="graphPercent alignTop" colspan="1" style="whitespace:nowrap;"><span class="sortValue">1365181961466</span>5 Apr 13:12:41</td>
        <td class="graphPercent alignTop" colspan="1">      <span class="sortValue">3</span>
    <span class="testResultFailure">FAIL</span>
  </td>
        <td class="graphPercent alignTop" colspan="1"><span class="sortValue">0.0030</span>0.003</td>
        <td class="graphItemRight alignTop" colspan="6" style="width:50%">
          <span class="sortValue">Not&nbsp;yet&nbsp;implemented</span>
           <span class="expand" id="togglebut26" onclick="toggleNodeExpansion('togglebut26', 'msgc26', 'msge26');return false;">&nbsp;</span>
           <div class="titleText errorMessage" id="msgc26">Not&nbsp;yet&nbsp;implemented</div>
           <div class="titleText errorMessage" id="msge26" style="display:none;"> <div>java.lang.AssertionError: Not yet implemented</div><div> at org.junit.Assert.fail(Assert.java:74)</div><div>	at <a href="../../../../transitdroid/domain/entities/card/CardProxyTest.html?line=71#src-71">transitdroid.domain.entities.card.CardProxyTest.testGetDailyPass(CardProxyTest.java:71)</a></div><div> at org.junit.internal.runners.TestMethod.invoke(TestMethod.java:59)</div><div> at org.junit.internal.runners.MethodRoadie.runTestMethod(MethodRoadie.java:98)</div><div> at org.junit.internal.runners.MethodRoadie$2.run(MethodRoadie.java:79)</div><div> at org.junit.internal.runners.MethodRoadie.runBeforesThenTestThenAfters(MethodRoadie.java:87)</div><div> at org.junit.internal.runners.MethodRoadie.runTest(MethodRoadie.java:77)</div><div> at org.junit.internal.runners.MethodRoadie.run(MethodRoadie.java:42)</div><div> at org.junit.internal.runners.JUnit4ClassRunner.invokeTestMethod(JUnit4ClassRunner.java:88)</div><div> at org.junit.internal.runners.JUnit4ClassRunner.runMethods(JUnit4ClassRunner.java:51)</div><div> at org.junit.internal.runners.JUnit4ClassRunner$1.run(JUnit4ClassRunner.java:44)</div><div> at org.junit.internal.runners.ClassRoadie.runUnprotected(ClassRoadie.java:27)</div><div> at org.junit.internal.runners.ClassRoadie.runProtected(ClassRoadie.java:37)</div><div> at org.junit.internal.runners.JUnit4ClassRunner.run(JUnit4ClassRunner.java:42)</div><div> at org.eclipse.jdt.internal.junit4.runner.JUnit4TestReference.run(JUnit4TestReference.java:50)</div><div> at org.eclipse.jdt.internal.junit.runner.TestExecution.run(TestExecution.java:38)</div><div> at org.eclipse.jdt.internal.junit.runner.RemoteTestRunner.runTests(RemoteTestRunner.java:467)</div><div> at org.eclipse.jdt.internal.junit.runner.RemoteTestRunner.runTests(RemoteTestRunner.java:683)</div><div> at org.eclipse.jdt.internal.junit.runner.RemoteTestRunner.run(RemoteTestRunner.java:390)</div><div> at org.eclipse.jdt.internal.junit.runner.RemoteTestRunner.main(RemoteTestRunner.java:197)</div> </div>
                  </td>
    </tr>
          <tr>
        <td class="graphItem alignTop" colspan="2"><span class="sortValue">CardProxyTest.testGetVersion</span><a href="CardProxyTest_testGetVersion_16e.html">CardProxyTest.testGetVersion</a></td>
        <td class="graphPercent alignTop" colspan="1" style="whitespace:nowrap;"><span class="sortValue">1365181961398</span>5 Apr 13:12:41</td>
        <td class="graphPercent alignTop" colspan="1">      <span class="sortValue">3</span>
    <span class="testResultFailure">FAIL</span>
  </td>
        <td class="graphPercent alignTop" colspan="1"><span class="sortValue">0.0</span>0</td>
        <td class="graphItemRight alignTop" colspan="6" style="width:50%">
          <span class="sortValue">Not&nbsp;yet&nbsp;implemented</span>
           <span class="expand" id="togglebut27" onclick="toggleNodeExpansion('togglebut27', 'msgc27', 'msge27');return false;">&nbsp;</span>
           <div class="titleText errorMessage" id="msgc27">Not&nbsp;yet&nbsp;implemented</div>
           <div class="titleText errorMessage" id="msge27" style="display:none;"> <div>java.lang.AssertionError: Not yet implemented</div><div> at org.junit.Assert.fail(Assert.java:74)</div><div>	at <a href="../../../../transitdroid/domain/entities/card/CardProxyTest.html?line=26#src-26">transitdroid.domain.entities.card.CardProxyTest.testGetVersion(CardProxyTest.java:26)</a></div><div> at org.junit.internal.runners.TestMethod.invoke(TestMethod.java:59)</div><div> at org.junit.internal.runners.MethodRoadie.runTestMethod(MethodRoadie.java:98)</div><div> at org.junit.internal.runners.MethodRoadie$2.run(MethodRoadie.java:79)</div><div> at org.junit.internal.runners.MethodRoadie.runBeforesThenTestThenAfters(MethodRoadie.java:87)</div><div> at org.junit.internal.runners.MethodRoadie.runTest(MethodRoadie.java:77)</div><div> at org.junit.internal.runners.MethodRoadie.run(MethodRoadie.java:42)</div><div> at org.junit.internal.runners.JUnit4ClassRunner.invokeTestMethod(JUnit4ClassRunner.java:88)</div><div> at org.junit.internal.runners.JUnit4ClassRunner.runMethods(JUnit4ClassRunner.java:51)</div><div> at org.junit.internal.runners.JUnit4ClassRunner$1.run(JUnit4ClassRunner.java:44)</div><div> at org.junit.internal.runners.ClassRoadie.runUnprotected(ClassRoadie.java:27)</div><div> at org.junit.internal.runners.ClassRoadie.runProtected(ClassRoadie.java:37)</div><div> at org.junit.internal.runners.JUnit4ClassRunner.run(JUnit4ClassRunner.java:42)</div><div> at org.eclipse.jdt.internal.junit4.runner.JUnit4TestReference.run(JUnit4TestReference.java:50)</div><div> at org.eclipse.jdt.internal.junit.runner.TestExecution.run(TestExecution.java:38)</div><div> at org.eclipse.jdt.internal.junit.runner.RemoteTestRunner.runTests(RemoteTestRunner.java:467)</div><div> at org.eclipse.jdt.internal.junit.runner.RemoteTestRunner.runTests(RemoteTestRunner.java:683)</div><div> at org.eclipse.jdt.internal.junit.runner.RemoteTestRunner.run(RemoteTestRunner.java:390)</div><div> at org.eclipse.jdt.internal.junit.runner.RemoteTestRunner.main(RemoteTestRunner.java:197)</div> </div>
                  </td>
    </tr>
          <tr>
        <td class="graphItem alignTop" colspan="2"><span class="sortValue">CardProxyTest.testSetVersion</span><a href="CardProxyTest_testSetVersion_ce.html">CardProxyTest.testSetVersion</a></td>
        <td class="graphPercent alignTop" colspan="1" style="whitespace:nowrap;"><span class="sortValue">1365181890747</span>5 Apr 13:11:30</td>
        <td class="graphPercent alignTop" colspan="1">      <span class="sortValue">3</span>
    <span class="testResultFailure">FAIL</span>
  </td>
        <td class="graphPercent alignTop" colspan="1"><span class="sortValue">0.0010</span>0.001</td>
        <td class="graphItemRight alignTop" colspan="6" style="width:50%">
          <span class="sortValue">Not&nbsp;yet&nbsp;implemented</span>
           <span class="expand" id="togglebut28" onclick="toggleNodeExpansion('togglebut28', 'msgc28', 'msge28');return false;">&nbsp;</span>
           <div class="titleText errorMessage" id="msgc28">Not&nbsp;yet&nbsp;implemented</div>
           <div class="titleText errorMessage" id="msge28" style="display:none;"> <div>java.lang.AssertionError: Not yet implemented</div><div> at org.junit.Assert.fail(Assert.java:74)</div><div>	at <a href="../../../../transitdroid/domain/entities/card/CardProxyTest.html?line=36#src-36">transitdroid.domain.entities.card.CardProxyTest.testSetVersion(CardProxyTest.java:36)</a></div><div> at org.junit.internal.runners.TestMethod.invoke(TestMethod.java:59)</div><div> at org.junit.internal.runners.MethodRoadie.runTestMethod(MethodRoadie.java:98)</div><div> at org.junit.internal.runners.MethodRoadie$2.run(MethodRoadie.java:79)</div><div> at org.junit.internal.runners.MethodRoadie.runBeforesThenTestThenAfters(MethodRoadie.java:87)</div><div> at org.junit.internal.runners.MethodRoadie.runTest(MethodRoadie.java:77)</div><div> at org.junit.internal.runners.MethodRoadie.run(MethodRoadie.java:42)</div><div> at org.junit.internal.runners.JUnit4ClassRunner.invokeTestMethod(JUnit4ClassRunner.java:88)</div><div> at org.junit.internal.runners.JUnit4ClassRunner.runMethods(JUnit4ClassRunner.java:51)</div><div> at org.junit.internal.runners.JUnit4ClassRunner$1.run(JUnit4ClassRunner.java:44)</div><div> at org.junit.internal.runners.ClassRoadie.runUnprotected(ClassRoadie.java:27)</div><div> at org.junit.internal.runners.ClassRoadie.runProtected(ClassRoadie.java:37)</div><div> at org.junit.internal.runners.JUnit4ClassRunner.run(JUnit4ClassRunner.java:42)</div><div> at org.eclipse.jdt.internal.junit4.runner.JUnit4TestReference.run(JUnit4TestReference.java:50)</div><div> at org.eclipse.jdt.internal.junit.runner.TestExecution.run(TestExecution.java:38)</div><div> at org.eclipse.jdt.internal.junit.runner.RemoteTestRunner.runTests(RemoteTestRunner.java:467)</div><div> at org.eclipse.jdt.internal.junit.runner.RemoteTestRunner.runTests(RemoteTestRunner.java:683)</div><div> at org.eclipse.jdt.internal.junit.runner.RemoteTestRunner.run(RemoteTestRunner.java:390)</div><div> at org.eclipse.jdt.internal.junit.runner.RemoteTestRunner.main(RemoteTestRunner.java:197)</div> </div>
                  </td>
    </tr>
          <tr>
        <td class="graphItem alignTop" colspan="2"><span class="sortValue">CardProxyTest.testGetNightlyPass</span><a href="CardProxyTest_testGetNightlyPass_bc.html">CardProxyTest.testGetNightlyPass</a></td>
        <td class="graphPercent alignTop" colspan="1" style="whitespace:nowrap;"><span class="sortValue">1365181890763</span>5 Apr 13:11:30</td>
        <td class="graphPercent alignTop" colspan="1">      <span class="sortValue">3</span>
    <span class="testResultFailure">FAIL</span>
  </td>
        <td class="graphPercent alignTop" colspan="1"><span class="sortValue">0.0</span>0</td>
        <td class="graphItemRight alignTop" colspan="6" style="width:50%">
          <span class="sortValue">Not&nbsp;yet&nbsp;implemented</span>
           <span class="expand" id="togglebut29" onclick="toggleNodeExpansion('togglebut29', 'msgc29', 'msge29');return false;">&nbsp;</span>
           <div class="titleText errorMessage" id="msgc29">Not&nbsp;yet&nbsp;implemented</div>
           <div class="titleText errorMessage" id="msge29" style="display:none;"> <div>java.lang.AssertionError: Not yet implemented</div><div> at org.junit.Assert.fail(Assert.java:74)</div><div>	at <a href="../../../../transitdroid/domain/entities/card/CardProxyTest.html?line=41#src-41">transitdroid.domain.entities.card.CardProxyTest.testGetNightlyPass(CardProxyTest.java:41)</a></div><div> at org.junit.internal.runners.TestMethod.invoke(TestMethod.java:59)</div><div> at org.junit.internal.runners.MethodRoadie.runTestMethod(MethodRoadie.java:98)</div><div> at org.junit.internal.runners.MethodRoadie$2.run(MethodRoadie.java:79)</div><div> at org.junit.internal.runners.MethodRoadie.runBeforesThenTestThenAfters(MethodRoadie.java:87)</div><div> at org.junit.internal.runners.MethodRoadie.runTest(MethodRoadie.java:77)</div><div> at org.junit.internal.runners.MethodRoadie.run(MethodRoadie.java:42)</div><div> at org.junit.internal.runners.JUnit4ClassRunner.invokeTestMethod(JUnit4ClassRunner.java:88)</div><div> at org.junit.internal.runners.JUnit4ClassRunner.runMethods(JUnit4ClassRunner.java:51)</div><div> at org.junit.internal.runners.JUnit4ClassRunner$1.run(JUnit4ClassRunner.java:44)</div><div> at org.junit.internal.runners.ClassRoadie.runUnprotected(ClassRoadie.java:27)</div><div> at org.junit.internal.runners.ClassRoadie.runProtected(ClassRoadie.java:37)</div><div> at org.junit.internal.runners.JUnit4ClassRunner.run(JUnit4ClassRunner.java:42)</div><div> at org.eclipse.jdt.internal.junit4.runner.JUnit4TestReference.run(JUnit4TestReference.java:50)</div><div> at org.eclipse.jdt.internal.junit.runner.TestExecution.run(TestExecution.java:38)</div><div> at org.eclipse.jdt.internal.junit.runner.RemoteTestRunner.runTests(RemoteTestRunner.java:467)</div><div> at org.eclipse.jdt.internal.junit.runner.RemoteTestRunner.runTests(RemoteTestRunner.java:683)</div><div> at org.eclipse.jdt.internal.junit.runner.RemoteTestRunner.run(RemoteTestRunner.java:390)</div><div> at org.eclipse.jdt.internal.junit.runner.RemoteTestRunner.main(RemoteTestRunner.java:197)</div> </div>
                  </td>
    </tr>
          <tr>
        <td class="graphItem alignTop" colspan="2"><span class="sortValue">CardProxyTest.testSetYearlyPass</span><a href="CardProxyTest_testSetYearlyPass_th.html">CardProxyTest.testSetYearlyPass</a></td>
        <td class="graphPercent alignTop" colspan="1" style="whitespace:nowrap;"><span class="sortValue">1365181961490</span>5 Apr 13:12:41</td>
        <td class="graphPercent alignTop" colspan="1">      <span class="sortValue">3</span>
    <span class="testResultFailure">FAIL</span>
  </td>
        <td class="graphPercent alignTop" colspan="1"><span class="sortValue">0.0</span>0</td>
        <td class="graphItemRight alignTop" colspan="6" style="width:50%">
          <span class="sortValue">Not&nbsp;yet&nbsp;implemented</span>
           <span class="expand" id="togglebut30" onclick="toggleNodeExpansion('togglebut30', 'msgc30', 'msge30');return false;">&nbsp;</span>
           <div class="titleText errorMessage" id="msgc30">Not&nbsp;yet&nbsp;implemented</div>
           <div class="titleText errorMessage" id="msge30" style="display:none;"> <div>java.lang.AssertionError: Not yet implemented</div><div> at org.junit.Assert.fail(Assert.java:74)</div><div>	at <a href="../../../../transitdroid/domain/entities/card/CardProxyTest.html?line=106#src-106">transitdroid.domain.entities.card.CardProxyTest.testSetYearlyPass(CardProxyTest.java:106)</a></div><div> at org.junit.internal.runners.TestMethod.invoke(TestMethod.java:59)</div><div> at org.junit.internal.runners.MethodRoadie.runTestMethod(MethodRoadie.java:98)</div><div> at org.junit.internal.runners.MethodRoadie$2.run(MethodRoadie.java:79)</div><div> at org.junit.internal.runners.MethodRoadie.runBeforesThenTestThenAfters(MethodRoadie.java:87)</div><div> at org.junit.internal.runners.MethodRoadie.runTest(MethodRoadie.java:77)</div><div> at org.junit.internal.runners.MethodRoadie.run(MethodRoadie.java:42)</div><div> at org.junit.internal.runners.JUnit4ClassRunner.invokeTestMethod(JUnit4ClassRunner.java:88)</div><div> at org.junit.internal.runners.JUnit4ClassRunner.runMethods(JUnit4ClassRunner.java:51)</div><div> at org.junit.internal.runners.JUnit4ClassRunner$1.run(JUnit4ClassRunner.java:44)</div><div> at org.junit.internal.runners.ClassRoadie.runUnprotected(ClassRoadie.java:27)</div><div> at org.junit.internal.runners.ClassRoadie.runProtected(ClassRoadie.java:37)</div><div> at org.junit.internal.runners.JUnit4ClassRunner.run(JUnit4ClassRunner.java:42)</div><div> at org.eclipse.jdt.internal.junit4.runner.JUnit4TestReference.run(JUnit4TestReference.java:50)</div><div> at org.eclipse.jdt.internal.junit.runner.TestExecution.run(TestExecution.java:38)</div><div> at org.eclipse.jdt.internal.junit.runner.RemoteTestRunner.runTests(RemoteTestRunner.java:467)</div><div> at org.eclipse.jdt.internal.junit.runner.RemoteTestRunner.runTests(RemoteTestRunner.java:683)</div><div> at org.eclipse.jdt.internal.junit.runner.RemoteTestRunner.run(RemoteTestRunner.java:390)</div><div> at org.eclipse.jdt.internal.junit.runner.RemoteTestRunner.main(RemoteTestRunner.java:197)</div> </div>
                  </td>
    </tr>
          <tr>
        <td class="graphItem alignTop" colspan="2"><span class="sortValue">CardProxyTest.testHashCode</span><a href="CardProxyTest_testHashCode_ia.html">CardProxyTest.testHashCode</a></td>
        <td class="graphPercent alignTop" colspan="1" style="whitespace:nowrap;"><span class="sortValue">1365181961406</span>5 Apr 13:12:41</td>
        <td class="graphPercent alignTop" colspan="1">      <span class="sortValue">3</span>
    <span class="testResultFailure">FAIL</span>
  </td>
        <td class="graphPercent alignTop" colspan="1"><span class="sortValue">0.0</span>0</td>
        <td class="graphItemRight alignTop" colspan="6" style="width:50%">
          <span class="sortValue">Not&nbsp;yet&nbsp;implemented</span>
           <span class="expand" id="togglebut31" onclick="toggleNodeExpansion('togglebut31', 'msgc31', 'msge31');return false;">&nbsp;</span>
           <div class="titleText errorMessage" id="msgc31">Not&nbsp;yet&nbsp;implemented</div>
           <div class="titleText errorMessage" id="msge31" style="display:none;"> <div>java.lang.AssertionError: Not yet implemented</div><div> at org.junit.Assert.fail(Assert.java:74)</div><div>	at <a href="../../../../transitdroid/domain/entities/card/CardProxyTest.html?line=11#src-11">transitdroid.domain.entities.card.CardProxyTest.testHashCode(CardProxyTest.java:11)</a></div><div> at org.junit.internal.runners.TestMethod.invoke(TestMethod.java:59)</div><div> at org.junit.internal.runners.MethodRoadie.runTestMethod(MethodRoadie.java:98)</div><div> at org.junit.internal.runners.MethodRoadie$2.run(MethodRoadie.java:79)</div><div> at org.junit.internal.runners.MethodRoadie.runBeforesThenTestThenAfters(MethodRoadie.java:87)</div><div> at org.junit.internal.runners.MethodRoadie.runTest(MethodRoadie.java:77)</div><div> at org.junit.internal.runners.MethodRoadie.run(MethodRoadie.java:42)</div><div> at org.junit.internal.runners.JUnit4ClassRunner.invokeTestMethod(JUnit4ClassRunner.java:88)</div><div> at org.junit.internal.runners.JUnit4ClassRunner.runMethods(JUnit4ClassRunner.java:51)</div><div> at org.junit.internal.runners.JUnit4ClassRunner$1.run(JUnit4ClassRunner.java:44)</div><div> at org.junit.internal.runners.ClassRoadie.runUnprotected(ClassRoadie.java:27)</div><div> at org.junit.internal.runners.ClassRoadie.runProtected(ClassRoadie.java:37)</div><div> at org.junit.internal.runners.JUnit4ClassRunner.run(JUnit4ClassRunner.java:42)</div><div> at org.eclipse.jdt.internal.junit4.runner.JUnit4TestReference.run(JUnit4TestReference.java:50)</div><div> at org.eclipse.jdt.internal.junit.runner.TestExecution.run(TestExecution.java:38)</div><div> at org.eclipse.jdt.internal.junit.runner.RemoteTestRunner.runTests(RemoteTestRunner.java:467)</div><div> at org.eclipse.jdt.internal.junit.runner.RemoteTestRunner.runTests(RemoteTestRunner.java:683)</div><div> at org.eclipse.jdt.internal.junit.runner.RemoteTestRunner.run(RemoteTestRunner.java:390)</div><div> at org.eclipse.jdt.internal.junit.runner.RemoteTestRunner.main(RemoteTestRunner.java:197)</div> </div>
                  </td>
    </tr>
          <tr>
        <td class="graphItem alignTop" colspan="2"><span class="sortValue">CardProxyTest.testGetPasses</span><a href="CardProxyTest_testGetPasses_dr.html">CardProxyTest.testGetPasses</a></td>
        <td class="graphPercent alignTop" colspan="1" style="whitespace:nowrap;"><span class="sortValue">1365181890768</span>5 Apr 13:11:30</td>
        <td class="graphPercent alignTop" colspan="1">      <span class="sortValue">3</span>
    <span class="testResultFailure">FAIL</span>
  </td>
        <td class="graphPercent alignTop" colspan="1"><span class="sortValue">0.0</span>0</td>
        <td class="graphItemRight alignTop" colspan="6" style="width:50%">
          <span class="sortValue">Not&nbsp;yet&nbsp;implemented</span>
           <span class="expand" id="togglebut32" onclick="toggleNodeExpansion('togglebut32', 'msgc32', 'msge32');return false;">&nbsp;</span>
           <div class="titleText errorMessage" id="msgc32">Not&nbsp;yet&nbsp;implemented</div>
           <div class="titleText errorMessage" id="msge32" style="display:none;"> <div>java.lang.AssertionError: Not yet implemented</div><div> at org.junit.Assert.fail(Assert.java:74)</div><div>	at <a href="../../../../transitdroid/domain/entities/card/CardProxyTest.html?line=51#src-51">transitdroid.domain.entities.card.CardProxyTest.testGetPasses(CardProxyTest.java:51)</a></div><div> at org.junit.internal.runners.TestMethod.invoke(TestMethod.java:59)</div><div> at org.junit.internal.runners.MethodRoadie.runTestMethod(MethodRoadie.java:98)</div><div> at org.junit.internal.runners.MethodRoadie$2.run(MethodRoadie.java:79)</div><div> at org.junit.internal.runners.MethodRoadie.runBeforesThenTestThenAfters(MethodRoadie.java:87)</div><div> at org.junit.internal.runners.MethodRoadie.runTest(MethodRoadie.java:77)</div><div> at org.junit.internal.runners.MethodRoadie.run(MethodRoadie.java:42)</div><div> at org.junit.internal.runners.JUnit4ClassRunner.invokeTestMethod(JUnit4ClassRunner.java:88)</div><div> at org.junit.internal.runners.JUnit4ClassRunner.runMethods(JUnit4ClassRunner.java:51)</div><div> at org.junit.internal.runners.JUnit4ClassRunner$1.run(JUnit4ClassRunner.java:44)</div><div> at org.junit.internal.runners.ClassRoadie.runUnprotected(ClassRoadie.java:27)</div><div> at org.junit.internal.runners.ClassRoadie.runProtected(ClassRoadie.java:37)</div><div> at org.junit.internal.runners.JUnit4ClassRunner.run(JUnit4ClassRunner.java:42)</div><div> at org.eclipse.jdt.internal.junit4.runner.JUnit4TestReference.run(JUnit4TestReference.java:50)</div><div> at org.eclipse.jdt.internal.junit.runner.TestExecution.run(TestExecution.java:38)</div><div> at org.eclipse.jdt.internal.junit.runner.RemoteTestRunner.runTests(RemoteTestRunner.java:467)</div><div> at org.eclipse.jdt.internal.junit.runner.RemoteTestRunner.runTests(RemoteTestRunner.java:683)</div><div> at org.eclipse.jdt.internal.junit.runner.RemoteTestRunner.run(RemoteTestRunner.java:390)</div><div> at org.eclipse.jdt.internal.junit.runner.RemoteTestRunner.main(RemoteTestRunner.java:197)</div> </div>
                  </td>
    </tr>
          <tr>
        <td class="graphItem alignTop" colspan="2"><span class="sortValue">CardProxyTest.testGetVersion</span><a href="CardProxyTest_testGetVersion_tj.html">CardProxyTest.testGetVersion</a></td>
        <td class="graphPercent alignTop" colspan="1" style="whitespace:nowrap;"><span class="sortValue">1365181890744</span>5 Apr 13:11:30</td>
        <td class="graphPercent alignTop" colspan="1">      <span class="sortValue">3</span>
    <span class="testResultFailure">FAIL</span>
  </td>
        <td class="graphPercent alignTop" colspan="1"><span class="sortValue">0.0010</span>0.001</td>
        <td class="graphItemRight alignTop" colspan="6" style="width:50%">
          <span class="sortValue">Not&nbsp;yet&nbsp;implemented</span>
           <span class="expand" id="togglebut33" onclick="toggleNodeExpansion('togglebut33', 'msgc33', 'msge33');return false;">&nbsp;</span>
           <div class="titleText errorMessage" id="msgc33">Not&nbsp;yet&nbsp;implemented</div>
           <div class="titleText errorMessage" id="msge33" style="display:none;"> <div>java.lang.AssertionError: Not yet implemented</div><div> at org.junit.Assert.fail(Assert.java:74)</div><div>	at <a href="../../../../transitdroid/domain/entities/card/CardProxyTest.html?line=26#src-26">transitdroid.domain.entities.card.CardProxyTest.testGetVersion(CardProxyTest.java:26)</a></div><div> at org.junit.internal.runners.TestMethod.invoke(TestMethod.java:59)</div><div> at org.junit.internal.runners.MethodRoadie.runTestMethod(MethodRoadie.java:98)</div><div> at org.junit.internal.runners.MethodRoadie$2.run(MethodRoadie.java:79)</div><div> at org.junit.internal.runners.MethodRoadie.runBeforesThenTestThenAfters(MethodRoadie.java:87)</div><div> at org.junit.internal.runners.MethodRoadie.runTest(MethodRoadie.java:77)</div><div> at org.junit.internal.runners.MethodRoadie.run(MethodRoadie.java:42)</div><div> at org.junit.internal.runners.JUnit4ClassRunner.invokeTestMethod(JUnit4ClassRunner.java:88)</div><div> at org.junit.internal.runners.JUnit4ClassRunner.runMethods(JUnit4ClassRunner.java:51)</div><div> at org.junit.internal.runners.JUnit4ClassRunner$1.run(JUnit4ClassRunner.java:44)</div><div> at org.junit.internal.runners.ClassRoadie.runUnprotected(ClassRoadie.java:27)</div><div> at org.junit.internal.runners.ClassRoadie.runProtected(ClassRoadie.java:37)</div><div> at org.junit.internal.runners.JUnit4ClassRunner.run(JUnit4ClassRunner.java:42)</div><div> at org.eclipse.jdt.internal.junit4.runner.JUnit4TestReference.run(JUnit4TestReference.java:50)</div><div> at org.eclipse.jdt.internal.junit.runner.TestExecution.run(TestExecution.java:38)</div><div> at org.eclipse.jdt.internal.junit.runner.RemoteTestRunner.runTests(RemoteTestRunner.java:467)</div><div> at org.eclipse.jdt.internal.junit.runner.RemoteTestRunner.runTests(RemoteTestRunner.java:683)</div><div> at org.eclipse.jdt.internal.junit.runner.RemoteTestRunner.run(RemoteTestRunner.java:390)</div><div> at org.eclipse.jdt.internal.junit.runner.RemoteTestRunner.main(RemoteTestRunner.java:197)</div> </div>
                  </td>
    </tr>
          <tr>
        <td class="graphItem alignTop" colspan="2"><span class="sortValue">CardProxyTest.testSetSinglePass</span><a href="CardProxyTest_testSetSinglePass_l4.html">CardProxyTest.testSetSinglePass</a></td>
        <td class="graphPercent alignTop" colspan="1" style="whitespace:nowrap;"><span class="sortValue">1365181961478</span>5 Apr 13:12:41</td>
        <td class="graphPercent alignTop" colspan="1">      <span class="sortValue">3</span>
    <span class="testResultFailure">FAIL</span>
  </td>
        <td class="graphPercent alignTop" colspan="1"><span class="sortValue">0.0</span>0</td>
        <td class="graphItemRight alignTop" colspan="6" style="width:50%">
          <span class="sortValue">Not&nbsp;yet&nbsp;implemented</span>
           <span class="expand" id="togglebut34" onclick="toggleNodeExpansion('togglebut34', 'msgc34', 'msge34');return false;">&nbsp;</span>
           <div class="titleText errorMessage" id="msgc34">Not&nbsp;yet&nbsp;implemented</div>
           <div class="titleText errorMessage" id="msge34" style="display:none;"> <div>java.lang.AssertionError: Not yet implemented</div><div> at org.junit.Assert.fail(Assert.java:74)</div><div>	at <a href="../../../../transitdroid/domain/entities/card/CardProxyTest.html?line=86#src-86">transitdroid.domain.entities.card.CardProxyTest.testSetSinglePass(CardProxyTest.java:86)</a></div><div> at org.junit.internal.runners.TestMethod.invoke(TestMethod.java:59)</div><div> at org.junit.internal.runners.MethodRoadie.runTestMethod(MethodRoadie.java:98)</div><div> at org.junit.internal.runners.MethodRoadie$2.run(MethodRoadie.java:79)</div><div> at org.junit.internal.runners.MethodRoadie.runBeforesThenTestThenAfters(MethodRoadie.java:87)</div><div> at org.junit.internal.runners.MethodRoadie.runTest(MethodRoadie.java:77)</div><div> at org.junit.internal.runners.MethodRoadie.run(MethodRoadie.java:42)</div><div> at org.junit.internal.runners.JUnit4ClassRunner.invokeTestMethod(JUnit4ClassRunner.java:88)</div><div> at org.junit.internal.runners.JUnit4ClassRunner.runMethods(JUnit4ClassRunner.java:51)</div><div> at org.junit.internal.runners.JUnit4ClassRunner$1.run(JUnit4ClassRunner.java:44)</div><div> at org.junit.internal.runners.ClassRoadie.runUnprotected(ClassRoadie.java:27)</div><div> at org.junit.internal.runners.ClassRoadie.runProtected(ClassRoadie.java:37)</div><div> at org.junit.internal.runners.JUnit4ClassRunner.run(JUnit4ClassRunner.java:42)</div><div> at org.eclipse.jdt.internal.junit4.runner.JUnit4TestReference.run(JUnit4TestReference.java:50)</div><div> at org.eclipse.jdt.internal.junit.runner.TestExecution.run(TestExecution.java:38)</div><div> at org.eclipse.jdt.internal.junit.runner.RemoteTestRunner.runTests(RemoteTestRunner.java:467)</div><div> at org.eclipse.jdt.internal.junit.runner.RemoteTestRunner.runTests(RemoteTestRunner.java:683)</div><div> at org.eclipse.jdt.internal.junit.runner.RemoteTestRunner.run(RemoteTestRunner.java:390)</div><div> at org.eclipse.jdt.internal.junit.runner.RemoteTestRunner.main(RemoteTestRunner.java:197)</div> </div>
                  </td>
    </tr>
          <tr>
        <td class="graphItem alignTop" colspan="2"><span class="sortValue">CardProxyTest.testGetYearlyPass</span><a href="CardProxyTest_testGetYearlyPass_lq.html">CardProxyTest.testGetYearlyPass</a></td>
        <td class="graphPercent alignTop" colspan="1" style="whitespace:nowrap;"><span class="sortValue">1365181961486</span>5 Apr 13:12:41</td>
        <td class="graphPercent alignTop" colspan="1">      <span class="sortValue">3</span>
    <span class="testResultFailure">FAIL</span>
  </td>
        <td class="graphPercent alignTop" colspan="1"><span class="sortValue">0.0010</span>0.001</td>
        <td class="graphItemRight alignTop" colspan="6" style="width:50%">
          <span class="sortValue">Not&nbsp;yet&nbsp;implemented</span>
           <span class="expand" id="togglebut35" onclick="toggleNodeExpansion('togglebut35', 'msgc35', 'msge35');return false;">&nbsp;</span>
           <div class="titleText errorMessage" id="msgc35">Not&nbsp;yet&nbsp;implemented</div>
           <div class="titleText errorMessage" id="msge35" style="display:none;"> <div>java.lang.AssertionError: Not yet implemented</div><div> at org.junit.Assert.fail(Assert.java:74)</div><div>	at <a href="../../../../transitdroid/domain/entities/card/CardProxyTest.html?line=101#src-101">transitdroid.domain.entities.card.CardProxyTest.testGetYearlyPass(CardProxyTest.java:101)</a></div><div> at org.junit.internal.runners.TestMethod.invoke(TestMethod.java:59)</div><div> at org.junit.internal.runners.MethodRoadie.runTestMethod(MethodRoadie.java:98)</div><div> at org.junit.internal.runners.MethodRoadie$2.run(MethodRoadie.java:79)</div><div> at org.junit.internal.runners.MethodRoadie.runBeforesThenTestThenAfters(MethodRoadie.java:87)</div><div> at org.junit.internal.runners.MethodRoadie.runTest(MethodRoadie.java:77)</div><div> at org.junit.internal.runners.MethodRoadie.run(MethodRoadie.java:42)</div><div> at org.junit.internal.runners.JUnit4ClassRunner.invokeTestMethod(JUnit4ClassRunner.java:88)</div><div> at org.junit.internal.runners.JUnit4ClassRunner.runMethods(JUnit4ClassRunner.java:51)</div><div> at org.junit.internal.runners.JUnit4ClassRunner$1.run(JUnit4ClassRunner.java:44)</div><div> at org.junit.internal.runners.ClassRoadie.runUnprotected(ClassRoadie.java:27)</div><div> at org.junit.internal.runners.ClassRoadie.runProtected(ClassRoadie.java:37)</div><div> at org.junit.internal.runners.JUnit4ClassRunner.run(JUnit4ClassRunner.java:42)</div><div> at org.eclipse.jdt.internal.junit4.runner.JUnit4TestReference.run(JUnit4TestReference.java:50)</div><div> at org.eclipse.jdt.internal.junit.runner.TestExecution.run(TestExecution.java:38)</div><div> at org.eclipse.jdt.internal.junit.runner.RemoteTestRunner.runTests(RemoteTestRunner.java:467)</div><div> at org.eclipse.jdt.internal.junit.runner.RemoteTestRunner.runTests(RemoteTestRunner.java:683)</div><div> at org.eclipse.jdt.internal.junit.runner.RemoteTestRunner.run(RemoteTestRunner.java:390)</div><div> at org.eclipse.jdt.internal.junit.runner.RemoteTestRunner.main(RemoteTestRunner.java:197)</div> </div>
                  </td>
    </tr>
          <tr>
        <td class="graphItem alignTop" colspan="2"><span class="sortValue">CardProxyTest.testCardProxy</span><a href="CardProxyTest_testCardProxy_50.html">CardProxyTest.testCardProxy</a></td>
        <td class="graphPercent alignTop" colspan="1" style="whitespace:nowrap;"><span class="sortValue">1365181890761</span>5 Apr 13:11:30</td>
        <td class="graphPercent alignTop" colspan="1">      <span class="sortValue">3</span>
    <span class="testResultFailure">FAIL</span>
  </td>
        <td class="graphPercent alignTop" colspan="1"><span class="sortValue">0.0</span>0</td>
        <td class="graphItemRight alignTop" colspan="6" style="width:50%">
          <span class="sortValue">Not&nbsp;yet&nbsp;implemented</span>
           <span class="expand" id="togglebut36" onclick="toggleNodeExpansion('togglebut36', 'msgc36', 'msge36');return false;">&nbsp;</span>
           <div class="titleText errorMessage" id="msgc36">Not&nbsp;yet&nbsp;implemented</div>
           <div class="titleText errorMessage" id="msge36" style="display:none;"> <div>java.lang.AssertionError: Not yet implemented</div><div> at org.junit.Assert.fail(Assert.java:74)</div><div>	at <a href="../../../../transitdroid/domain/entities/card/CardProxyTest.html?line=21#src-21">transitdroid.domain.entities.card.CardProxyTest.testCardProxy(CardProxyTest.java:21)</a></div><div> at org.junit.internal.runners.TestMethod.invoke(TestMethod.java:59)</div><div> at org.junit.internal.runners.MethodRoadie.runTestMethod(MethodRoadie.java:98)</div><div> at org.junit.internal.runners.MethodRoadie$2.run(MethodRoadie.java:79)</div><div> at org.junit.internal.runners.MethodRoadie.runBeforesThenTestThenAfters(MethodRoadie.java:87)</div><div> at org.junit.internal.runners.MethodRoadie.runTest(MethodRoadie.java:77)</div><div> at org.junit.internal.runners.MethodRoadie.run(MethodRoadie.java:42)</div><div> at org.junit.internal.runners.JUnit4ClassRunner.invokeTestMethod(JUnit4ClassRunner.java:88)</div><div> at org.junit.internal.runners.JUnit4ClassRunner.runMethods(JUnit4ClassRunner.java:51)</div><div> at org.junit.internal.runners.JUnit4ClassRunner$1.run(JUnit4ClassRunner.java:44)</div><div> at org.junit.internal.runners.ClassRoadie.runUnprotected(ClassRoadie.java:27)</div><div> at org.junit.internal.runners.ClassRoadie.runProtected(ClassRoadie.java:37)</div><div> at org.junit.internal.runners.JUnit4ClassRunner.run(JUnit4ClassRunner.java:42)</div><div> at org.eclipse.jdt.internal.junit4.runner.JUnit4TestReference.run(JUnit4TestReference.java:50)</div><div> at org.eclipse.jdt.internal.junit.runner.TestExecution.run(TestExecution.java:38)</div><div> at org.eclipse.jdt.internal.junit.runner.RemoteTestRunner.runTests(RemoteTestRunner.java:467)</div><div> at org.eclipse.jdt.internal.junit.runner.RemoteTestRunner.runTests(RemoteTestRunner.java:683)</div><div> at org.eclipse.jdt.internal.junit.runner.RemoteTestRunner.run(RemoteTestRunner.java:390)</div><div> at org.eclipse.jdt.internal.junit.runner.RemoteTestRunner.main(RemoteTestRunner.java:197)</div> </div>
                  </td>
    </tr>
          <tr>
        <td class="graphItem alignTop" colspan="2"><span class="sortValue">CardProxyTest.testSetMonthlyPassWindow</span><a href="CardProxyTest_testSetMonthlyPassWindow_23.html">CardProxyTest.testSetMonthlyPassWindow</a></td>
        <td class="graphPercent alignTop" colspan="1" style="whitespace:nowrap;"><span class="sortValue">1365181961464</span>5 Apr 13:12:41</td>
        <td class="graphPercent alignTop" colspan="1">      <span class="sortValue">3</span>
    <span class="testResultFailure">FAIL</span>
  </td>
        <td class="graphPercent alignTop" colspan="1"><span class="sortValue">0.0</span>0</td>
        <td class="graphItemRight alignTop" colspan="6" style="width:50%">
          <span class="sortValue">Not&nbsp;yet&nbsp;implemented</span>
           <span class="expand" id="togglebut37" onclick="toggleNodeExpansion('togglebut37', 'msgc37', 'msge37');return false;">&nbsp;</span>
           <div class="titleText errorMessage" id="msgc37">Not&nbsp;yet&nbsp;implemented</div>
           <div class="titleText errorMessage" id="msge37" style="display:none;"> <div>java.lang.AssertionError: Not yet implemented</div><div> at org.junit.Assert.fail(Assert.java:74)</div><div>	at <a href="../../../../transitdroid/domain/entities/card/CardProxyTest.html?line=66#src-66">transitdroid.domain.entities.card.CardProxyTest.testSetMonthlyPassWindow(CardProxyTest.java:66)</a></div><div> at org.junit.internal.runners.TestMethod.invoke(TestMethod.java:59)</div><div> at org.junit.internal.runners.MethodRoadie.runTestMethod(MethodRoadie.java:98)</div><div> at org.junit.internal.runners.MethodRoadie$2.run(MethodRoadie.java:79)</div><div> at org.junit.internal.runners.MethodRoadie.runBeforesThenTestThenAfters(MethodRoadie.java:87)</div><div> at org.junit.internal.runners.MethodRoadie.runTest(MethodRoadie.java:77)</div><div> at org.junit.internal.runners.MethodRoadie.run(MethodRoadie.java:42)</div><div> at org.junit.internal.runners.JUnit4ClassRunner.invokeTestMethod(JUnit4ClassRunner.java:88)</div><div> at org.junit.internal.runners.JUnit4ClassRunner.runMethods(JUnit4ClassRunner.java:51)</div><div> at org.junit.internal.runners.JUnit4ClassRunner$1.run(JUnit4ClassRunner.java:44)</div><div> at org.junit.internal.runners.ClassRoadie.runUnprotected(ClassRoadie.java:27)</div><div> at org.junit.internal.runners.ClassRoadie.runProtected(ClassRoadie.java:37)</div><div> at org.junit.internal.runners.JUnit4ClassRunner.run(JUnit4ClassRunner.java:42)</div><div> at org.eclipse.jdt.internal.junit4.runner.JUnit4TestReference.run(JUnit4TestReference.java:50)</div><div> at org.eclipse.jdt.internal.junit.runner.TestExecution.run(TestExecution.java:38)</div><div> at org.eclipse.jdt.internal.junit.runner.RemoteTestRunner.runTests(RemoteTestRunner.java:467)</div><div> at org.eclipse.jdt.internal.junit.runner.RemoteTestRunner.runTests(RemoteTestRunner.java:683)</div><div> at org.eclipse.jdt.internal.junit.runner.RemoteTestRunner.run(RemoteTestRunner.java:390)</div><div> at org.eclipse.jdt.internal.junit.runner.RemoteTestRunner.main(RemoteTestRunner.java:197)</div> </div>
                  </td>
    </tr>
          <tr>
        <td class="graphItem alignTop" colspan="2"><span class="sortValue">CardProxyTest.testSetMonthlyPassWindow</span><a href="CardProxyTest_testSetMonthlyPassWindow_11j.html">CardProxyTest.testSetMonthlyPassWindow</a></td>
        <td class="graphPercent alignTop" colspan="1" style="whitespace:nowrap;"><span class="sortValue">1365181890776</span>5 Apr 13:11:30</td>
        <td class="graphPercent alignTop" colspan="1">      <span class="sortValue">3</span>
    <span class="testResultFailure">FAIL</span>
  </td>
        <td class="graphPercent alignTop" colspan="1"><span class="sortValue">0.0</span>0</td>
        <td class="graphItemRight alignTop" colspan="6" style="width:50%">
          <span class="sortValue">Not&nbsp;yet&nbsp;implemented</span>
           <span class="expand" id="togglebut38" onclick="toggleNodeExpansion('togglebut38', 'msgc38', 'msge38');return false;">&nbsp;</span>
           <div class="titleText errorMessage" id="msgc38">Not&nbsp;yet&nbsp;implemented</div>
           <div class="titleText errorMessage" id="msge38" style="display:none;"> <div>java.lang.AssertionError: Not yet implemented</div><div> at org.junit.Assert.fail(Assert.java:74)</div><div>	at <a href="../../../../transitdroid/domain/entities/card/CardProxyTest.html?line=66#src-66">transitdroid.domain.entities.card.CardProxyTest.testSetMonthlyPassWindow(CardProxyTest.java:66)</a></div><div> at org.junit.internal.runners.TestMethod.invoke(TestMethod.java:59)</div><div> at org.junit.internal.runners.MethodRoadie.runTestMethod(MethodRoadie.java:98)</div><div> at org.junit.internal.runners.MethodRoadie$2.run(MethodRoadie.java:79)</div><div> at org.junit.internal.runners.MethodRoadie.runBeforesThenTestThenAfters(MethodRoadie.java:87)</div><div> at org.junit.internal.runners.MethodRoadie.runTest(MethodRoadie.java:77)</div><div> at org.junit.internal.runners.MethodRoadie.run(MethodRoadie.java:42)</div><div> at org.junit.internal.runners.JUnit4ClassRunner.invokeTestMethod(JUnit4ClassRunner.java:88)</div><div> at org.junit.internal.runners.JUnit4ClassRunner.runMethods(JUnit4ClassRunner.java:51)</div><div> at org.junit.internal.runners.JUnit4ClassRunner$1.run(JUnit4ClassRunner.java:44)</div><div> at org.junit.internal.runners.ClassRoadie.runUnprotected(ClassRoadie.java:27)</div><div> at org.junit.internal.runners.ClassRoadie.runProtected(ClassRoadie.java:37)</div><div> at org.junit.internal.runners.JUnit4ClassRunner.run(JUnit4ClassRunner.java:42)</div><div> at org.eclipse.jdt.internal.junit4.runner.JUnit4TestReference.run(JUnit4TestReference.java:50)</div><div> at org.eclipse.jdt.internal.junit.runner.TestExecution.run(TestExecution.java:38)</div><div> at org.eclipse.jdt.internal.junit.runner.RemoteTestRunner.runTests(RemoteTestRunner.java:467)</div><div> at org.eclipse.jdt.internal.junit.runner.RemoteTestRunner.runTests(RemoteTestRunner.java:683)</div><div> at org.eclipse.jdt.internal.junit.runner.RemoteTestRunner.run(RemoteTestRunner.java:390)</div><div> at org.eclipse.jdt.internal.junit.runner.RemoteTestRunner.main(RemoteTestRunner.java:197)</div> </div>
                  </td>
    </tr>
          <tr>
        <td class="graphItem alignTop" colspan="2"><span class="sortValue">CardProxyTest.testSetDailyPass</span><a href="CardProxyTest_testSetDailyPass_q7.html">CardProxyTest.testSetDailyPass</a></td>
        <td class="graphPercent alignTop" colspan="1" style="whitespace:nowrap;"><span class="sortValue">1365181961471</span>5 Apr 13:12:41</td>
        <td class="graphPercent alignTop" colspan="1">      <span class="sortValue">3</span>
    <span class="testResultFailure">FAIL</span>
  </td>
        <td class="graphPercent alignTop" colspan="1"><span class="sortValue">0.0010</span>0.001</td>
        <td class="graphItemRight alignTop" colspan="6" style="width:50%">
          <span class="sortValue">Not&nbsp;yet&nbsp;implemented</span>
           <span class="expand" id="togglebut39" onclick="toggleNodeExpansion('togglebut39', 'msgc39', 'msge39');return false;">&nbsp;</span>
           <div class="titleText errorMessage" id="msgc39">Not&nbsp;yet&nbsp;implemented</div>
           <div class="titleText errorMessage" id="msge39" style="display:none;"> <div>java.lang.AssertionError: Not yet implemented</div><div> at org.junit.Assert.fail(Assert.java:74)</div><div>	at <a href="../../../../transitdroid/domain/entities/card/CardProxyTest.html?line=76#src-76">transitdroid.domain.entities.card.CardProxyTest.testSetDailyPass(CardProxyTest.java:76)</a></div><div> at org.junit.internal.runners.TestMethod.invoke(TestMethod.java:59)</div><div> at org.junit.internal.runners.MethodRoadie.runTestMethod(MethodRoadie.java:98)</div><div> at org.junit.internal.runners.MethodRoadie$2.run(MethodRoadie.java:79)</div><div> at org.junit.internal.runners.MethodRoadie.runBeforesThenTestThenAfters(MethodRoadie.java:87)</div><div> at org.junit.internal.runners.MethodRoadie.runTest(MethodRoadie.java:77)</div><div> at org.junit.internal.runners.MethodRoadie.run(MethodRoadie.java:42)</div><div> at org.junit.internal.runners.JUnit4ClassRunner.invokeTestMethod(JUnit4ClassRunner.java:88)</div><div> at org.junit.internal.runners.JUnit4ClassRunner.runMethods(JUnit4ClassRunner.java:51)</div><div> at org.junit.internal.runners.JUnit4ClassRunner$1.run(JUnit4ClassRunner.java:44)</div><div> at org.junit.internal.runners.ClassRoadie.runUnprotected(ClassRoadie.java:27)</div><div> at org.junit.internal.runners.ClassRoadie.runProtected(ClassRoadie.java:37)</div><div> at org.junit.internal.runners.JUnit4ClassRunner.run(JUnit4ClassRunner.java:42)</div><div> at org.eclipse.jdt.internal.junit4.runner.JUnit4TestReference.run(JUnit4TestReference.java:50)</div><div> at org.eclipse.jdt.internal.junit.runner.TestExecution.run(TestExecution.java:38)</div><div> at org.eclipse.jdt.internal.junit.runner.RemoteTestRunner.runTests(RemoteTestRunner.java:467)</div><div> at org.eclipse.jdt.internal.junit.runner.RemoteTestRunner.runTests(RemoteTestRunner.java:683)</div><div> at org.eclipse.jdt.internal.junit.runner.RemoteTestRunner.run(RemoteTestRunner.java:390)</div><div> at org.eclipse.jdt.internal.junit.runner.RemoteTestRunner.main(RemoteTestRunner.java:197)</div> </div>
                  </td>
    </tr>
          <tr>
        <td class="graphItem alignTop" colspan="2"><span class="sortValue">CardProxyTest.testSetDailyPass</span><a href="CardProxyTest_testSetDailyPass_vy.html">CardProxyTest.testSetDailyPass</a></td>
        <td class="graphPercent alignTop" colspan="1" style="whitespace:nowrap;"><span class="sortValue">1365181890781</span>5 Apr 13:11:30</td>
        <td class="graphPercent alignTop" colspan="1">      <span class="sortValue">3</span>
    <span class="testResultFailure">FAIL</span>
  </td>
        <td class="graphPercent alignTop" colspan="1"><span class="sortValue">0.0</span>0</td>
        <td class="graphItemRight alignTop" colspan="6" style="width:50%">
          <span class="sortValue">Not&nbsp;yet&nbsp;implemented</span>
           <span class="expand" id="togglebut40" onclick="toggleNodeExpansion('togglebut40', 'msgc40', 'msge40');return false;">&nbsp;</span>
           <div class="titleText errorMessage" id="msgc40">Not&nbsp;yet&nbsp;implemented</div>
           <div class="titleText errorMessage" id="msge40" style="display:none;"> <div>java.lang.AssertionError: Not yet implemented</div><div> at org.junit.Assert.fail(Assert.java:74)</div><div>	at <a href="../../../../transitdroid/domain/entities/card/CardProxyTest.html?line=76#src-76">transitdroid.domain.entities.card.CardProxyTest.testSetDailyPass(CardProxyTest.java:76)</a></div><div> at org.junit.internal.runners.TestMethod.invoke(TestMethod.java:59)</div><div> at org.junit.internal.runners.MethodRoadie.runTestMethod(MethodRoadie.java:98)</div><div> at org.junit.internal.runners.MethodRoadie$2.run(MethodRoadie.java:79)</div><div> at org.junit.internal.runners.MethodRoadie.runBeforesThenTestThenAfters(MethodRoadie.java:87)</div><div> at org.junit.internal.runners.MethodRoadie.runTest(MethodRoadie.java:77)</div><div> at org.junit.internal.runners.MethodRoadie.run(MethodRoadie.java:42)</div><div> at org.junit.internal.runners.JUnit4ClassRunner.invokeTestMethod(JUnit4ClassRunner.java:88)</div><div> at org.junit.internal.runners.JUnit4ClassRunner.runMethods(JUnit4ClassRunner.java:51)</div><div> at org.junit.internal.runners.JUnit4ClassRunner$1.run(JUnit4ClassRunner.java:44)</div><div> at org.junit.internal.runners.ClassRoadie.runUnprotected(ClassRoadie.java:27)</div><div> at org.junit.internal.runners.ClassRoadie.runProtected(ClassRoadie.java:37)</div><div> at org.junit.internal.runners.JUnit4ClassRunner.run(JUnit4ClassRunner.java:42)</div><div> at org.eclipse.jdt.internal.junit4.runner.JUnit4TestReference.run(JUnit4TestReference.java:50)</div><div> at org.eclipse.jdt.internal.junit.runner.TestExecution.run(TestExecution.java:38)</div><div> at org.eclipse.jdt.internal.junit.runner.RemoteTestRunner.runTests(RemoteTestRunner.java:467)</div><div> at org.eclipse.jdt.internal.junit.runner.RemoteTestRunner.runTests(RemoteTestRunner.java:683)</div><div> at org.eclipse.jdt.internal.junit.runner.RemoteTestRunner.run(RemoteTestRunner.java:390)</div><div> at org.eclipse.jdt.internal.junit.runner.RemoteTestRunner.main(RemoteTestRunner.java:197)</div> </div>
                  </td>
    </tr>
          <tr>
        <td class="graphItem alignTop" colspan="2"><span class="sortValue">CardProxyTest.testGetMonthlyPass</span><a href="CardProxyTest_testGetMonthlyPass_5h.html">CardProxyTest.testGetMonthlyPass</a></td>
        <td class="graphPercent alignTop" colspan="1" style="whitespace:nowrap;"><span class="sortValue">1365181890773</span>5 Apr 13:11:30</td>
        <td class="graphPercent alignTop" colspan="1">      <span class="sortValue">3</span>
    <span class="testResultFailure">FAIL</span>
  </td>
        <td class="graphPercent alignTop" colspan="1"><span class="sortValue">0.0010</span>0.001</td>
        <td class="graphItemRight alignTop" colspan="6" style="width:50%">
          <span class="sortValue">Not&nbsp;yet&nbsp;implemented</span>
           <span class="expand" id="togglebut41" onclick="toggleNodeExpansion('togglebut41', 'msgc41', 'msge41');return false;">&nbsp;</span>
           <div class="titleText errorMessage" id="msgc41">Not&nbsp;yet&nbsp;implemented</div>
           <div class="titleText errorMessage" id="msge41" style="display:none;"> <div>java.lang.AssertionError: Not yet implemented</div><div> at org.junit.Assert.fail(Assert.java:74)</div><div>	at <a href="../../../../transitdroid/domain/entities/card/CardProxyTest.html?line=61#src-61">transitdroid.domain.entities.card.CardProxyTest.testGetMonthlyPass(CardProxyTest.java:61)</a></div><div> at org.junit.internal.runners.TestMethod.invoke(TestMethod.java:59)</div><div> at org.junit.internal.runners.MethodRoadie.runTestMethod(MethodRoadie.java:98)</div><div> at org.junit.internal.runners.MethodRoadie$2.run(MethodRoadie.java:79)</div><div> at org.junit.internal.runners.MethodRoadie.runBeforesThenTestThenAfters(MethodRoadie.java:87)</div><div> at org.junit.internal.runners.MethodRoadie.runTest(MethodRoadie.java:77)</div><div> at org.junit.internal.runners.MethodRoadie.run(MethodRoadie.java:42)</div><div> at org.junit.internal.runners.JUnit4ClassRunner.invokeTestMethod(JUnit4ClassRunner.java:88)</div><div> at org.junit.internal.runners.JUnit4ClassRunner.runMethods(JUnit4ClassRunner.java:51)</div><div> at org.junit.internal.runners.JUnit4ClassRunner$1.run(JUnit4ClassRunner.java:44)</div><div> at org.junit.internal.runners.ClassRoadie.runUnprotected(ClassRoadie.java:27)</div><div> at org.junit.internal.runners.ClassRoadie.runProtected(ClassRoadie.java:37)</div><div> at org.junit.internal.runners.JUnit4ClassRunner.run(JUnit4ClassRunner.java:42)</div><div> at org.eclipse.jdt.internal.junit4.runner.JUnit4TestReference.run(JUnit4TestReference.java:50)</div><div> at org.eclipse.jdt.internal.junit.runner.TestExecution.run(TestExecution.java:38)</div><div> at org.eclipse.jdt.internal.junit.runner.RemoteTestRunner.runTests(RemoteTestRunner.java:467)</div><div> at org.eclipse.jdt.internal.junit.runner.RemoteTestRunner.runTests(RemoteTestRunner.java:683)</div><div> at org.eclipse.jdt.internal.junit.runner.RemoteTestRunner.run(RemoteTestRunner.java:390)</div><div> at org.eclipse.jdt.internal.junit.runner.RemoteTestRunner.main(RemoteTestRunner.java:197)</div> </div>
                  </td>
    </tr>
          <tr>
        <td class="graphItem alignTop" colspan="2"><span class="sortValue">CardProxyTest.testToString</span><a href="CardProxyTest_testToString_5m.html">CardProxyTest.testToString</a></td>
        <td class="graphPercent alignTop" colspan="1" style="whitespace:nowrap;"><span class="sortValue">1365181961403</span>5 Apr 13:12:41</td>
        <td class="graphPercent alignTop" colspan="1">      <span class="sortValue">3</span>
    <span class="testResultFailure">FAIL</span>
  </td>
        <td class="graphPercent alignTop" colspan="1"><span class="sortValue">0.0</span>0</td>
        <td class="graphItemRight alignTop" colspan="6" style="width:50%">
          <span class="sortValue">Not&nbsp;yet&nbsp;implemented</span>
           <span class="expand" id="togglebut42" onclick="toggleNodeExpansion('togglebut42', 'msgc42', 'msge42');return false;">&nbsp;</span>
           <div class="titleText errorMessage" id="msgc42">Not&nbsp;yet&nbsp;implemented</div>
           <div class="titleText errorMessage" id="msge42" style="display:none;"> <div>java.lang.AssertionError: Not yet implemented</div><div> at org.junit.Assert.fail(Assert.java:74)</div><div>	at <a href="../../../../transitdroid/domain/entities/card/CardProxyTest.html?line=111#src-111">transitdroid.domain.entities.card.CardProxyTest.testToString(CardProxyTest.java:111)</a></div><div> at org.junit.internal.runners.TestMethod.invoke(TestMethod.java:59)</div><div> at org.junit.internal.runners.MethodRoadie.runTestMethod(MethodRoadie.java:98)</div><div> at org.junit.internal.runners.MethodRoadie$2.run(MethodRoadie.java:79)</div><div> at org.junit.internal.runners.MethodRoadie.runBeforesThenTestThenAfters(MethodRoadie.java:87)</div><div> at org.junit.internal.runners.MethodRoadie.runTest(MethodRoadie.java:77)</div><div> at org.junit.internal.runners.MethodRoadie.run(MethodRoadie.java:42)</div><div> at org.junit.internal.runners.JUnit4ClassRunner.invokeTestMethod(JUnit4ClassRunner.java:88)</div><div> at org.junit.internal.runners.JUnit4ClassRunner.runMethods(JUnit4ClassRunner.java:51)</div><div> at org.junit.internal.runners.JUnit4ClassRunner$1.run(JUnit4ClassRunner.java:44)</div><div> at org.junit.internal.runners.ClassRoadie.runUnprotected(ClassRoadie.java:27)</div><div> at org.junit.internal.runners.ClassRoadie.runProtected(ClassRoadie.java:37)</div><div> at org.junit.internal.runners.JUnit4ClassRunner.run(JUnit4ClassRunner.java:42)</div><div> at org.eclipse.jdt.internal.junit4.runner.JUnit4TestReference.run(JUnit4TestReference.java:50)</div><div> at org.eclipse.jdt.internal.junit.runner.TestExecution.run(TestExecution.java:38)</div><div> at org.eclipse.jdt.internal.junit.runner.RemoteTestRunner.runTests(RemoteTestRunner.java:467)</div><div> at org.eclipse.jdt.internal.junit.runner.RemoteTestRunner.runTests(RemoteTestRunner.java:683)</div><div> at org.eclipse.jdt.internal.junit.runner.RemoteTestRunner.run(RemoteTestRunner.java:390)</div><div> at org.eclipse.jdt.internal.junit.runner.RemoteTestRunner.main(RemoteTestRunner.java:197)</div> </div>
                  </td>
    </tr>
   </tbody>
<tbody>
<tr><td class="hbreak" colspan="7">&nbsp;</td></tr>
<tr><td class="footer" colspan="7">
<table>
<tr>
 <td><a target="_new" href="http://www.atlassian.com/software/clover"><img alt="Clover" src="../../../../img/logo.gif" style="border:none"/></a></td><td style="white-space:nowrap;"><i>Report generated by </i>Clover <a target="_new" href="http://www.atlassian.com/software/clover">Code Coverage</a> v3.1.11<i><br/>Fri Apr 5 2013 13:16:47 EDT</i>.</td>
<td>&nbsp;</td><td style="BORDER-LEFT: #9c9c9c 1px solid;">&nbsp;</td><td>Clover Evaluation License registered to Clover Plugin. You have 29 day(s) before your license expires.</td>
</tr>
</table>
</td>
</tr></tbody>
</table>
</body>
</html>
