<!DOCTYPE html PUBLIC "-//W3C//DTD XHTML 1.0 Transitional//EN" "http://www.w3.org/TR/xhtml1/DTD/xhtml1-transitional.dtd">

<html xmlns="http://www.w3.org/1999/xhtml" xml:lang="en" lang="en">
<head>
    <meta http-equiv="Content-Type" content="text/html; charset=UTF-8"/>

        <link rel="SHORTCUT ICON" href="../../../../../../../img/clover.ico" />

    <style type="text/css" media="screen">
        @import url('../../../../../../../style.css');
        @import url('../../../../../../../roundedcorners.css');
        @import url('../../../../../../../tree.css');
            </style>
    
    <script src="../../../../../../../sorttable.js" type="text/javascript"></script>
    <script src="../../../../../../../overlibmws.js" type="text/javascript"><!-- overLIB (c) Erik Bosrup --></script>
    <script src="../../../../../../../overlibmws_shadow.js" type="text/javascript" ></script>
    <script src="../../../../../../../clover.js" type="text/javascript"></script>
    <script src="../../../../../../../cloud.js" type="text/javascript"></script>
    <script src="../../../../../../../help.js" type="text/javascript"></script>
  <title>TransitDroid2.0 Coverage Report</title>
</head>
<body onload="loadPkgPane('TransitDroid2.0 Coverage Report: transitdroid.domain.logic.command.pass.purchase.nightly.PurchaseNightlyPassCommandResponseTest', 'pkg-results.html');">
  <!-- render overall summary coverage graph -->
<table cellspacing="0" cellpadding="2" class="barGraph">
<thead >
    
  <tr>
    <td colspan="7" >
        <div class="roundedLarge">
            <b class="ctop"><b class="cb1"></b><b class="cb2 testHeader"></b><b class="cb3 testHeader"></b><b class="cb4 testHeader"></b></b>
            <div class="roundedContent">
                <table width="100%" cellspacing="0"><tr class="reportHeader ">
                    <td valign="top" class="titleText testHeader">Clover Test Report -                         TransitDroid2.0 Coverage Report <div class="timestamp"><b>Coverage timestamp:</b>&nbsp;Fri Apr 5 2013 13:12:48 EDT
                    </div>
                                                <div class="navBar">
                           	                        	                            	<span class="navBar"><a href="pkg-summary.html">App</a></span>&nbsp;&nbsp;&nbsp;
								<span class="navBar"><a href="testsrc-pkg-summary.html">Test</a></span>&nbsp;&nbsp;&nbsp;
								<span class="navBarCurrent">Results</span>&nbsp;&nbsp;&nbsp;
                                								    <span class="navBar"><a href="pkg-risks.html">Clouds</a></span>&nbsp;&nbsp;&nbsp;
                                							                        </div>
                                                                        
                        <div class="navBar">
                            <span><a href="../../../../../../../test-pkg-summary.html">Overview</a></span>&nbsp;&nbsp;&nbsp;
                            <span><a href="test-pkg-summary.html">Package</a></span>&nbsp;&nbsp;&nbsp;
                            <span class="navBarCurrent">File</span>&nbsp;&nbsp;&nbsp;
                            <span>Test</span>
                        </div>
                                                
                        <div class="navBarLink">
                            &nbsp;&nbsp;&nbsp;
                            <a href="../../../../../../../index.html" target="_top">FRAMES</a>&nbsp;&nbsp;
                            <a href="test-PurchaseNightlyPassCommandResponseTest.html" target="_top">NO FRAMES</a>&nbsp;&nbsp;
                            <a><label onclick="toggleHelp(this);" class="nonHelpItem">SHOW HELP</label></a>&nbsp;&nbsp;                            
                        </div>
                    </td>
                </tr></table>
            </div>
            <b class="cbottom"><b class="cb4 testHeader"></b><b class="cb3 testHeader"></b><b class="cb2 testHeader"></b><b class="cb1"></b></b>
        </div>

    </td>
  </tr>


<tr class="titleText">
    <td class="evalBar" colspan="7">
        This report was generated with an evaluation server license.  <a href="http://www.atlassian.com/software/clover">Purchase Clover</a> or <a href="http://confluence.atlassian.com/x/JAgQCQ">configure your license.</a>
    </td>
</tr>


</thead>
<tbody>
    <tr><td class="hbreak" colspan="7">&nbsp;</td></tr>
    
    <tr>
        <td class="graphHeaderLeft titleText testHeader">Class</td>
        <td class="graphHeader headerTitle testHeader">Tests</td>
        <td class="graphHeader headerTitle testHeader">Fail</td>
        <td class="graphHeader headerTitle testHeader">Error</td>
        <td class="graphHeader headerTitle testHeader"><label onkeyup="return help_tests_time;">Time (secs)</label></td>
        <td class="graphHeader headerTitle testHeader" colspan="2">% Tests Success</td>
    </tr>
    <tr>
        <td class="graphItem titleText">PurchaseNightlyPassCommandResponseTest</td>
        <td class="graphPercent testPasses">
    <span class="sortValue">8</span>
    8
</td>

<td class="graphPercent  testFailures ">
    <span class="sortValue">8</span>
    8
</td>

<td class="graphPercent ">
    <span class="sortValue">0</span>
    0
</td>
        <td class="graphPercent">0.004</td>
        <td class="graphPercent">0%</td>
        <td class="graphPercent">
            

<div>
    <div style="width: 40px; font-size:0px;"></div>

    <div title="0% Errors" style="min-width: 40px;" class="testBarError">
        <div title="100% of Tests Failed" class="testBarFail" style="width: 100%">
            <div title="0% of Tests Passed" class="testBarPass" style="width: 0%"></div>
        </div>
    </div>
</div>        </td>
    </tr>
    <tr><td class="hbreak" colspan="7">&nbsp;</td></tr>
</tbody>
<tbody>
    <tr>
        <td class="graphHeaderLeft titleText  headerTitle sortable testHeader" onclick="ts_resortTable(this, 'alpha', 0);return false;" colspan="2">Tests</td>
        <td class="graphHeader sortable headerTitle testHeader" onclick="ts_resortTable(this, 'number', 1);return false;" colspan="1">Started</td>
        <td class="graphHeader sortable headerTitle testHeader" onclick="ts_resortTable(this, 'number', 2);return false;" colspan="1">Status</td>
        <td class="graphHeader sortable headerTitle testHeader" onclick="ts_resortTable(this, 'number', 3);return false;" colspan="1"><label onkeyup="return help_tests_time;">Time (secs)</label></td>
        <td class="graphHeader sortable headerTitle testHeader" onclick="ts_resortTable(this, 'alpha', 4);return false;" colspan="6">Message</td>
    </tr>

<!-- render list of package coverage graphs -->

       <tr>
        <td class="graphItem alignTop" colspan="2"><span class="sortValue">PurchaseNightlyPassCommandResponseTest.testSetException</span><a href="PurchaseNightlyPassCommandResponseTest_testSetException_oh.html">PurchaseNightlyPassCommandResponseTest.testSetException</a></td>
        <td class="graphPercent alignTop" colspan="1" style="whitespace:nowrap;"><span class="sortValue">1365181898524</span>5 Apr 13:11:38</td>
        <td class="graphPercent alignTop" colspan="1">      <span class="sortValue">3</span>
    <span class="testResultFailure">FAIL</span>
  </td>
        <td class="graphPercent alignTop" colspan="1"><span class="sortValue">0.0</span>0</td>
        <td class="graphItemRight alignTop" colspan="6" style="width:50%">
          <span class="sortValue">Not&nbsp;yet&nbsp;implemented</span>
           <span class="expand" id="togglebut1" onclick="toggleNodeExpansion('togglebut1', 'msgc1', 'msge1');return false;">&nbsp;</span>
           <div class="titleText errorMessage" id="msgc1">Not&nbsp;yet&nbsp;implemented</div>
           <div class="titleText errorMessage" id="msge1" style="display:none;"> <div>java.lang.AssertionError: Not yet implemented</div><div> at org.junit.Assert.fail(Assert.java:74)</div><div>	at <a href="../../../../../../../transitdroid/domain/logic/command/pass/purchase/nightly/PurchaseNightlyPassCommandResponseTest.html?line=26#src-26">transitdroid.domain.logic.command.pass.purchase.nightly.PurchaseNightlyPassCommandResponseTest.testSetException(PurchaseNightlyPassCommandResponseTest.java:26)</a></div><div> at org.junit.internal.runners.TestMethod.invoke(TestMethod.java:59)</div><div> at org.junit.internal.runners.MethodRoadie.runTestMethod(MethodRoadie.java:98)</div><div> at org.junit.internal.runners.MethodRoadie$2.run(MethodRoadie.java:79)</div><div> at org.junit.internal.runners.MethodRoadie.runBeforesThenTestThenAfters(MethodRoadie.java:87)</div><div> at org.junit.internal.runners.MethodRoadie.runTest(MethodRoadie.java:77)</div><div> at org.junit.internal.runners.MethodRoadie.run(MethodRoadie.java:42)</div><div> at org.junit.internal.runners.JUnit4ClassRunner.invokeTestMethod(JUnit4ClassRunner.java:88)</div><div> at org.junit.internal.runners.JUnit4ClassRunner.runMethods(JUnit4ClassRunner.java:51)</div><div> at org.junit.internal.runners.JUnit4ClassRunner$1.run(JUnit4ClassRunner.java:44)</div><div> at org.junit.internal.runners.ClassRoadie.runUnprotected(ClassRoadie.java:27)</div><div> at org.junit.internal.runners.ClassRoadie.runProtected(ClassRoadie.java:37)</div><div> at org.junit.internal.runners.JUnit4ClassRunner.run(JUnit4ClassRunner.java:42)</div><div> at org.eclipse.jdt.internal.junit4.runner.JUnit4TestReference.run(JUnit4TestReference.java:50)</div><div> at org.eclipse.jdt.internal.junit.runner.TestExecution.run(TestExecution.java:38)</div><div> at org.eclipse.jdt.internal.junit.runner.RemoteTestRunner.runTests(RemoteTestRunner.java:467)</div><div> at org.eclipse.jdt.internal.junit.runner.RemoteTestRunner.runTests(RemoteTestRunner.java:683)</div><div> at org.eclipse.jdt.internal.junit.runner.RemoteTestRunner.run(RemoteTestRunner.java:390)</div><div> at org.eclipse.jdt.internal.junit.runner.RemoteTestRunner.main(RemoteTestRunner.java:197)</div> </div>
                  </td>
    </tr>
          <tr>
        <td class="graphItem alignTop" colspan="2"><span class="sortValue">PurchaseNightlyPassCommandResponseTest.testSetException</span><a href="PurchaseNightlyPassCommandResponseTest_testSetException_14i.html">PurchaseNightlyPassCommandResponseTest.testSetException</a></td>
        <td class="graphPercent alignTop" colspan="1" style="whitespace:nowrap;"><span class="sortValue">1365181968345</span>5 Apr 13:12:48</td>
        <td class="graphPercent alignTop" colspan="1">      <span class="sortValue">3</span>
    <span class="testResultFailure">FAIL</span>
  </td>
        <td class="graphPercent alignTop" colspan="1"><span class="sortValue">0.0010</span>0.001</td>
        <td class="graphItemRight alignTop" colspan="6" style="width:50%">
          <span class="sortValue">Not&nbsp;yet&nbsp;implemented</span>
           <span class="expand" id="togglebut2" onclick="toggleNodeExpansion('togglebut2', 'msgc2', 'msge2');return false;">&nbsp;</span>
           <div class="titleText errorMessage" id="msgc2">Not&nbsp;yet&nbsp;implemented</div>
           <div class="titleText errorMessage" id="msge2" style="display:none;"> <div>java.lang.AssertionError: Not yet implemented</div><div> at org.junit.Assert.fail(Assert.java:74)</div><div>	at <a href="../../../../../../../transitdroid/domain/logic/command/pass/purchase/nightly/PurchaseNightlyPassCommandResponseTest.html?line=26#src-26">transitdroid.domain.logic.command.pass.purchase.nightly.PurchaseNightlyPassCommandResponseTest.testSetException(PurchaseNightlyPassCommandResponseTest.java:26)</a></div><div> at org.junit.internal.runners.TestMethod.invoke(TestMethod.java:59)</div><div> at org.junit.internal.runners.MethodRoadie.runTestMethod(MethodRoadie.java:98)</div><div> at org.junit.internal.runners.MethodRoadie$2.run(MethodRoadie.java:79)</div><div> at org.junit.internal.runners.MethodRoadie.runBeforesThenTestThenAfters(MethodRoadie.java:87)</div><div> at org.junit.internal.runners.MethodRoadie.runTest(MethodRoadie.java:77)</div><div> at org.junit.internal.runners.MethodRoadie.run(MethodRoadie.java:42)</div><div> at org.junit.internal.runners.JUnit4ClassRunner.invokeTestMethod(JUnit4ClassRunner.java:88)</div><div> at org.junit.internal.runners.JUnit4ClassRunner.runMethods(JUnit4ClassRunner.java:51)</div><div> at org.junit.internal.runners.JUnit4ClassRunner$1.run(JUnit4ClassRunner.java:44)</div><div> at org.junit.internal.runners.ClassRoadie.runUnprotected(ClassRoadie.java:27)</div><div> at org.junit.internal.runners.ClassRoadie.runProtected(ClassRoadie.java:37)</div><div> at org.junit.internal.runners.JUnit4ClassRunner.run(JUnit4ClassRunner.java:42)</div><div> at org.eclipse.jdt.internal.junit4.runner.JUnit4TestReference.run(JUnit4TestReference.java:50)</div><div> at org.eclipse.jdt.internal.junit.runner.TestExecution.run(TestExecution.java:38)</div><div> at org.eclipse.jdt.internal.junit.runner.RemoteTestRunner.runTests(RemoteTestRunner.java:467)</div><div> at org.eclipse.jdt.internal.junit.runner.RemoteTestRunner.runTests(RemoteTestRunner.java:683)</div><div> at org.eclipse.jdt.internal.junit.runner.RemoteTestRunner.run(RemoteTestRunner.java:390)</div><div> at org.eclipse.jdt.internal.junit.runner.RemoteTestRunner.main(RemoteTestRunner.java:197)</div> </div>
                  </td>
    </tr>
          <tr>
        <td class="graphItem alignTop" colspan="2"><span class="sortValue">PurchaseNightlyPassCommandResponseTest.testIsSucceed</span><a href="PurchaseNightlyPassCommandResponseTest_testIsSucceed_13n.html">PurchaseNightlyPassCommandResponseTest.testIsSucceed</a></td>
        <td class="graphPercent alignTop" colspan="1" style="whitespace:nowrap;"><span class="sortValue">1365181898518</span>5 Apr 13:11:38</td>
        <td class="graphPercent alignTop" colspan="1">      <span class="sortValue">3</span>
    <span class="testResultFailure">FAIL</span>
  </td>
        <td class="graphPercent alignTop" colspan="1"><span class="sortValue">0.0</span>0</td>
        <td class="graphItemRight alignTop" colspan="6" style="width:50%">
          <span class="sortValue">Not&nbsp;yet&nbsp;implemented</span>
           <span class="expand" id="togglebut3" onclick="toggleNodeExpansion('togglebut3', 'msgc3', 'msge3');return false;">&nbsp;</span>
           <div class="titleText errorMessage" id="msgc3">Not&nbsp;yet&nbsp;implemented</div>
           <div class="titleText errorMessage" id="msge3" style="display:none;"> <div>java.lang.AssertionError: Not yet implemented</div><div> at org.junit.Assert.fail(Assert.java:74)</div><div>	at <a href="../../../../../../../transitdroid/domain/logic/command/pass/purchase/nightly/PurchaseNightlyPassCommandResponseTest.html?line=11#src-11">transitdroid.domain.logic.command.pass.purchase.nightly.PurchaseNightlyPassCommandResponseTest.testIsSucceed(PurchaseNightlyPassCommandResponseTest.java:11)</a></div><div> at org.junit.internal.runners.TestMethod.invoke(TestMethod.java:59)</div><div> at org.junit.internal.runners.MethodRoadie.runTestMethod(MethodRoadie.java:98)</div><div> at org.junit.internal.runners.MethodRoadie$2.run(MethodRoadie.java:79)</div><div> at org.junit.internal.runners.MethodRoadie.runBeforesThenTestThenAfters(MethodRoadie.java:87)</div><div> at org.junit.internal.runners.MethodRoadie.runTest(MethodRoadie.java:77)</div><div> at org.junit.internal.runners.MethodRoadie.run(MethodRoadie.java:42)</div><div> at org.junit.internal.runners.JUnit4ClassRunner.invokeTestMethod(JUnit4ClassRunner.java:88)</div><div> at org.junit.internal.runners.JUnit4ClassRunner.runMethods(JUnit4ClassRunner.java:51)</div><div> at org.junit.internal.runners.JUnit4ClassRunner$1.run(JUnit4ClassRunner.java:44)</div><div> at org.junit.internal.runners.ClassRoadie.runUnprotected(ClassRoadie.java:27)</div><div> at org.junit.internal.runners.ClassRoadie.runProtected(ClassRoadie.java:37)</div><div> at org.junit.internal.runners.JUnit4ClassRunner.run(JUnit4ClassRunner.java:42)</div><div> at org.eclipse.jdt.internal.junit4.runner.JUnit4TestReference.run(JUnit4TestReference.java:50)</div><div> at org.eclipse.jdt.internal.junit.runner.TestExecution.run(TestExecution.java:38)</div><div> at org.eclipse.jdt.internal.junit.runner.RemoteTestRunner.runTests(RemoteTestRunner.java:467)</div><div> at org.eclipse.jdt.internal.junit.runner.RemoteTestRunner.runTests(RemoteTestRunner.java:683)</div><div> at org.eclipse.jdt.internal.junit.runner.RemoteTestRunner.run(RemoteTestRunner.java:390)</div><div> at org.eclipse.jdt.internal.junit.runner.RemoteTestRunner.main(RemoteTestRunner.java:197)</div> </div>
                  </td>
    </tr>
          <tr>
        <td class="graphItem alignTop" colspan="2"><span class="sortValue">PurchaseNightlyPassCommandResponseTest.testGetException</span><a href="PurchaseNightlyPassCommandResponseTest_testGetException_ff.html">PurchaseNightlyPassCommandResponseTest.testGetException</a></td>
        <td class="graphPercent alignTop" colspan="1" style="whitespace:nowrap;"><span class="sortValue">1365181898522</span>5 Apr 13:11:38</td>
        <td class="graphPercent alignTop" colspan="1">      <span class="sortValue">3</span>
    <span class="testResultFailure">FAIL</span>
  </td>
        <td class="graphPercent alignTop" colspan="1"><span class="sortValue">0.0</span>0</td>
        <td class="graphItemRight alignTop" colspan="6" style="width:50%">
          <span class="sortValue">Not&nbsp;yet&nbsp;implemented</span>
           <span class="expand" id="togglebut4" onclick="toggleNodeExpansion('togglebut4', 'msgc4', 'msge4');return false;">&nbsp;</span>
           <div class="titleText errorMessage" id="msgc4">Not&nbsp;yet&nbsp;implemented</div>
           <div class="titleText errorMessage" id="msge4" style="display:none;"> <div>java.lang.AssertionError: Not yet implemented</div><div> at org.junit.Assert.fail(Assert.java:74)</div><div>	at <a href="../../../../../../../transitdroid/domain/logic/command/pass/purchase/nightly/PurchaseNightlyPassCommandResponseTest.html?line=21#src-21">transitdroid.domain.logic.command.pass.purchase.nightly.PurchaseNightlyPassCommandResponseTest.testGetException(PurchaseNightlyPassCommandResponseTest.java:21)</a></div><div> at org.junit.internal.runners.TestMethod.invoke(TestMethod.java:59)</div><div> at org.junit.internal.runners.MethodRoadie.runTestMethod(MethodRoadie.java:98)</div><div> at org.junit.internal.runners.MethodRoadie$2.run(MethodRoadie.java:79)</div><div> at org.junit.internal.runners.MethodRoadie.runBeforesThenTestThenAfters(MethodRoadie.java:87)</div><div> at org.junit.internal.runners.MethodRoadie.runTest(MethodRoadie.java:77)</div><div> at org.junit.internal.runners.MethodRoadie.run(MethodRoadie.java:42)</div><div> at org.junit.internal.runners.JUnit4ClassRunner.invokeTestMethod(JUnit4ClassRunner.java:88)</div><div> at org.junit.internal.runners.JUnit4ClassRunner.runMethods(JUnit4ClassRunner.java:51)</div><div> at org.junit.internal.runners.JUnit4ClassRunner$1.run(JUnit4ClassRunner.java:44)</div><div> at org.junit.internal.runners.ClassRoadie.runUnprotected(ClassRoadie.java:27)</div><div> at org.junit.internal.runners.ClassRoadie.runProtected(ClassRoadie.java:37)</div><div> at org.junit.internal.runners.JUnit4ClassRunner.run(JUnit4ClassRunner.java:42)</div><div> at org.eclipse.jdt.internal.junit4.runner.JUnit4TestReference.run(JUnit4TestReference.java:50)</div><div> at org.eclipse.jdt.internal.junit.runner.TestExecution.run(TestExecution.java:38)</div><div> at org.eclipse.jdt.internal.junit.runner.RemoteTestRunner.runTests(RemoteTestRunner.java:467)</div><div> at org.eclipse.jdt.internal.junit.runner.RemoteTestRunner.runTests(RemoteTestRunner.java:683)</div><div> at org.eclipse.jdt.internal.junit.runner.RemoteTestRunner.run(RemoteTestRunner.java:390)</div><div> at org.eclipse.jdt.internal.junit.runner.RemoteTestRunner.main(RemoteTestRunner.java:197)</div> </div>
                  </td>
    </tr>
          <tr>
        <td class="graphItem alignTop" colspan="2"><span class="sortValue">PurchaseNightlyPassCommandResponseTest.testSetSucceed</span><a href="PurchaseNightlyPassCommandResponseTest_testSetSucceed_u8.html">PurchaseNightlyPassCommandResponseTest.testSetSucceed</a></td>
        <td class="graphPercent alignTop" colspan="1" style="whitespace:nowrap;"><span class="sortValue">1365181898520</span>5 Apr 13:11:38</td>
        <td class="graphPercent alignTop" colspan="1">      <span class="sortValue">3</span>
    <span class="testResultFailure">FAIL</span>
  </td>
        <td class="graphPercent alignTop" colspan="1"><span class="sortValue">0.0</span>0</td>
        <td class="graphItemRight alignTop" colspan="6" style="width:50%">
          <span class="sortValue">Not&nbsp;yet&nbsp;implemented</span>
           <span class="expand" id="togglebut5" onclick="toggleNodeExpansion('togglebut5', 'msgc5', 'msge5');return false;">&nbsp;</span>
           <div class="titleText errorMessage" id="msgc5">Not&nbsp;yet&nbsp;implemented</div>
           <div class="titleText errorMessage" id="msge5" style="display:none;"> <div>java.lang.AssertionError: Not yet implemented</div><div> at org.junit.Assert.fail(Assert.java:74)</div><div>	at <a href="../../../../../../../transitdroid/domain/logic/command/pass/purchase/nightly/PurchaseNightlyPassCommandResponseTest.html?line=16#src-16">transitdroid.domain.logic.command.pass.purchase.nightly.PurchaseNightlyPassCommandResponseTest.testSetSucceed(PurchaseNightlyPassCommandResponseTest.java:16)</a></div><div> at org.junit.internal.runners.TestMethod.invoke(TestMethod.java:59)</div><div> at org.junit.internal.runners.MethodRoadie.runTestMethod(MethodRoadie.java:98)</div><div> at org.junit.internal.runners.MethodRoadie$2.run(MethodRoadie.java:79)</div><div> at org.junit.internal.runners.MethodRoadie.runBeforesThenTestThenAfters(MethodRoadie.java:87)</div><div> at org.junit.internal.runners.MethodRoadie.runTest(MethodRoadie.java:77)</div><div> at org.junit.internal.runners.MethodRoadie.run(MethodRoadie.java:42)</div><div> at org.junit.internal.runners.JUnit4ClassRunner.invokeTestMethod(JUnit4ClassRunner.java:88)</div><div> at org.junit.internal.runners.JUnit4ClassRunner.runMethods(JUnit4ClassRunner.java:51)</div><div> at org.junit.internal.runners.JUnit4ClassRunner$1.run(JUnit4ClassRunner.java:44)</div><div> at org.junit.internal.runners.ClassRoadie.runUnprotected(ClassRoadie.java:27)</div><div> at org.junit.internal.runners.ClassRoadie.runProtected(ClassRoadie.java:37)</div><div> at org.junit.internal.runners.JUnit4ClassRunner.run(JUnit4ClassRunner.java:42)</div><div> at org.eclipse.jdt.internal.junit4.runner.JUnit4TestReference.run(JUnit4TestReference.java:50)</div><div> at org.eclipse.jdt.internal.junit.runner.TestExecution.run(TestExecution.java:38)</div><div> at org.eclipse.jdt.internal.junit.runner.RemoteTestRunner.runTests(RemoteTestRunner.java:467)</div><div> at org.eclipse.jdt.internal.junit.runner.RemoteTestRunner.runTests(RemoteTestRunner.java:683)</div><div> at org.eclipse.jdt.internal.junit.runner.RemoteTestRunner.run(RemoteTestRunner.java:390)</div><div> at org.eclipse.jdt.internal.junit.runner.RemoteTestRunner.main(RemoteTestRunner.java:197)</div> </div>
                  </td>
    </tr>
          <tr>
        <td class="graphItem alignTop" colspan="2"><span class="sortValue">PurchaseNightlyPassCommandResponseTest.testGetException</span><a href="PurchaseNightlyPassCommandResponseTest_testGetException_154.html">PurchaseNightlyPassCommandResponseTest.testGetException</a></td>
        <td class="graphPercent alignTop" colspan="1" style="whitespace:nowrap;"><span class="sortValue">1365181968343</span>5 Apr 13:12:48</td>
        <td class="graphPercent alignTop" colspan="1">      <span class="sortValue">3</span>
    <span class="testResultFailure">FAIL</span>
  </td>
        <td class="graphPercent alignTop" colspan="1"><span class="sortValue">0.0010</span>0.001</td>
        <td class="graphItemRight alignTop" colspan="6" style="width:50%">
          <span class="sortValue">Not&nbsp;yet&nbsp;implemented</span>
           <span class="expand" id="togglebut6" onclick="toggleNodeExpansion('togglebut6', 'msgc6', 'msge6');return false;">&nbsp;</span>
           <div class="titleText errorMessage" id="msgc6">Not&nbsp;yet&nbsp;implemented</div>
           <div class="titleText errorMessage" id="msge6" style="display:none;"> <div>java.lang.AssertionError: Not yet implemented</div><div> at org.junit.Assert.fail(Assert.java:74)</div><div>	at <a href="../../../../../../../transitdroid/domain/logic/command/pass/purchase/nightly/PurchaseNightlyPassCommandResponseTest.html?line=21#src-21">transitdroid.domain.logic.command.pass.purchase.nightly.PurchaseNightlyPassCommandResponseTest.testGetException(PurchaseNightlyPassCommandResponseTest.java:21)</a></div><div> at org.junit.internal.runners.TestMethod.invoke(TestMethod.java:59)</div><div> at org.junit.internal.runners.MethodRoadie.runTestMethod(MethodRoadie.java:98)</div><div> at org.junit.internal.runners.MethodRoadie$2.run(MethodRoadie.java:79)</div><div> at org.junit.internal.runners.MethodRoadie.runBeforesThenTestThenAfters(MethodRoadie.java:87)</div><div> at org.junit.internal.runners.MethodRoadie.runTest(MethodRoadie.java:77)</div><div> at org.junit.internal.runners.MethodRoadie.run(MethodRoadie.java:42)</div><div> at org.junit.internal.runners.JUnit4ClassRunner.invokeTestMethod(JUnit4ClassRunner.java:88)</div><div> at org.junit.internal.runners.JUnit4ClassRunner.runMethods(JUnit4ClassRunner.java:51)</div><div> at org.junit.internal.runners.JUnit4ClassRunner$1.run(JUnit4ClassRunner.java:44)</div><div> at org.junit.internal.runners.ClassRoadie.runUnprotected(ClassRoadie.java:27)</div><div> at org.junit.internal.runners.ClassRoadie.runProtected(ClassRoadie.java:37)</div><div> at org.junit.internal.runners.JUnit4ClassRunner.run(JUnit4ClassRunner.java:42)</div><div> at org.eclipse.jdt.internal.junit4.runner.JUnit4TestReference.run(JUnit4TestReference.java:50)</div><div> at org.eclipse.jdt.internal.junit.runner.TestExecution.run(TestExecution.java:38)</div><div> at org.eclipse.jdt.internal.junit.runner.RemoteTestRunner.runTests(RemoteTestRunner.java:467)</div><div> at org.eclipse.jdt.internal.junit.runner.RemoteTestRunner.runTests(RemoteTestRunner.java:683)</div><div> at org.eclipse.jdt.internal.junit.runner.RemoteTestRunner.run(RemoteTestRunner.java:390)</div><div> at org.eclipse.jdt.internal.junit.runner.RemoteTestRunner.main(RemoteTestRunner.java:197)</div> </div>
                  </td>
    </tr>
          <tr>
        <td class="graphItem alignTop" colspan="2"><span class="sortValue">PurchaseNightlyPassCommandResponseTest.testSetSucceed</span><a href="PurchaseNightlyPassCommandResponseTest_testSetSucceed_dq.html">PurchaseNightlyPassCommandResponseTest.testSetSucceed</a></td>
        <td class="graphPercent alignTop" colspan="1" style="whitespace:nowrap;"><span class="sortValue">1365181968341</span>5 Apr 13:12:48</td>
        <td class="graphPercent alignTop" colspan="1">      <span class="sortValue">3</span>
    <span class="testResultFailure">FAIL</span>
  </td>
        <td class="graphPercent alignTop" colspan="1"><span class="sortValue">0.0010</span>0.001</td>
        <td class="graphItemRight alignTop" colspan="6" style="width:50%">
          <span class="sortValue">Not&nbsp;yet&nbsp;implemented</span>
           <span class="expand" id="togglebut7" onclick="toggleNodeExpansion('togglebut7', 'msgc7', 'msge7');return false;">&nbsp;</span>
           <div class="titleText errorMessage" id="msgc7">Not&nbsp;yet&nbsp;implemented</div>
           <div class="titleText errorMessage" id="msge7" style="display:none;"> <div>java.lang.AssertionError: Not yet implemented</div><div> at org.junit.Assert.fail(Assert.java:74)</div><div>	at <a href="../../../../../../../transitdroid/domain/logic/command/pass/purchase/nightly/PurchaseNightlyPassCommandResponseTest.html?line=16#src-16">transitdroid.domain.logic.command.pass.purchase.nightly.PurchaseNightlyPassCommandResponseTest.testSetSucceed(PurchaseNightlyPassCommandResponseTest.java:16)</a></div><div> at org.junit.internal.runners.TestMethod.invoke(TestMethod.java:59)</div><div> at org.junit.internal.runners.MethodRoadie.runTestMethod(MethodRoadie.java:98)</div><div> at org.junit.internal.runners.MethodRoadie$2.run(MethodRoadie.java:79)</div><div> at org.junit.internal.runners.MethodRoadie.runBeforesThenTestThenAfters(MethodRoadie.java:87)</div><div> at org.junit.internal.runners.MethodRoadie.runTest(MethodRoadie.java:77)</div><div> at org.junit.internal.runners.MethodRoadie.run(MethodRoadie.java:42)</div><div> at org.junit.internal.runners.JUnit4ClassRunner.invokeTestMethod(JUnit4ClassRunner.java:88)</div><div> at org.junit.internal.runners.JUnit4ClassRunner.runMethods(JUnit4ClassRunner.java:51)</div><div> at org.junit.internal.runners.JUnit4ClassRunner$1.run(JUnit4ClassRunner.java:44)</div><div> at org.junit.internal.runners.ClassRoadie.runUnprotected(ClassRoadie.java:27)</div><div> at org.junit.internal.runners.ClassRoadie.runProtected(ClassRoadie.java:37)</div><div> at org.junit.internal.runners.JUnit4ClassRunner.run(JUnit4ClassRunner.java:42)</div><div> at org.eclipse.jdt.internal.junit4.runner.JUnit4TestReference.run(JUnit4TestReference.java:50)</div><div> at org.eclipse.jdt.internal.junit.runner.TestExecution.run(TestExecution.java:38)</div><div> at org.eclipse.jdt.internal.junit.runner.RemoteTestRunner.runTests(RemoteTestRunner.java:467)</div><div> at org.eclipse.jdt.internal.junit.runner.RemoteTestRunner.runTests(RemoteTestRunner.java:683)</div><div> at org.eclipse.jdt.internal.junit.runner.RemoteTestRunner.run(RemoteTestRunner.java:390)</div><div> at org.eclipse.jdt.internal.junit.runner.RemoteTestRunner.main(RemoteTestRunner.java:197)</div> </div>
                  </td>
    </tr>
          <tr>
        <td class="graphItem alignTop" colspan="2"><span class="sortValue">PurchaseNightlyPassCommandResponseTest.testIsSucceed</span><a href="PurchaseNightlyPassCommandResponseTest_testIsSucceed_1y.html">PurchaseNightlyPassCommandResponseTest.testIsSucceed</a></td>
        <td class="graphPercent alignTop" colspan="1" style="whitespace:nowrap;"><span class="sortValue">1365181968339</span>5 Apr 13:12:48</td>
        <td class="graphPercent alignTop" colspan="1">      <span class="sortValue">3</span>
    <span class="testResultFailure">FAIL</span>
  </td>
        <td class="graphPercent alignTop" colspan="1"><span class="sortValue">0.0010</span>0.001</td>
        <td class="graphItemRight alignTop" colspan="6" style="width:50%">
          <span class="sortValue">Not&nbsp;yet&nbsp;implemented</span>
           <span class="expand" id="togglebut8" onclick="toggleNodeExpansion('togglebut8', 'msgc8', 'msge8');return false;">&nbsp;</span>
           <div class="titleText errorMessage" id="msgc8">Not&nbsp;yet&nbsp;implemented</div>
           <div class="titleText errorMessage" id="msge8" style="display:none;"> <div>java.lang.AssertionError: Not yet implemented</div><div> at org.junit.Assert.fail(Assert.java:74)</div><div>	at <a href="../../../../../../../transitdroid/domain/logic/command/pass/purchase/nightly/PurchaseNightlyPassCommandResponseTest.html?line=11#src-11">transitdroid.domain.logic.command.pass.purchase.nightly.PurchaseNightlyPassCommandResponseTest.testIsSucceed(PurchaseNightlyPassCommandResponseTest.java:11)</a></div><div> at org.junit.internal.runners.TestMethod.invoke(TestMethod.java:59)</div><div> at org.junit.internal.runners.MethodRoadie.runTestMethod(MethodRoadie.java:98)</div><div> at org.junit.internal.runners.MethodRoadie$2.run(MethodRoadie.java:79)</div><div> at org.junit.internal.runners.MethodRoadie.runBeforesThenTestThenAfters(MethodRoadie.java:87)</div><div> at org.junit.internal.runners.MethodRoadie.runTest(MethodRoadie.java:77)</div><div> at org.junit.internal.runners.MethodRoadie.run(MethodRoadie.java:42)</div><div> at org.junit.internal.runners.JUnit4ClassRunner.invokeTestMethod(JUnit4ClassRunner.java:88)</div><div> at org.junit.internal.runners.JUnit4ClassRunner.runMethods(JUnit4ClassRunner.java:51)</div><div> at org.junit.internal.runners.JUnit4ClassRunner$1.run(JUnit4ClassRunner.java:44)</div><div> at org.junit.internal.runners.ClassRoadie.runUnprotected(ClassRoadie.java:27)</div><div> at org.junit.internal.runners.ClassRoadie.runProtected(ClassRoadie.java:37)</div><div> at org.junit.internal.runners.JUnit4ClassRunner.run(JUnit4ClassRunner.java:42)</div><div> at org.eclipse.jdt.internal.junit4.runner.JUnit4TestReference.run(JUnit4TestReference.java:50)</div><div> at org.eclipse.jdt.internal.junit.runner.TestExecution.run(TestExecution.java:38)</div><div> at org.eclipse.jdt.internal.junit.runner.RemoteTestRunner.runTests(RemoteTestRunner.java:467)</div><div> at org.eclipse.jdt.internal.junit.runner.RemoteTestRunner.runTests(RemoteTestRunner.java:683)</div><div> at org.eclipse.jdt.internal.junit.runner.RemoteTestRunner.run(RemoteTestRunner.java:390)</div><div> at org.eclipse.jdt.internal.junit.runner.RemoteTestRunner.main(RemoteTestRunner.java:197)</div> </div>
                  </td>
    </tr>
   </tbody>
<tbody>
<tr><td class="hbreak" colspan="7">&nbsp;</td></tr>
<tr><td class="footer" colspan="7">
<table>
<tr>
 <td><a target="_new" href="http://www.atlassian.com/software/clover"><img alt="Clover" src="../../../../../../../img/logo.gif" style="border:none"/></a></td><td style="white-space:nowrap;"><i>Report generated by </i>Clover <a target="_new" href="http://www.atlassian.com/software/clover">Code Coverage</a> v3.1.11<i><br/>Fri Apr 5 2013 13:16:47 EDT</i>.</td>
<td>&nbsp;</td><td style="BORDER-LEFT: #9c9c9c 1px solid;">&nbsp;</td><td>Clover Evaluation License registered to Clover Plugin. You have 29 day(s) before your license expires.</td>
</tr>
</table>
</td>
</tr></tbody>
</table>
</body>
</html>
