<!DOCTYPE html PUBLIC "-//W3C//DTD XHTML 1.0 Transitional//EN" "http://www.w3.org/TR/xhtml1/DTD/xhtml1-transitional.dtd">

<html xmlns="http://www.w3.org/1999/xhtml" xml:lang="en" lang="en">
<head>
    <meta http-equiv="Content-Type" content="text/html; charset=UTF-8"/>

        <link rel="SHORTCUT ICON" href="../../../../img/clover.ico" />

    <style type="text/css" media="screen">
        @import url('../../../../style.css');
        @import url('../../../../roundedcorners.css');
        @import url('../../../../tree.css');
            </style>
    
    <script src="../../../../sorttable.js" type="text/javascript"></script>
    <script src="../../../../overlibmws.js" type="text/javascript"><!-- overLIB (c) Erik Bosrup --></script>
    <script src="../../../../overlibmws_shadow.js" type="text/javascript" ></script>
    <script src="../../../../clover.js" type="text/javascript"></script>
    <script src="../../../../cloud.js" type="text/javascript"></script>
    <script src="../../../../help.js" type="text/javascript"></script>
  <title>TransitDroid2.0 Coverage Report</title>
</head>
<body onload="loadPkgPane('TransitDroid2.0 Coverage Report: transitdroid.service.rest.requests.UpdateUserRequestTest', 'pkg-results.html');">
  <!-- render overall summary coverage graph -->
<table cellspacing="0" cellpadding="2" class="barGraph">
<thead >
    
  <tr>
    <td colspan="7" >
        <div class="roundedLarge">
            <b class="ctop"><b class="cb1"></b><b class="cb2 testHeader"></b><b class="cb3 testHeader"></b><b class="cb4 testHeader"></b></b>
            <div class="roundedContent">
                <table width="100%" cellspacing="0"><tr class="reportHeader ">
                    <td valign="top" class="titleText testHeader">Clover Test Report -                         TransitDroid2.0 Coverage Report <div class="timestamp"><b>Coverage timestamp:</b>&nbsp;Fri Apr 5 2013 13:12:48 EDT
                    </div>
                                                <div class="navBar">
                           	                        	                            	<span class="navBar"><a href="pkg-summary.html">App</a></span>&nbsp;&nbsp;&nbsp;
								<span class="navBar"><a href="testsrc-pkg-summary.html">Test</a></span>&nbsp;&nbsp;&nbsp;
								<span class="navBarCurrent">Results</span>&nbsp;&nbsp;&nbsp;
                                								    <span class="navBar"><a href="pkg-risks.html">Clouds</a></span>&nbsp;&nbsp;&nbsp;
                                							                        </div>
                                                                        
                        <div class="navBar">
                            <span><a href="../../../../test-pkg-summary.html">Overview</a></span>&nbsp;&nbsp;&nbsp;
                            <span><a href="test-pkg-summary.html">Package</a></span>&nbsp;&nbsp;&nbsp;
                            <span class="navBarCurrent">File</span>&nbsp;&nbsp;&nbsp;
                            <span>Test</span>
                        </div>
                                                
                        <div class="navBarLink">
                            &nbsp;&nbsp;&nbsp;
                            <a href="../../../../index.html" target="_top">FRAMES</a>&nbsp;&nbsp;
                            <a href="test-UpdateUserRequestTest.html" target="_top">NO FRAMES</a>&nbsp;&nbsp;
                            <a><label onclick="toggleHelp(this);" class="nonHelpItem">SHOW HELP</label></a>&nbsp;&nbsp;                            
                        </div>
                    </td>
                </tr></table>
            </div>
            <b class="cbottom"><b class="cb4 testHeader"></b><b class="cb3 testHeader"></b><b class="cb2 testHeader"></b><b class="cb1"></b></b>
        </div>

    </td>
  </tr>


<tr class="titleText">
    <td class="evalBar" colspan="7">
        This report was generated with an evaluation server license.  <a href="http://www.atlassian.com/software/clover">Purchase Clover</a> or <a href="http://confluence.atlassian.com/x/JAgQCQ">configure your license.</a>
    </td>
</tr>


</thead>
<tbody>
    <tr><td class="hbreak" colspan="7">&nbsp;</td></tr>
    
    <tr>
        <td class="graphHeaderLeft titleText testHeader">Class</td>
        <td class="graphHeader headerTitle testHeader">Tests</td>
        <td class="graphHeader headerTitle testHeader">Fail</td>
        <td class="graphHeader headerTitle testHeader">Error</td>
        <td class="graphHeader headerTitle testHeader"><label onkeyup="return help_tests_time;">Time (secs)</label></td>
        <td class="graphHeader headerTitle testHeader" colspan="2">% Tests Success</td>
    </tr>
    <tr>
        <td class="graphItem titleText">UpdateUserRequestTest</td>
        <td class="graphPercent testPasses">
    <span class="sortValue">34</span>
    34
</td>

<td class="graphPercent  testFailures ">
    <span class="sortValue">34</span>
    34
</td>

<td class="graphPercent ">
    <span class="sortValue">0</span>
    0
</td>
        <td class="graphPercent">0.008</td>
        <td class="graphPercent">0%</td>
        <td class="graphPercent">
            

<div>
    <div style="width: 40px; font-size:0px;"></div>

    <div title="0% Errors" style="min-width: 40px;" class="testBarError">
        <div title="100% of Tests Failed" class="testBarFail" style="width: 100%">
            <div title="0% of Tests Passed" class="testBarPass" style="width: 0%"></div>
        </div>
    </div>
</div>        </td>
    </tr>
    <tr><td class="hbreak" colspan="7">&nbsp;</td></tr>
</tbody>
<tbody>
    <tr>
        <td class="graphHeaderLeft titleText  headerTitle sortable testHeader" onclick="ts_resortTable(this, 'alpha', 0);return false;" colspan="2">Tests</td>
        <td class="graphHeader sortable headerTitle testHeader" onclick="ts_resortTable(this, 'number', 1);return false;" colspan="1">Started</td>
        <td class="graphHeader sortable headerTitle testHeader" onclick="ts_resortTable(this, 'number', 2);return false;" colspan="1">Status</td>
        <td class="graphHeader sortable headerTitle testHeader" onclick="ts_resortTable(this, 'number', 3);return false;" colspan="1"><label onkeyup="return help_tests_time;">Time (secs)</label></td>
        <td class="graphHeader sortable headerTitle testHeader" onclick="ts_resortTable(this, 'alpha', 4);return false;" colspan="6">Message</td>
    </tr>

<!-- render list of package coverage graphs -->

       <tr>
        <td class="graphItem alignTop" colspan="2"><span class="sortValue">UpdateUserRequestTest.testSetVersion</span><a href="UpdateUserRequestTest_testSetVersion_e3.html">UpdateUserRequestTest.testSetVersion</a></td>
        <td class="graphPercent alignTop" colspan="1" style="whitespace:nowrap;"><span class="sortValue">1365181966363</span>5 Apr 13:12:46</td>
        <td class="graphPercent alignTop" colspan="1">      <span class="sortValue">3</span>
    <span class="testResultFailure">FAIL</span>
  </td>
        <td class="graphPercent alignTop" colspan="1"><span class="sortValue">0.0</span>0</td>
        <td class="graphItemRight alignTop" colspan="6" style="width:50%">
          <span class="sortValue">Not&nbsp;yet&nbsp;implemented</span>
           <span class="expand" id="togglebut1" onclick="toggleNodeExpansion('togglebut1', 'msgc1', 'msge1');return false;">&nbsp;</span>
           <div class="titleText errorMessage" id="msgc1">Not&nbsp;yet&nbsp;implemented</div>
           <div class="titleText errorMessage" id="msge1" style="display:none;"> <div>java.lang.AssertionError: Not yet implemented</div><div> at org.junit.Assert.fail(Assert.java:74)</div><div>	at <a href="../../../../transitdroid/service/rest/requests/UpdateUserRequestTest.html?line=81#src-81">transitdroid.service.rest.requests.UpdateUserRequestTest.testSetVersion(UpdateUserRequestTest.java:81)</a></div><div> at org.junit.internal.runners.TestMethod.invoke(TestMethod.java:59)</div><div> at org.junit.internal.runners.MethodRoadie.runTestMethod(MethodRoadie.java:98)</div><div> at org.junit.internal.runners.MethodRoadie$2.run(MethodRoadie.java:79)</div><div> at org.junit.internal.runners.MethodRoadie.runBeforesThenTestThenAfters(MethodRoadie.java:87)</div><div> at org.junit.internal.runners.MethodRoadie.runTest(MethodRoadie.java:77)</div><div> at org.junit.internal.runners.MethodRoadie.run(MethodRoadie.java:42)</div><div> at org.junit.internal.runners.JUnit4ClassRunner.invokeTestMethod(JUnit4ClassRunner.java:88)</div><div> at org.junit.internal.runners.JUnit4ClassRunner.runMethods(JUnit4ClassRunner.java:51)</div><div> at org.junit.internal.runners.JUnit4ClassRunner$1.run(JUnit4ClassRunner.java:44)</div><div> at org.junit.internal.runners.ClassRoadie.runUnprotected(ClassRoadie.java:27)</div><div> at org.junit.internal.runners.ClassRoadie.runProtected(ClassRoadie.java:37)</div><div> at org.junit.internal.runners.JUnit4ClassRunner.run(JUnit4ClassRunner.java:42)</div><div> at org.eclipse.jdt.internal.junit4.runner.JUnit4TestReference.run(JUnit4TestReference.java:50)</div><div> at org.eclipse.jdt.internal.junit.runner.TestExecution.run(TestExecution.java:38)</div><div> at org.eclipse.jdt.internal.junit.runner.RemoteTestRunner.runTests(RemoteTestRunner.java:467)</div><div> at org.eclipse.jdt.internal.junit.runner.RemoteTestRunner.runTests(RemoteTestRunner.java:683)</div><div> at org.eclipse.jdt.internal.junit.runner.RemoteTestRunner.run(RemoteTestRunner.java:390)</div><div> at org.eclipse.jdt.internal.junit.runner.RemoteTestRunner.main(RemoteTestRunner.java:197)</div> </div>
                  </td>
    </tr>
          <tr>
        <td class="graphItem alignTop" colspan="2"><span class="sortValue">UpdateUserRequestTest.testSetUsername</span><a href="UpdateUserRequestTest_testSetUsername_4b.html">UpdateUserRequestTest.testSetUsername</a></td>
        <td class="graphPercent alignTop" colspan="1" style="whitespace:nowrap;"><span class="sortValue">1365181896739</span>5 Apr 13:11:36</td>
        <td class="graphPercent alignTop" colspan="1">      <span class="sortValue">3</span>
    <span class="testResultFailure">FAIL</span>
  </td>
        <td class="graphPercent alignTop" colspan="1"><span class="sortValue">0.0</span>0</td>
        <td class="graphItemRight alignTop" colspan="6" style="width:50%">
          <span class="sortValue">Not&nbsp;yet&nbsp;implemented</span>
           <span class="expand" id="togglebut2" onclick="toggleNodeExpansion('togglebut2', 'msgc2', 'msge2');return false;">&nbsp;</span>
           <div class="titleText errorMessage" id="msgc2">Not&nbsp;yet&nbsp;implemented</div>
           <div class="titleText errorMessage" id="msge2" style="display:none;"> <div>java.lang.AssertionError: Not yet implemented</div><div> at org.junit.Assert.fail(Assert.java:74)</div><div>	at <a href="../../../../transitdroid/service/rest/requests/UpdateUserRequestTest.html?line=51#src-51">transitdroid.service.rest.requests.UpdateUserRequestTest.testSetUsername(UpdateUserRequestTest.java:51)</a></div><div> at org.junit.internal.runners.TestMethod.invoke(TestMethod.java:59)</div><div> at org.junit.internal.runners.MethodRoadie.runTestMethod(MethodRoadie.java:98)</div><div> at org.junit.internal.runners.MethodRoadie$2.run(MethodRoadie.java:79)</div><div> at org.junit.internal.runners.MethodRoadie.runBeforesThenTestThenAfters(MethodRoadie.java:87)</div><div> at org.junit.internal.runners.MethodRoadie.runTest(MethodRoadie.java:77)</div><div> at org.junit.internal.runners.MethodRoadie.run(MethodRoadie.java:42)</div><div> at org.junit.internal.runners.JUnit4ClassRunner.invokeTestMethod(JUnit4ClassRunner.java:88)</div><div> at org.junit.internal.runners.JUnit4ClassRunner.runMethods(JUnit4ClassRunner.java:51)</div><div> at org.junit.internal.runners.JUnit4ClassRunner$1.run(JUnit4ClassRunner.java:44)</div><div> at org.junit.internal.runners.ClassRoadie.runUnprotected(ClassRoadie.java:27)</div><div> at org.junit.internal.runners.ClassRoadie.runProtected(ClassRoadie.java:37)</div><div> at org.junit.internal.runners.JUnit4ClassRunner.run(JUnit4ClassRunner.java:42)</div><div> at org.eclipse.jdt.internal.junit4.runner.JUnit4TestReference.run(JUnit4TestReference.java:50)</div><div> at org.eclipse.jdt.internal.junit.runner.TestExecution.run(TestExecution.java:38)</div><div> at org.eclipse.jdt.internal.junit.runner.RemoteTestRunner.runTests(RemoteTestRunner.java:467)</div><div> at org.eclipse.jdt.internal.junit.runner.RemoteTestRunner.runTests(RemoteTestRunner.java:683)</div><div> at org.eclipse.jdt.internal.junit.runner.RemoteTestRunner.run(RemoteTestRunner.java:390)</div><div> at org.eclipse.jdt.internal.junit.runner.RemoteTestRunner.main(RemoteTestRunner.java:197)</div> </div>
                  </td>
    </tr>
          <tr>
        <td class="graphItem alignTop" colspan="2"><span class="sortValue">UpdateUserRequestTest.testGetSalt</span><a href="UpdateUserRequestTest_testGetSalt_vv.html">UpdateUserRequestTest.testGetSalt</a></td>
        <td class="graphPercent alignTop" colspan="1" style="whitespace:nowrap;"><span class="sortValue">1365181966366</span>5 Apr 13:12:46</td>
        <td class="graphPercent alignTop" colspan="1">      <span class="sortValue">3</span>
    <span class="testResultFailure">FAIL</span>
  </td>
        <td class="graphPercent alignTop" colspan="1"><span class="sortValue">0.0</span>0</td>
        <td class="graphItemRight alignTop" colspan="6" style="width:50%">
          <span class="sortValue">Not&nbsp;yet&nbsp;implemented</span>
           <span class="expand" id="togglebut3" onclick="toggleNodeExpansion('togglebut3', 'msgc3', 'msge3');return false;">&nbsp;</span>
           <div class="titleText errorMessage" id="msgc3">Not&nbsp;yet&nbsp;implemented</div>
           <div class="titleText errorMessage" id="msge3" style="display:none;"> <div>java.lang.AssertionError: Not yet implemented</div><div> at org.junit.Assert.fail(Assert.java:74)</div><div>	at <a href="../../../../transitdroid/service/rest/requests/UpdateUserRequestTest.html?line=66#src-66">transitdroid.service.rest.requests.UpdateUserRequestTest.testGetSalt(UpdateUserRequestTest.java:66)</a></div><div> at org.junit.internal.runners.TestMethod.invoke(TestMethod.java:59)</div><div> at org.junit.internal.runners.MethodRoadie.runTestMethod(MethodRoadie.java:98)</div><div> at org.junit.internal.runners.MethodRoadie$2.run(MethodRoadie.java:79)</div><div> at org.junit.internal.runners.MethodRoadie.runBeforesThenTestThenAfters(MethodRoadie.java:87)</div><div> at org.junit.internal.runners.MethodRoadie.runTest(MethodRoadie.java:77)</div><div> at org.junit.internal.runners.MethodRoadie.run(MethodRoadie.java:42)</div><div> at org.junit.internal.runners.JUnit4ClassRunner.invokeTestMethod(JUnit4ClassRunner.java:88)</div><div> at org.junit.internal.runners.JUnit4ClassRunner.runMethods(JUnit4ClassRunner.java:51)</div><div> at org.junit.internal.runners.JUnit4ClassRunner$1.run(JUnit4ClassRunner.java:44)</div><div> at org.junit.internal.runners.ClassRoadie.runUnprotected(ClassRoadie.java:27)</div><div> at org.junit.internal.runners.ClassRoadie.runProtected(ClassRoadie.java:37)</div><div> at org.junit.internal.runners.JUnit4ClassRunner.run(JUnit4ClassRunner.java:42)</div><div> at org.eclipse.jdt.internal.junit4.runner.JUnit4TestReference.run(JUnit4TestReference.java:50)</div><div> at org.eclipse.jdt.internal.junit.runner.TestExecution.run(TestExecution.java:38)</div><div> at org.eclipse.jdt.internal.junit.runner.RemoteTestRunner.runTests(RemoteTestRunner.java:467)</div><div> at org.eclipse.jdt.internal.junit.runner.RemoteTestRunner.runTests(RemoteTestRunner.java:683)</div><div> at org.eclipse.jdt.internal.junit.runner.RemoteTestRunner.run(RemoteTestRunner.java:390)</div><div> at org.eclipse.jdt.internal.junit.runner.RemoteTestRunner.main(RemoteTestRunner.java:197)</div> </div>
                  </td>
    </tr>
          <tr>
        <td class="graphItem alignTop" colspan="2"><span class="sortValue">UpdateUserRequestTest.testGetPassword</span><a href="UpdateUserRequestTest_testGetPassword_dm.html">UpdateUserRequestTest.testGetPassword</a></td>
        <td class="graphPercent alignTop" colspan="1" style="whitespace:nowrap;"><span class="sortValue">1365181966354</span>5 Apr 13:12:46</td>
        <td class="graphPercent alignTop" colspan="1">      <span class="sortValue">3</span>
    <span class="testResultFailure">FAIL</span>
  </td>
        <td class="graphPercent alignTop" colspan="1"><span class="sortValue">0.0</span>0</td>
        <td class="graphItemRight alignTop" colspan="6" style="width:50%">
          <span class="sortValue">Not&nbsp;yet&nbsp;implemented</span>
           <span class="expand" id="togglebut4" onclick="toggleNodeExpansion('togglebut4', 'msgc4', 'msge4');return false;">&nbsp;</span>
           <div class="titleText errorMessage" id="msgc4">Not&nbsp;yet&nbsp;implemented</div>
           <div class="titleText errorMessage" id="msge4" style="display:none;"> <div>java.lang.AssertionError: Not yet implemented</div><div> at org.junit.Assert.fail(Assert.java:74)</div><div>	at <a href="../../../../transitdroid/service/rest/requests/UpdateUserRequestTest.html?line=56#src-56">transitdroid.service.rest.requests.UpdateUserRequestTest.testGetPassword(UpdateUserRequestTest.java:56)</a></div><div> at org.junit.internal.runners.TestMethod.invoke(TestMethod.java:59)</div><div> at org.junit.internal.runners.MethodRoadie.runTestMethod(MethodRoadie.java:98)</div><div> at org.junit.internal.runners.MethodRoadie$2.run(MethodRoadie.java:79)</div><div> at org.junit.internal.runners.MethodRoadie.runBeforesThenTestThenAfters(MethodRoadie.java:87)</div><div> at org.junit.internal.runners.MethodRoadie.runTest(MethodRoadie.java:77)</div><div> at org.junit.internal.runners.MethodRoadie.run(MethodRoadie.java:42)</div><div> at org.junit.internal.runners.JUnit4ClassRunner.invokeTestMethod(JUnit4ClassRunner.java:88)</div><div> at org.junit.internal.runners.JUnit4ClassRunner.runMethods(JUnit4ClassRunner.java:51)</div><div> at org.junit.internal.runners.JUnit4ClassRunner$1.run(JUnit4ClassRunner.java:44)</div><div> at org.junit.internal.runners.ClassRoadie.runUnprotected(ClassRoadie.java:27)</div><div> at org.junit.internal.runners.ClassRoadie.runProtected(ClassRoadie.java:37)</div><div> at org.junit.internal.runners.JUnit4ClassRunner.run(JUnit4ClassRunner.java:42)</div><div> at org.eclipse.jdt.internal.junit4.runner.JUnit4TestReference.run(JUnit4TestReference.java:50)</div><div> at org.eclipse.jdt.internal.junit.runner.TestExecution.run(TestExecution.java:38)</div><div> at org.eclipse.jdt.internal.junit.runner.RemoteTestRunner.runTests(RemoteTestRunner.java:467)</div><div> at org.eclipse.jdt.internal.junit.runner.RemoteTestRunner.runTests(RemoteTestRunner.java:683)</div><div> at org.eclipse.jdt.internal.junit.runner.RemoteTestRunner.run(RemoteTestRunner.java:390)</div><div> at org.eclipse.jdt.internal.junit.runner.RemoteTestRunner.main(RemoteTestRunner.java:197)</div> </div>
                  </td>
    </tr>
          <tr>
        <td class="graphItem alignTop" colspan="2"><span class="sortValue">UpdateUserRequestTest.testUpdateUserRequest</span><a href="UpdateUserRequestTest_testUpdateUserRequest_h5.html">UpdateUserRequestTest.testUpdateUserRequest</a></td>
        <td class="graphPercent alignTop" colspan="1" style="whitespace:nowrap;"><span class="sortValue">1365181896757</span>5 Apr 13:11:36</td>
        <td class="graphPercent alignTop" colspan="1">      <span class="sortValue">3</span>
    <span class="testResultFailure">FAIL</span>
  </td>
        <td class="graphPercent alignTop" colspan="1"><span class="sortValue">0.0</span>0</td>
        <td class="graphItemRight alignTop" colspan="6" style="width:50%">
          <span class="sortValue">Not&nbsp;yet&nbsp;implemented</span>
           <span class="expand" id="togglebut5" onclick="toggleNodeExpansion('togglebut5', 'msgc5', 'msge5');return false;">&nbsp;</span>
           <div class="titleText errorMessage" id="msgc5">Not&nbsp;yet&nbsp;implemented</div>
           <div class="titleText errorMessage" id="msge5" style="display:none;"> <div>java.lang.AssertionError: Not yet implemented</div><div> at org.junit.Assert.fail(Assert.java:74)</div><div>	at <a href="../../../../transitdroid/service/rest/requests/UpdateUserRequestTest.html?line=11#src-11">transitdroid.service.rest.requests.UpdateUserRequestTest.testUpdateUserRequest(UpdateUserRequestTest.java:11)</a></div><div> at org.junit.internal.runners.TestMethod.invoke(TestMethod.java:59)</div><div> at org.junit.internal.runners.MethodRoadie.runTestMethod(MethodRoadie.java:98)</div><div> at org.junit.internal.runners.MethodRoadie$2.run(MethodRoadie.java:79)</div><div> at org.junit.internal.runners.MethodRoadie.runBeforesThenTestThenAfters(MethodRoadie.java:87)</div><div> at org.junit.internal.runners.MethodRoadie.runTest(MethodRoadie.java:77)</div><div> at org.junit.internal.runners.MethodRoadie.run(MethodRoadie.java:42)</div><div> at org.junit.internal.runners.JUnit4ClassRunner.invokeTestMethod(JUnit4ClassRunner.java:88)</div><div> at org.junit.internal.runners.JUnit4ClassRunner.runMethods(JUnit4ClassRunner.java:51)</div><div> at org.junit.internal.runners.JUnit4ClassRunner$1.run(JUnit4ClassRunner.java:44)</div><div> at org.junit.internal.runners.ClassRoadie.runUnprotected(ClassRoadie.java:27)</div><div> at org.junit.internal.runners.ClassRoadie.runProtected(ClassRoadie.java:37)</div><div> at org.junit.internal.runners.JUnit4ClassRunner.run(JUnit4ClassRunner.java:42)</div><div> at org.eclipse.jdt.internal.junit4.runner.JUnit4TestReference.run(JUnit4TestReference.java:50)</div><div> at org.eclipse.jdt.internal.junit.runner.TestExecution.run(TestExecution.java:38)</div><div> at org.eclipse.jdt.internal.junit.runner.RemoteTestRunner.runTests(RemoteTestRunner.java:467)</div><div> at org.eclipse.jdt.internal.junit.runner.RemoteTestRunner.runTests(RemoteTestRunner.java:683)</div><div> at org.eclipse.jdt.internal.junit.runner.RemoteTestRunner.run(RemoteTestRunner.java:390)</div><div> at org.eclipse.jdt.internal.junit.runner.RemoteTestRunner.main(RemoteTestRunner.java:197)</div> </div>
                  </td>
    </tr>
          <tr>
        <td class="graphItem alignTop" colspan="2"><span class="sortValue">UpdateUserRequestTest.testGetUsername</span><a href="UpdateUserRequestTest_testGetUsername_131.html">UpdateUserRequestTest.testGetUsername</a></td>
        <td class="graphPercent alignTop" colspan="1" style="whitespace:nowrap;"><span class="sortValue">1365181966347</span>5 Apr 13:12:46</td>
        <td class="graphPercent alignTop" colspan="1">      <span class="sortValue">3</span>
    <span class="testResultFailure">FAIL</span>
  </td>
        <td class="graphPercent alignTop" colspan="1"><span class="sortValue">0.0010</span>0.001</td>
        <td class="graphItemRight alignTop" colspan="6" style="width:50%">
          <span class="sortValue">Not&nbsp;yet&nbsp;implemented</span>
           <span class="expand" id="togglebut6" onclick="toggleNodeExpansion('togglebut6', 'msgc6', 'msge6');return false;">&nbsp;</span>
           <div class="titleText errorMessage" id="msgc6">Not&nbsp;yet&nbsp;implemented</div>
           <div class="titleText errorMessage" id="msge6" style="display:none;"> <div>java.lang.AssertionError: Not yet implemented</div><div> at org.junit.Assert.fail(Assert.java:74)</div><div>	at <a href="../../../../transitdroid/service/rest/requests/UpdateUserRequestTest.html?line=46#src-46">transitdroid.service.rest.requests.UpdateUserRequestTest.testGetUsername(UpdateUserRequestTest.java:46)</a></div><div> at org.junit.internal.runners.TestMethod.invoke(TestMethod.java:59)</div><div> at org.junit.internal.runners.MethodRoadie.runTestMethod(MethodRoadie.java:98)</div><div> at org.junit.internal.runners.MethodRoadie$2.run(MethodRoadie.java:79)</div><div> at org.junit.internal.runners.MethodRoadie.runBeforesThenTestThenAfters(MethodRoadie.java:87)</div><div> at org.junit.internal.runners.MethodRoadie.runTest(MethodRoadie.java:77)</div><div> at org.junit.internal.runners.MethodRoadie.run(MethodRoadie.java:42)</div><div> at org.junit.internal.runners.JUnit4ClassRunner.invokeTestMethod(JUnit4ClassRunner.java:88)</div><div> at org.junit.internal.runners.JUnit4ClassRunner.runMethods(JUnit4ClassRunner.java:51)</div><div> at org.junit.internal.runners.JUnit4ClassRunner$1.run(JUnit4ClassRunner.java:44)</div><div> at org.junit.internal.runners.ClassRoadie.runUnprotected(ClassRoadie.java:27)</div><div> at org.junit.internal.runners.ClassRoadie.runProtected(ClassRoadie.java:37)</div><div> at org.junit.internal.runners.JUnit4ClassRunner.run(JUnit4ClassRunner.java:42)</div><div> at org.eclipse.jdt.internal.junit4.runner.JUnit4TestReference.run(JUnit4TestReference.java:50)</div><div> at org.eclipse.jdt.internal.junit.runner.TestExecution.run(TestExecution.java:38)</div><div> at org.eclipse.jdt.internal.junit.runner.RemoteTestRunner.runTests(RemoteTestRunner.java:467)</div><div> at org.eclipse.jdt.internal.junit.runner.RemoteTestRunner.runTests(RemoteTestRunner.java:683)</div><div> at org.eclipse.jdt.internal.junit.runner.RemoteTestRunner.run(RemoteTestRunner.java:390)</div><div> at org.eclipse.jdt.internal.junit.runner.RemoteTestRunner.main(RemoteTestRunner.java:197)</div> </div>
                  </td>
    </tr>
          <tr>
        <td class="graphItem alignTop" colspan="2"><span class="sortValue">UpdateUserRequestTest.testSetLastName</span><a href="UpdateUserRequestTest_testSetLastName_3o.html">UpdateUserRequestTest.testSetLastName</a></td>
        <td class="graphPercent alignTop" colspan="1" style="whitespace:nowrap;"><span class="sortValue">1365181896734</span>5 Apr 13:11:36</td>
        <td class="graphPercent alignTop" colspan="1">      <span class="sortValue">3</span>
    <span class="testResultFailure">FAIL</span>
  </td>
        <td class="graphPercent alignTop" colspan="1"><span class="sortValue">0.0</span>0</td>
        <td class="graphItemRight alignTop" colspan="6" style="width:50%">
          <span class="sortValue">Not&nbsp;yet&nbsp;implemented</span>
           <span class="expand" id="togglebut7" onclick="toggleNodeExpansion('togglebut7', 'msgc7', 'msge7');return false;">&nbsp;</span>
           <div class="titleText errorMessage" id="msgc7">Not&nbsp;yet&nbsp;implemented</div>
           <div class="titleText errorMessage" id="msge7" style="display:none;"> <div>java.lang.AssertionError: Not yet implemented</div><div> at org.junit.Assert.fail(Assert.java:74)</div><div>	at <a href="../../../../transitdroid/service/rest/requests/UpdateUserRequestTest.html?line=41#src-41">transitdroid.service.rest.requests.UpdateUserRequestTest.testSetLastName(UpdateUserRequestTest.java:41)</a></div><div> at org.junit.internal.runners.TestMethod.invoke(TestMethod.java:59)</div><div> at org.junit.internal.runners.MethodRoadie.runTestMethod(MethodRoadie.java:98)</div><div> at org.junit.internal.runners.MethodRoadie$2.run(MethodRoadie.java:79)</div><div> at org.junit.internal.runners.MethodRoadie.runBeforesThenTestThenAfters(MethodRoadie.java:87)</div><div> at org.junit.internal.runners.MethodRoadie.runTest(MethodRoadie.java:77)</div><div> at org.junit.internal.runners.MethodRoadie.run(MethodRoadie.java:42)</div><div> at org.junit.internal.runners.JUnit4ClassRunner.invokeTestMethod(JUnit4ClassRunner.java:88)</div><div> at org.junit.internal.runners.JUnit4ClassRunner.runMethods(JUnit4ClassRunner.java:51)</div><div> at org.junit.internal.runners.JUnit4ClassRunner$1.run(JUnit4ClassRunner.java:44)</div><div> at org.junit.internal.runners.ClassRoadie.runUnprotected(ClassRoadie.java:27)</div><div> at org.junit.internal.runners.ClassRoadie.runProtected(ClassRoadie.java:37)</div><div> at org.junit.internal.runners.JUnit4ClassRunner.run(JUnit4ClassRunner.java:42)</div><div> at org.eclipse.jdt.internal.junit4.runner.JUnit4TestReference.run(JUnit4TestReference.java:50)</div><div> at org.eclipse.jdt.internal.junit.runner.TestExecution.run(TestExecution.java:38)</div><div> at org.eclipse.jdt.internal.junit.runner.RemoteTestRunner.runTests(RemoteTestRunner.java:467)</div><div> at org.eclipse.jdt.internal.junit.runner.RemoteTestRunner.runTests(RemoteTestRunner.java:683)</div><div> at org.eclipse.jdt.internal.junit.runner.RemoteTestRunner.run(RemoteTestRunner.java:390)</div><div> at org.eclipse.jdt.internal.junit.runner.RemoteTestRunner.main(RemoteTestRunner.java:197)</div> </div>
                  </td>
    </tr>
          <tr>
        <td class="graphItem alignTop" colspan="2"><span class="sortValue">UpdateUserRequestTest.testSetPassword</span><a href="UpdateUserRequestTest_testSetPassword_zo.html">UpdateUserRequestTest.testSetPassword</a></td>
        <td class="graphPercent alignTop" colspan="1" style="whitespace:nowrap;"><span class="sortValue">1365181966357</span>5 Apr 13:12:46</td>
        <td class="graphPercent alignTop" colspan="1">      <span class="sortValue">3</span>
    <span class="testResultFailure">FAIL</span>
  </td>
        <td class="graphPercent alignTop" colspan="1"><span class="sortValue">0.0010</span>0.001</td>
        <td class="graphItemRight alignTop" colspan="6" style="width:50%">
          <span class="sortValue">Not&nbsp;yet&nbsp;implemented</span>
           <span class="expand" id="togglebut8" onclick="toggleNodeExpansion('togglebut8', 'msgc8', 'msge8');return false;">&nbsp;</span>
           <div class="titleText errorMessage" id="msgc8">Not&nbsp;yet&nbsp;implemented</div>
           <div class="titleText errorMessage" id="msge8" style="display:none;"> <div>java.lang.AssertionError: Not yet implemented</div><div> at org.junit.Assert.fail(Assert.java:74)</div><div>	at <a href="../../../../transitdroid/service/rest/requests/UpdateUserRequestTest.html?line=61#src-61">transitdroid.service.rest.requests.UpdateUserRequestTest.testSetPassword(UpdateUserRequestTest.java:61)</a></div><div> at org.junit.internal.runners.TestMethod.invoke(TestMethod.java:59)</div><div> at org.junit.internal.runners.MethodRoadie.runTestMethod(MethodRoadie.java:98)</div><div> at org.junit.internal.runners.MethodRoadie$2.run(MethodRoadie.java:79)</div><div> at org.junit.internal.runners.MethodRoadie.runBeforesThenTestThenAfters(MethodRoadie.java:87)</div><div> at org.junit.internal.runners.MethodRoadie.runTest(MethodRoadie.java:77)</div><div> at org.junit.internal.runners.MethodRoadie.run(MethodRoadie.java:42)</div><div> at org.junit.internal.runners.JUnit4ClassRunner.invokeTestMethod(JUnit4ClassRunner.java:88)</div><div> at org.junit.internal.runners.JUnit4ClassRunner.runMethods(JUnit4ClassRunner.java:51)</div><div> at org.junit.internal.runners.JUnit4ClassRunner$1.run(JUnit4ClassRunner.java:44)</div><div> at org.junit.internal.runners.ClassRoadie.runUnprotected(ClassRoadie.java:27)</div><div> at org.junit.internal.runners.ClassRoadie.runProtected(ClassRoadie.java:37)</div><div> at org.junit.internal.runners.JUnit4ClassRunner.run(JUnit4ClassRunner.java:42)</div><div> at org.eclipse.jdt.internal.junit4.runner.JUnit4TestReference.run(JUnit4TestReference.java:50)</div><div> at org.eclipse.jdt.internal.junit.runner.TestExecution.run(TestExecution.java:38)</div><div> at org.eclipse.jdt.internal.junit.runner.RemoteTestRunner.runTests(RemoteTestRunner.java:467)</div><div> at org.eclipse.jdt.internal.junit.runner.RemoteTestRunner.runTests(RemoteTestRunner.java:683)</div><div> at org.eclipse.jdt.internal.junit.runner.RemoteTestRunner.run(RemoteTestRunner.java:390)</div><div> at org.eclipse.jdt.internal.junit.runner.RemoteTestRunner.main(RemoteTestRunner.java:197)</div> </div>
                  </td>
    </tr>
          <tr>
        <td class="graphItem alignTop" colspan="2"><span class="sortValue">UpdateUserRequestTest.testSetVersion</span><a href="UpdateUserRequestTest_testSetVersion_127.html">UpdateUserRequestTest.testSetVersion</a></td>
        <td class="graphPercent alignTop" colspan="1" style="whitespace:nowrap;"><span class="sortValue">1365181896745</span>5 Apr 13:11:36</td>
        <td class="graphPercent alignTop" colspan="1">      <span class="sortValue">3</span>
    <span class="testResultFailure">FAIL</span>
  </td>
        <td class="graphPercent alignTop" colspan="1"><span class="sortValue">0.0010</span>0.001</td>
        <td class="graphItemRight alignTop" colspan="6" style="width:50%">
          <span class="sortValue">Not&nbsp;yet&nbsp;implemented</span>
           <span class="expand" id="togglebut9" onclick="toggleNodeExpansion('togglebut9', 'msgc9', 'msge9');return false;">&nbsp;</span>
           <div class="titleText errorMessage" id="msgc9">Not&nbsp;yet&nbsp;implemented</div>
           <div class="titleText errorMessage" id="msge9" style="display:none;"> <div>java.lang.AssertionError: Not yet implemented</div><div> at org.junit.Assert.fail(Assert.java:74)</div><div>	at <a href="../../../../transitdroid/service/rest/requests/UpdateUserRequestTest.html?line=81#src-81">transitdroid.service.rest.requests.UpdateUserRequestTest.testSetVersion(UpdateUserRequestTest.java:81)</a></div><div> at org.junit.internal.runners.TestMethod.invoke(TestMethod.java:59)</div><div> at org.junit.internal.runners.MethodRoadie.runTestMethod(MethodRoadie.java:98)</div><div> at org.junit.internal.runners.MethodRoadie$2.run(MethodRoadie.java:79)</div><div> at org.junit.internal.runners.MethodRoadie.runBeforesThenTestThenAfters(MethodRoadie.java:87)</div><div> at org.junit.internal.runners.MethodRoadie.runTest(MethodRoadie.java:77)</div><div> at org.junit.internal.runners.MethodRoadie.run(MethodRoadie.java:42)</div><div> at org.junit.internal.runners.JUnit4ClassRunner.invokeTestMethod(JUnit4ClassRunner.java:88)</div><div> at org.junit.internal.runners.JUnit4ClassRunner.runMethods(JUnit4ClassRunner.java:51)</div><div> at org.junit.internal.runners.JUnit4ClassRunner$1.run(JUnit4ClassRunner.java:44)</div><div> at org.junit.internal.runners.ClassRoadie.runUnprotected(ClassRoadie.java:27)</div><div> at org.junit.internal.runners.ClassRoadie.runProtected(ClassRoadie.java:37)</div><div> at org.junit.internal.runners.JUnit4ClassRunner.run(JUnit4ClassRunner.java:42)</div><div> at org.eclipse.jdt.internal.junit4.runner.JUnit4TestReference.run(JUnit4TestReference.java:50)</div><div> at org.eclipse.jdt.internal.junit.runner.TestExecution.run(TestExecution.java:38)</div><div> at org.eclipse.jdt.internal.junit.runner.RemoteTestRunner.runTests(RemoteTestRunner.java:467)</div><div> at org.eclipse.jdt.internal.junit.runner.RemoteTestRunner.runTests(RemoteTestRunner.java:683)</div><div> at org.eclipse.jdt.internal.junit.runner.RemoteTestRunner.run(RemoteTestRunner.java:390)</div><div> at org.eclipse.jdt.internal.junit.runner.RemoteTestRunner.main(RemoteTestRunner.java:197)</div> </div>
                  </td>
    </tr>
          <tr>
        <td class="graphItem alignTop" colspan="2"><span class="sortValue">UpdateUserRequestTest.testSetId</span><a href="UpdateUserRequestTest_testSetId_l.html">UpdateUserRequestTest.testSetId</a></td>
        <td class="graphPercent alignTop" colspan="1" style="whitespace:nowrap;"><span class="sortValue">1365181896752</span>5 Apr 13:11:36</td>
        <td class="graphPercent alignTop" colspan="1">      <span class="sortValue">3</span>
    <span class="testResultFailure">FAIL</span>
  </td>
        <td class="graphPercent alignTop" colspan="1"><span class="sortValue">0.0</span>0</td>
        <td class="graphItemRight alignTop" colspan="6" style="width:50%">
          <span class="sortValue">Not&nbsp;yet&nbsp;implemented</span>
           <span class="expand" id="togglebut10" onclick="toggleNodeExpansion('togglebut10', 'msgc10', 'msge10');return false;">&nbsp;</span>
           <div class="titleText errorMessage" id="msgc10">Not&nbsp;yet&nbsp;implemented</div>
           <div class="titleText errorMessage" id="msge10" style="display:none;"> <div>java.lang.AssertionError: Not yet implemented</div><div> at org.junit.Assert.fail(Assert.java:74)</div><div>	at <a href="../../../../transitdroid/service/rest/requests/UpdateUserRequestTest.html?line=91#src-91">transitdroid.service.rest.requests.UpdateUserRequestTest.testSetId(UpdateUserRequestTest.java:91)</a></div><div> at org.junit.internal.runners.TestMethod.invoke(TestMethod.java:59)</div><div> at org.junit.internal.runners.MethodRoadie.runTestMethod(MethodRoadie.java:98)</div><div> at org.junit.internal.runners.MethodRoadie$2.run(MethodRoadie.java:79)</div><div> at org.junit.internal.runners.MethodRoadie.runBeforesThenTestThenAfters(MethodRoadie.java:87)</div><div> at org.junit.internal.runners.MethodRoadie.runTest(MethodRoadie.java:77)</div><div> at org.junit.internal.runners.MethodRoadie.run(MethodRoadie.java:42)</div><div> at org.junit.internal.runners.JUnit4ClassRunner.invokeTestMethod(JUnit4ClassRunner.java:88)</div><div> at org.junit.internal.runners.JUnit4ClassRunner.runMethods(JUnit4ClassRunner.java:51)</div><div> at org.junit.internal.runners.JUnit4ClassRunner$1.run(JUnit4ClassRunner.java:44)</div><div> at org.junit.internal.runners.ClassRoadie.runUnprotected(ClassRoadie.java:27)</div><div> at org.junit.internal.runners.ClassRoadie.runProtected(ClassRoadie.java:37)</div><div> at org.junit.internal.runners.JUnit4ClassRunner.run(JUnit4ClassRunner.java:42)</div><div> at org.eclipse.jdt.internal.junit4.runner.JUnit4TestReference.run(JUnit4TestReference.java:50)</div><div> at org.eclipse.jdt.internal.junit.runner.TestExecution.run(TestExecution.java:38)</div><div> at org.eclipse.jdt.internal.junit.runner.RemoteTestRunner.runTests(RemoteTestRunner.java:467)</div><div> at org.eclipse.jdt.internal.junit.runner.RemoteTestRunner.runTests(RemoteTestRunner.java:683)</div><div> at org.eclipse.jdt.internal.junit.runner.RemoteTestRunner.run(RemoteTestRunner.java:390)</div><div> at org.eclipse.jdt.internal.junit.runner.RemoteTestRunner.main(RemoteTestRunner.java:197)</div> </div>
                  </td>
    </tr>
          <tr>
        <td class="graphItem alignTop" colspan="2"><span class="sortValue">UpdateUserRequestTest.testGetVersion</span><a href="UpdateUserRequestTest_testGetVersion_12a.html">UpdateUserRequestTest.testGetVersion</a></td>
        <td class="graphPercent alignTop" colspan="1" style="whitespace:nowrap;"><span class="sortValue">1365181966321</span>5 Apr 13:12:46</td>
        <td class="graphPercent alignTop" colspan="1">      <span class="sortValue">3</span>
    <span class="testResultFailure">FAIL</span>
  </td>
        <td class="graphPercent alignTop" colspan="1"><span class="sortValue">0.0</span>0</td>
        <td class="graphItemRight alignTop" colspan="6" style="width:50%">
          <span class="sortValue">Not&nbsp;yet&nbsp;implemented</span>
           <span class="expand" id="togglebut11" onclick="toggleNodeExpansion('togglebut11', 'msgc11', 'msge11');return false;">&nbsp;</span>
           <div class="titleText errorMessage" id="msgc11">Not&nbsp;yet&nbsp;implemented</div>
           <div class="titleText errorMessage" id="msge11" style="display:none;"> <div>java.lang.AssertionError: Not yet implemented</div><div> at org.junit.Assert.fail(Assert.java:74)</div><div>	at <a href="../../../../transitdroid/service/rest/requests/UpdateUserRequestTest.html?line=76#src-76">transitdroid.service.rest.requests.UpdateUserRequestTest.testGetVersion(UpdateUserRequestTest.java:76)</a></div><div> at org.junit.internal.runners.TestMethod.invoke(TestMethod.java:59)</div><div> at org.junit.internal.runners.MethodRoadie.runTestMethod(MethodRoadie.java:98)</div><div> at org.junit.internal.runners.MethodRoadie$2.run(MethodRoadie.java:79)</div><div> at org.junit.internal.runners.MethodRoadie.runBeforesThenTestThenAfters(MethodRoadie.java:87)</div><div> at org.junit.internal.runners.MethodRoadie.runTest(MethodRoadie.java:77)</div><div> at org.junit.internal.runners.MethodRoadie.run(MethodRoadie.java:42)</div><div> at org.junit.internal.runners.JUnit4ClassRunner.invokeTestMethod(JUnit4ClassRunner.java:88)</div><div> at org.junit.internal.runners.JUnit4ClassRunner.runMethods(JUnit4ClassRunner.java:51)</div><div> at org.junit.internal.runners.JUnit4ClassRunner$1.run(JUnit4ClassRunner.java:44)</div><div> at org.junit.internal.runners.ClassRoadie.runUnprotected(ClassRoadie.java:27)</div><div> at org.junit.internal.runners.ClassRoadie.runProtected(ClassRoadie.java:37)</div><div> at org.junit.internal.runners.JUnit4ClassRunner.run(JUnit4ClassRunner.java:42)</div><div> at org.eclipse.jdt.internal.junit4.runner.JUnit4TestReference.run(JUnit4TestReference.java:50)</div><div> at org.eclipse.jdt.internal.junit.runner.TestExecution.run(TestExecution.java:38)</div><div> at org.eclipse.jdt.internal.junit.runner.RemoteTestRunner.runTests(RemoteTestRunner.java:467)</div><div> at org.eclipse.jdt.internal.junit.runner.RemoteTestRunner.runTests(RemoteTestRunner.java:683)</div><div> at org.eclipse.jdt.internal.junit.runner.RemoteTestRunner.run(RemoteTestRunner.java:390)</div><div> at org.eclipse.jdt.internal.junit.runner.RemoteTestRunner.main(RemoteTestRunner.java:197)</div> </div>
                  </td>
    </tr>
          <tr>
        <td class="graphItem alignTop" colspan="2"><span class="sortValue">UpdateUserRequestTest.testSetLastName</span><a href="UpdateUserRequestTest_testSetLastName_8i.html">UpdateUserRequestTest.testSetLastName</a></td>
        <td class="graphPercent alignTop" colspan="1" style="whitespace:nowrap;"><span class="sortValue">1365181966344</span>5 Apr 13:12:46</td>
        <td class="graphPercent alignTop" colspan="1">      <span class="sortValue">3</span>
    <span class="testResultFailure">FAIL</span>
  </td>
        <td class="graphPercent alignTop" colspan="1"><span class="sortValue">0.0</span>0</td>
        <td class="graphItemRight alignTop" colspan="6" style="width:50%">
          <span class="sortValue">Not&nbsp;yet&nbsp;implemented</span>
           <span class="expand" id="togglebut12" onclick="toggleNodeExpansion('togglebut12', 'msgc12', 'msge12');return false;">&nbsp;</span>
           <div class="titleText errorMessage" id="msgc12">Not&nbsp;yet&nbsp;implemented</div>
           <div class="titleText errorMessage" id="msge12" style="display:none;"> <div>java.lang.AssertionError: Not yet implemented</div><div> at org.junit.Assert.fail(Assert.java:74)</div><div>	at <a href="../../../../transitdroid/service/rest/requests/UpdateUserRequestTest.html?line=41#src-41">transitdroid.service.rest.requests.UpdateUserRequestTest.testSetLastName(UpdateUserRequestTest.java:41)</a></div><div> at org.junit.internal.runners.TestMethod.invoke(TestMethod.java:59)</div><div> at org.junit.internal.runners.MethodRoadie.runTestMethod(MethodRoadie.java:98)</div><div> at org.junit.internal.runners.MethodRoadie$2.run(MethodRoadie.java:79)</div><div> at org.junit.internal.runners.MethodRoadie.runBeforesThenTestThenAfters(MethodRoadie.java:87)</div><div> at org.junit.internal.runners.MethodRoadie.runTest(MethodRoadie.java:77)</div><div> at org.junit.internal.runners.MethodRoadie.run(MethodRoadie.java:42)</div><div> at org.junit.internal.runners.JUnit4ClassRunner.invokeTestMethod(JUnit4ClassRunner.java:88)</div><div> at org.junit.internal.runners.JUnit4ClassRunner.runMethods(JUnit4ClassRunner.java:51)</div><div> at org.junit.internal.runners.JUnit4ClassRunner$1.run(JUnit4ClassRunner.java:44)</div><div> at org.junit.internal.runners.ClassRoadie.runUnprotected(ClassRoadie.java:27)</div><div> at org.junit.internal.runners.ClassRoadie.runProtected(ClassRoadie.java:37)</div><div> at org.junit.internal.runners.JUnit4ClassRunner.run(JUnit4ClassRunner.java:42)</div><div> at org.eclipse.jdt.internal.junit4.runner.JUnit4TestReference.run(JUnit4TestReference.java:50)</div><div> at org.eclipse.jdt.internal.junit.runner.TestExecution.run(TestExecution.java:38)</div><div> at org.eclipse.jdt.internal.junit.runner.RemoteTestRunner.runTests(RemoteTestRunner.java:467)</div><div> at org.eclipse.jdt.internal.junit.runner.RemoteTestRunner.runTests(RemoteTestRunner.java:683)</div><div> at org.eclipse.jdt.internal.junit.runner.RemoteTestRunner.run(RemoteTestRunner.java:390)</div><div> at org.eclipse.jdt.internal.junit.runner.RemoteTestRunner.main(RemoteTestRunner.java:197)</div> </div>
                  </td>
    </tr>
          <tr>
        <td class="graphItem alignTop" colspan="2"><span class="sortValue">UpdateUserRequestTest.testGetId</span><a href="UpdateUserRequestTest_testGetId_ei.html">UpdateUserRequestTest.testGetId</a></td>
        <td class="graphPercent alignTop" colspan="1" style="whitespace:nowrap;"><span class="sortValue">1365181966377</span>5 Apr 13:12:46</td>
        <td class="graphPercent alignTop" colspan="1">      <span class="sortValue">3</span>
    <span class="testResultFailure">FAIL</span>
  </td>
        <td class="graphPercent alignTop" colspan="1"><span class="sortValue">0.0</span>0</td>
        <td class="graphItemRight alignTop" colspan="6" style="width:50%">
          <span class="sortValue">Not&nbsp;yet&nbsp;implemented</span>
           <span class="expand" id="togglebut13" onclick="toggleNodeExpansion('togglebut13', 'msgc13', 'msge13');return false;">&nbsp;</span>
           <div class="titleText errorMessage" id="msgc13">Not&nbsp;yet&nbsp;implemented</div>
           <div class="titleText errorMessage" id="msge13" style="display:none;"> <div>java.lang.AssertionError: Not yet implemented</div><div> at org.junit.Assert.fail(Assert.java:74)</div><div>	at <a href="../../../../transitdroid/service/rest/requests/UpdateUserRequestTest.html?line=86#src-86">transitdroid.service.rest.requests.UpdateUserRequestTest.testGetId(UpdateUserRequestTest.java:86)</a></div><div> at org.junit.internal.runners.TestMethod.invoke(TestMethod.java:59)</div><div> at org.junit.internal.runners.MethodRoadie.runTestMethod(MethodRoadie.java:98)</div><div> at org.junit.internal.runners.MethodRoadie$2.run(MethodRoadie.java:79)</div><div> at org.junit.internal.runners.MethodRoadie.runBeforesThenTestThenAfters(MethodRoadie.java:87)</div><div> at org.junit.internal.runners.MethodRoadie.runTest(MethodRoadie.java:77)</div><div> at org.junit.internal.runners.MethodRoadie.run(MethodRoadie.java:42)</div><div> at org.junit.internal.runners.JUnit4ClassRunner.invokeTestMethod(JUnit4ClassRunner.java:88)</div><div> at org.junit.internal.runners.JUnit4ClassRunner.runMethods(JUnit4ClassRunner.java:51)</div><div> at org.junit.internal.runners.JUnit4ClassRunner$1.run(JUnit4ClassRunner.java:44)</div><div> at org.junit.internal.runners.ClassRoadie.runUnprotected(ClassRoadie.java:27)</div><div> at org.junit.internal.runners.ClassRoadie.runProtected(ClassRoadie.java:37)</div><div> at org.junit.internal.runners.JUnit4ClassRunner.run(JUnit4ClassRunner.java:42)</div><div> at org.eclipse.jdt.internal.junit4.runner.JUnit4TestReference.run(JUnit4TestReference.java:50)</div><div> at org.eclipse.jdt.internal.junit.runner.TestExecution.run(TestExecution.java:38)</div><div> at org.eclipse.jdt.internal.junit.runner.RemoteTestRunner.runTests(RemoteTestRunner.java:467)</div><div> at org.eclipse.jdt.internal.junit.runner.RemoteTestRunner.runTests(RemoteTestRunner.java:683)</div><div> at org.eclipse.jdt.internal.junit.runner.RemoteTestRunner.run(RemoteTestRunner.java:390)</div><div> at org.eclipse.jdt.internal.junit.runner.RemoteTestRunner.main(RemoteTestRunner.java:197)</div> </div>
                  </td>
    </tr>
          <tr>
        <td class="graphItem alignTop" colspan="2"><span class="sortValue">UpdateUserRequestTest.testSetSalt</span><a href="UpdateUserRequestTest_testSetSalt_wl.html">UpdateUserRequestTest.testSetSalt</a></td>
        <td class="graphPercent alignTop" colspan="1" style="whitespace:nowrap;"><span class="sortValue">1365181896750</span>5 Apr 13:11:36</td>
        <td class="graphPercent alignTop" colspan="1">      <span class="sortValue">3</span>
    <span class="testResultFailure">FAIL</span>
  </td>
        <td class="graphPercent alignTop" colspan="1"><span class="sortValue">0.0</span>0</td>
        <td class="graphItemRight alignTop" colspan="6" style="width:50%">
          <span class="sortValue">Not&nbsp;yet&nbsp;implemented</span>
           <span class="expand" id="togglebut14" onclick="toggleNodeExpansion('togglebut14', 'msgc14', 'msge14');return false;">&nbsp;</span>
           <div class="titleText errorMessage" id="msgc14">Not&nbsp;yet&nbsp;implemented</div>
           <div class="titleText errorMessage" id="msge14" style="display:none;"> <div>java.lang.AssertionError: Not yet implemented</div><div> at org.junit.Assert.fail(Assert.java:74)</div><div>	at <a href="../../../../transitdroid/service/rest/requests/UpdateUserRequestTest.html?line=71#src-71">transitdroid.service.rest.requests.UpdateUserRequestTest.testSetSalt(UpdateUserRequestTest.java:71)</a></div><div> at org.junit.internal.runners.TestMethod.invoke(TestMethod.java:59)</div><div> at org.junit.internal.runners.MethodRoadie.runTestMethod(MethodRoadie.java:98)</div><div> at org.junit.internal.runners.MethodRoadie$2.run(MethodRoadie.java:79)</div><div> at org.junit.internal.runners.MethodRoadie.runBeforesThenTestThenAfters(MethodRoadie.java:87)</div><div> at org.junit.internal.runners.MethodRoadie.runTest(MethodRoadie.java:77)</div><div> at org.junit.internal.runners.MethodRoadie.run(MethodRoadie.java:42)</div><div> at org.junit.internal.runners.JUnit4ClassRunner.invokeTestMethod(JUnit4ClassRunner.java:88)</div><div> at org.junit.internal.runners.JUnit4ClassRunner.runMethods(JUnit4ClassRunner.java:51)</div><div> at org.junit.internal.runners.JUnit4ClassRunner$1.run(JUnit4ClassRunner.java:44)</div><div> at org.junit.internal.runners.ClassRoadie.runUnprotected(ClassRoadie.java:27)</div><div> at org.junit.internal.runners.ClassRoadie.runProtected(ClassRoadie.java:37)</div><div> at org.junit.internal.runners.JUnit4ClassRunner.run(JUnit4ClassRunner.java:42)</div><div> at org.eclipse.jdt.internal.junit4.runner.JUnit4TestReference.run(JUnit4TestReference.java:50)</div><div> at org.eclipse.jdt.internal.junit.runner.TestExecution.run(TestExecution.java:38)</div><div> at org.eclipse.jdt.internal.junit.runner.RemoteTestRunner.runTests(RemoteTestRunner.java:467)</div><div> at org.eclipse.jdt.internal.junit.runner.RemoteTestRunner.runTests(RemoteTestRunner.java:683)</div><div> at org.eclipse.jdt.internal.junit.runner.RemoteTestRunner.run(RemoteTestRunner.java:390)</div><div> at org.eclipse.jdt.internal.junit.runner.RemoteTestRunner.main(RemoteTestRunner.java:197)</div> </div>
                  </td>
    </tr>
          <tr>
        <td class="graphItem alignTop" colspan="2"><span class="sortValue">UpdateUserRequestTest.testSetRoles</span><a href="UpdateUserRequestTest_testSetRoles_4c.html">UpdateUserRequestTest.testSetRoles</a></td>
        <td class="graphPercent alignTop" colspan="1" style="whitespace:nowrap;"><span class="sortValue">1365181896725</span>5 Apr 13:11:36</td>
        <td class="graphPercent alignTop" colspan="1">      <span class="sortValue">3</span>
    <span class="testResultFailure">FAIL</span>
  </td>
        <td class="graphPercent alignTop" colspan="1"><span class="sortValue">0.0</span>0</td>
        <td class="graphItemRight alignTop" colspan="6" style="width:50%">
          <span class="sortValue">Not&nbsp;yet&nbsp;implemented</span>
           <span class="expand" id="togglebut15" onclick="toggleNodeExpansion('togglebut15', 'msgc15', 'msge15');return false;">&nbsp;</span>
           <div class="titleText errorMessage" id="msgc15">Not&nbsp;yet&nbsp;implemented</div>
           <div class="titleText errorMessage" id="msge15" style="display:none;"> <div>java.lang.AssertionError: Not yet implemented</div><div> at org.junit.Assert.fail(Assert.java:74)</div><div>	at <a href="../../../../transitdroid/service/rest/requests/UpdateUserRequestTest.html?line=21#src-21">transitdroid.service.rest.requests.UpdateUserRequestTest.testSetRoles(UpdateUserRequestTest.java:21)</a></div><div> at org.junit.internal.runners.TestMethod.invoke(TestMethod.java:59)</div><div> at org.junit.internal.runners.MethodRoadie.runTestMethod(MethodRoadie.java:98)</div><div> at org.junit.internal.runners.MethodRoadie$2.run(MethodRoadie.java:79)</div><div> at org.junit.internal.runners.MethodRoadie.runBeforesThenTestThenAfters(MethodRoadie.java:87)</div><div> at org.junit.internal.runners.MethodRoadie.runTest(MethodRoadie.java:77)</div><div> at org.junit.internal.runners.MethodRoadie.run(MethodRoadie.java:42)</div><div> at org.junit.internal.runners.JUnit4ClassRunner.invokeTestMethod(JUnit4ClassRunner.java:88)</div><div> at org.junit.internal.runners.JUnit4ClassRunner.runMethods(JUnit4ClassRunner.java:51)</div><div> at org.junit.internal.runners.JUnit4ClassRunner$1.run(JUnit4ClassRunner.java:44)</div><div> at org.junit.internal.runners.ClassRoadie.runUnprotected(ClassRoadie.java:27)</div><div> at org.junit.internal.runners.ClassRoadie.runProtected(ClassRoadie.java:37)</div><div> at org.junit.internal.runners.JUnit4ClassRunner.run(JUnit4ClassRunner.java:42)</div><div> at org.eclipse.jdt.internal.junit4.runner.JUnit4TestReference.run(JUnit4TestReference.java:50)</div><div> at org.eclipse.jdt.internal.junit.runner.TestExecution.run(TestExecution.java:38)</div><div> at org.eclipse.jdt.internal.junit.runner.RemoteTestRunner.runTests(RemoteTestRunner.java:467)</div><div> at org.eclipse.jdt.internal.junit.runner.RemoteTestRunner.runTests(RemoteTestRunner.java:683)</div><div> at org.eclipse.jdt.internal.junit.runner.RemoteTestRunner.run(RemoteTestRunner.java:390)</div><div> at org.eclipse.jdt.internal.junit.runner.RemoteTestRunner.main(RemoteTestRunner.java:197)</div> </div>
                  </td>
    </tr>
          <tr>
        <td class="graphItem alignTop" colspan="2"><span class="sortValue">UpdateUserRequestTest.testSetFirstName</span><a href="UpdateUserRequestTest_testSetFirstName_s9.html">UpdateUserRequestTest.testSetFirstName</a></td>
        <td class="graphPercent alignTop" colspan="1" style="whitespace:nowrap;"><span class="sortValue">1365181896729</span>5 Apr 13:11:36</td>
        <td class="graphPercent alignTop" colspan="1">      <span class="sortValue">3</span>
    <span class="testResultFailure">FAIL</span>
  </td>
        <td class="graphPercent alignTop" colspan="1"><span class="sortValue">0.0010</span>0.001</td>
        <td class="graphItemRight alignTop" colspan="6" style="width:50%">
          <span class="sortValue">Not&nbsp;yet&nbsp;implemented</span>
           <span class="expand" id="togglebut16" onclick="toggleNodeExpansion('togglebut16', 'msgc16', 'msge16');return false;">&nbsp;</span>
           <div class="titleText errorMessage" id="msgc16">Not&nbsp;yet&nbsp;implemented</div>
           <div class="titleText errorMessage" id="msge16" style="display:none;"> <div>java.lang.AssertionError: Not yet implemented</div><div> at org.junit.Assert.fail(Assert.java:74)</div><div>	at <a href="../../../../transitdroid/service/rest/requests/UpdateUserRequestTest.html?line=31#src-31">transitdroid.service.rest.requests.UpdateUserRequestTest.testSetFirstName(UpdateUserRequestTest.java:31)</a></div><div> at org.junit.internal.runners.TestMethod.invoke(TestMethod.java:59)</div><div> at org.junit.internal.runners.MethodRoadie.runTestMethod(MethodRoadie.java:98)</div><div> at org.junit.internal.runners.MethodRoadie$2.run(MethodRoadie.java:79)</div><div> at org.junit.internal.runners.MethodRoadie.runBeforesThenTestThenAfters(MethodRoadie.java:87)</div><div> at org.junit.internal.runners.MethodRoadie.runTest(MethodRoadie.java:77)</div><div> at org.junit.internal.runners.MethodRoadie.run(MethodRoadie.java:42)</div><div> at org.junit.internal.runners.JUnit4ClassRunner.invokeTestMethod(JUnit4ClassRunner.java:88)</div><div> at org.junit.internal.runners.JUnit4ClassRunner.runMethods(JUnit4ClassRunner.java:51)</div><div> at org.junit.internal.runners.JUnit4ClassRunner$1.run(JUnit4ClassRunner.java:44)</div><div> at org.junit.internal.runners.ClassRoadie.runUnprotected(ClassRoadie.java:27)</div><div> at org.junit.internal.runners.ClassRoadie.runProtected(ClassRoadie.java:37)</div><div> at org.junit.internal.runners.JUnit4ClassRunner.run(JUnit4ClassRunner.java:42)</div><div> at org.eclipse.jdt.internal.junit4.runner.JUnit4TestReference.run(JUnit4TestReference.java:50)</div><div> at org.eclipse.jdt.internal.junit.runner.TestExecution.run(TestExecution.java:38)</div><div> at org.eclipse.jdt.internal.junit.runner.RemoteTestRunner.runTests(RemoteTestRunner.java:467)</div><div> at org.eclipse.jdt.internal.junit.runner.RemoteTestRunner.runTests(RemoteTestRunner.java:683)</div><div> at org.eclipse.jdt.internal.junit.runner.RemoteTestRunner.run(RemoteTestRunner.java:390)</div><div> at org.eclipse.jdt.internal.junit.runner.RemoteTestRunner.main(RemoteTestRunner.java:197)</div> </div>
                  </td>
    </tr>
          <tr>
        <td class="graphItem alignTop" colspan="2"><span class="sortValue">UpdateUserRequestTest.testSetUsername</span><a href="UpdateUserRequestTest_testSetUsername_12t.html">UpdateUserRequestTest.testSetUsername</a></td>
        <td class="graphPercent alignTop" colspan="1" style="whitespace:nowrap;"><span class="sortValue">1365181966351</span>5 Apr 13:12:46</td>
        <td class="graphPercent alignTop" colspan="1">      <span class="sortValue">3</span>
    <span class="testResultFailure">FAIL</span>
  </td>
        <td class="graphPercent alignTop" colspan="1"><span class="sortValue">0.0</span>0</td>
        <td class="graphItemRight alignTop" colspan="6" style="width:50%">
          <span class="sortValue">Not&nbsp;yet&nbsp;implemented</span>
           <span class="expand" id="togglebut17" onclick="toggleNodeExpansion('togglebut17', 'msgc17', 'msge17');return false;">&nbsp;</span>
           <div class="titleText errorMessage" id="msgc17">Not&nbsp;yet&nbsp;implemented</div>
           <div class="titleText errorMessage" id="msge17" style="display:none;"> <div>java.lang.AssertionError: Not yet implemented</div><div> at org.junit.Assert.fail(Assert.java:74)</div><div>	at <a href="../../../../transitdroid/service/rest/requests/UpdateUserRequestTest.html?line=51#src-51">transitdroid.service.rest.requests.UpdateUserRequestTest.testSetUsername(UpdateUserRequestTest.java:51)</a></div><div> at org.junit.internal.runners.TestMethod.invoke(TestMethod.java:59)</div><div> at org.junit.internal.runners.MethodRoadie.runTestMethod(MethodRoadie.java:98)</div><div> at org.junit.internal.runners.MethodRoadie$2.run(MethodRoadie.java:79)</div><div> at org.junit.internal.runners.MethodRoadie.runBeforesThenTestThenAfters(MethodRoadie.java:87)</div><div> at org.junit.internal.runners.MethodRoadie.runTest(MethodRoadie.java:77)</div><div> at org.junit.internal.runners.MethodRoadie.run(MethodRoadie.java:42)</div><div> at org.junit.internal.runners.JUnit4ClassRunner.invokeTestMethod(JUnit4ClassRunner.java:88)</div><div> at org.junit.internal.runners.JUnit4ClassRunner.runMethods(JUnit4ClassRunner.java:51)</div><div> at org.junit.internal.runners.JUnit4ClassRunner$1.run(JUnit4ClassRunner.java:44)</div><div> at org.junit.internal.runners.ClassRoadie.runUnprotected(ClassRoadie.java:27)</div><div> at org.junit.internal.runners.ClassRoadie.runProtected(ClassRoadie.java:37)</div><div> at org.junit.internal.runners.JUnit4ClassRunner.run(JUnit4ClassRunner.java:42)</div><div> at org.eclipse.jdt.internal.junit4.runner.JUnit4TestReference.run(JUnit4TestReference.java:50)</div><div> at org.eclipse.jdt.internal.junit.runner.TestExecution.run(TestExecution.java:38)</div><div> at org.eclipse.jdt.internal.junit.runner.RemoteTestRunner.runTests(RemoteTestRunner.java:467)</div><div> at org.eclipse.jdt.internal.junit.runner.RemoteTestRunner.runTests(RemoteTestRunner.java:683)</div><div> at org.eclipse.jdt.internal.junit.runner.RemoteTestRunner.run(RemoteTestRunner.java:390)</div><div> at org.eclipse.jdt.internal.junit.runner.RemoteTestRunner.main(RemoteTestRunner.java:197)</div> </div>
                  </td>
    </tr>
          <tr>
        <td class="graphItem alignTop" colspan="2"><span class="sortValue">UpdateUserRequestTest.testGetFirstName</span><a href="UpdateUserRequestTest_testGetFirstName_17i.html">UpdateUserRequestTest.testGetFirstName</a></td>
        <td class="graphPercent alignTop" colspan="1" style="whitespace:nowrap;"><span class="sortValue">1365181966331</span>5 Apr 13:12:46</td>
        <td class="graphPercent alignTop" colspan="1">      <span class="sortValue">3</span>
    <span class="testResultFailure">FAIL</span>
  </td>
        <td class="graphPercent alignTop" colspan="1"><span class="sortValue">0.0</span>0</td>
        <td class="graphItemRight alignTop" colspan="6" style="width:50%">
          <span class="sortValue">Not&nbsp;yet&nbsp;implemented</span>
           <span class="expand" id="togglebut18" onclick="toggleNodeExpansion('togglebut18', 'msgc18', 'msge18');return false;">&nbsp;</span>
           <div class="titleText errorMessage" id="msgc18">Not&nbsp;yet&nbsp;implemented</div>
           <div class="titleText errorMessage" id="msge18" style="display:none;"> <div>java.lang.AssertionError: Not yet implemented</div><div> at org.junit.Assert.fail(Assert.java:74)</div><div>	at <a href="../../../../transitdroid/service/rest/requests/UpdateUserRequestTest.html?line=26#src-26">transitdroid.service.rest.requests.UpdateUserRequestTest.testGetFirstName(UpdateUserRequestTest.java:26)</a></div><div> at org.junit.internal.runners.TestMethod.invoke(TestMethod.java:59)</div><div> at org.junit.internal.runners.MethodRoadie.runTestMethod(MethodRoadie.java:98)</div><div> at org.junit.internal.runners.MethodRoadie$2.run(MethodRoadie.java:79)</div><div> at org.junit.internal.runners.MethodRoadie.runBeforesThenTestThenAfters(MethodRoadie.java:87)</div><div> at org.junit.internal.runners.MethodRoadie.runTest(MethodRoadie.java:77)</div><div> at org.junit.internal.runners.MethodRoadie.run(MethodRoadie.java:42)</div><div> at org.junit.internal.runners.JUnit4ClassRunner.invokeTestMethod(JUnit4ClassRunner.java:88)</div><div> at org.junit.internal.runners.JUnit4ClassRunner.runMethods(JUnit4ClassRunner.java:51)</div><div> at org.junit.internal.runners.JUnit4ClassRunner$1.run(JUnit4ClassRunner.java:44)</div><div> at org.junit.internal.runners.ClassRoadie.runUnprotected(ClassRoadie.java:27)</div><div> at org.junit.internal.runners.ClassRoadie.runProtected(ClassRoadie.java:37)</div><div> at org.junit.internal.runners.JUnit4ClassRunner.run(JUnit4ClassRunner.java:42)</div><div> at org.eclipse.jdt.internal.junit4.runner.JUnit4TestReference.run(JUnit4TestReference.java:50)</div><div> at org.eclipse.jdt.internal.junit.runner.TestExecution.run(TestExecution.java:38)</div><div> at org.eclipse.jdt.internal.junit.runner.RemoteTestRunner.runTests(RemoteTestRunner.java:467)</div><div> at org.eclipse.jdt.internal.junit.runner.RemoteTestRunner.runTests(RemoteTestRunner.java:683)</div><div> at org.eclipse.jdt.internal.junit.runner.RemoteTestRunner.run(RemoteTestRunner.java:390)</div><div> at org.eclipse.jdt.internal.junit.runner.RemoteTestRunner.main(RemoteTestRunner.java:197)</div> </div>
                  </td>
    </tr>
          <tr>
        <td class="graphItem alignTop" colspan="2"><span class="sortValue">UpdateUserRequestTest.testGetLastName</span><a href="UpdateUserRequestTest_testGetLastName_lc.html">UpdateUserRequestTest.testGetLastName</a></td>
        <td class="graphPercent alignTop" colspan="1" style="whitespace:nowrap;"><span class="sortValue">1365181896732</span>5 Apr 13:11:36</td>
        <td class="graphPercent alignTop" colspan="1">      <span class="sortValue">3</span>
    <span class="testResultFailure">FAIL</span>
  </td>
        <td class="graphPercent alignTop" colspan="1"><span class="sortValue">0.0</span>0</td>
        <td class="graphItemRight alignTop" colspan="6" style="width:50%">
          <span class="sortValue">Not&nbsp;yet&nbsp;implemented</span>
           <span class="expand" id="togglebut19" onclick="toggleNodeExpansion('togglebut19', 'msgc19', 'msge19');return false;">&nbsp;</span>
           <div class="titleText errorMessage" id="msgc19">Not&nbsp;yet&nbsp;implemented</div>
           <div class="titleText errorMessage" id="msge19" style="display:none;"> <div>java.lang.AssertionError: Not yet implemented</div><div> at org.junit.Assert.fail(Assert.java:74)</div><div>	at <a href="../../../../transitdroid/service/rest/requests/UpdateUserRequestTest.html?line=36#src-36">transitdroid.service.rest.requests.UpdateUserRequestTest.testGetLastName(UpdateUserRequestTest.java:36)</a></div><div> at org.junit.internal.runners.TestMethod.invoke(TestMethod.java:59)</div><div> at org.junit.internal.runners.MethodRoadie.runTestMethod(MethodRoadie.java:98)</div><div> at org.junit.internal.runners.MethodRoadie$2.run(MethodRoadie.java:79)</div><div> at org.junit.internal.runners.MethodRoadie.runBeforesThenTestThenAfters(MethodRoadie.java:87)</div><div> at org.junit.internal.runners.MethodRoadie.runTest(MethodRoadie.java:77)</div><div> at org.junit.internal.runners.MethodRoadie.run(MethodRoadie.java:42)</div><div> at org.junit.internal.runners.JUnit4ClassRunner.invokeTestMethod(JUnit4ClassRunner.java:88)</div><div> at org.junit.internal.runners.JUnit4ClassRunner.runMethods(JUnit4ClassRunner.java:51)</div><div> at org.junit.internal.runners.JUnit4ClassRunner$1.run(JUnit4ClassRunner.java:44)</div><div> at org.junit.internal.runners.ClassRoadie.runUnprotected(ClassRoadie.java:27)</div><div> at org.junit.internal.runners.ClassRoadie.runProtected(ClassRoadie.java:37)</div><div> at org.junit.internal.runners.JUnit4ClassRunner.run(JUnit4ClassRunner.java:42)</div><div> at org.eclipse.jdt.internal.junit4.runner.JUnit4TestReference.run(JUnit4TestReference.java:50)</div><div> at org.eclipse.jdt.internal.junit.runner.TestExecution.run(TestExecution.java:38)</div><div> at org.eclipse.jdt.internal.junit.runner.RemoteTestRunner.runTests(RemoteTestRunner.java:467)</div><div> at org.eclipse.jdt.internal.junit.runner.RemoteTestRunner.runTests(RemoteTestRunner.java:683)</div><div> at org.eclipse.jdt.internal.junit.runner.RemoteTestRunner.run(RemoteTestRunner.java:390)</div><div> at org.eclipse.jdt.internal.junit.runner.RemoteTestRunner.main(RemoteTestRunner.java:197)</div> </div>
                  </td>
    </tr>
          <tr>
        <td class="graphItem alignTop" colspan="2"><span class="sortValue">UpdateUserRequestTest.testGetVersion</span><a href="UpdateUserRequestTest_testGetVersion_xb.html">UpdateUserRequestTest.testGetVersion</a></td>
        <td class="graphPercent alignTop" colspan="1" style="whitespace:nowrap;"><span class="sortValue">1365181896721</span>5 Apr 13:11:36</td>
        <td class="graphPercent alignTop" colspan="1">      <span class="sortValue">3</span>
    <span class="testResultFailure">FAIL</span>
  </td>
        <td class="graphPercent alignTop" colspan="1"><span class="sortValue">0.0</span>0</td>
        <td class="graphItemRight alignTop" colspan="6" style="width:50%">
          <span class="sortValue">Not&nbsp;yet&nbsp;implemented</span>
           <span class="expand" id="togglebut20" onclick="toggleNodeExpansion('togglebut20', 'msgc20', 'msge20');return false;">&nbsp;</span>
           <div class="titleText errorMessage" id="msgc20">Not&nbsp;yet&nbsp;implemented</div>
           <div class="titleText errorMessage" id="msge20" style="display:none;"> <div>java.lang.AssertionError: Not yet implemented</div><div> at org.junit.Assert.fail(Assert.java:74)</div><div>	at <a href="../../../../transitdroid/service/rest/requests/UpdateUserRequestTest.html?line=76#src-76">transitdroid.service.rest.requests.UpdateUserRequestTest.testGetVersion(UpdateUserRequestTest.java:76)</a></div><div> at org.junit.internal.runners.TestMethod.invoke(TestMethod.java:59)</div><div> at org.junit.internal.runners.MethodRoadie.runTestMethod(MethodRoadie.java:98)</div><div> at org.junit.internal.runners.MethodRoadie$2.run(MethodRoadie.java:79)</div><div> at org.junit.internal.runners.MethodRoadie.runBeforesThenTestThenAfters(MethodRoadie.java:87)</div><div> at org.junit.internal.runners.MethodRoadie.runTest(MethodRoadie.java:77)</div><div> at org.junit.internal.runners.MethodRoadie.run(MethodRoadie.java:42)</div><div> at org.junit.internal.runners.JUnit4ClassRunner.invokeTestMethod(JUnit4ClassRunner.java:88)</div><div> at org.junit.internal.runners.JUnit4ClassRunner.runMethods(JUnit4ClassRunner.java:51)</div><div> at org.junit.internal.runners.JUnit4ClassRunner$1.run(JUnit4ClassRunner.java:44)</div><div> at org.junit.internal.runners.ClassRoadie.runUnprotected(ClassRoadie.java:27)</div><div> at org.junit.internal.runners.ClassRoadie.runProtected(ClassRoadie.java:37)</div><div> at org.junit.internal.runners.JUnit4ClassRunner.run(JUnit4ClassRunner.java:42)</div><div> at org.eclipse.jdt.internal.junit4.runner.JUnit4TestReference.run(JUnit4TestReference.java:50)</div><div> at org.eclipse.jdt.internal.junit.runner.TestExecution.run(TestExecution.java:38)</div><div> at org.eclipse.jdt.internal.junit.runner.RemoteTestRunner.runTests(RemoteTestRunner.java:467)</div><div> at org.eclipse.jdt.internal.junit.runner.RemoteTestRunner.runTests(RemoteTestRunner.java:683)</div><div> at org.eclipse.jdt.internal.junit.runner.RemoteTestRunner.run(RemoteTestRunner.java:390)</div><div> at org.eclipse.jdt.internal.junit.runner.RemoteTestRunner.main(RemoteTestRunner.java:197)</div> </div>
                  </td>
    </tr>
          <tr>
        <td class="graphItem alignTop" colspan="2"><span class="sortValue">UpdateUserRequestTest.testGetId</span><a href="UpdateUserRequestTest_testGetId_13k.html">UpdateUserRequestTest.testGetId</a></td>
        <td class="graphPercent alignTop" colspan="1" style="whitespace:nowrap;"><span class="sortValue">1365181896755</span>5 Apr 13:11:36</td>
        <td class="graphPercent alignTop" colspan="1">      <span class="sortValue">3</span>
    <span class="testResultFailure">FAIL</span>
  </td>
        <td class="graphPercent alignTop" colspan="1"><span class="sortValue">0.0</span>0</td>
        <td class="graphItemRight alignTop" colspan="6" style="width:50%">
          <span class="sortValue">Not&nbsp;yet&nbsp;implemented</span>
           <span class="expand" id="togglebut21" onclick="toggleNodeExpansion('togglebut21', 'msgc21', 'msge21');return false;">&nbsp;</span>
           <div class="titleText errorMessage" id="msgc21">Not&nbsp;yet&nbsp;implemented</div>
           <div class="titleText errorMessage" id="msge21" style="display:none;"> <div>java.lang.AssertionError: Not yet implemented</div><div> at org.junit.Assert.fail(Assert.java:74)</div><div>	at <a href="../../../../transitdroid/service/rest/requests/UpdateUserRequestTest.html?line=86#src-86">transitdroid.service.rest.requests.UpdateUserRequestTest.testGetId(UpdateUserRequestTest.java:86)</a></div><div> at org.junit.internal.runners.TestMethod.invoke(TestMethod.java:59)</div><div> at org.junit.internal.runners.MethodRoadie.runTestMethod(MethodRoadie.java:98)</div><div> at org.junit.internal.runners.MethodRoadie$2.run(MethodRoadie.java:79)</div><div> at org.junit.internal.runners.MethodRoadie.runBeforesThenTestThenAfters(MethodRoadie.java:87)</div><div> at org.junit.internal.runners.MethodRoadie.runTest(MethodRoadie.java:77)</div><div> at org.junit.internal.runners.MethodRoadie.run(MethodRoadie.java:42)</div><div> at org.junit.internal.runners.JUnit4ClassRunner.invokeTestMethod(JUnit4ClassRunner.java:88)</div><div> at org.junit.internal.runners.JUnit4ClassRunner.runMethods(JUnit4ClassRunner.java:51)</div><div> at org.junit.internal.runners.JUnit4ClassRunner$1.run(JUnit4ClassRunner.java:44)</div><div> at org.junit.internal.runners.ClassRoadie.runUnprotected(ClassRoadie.java:27)</div><div> at org.junit.internal.runners.ClassRoadie.runProtected(ClassRoadie.java:37)</div><div> at org.junit.internal.runners.JUnit4ClassRunner.run(JUnit4ClassRunner.java:42)</div><div> at org.eclipse.jdt.internal.junit4.runner.JUnit4TestReference.run(JUnit4TestReference.java:50)</div><div> at org.eclipse.jdt.internal.junit.runner.TestExecution.run(TestExecution.java:38)</div><div> at org.eclipse.jdt.internal.junit.runner.RemoteTestRunner.runTests(RemoteTestRunner.java:467)</div><div> at org.eclipse.jdt.internal.junit.runner.RemoteTestRunner.runTests(RemoteTestRunner.java:683)</div><div> at org.eclipse.jdt.internal.junit.runner.RemoteTestRunner.run(RemoteTestRunner.java:390)</div><div> at org.eclipse.jdt.internal.junit.runner.RemoteTestRunner.main(RemoteTestRunner.java:197)</div> </div>
                  </td>
    </tr>
          <tr>
        <td class="graphItem alignTop" colspan="2"><span class="sortValue">UpdateUserRequestTest.testSetSalt</span><a href="UpdateUserRequestTest_testSetSalt_8x.html">UpdateUserRequestTest.testSetSalt</a></td>
        <td class="graphPercent alignTop" colspan="1" style="whitespace:nowrap;"><span class="sortValue">1365181966370</span>5 Apr 13:12:46</td>
        <td class="graphPercent alignTop" colspan="1">      <span class="sortValue">3</span>
    <span class="testResultFailure">FAIL</span>
  </td>
        <td class="graphPercent alignTop" colspan="1"><span class="sortValue">0.0</span>0</td>
        <td class="graphItemRight alignTop" colspan="6" style="width:50%">
          <span class="sortValue">Not&nbsp;yet&nbsp;implemented</span>
           <span class="expand" id="togglebut22" onclick="toggleNodeExpansion('togglebut22', 'msgc22', 'msge22');return false;">&nbsp;</span>
           <div class="titleText errorMessage" id="msgc22">Not&nbsp;yet&nbsp;implemented</div>
           <div class="titleText errorMessage" id="msge22" style="display:none;"> <div>java.lang.AssertionError: Not yet implemented</div><div> at org.junit.Assert.fail(Assert.java:74)</div><div>	at <a href="../../../../transitdroid/service/rest/requests/UpdateUserRequestTest.html?line=71#src-71">transitdroid.service.rest.requests.UpdateUserRequestTest.testSetSalt(UpdateUserRequestTest.java:71)</a></div><div> at org.junit.internal.runners.TestMethod.invoke(TestMethod.java:59)</div><div> at org.junit.internal.runners.MethodRoadie.runTestMethod(MethodRoadie.java:98)</div><div> at org.junit.internal.runners.MethodRoadie$2.run(MethodRoadie.java:79)</div><div> at org.junit.internal.runners.MethodRoadie.runBeforesThenTestThenAfters(MethodRoadie.java:87)</div><div> at org.junit.internal.runners.MethodRoadie.runTest(MethodRoadie.java:77)</div><div> at org.junit.internal.runners.MethodRoadie.run(MethodRoadie.java:42)</div><div> at org.junit.internal.runners.JUnit4ClassRunner.invokeTestMethod(JUnit4ClassRunner.java:88)</div><div> at org.junit.internal.runners.JUnit4ClassRunner.runMethods(JUnit4ClassRunner.java:51)</div><div> at org.junit.internal.runners.JUnit4ClassRunner$1.run(JUnit4ClassRunner.java:44)</div><div> at org.junit.internal.runners.ClassRoadie.runUnprotected(ClassRoadie.java:27)</div><div> at org.junit.internal.runners.ClassRoadie.runProtected(ClassRoadie.java:37)</div><div> at org.junit.internal.runners.JUnit4ClassRunner.run(JUnit4ClassRunner.java:42)</div><div> at org.eclipse.jdt.internal.junit4.runner.JUnit4TestReference.run(JUnit4TestReference.java:50)</div><div> at org.eclipse.jdt.internal.junit.runner.TestExecution.run(TestExecution.java:38)</div><div> at org.eclipse.jdt.internal.junit.runner.RemoteTestRunner.runTests(RemoteTestRunner.java:467)</div><div> at org.eclipse.jdt.internal.junit.runner.RemoteTestRunner.runTests(RemoteTestRunner.java:683)</div><div> at org.eclipse.jdt.internal.junit.runner.RemoteTestRunner.run(RemoteTestRunner.java:390)</div><div> at org.eclipse.jdt.internal.junit.runner.RemoteTestRunner.main(RemoteTestRunner.java:197)</div> </div>
                  </td>
    </tr>
          <tr>
        <td class="graphItem alignTop" colspan="2"><span class="sortValue">UpdateUserRequestTest.testSetFirstName</span><a href="UpdateUserRequestTest_testSetFirstName_zb.html">UpdateUserRequestTest.testSetFirstName</a></td>
        <td class="graphPercent alignTop" colspan="1" style="whitespace:nowrap;"><span class="sortValue">1365181966336</span>5 Apr 13:12:46</td>
        <td class="graphPercent alignTop" colspan="1">      <span class="sortValue">3</span>
    <span class="testResultFailure">FAIL</span>
  </td>
        <td class="graphPercent alignTop" colspan="1"><span class="sortValue">0.0020</span>0.002</td>
        <td class="graphItemRight alignTop" colspan="6" style="width:50%">
          <span class="sortValue">Not&nbsp;yet&nbsp;implemented</span>
           <span class="expand" id="togglebut23" onclick="toggleNodeExpansion('togglebut23', 'msgc23', 'msge23');return false;">&nbsp;</span>
           <div class="titleText errorMessage" id="msgc23">Not&nbsp;yet&nbsp;implemented</div>
           <div class="titleText errorMessage" id="msge23" style="display:none;"> <div>java.lang.AssertionError: Not yet implemented</div><div> at org.junit.Assert.fail(Assert.java:74)</div><div>	at <a href="../../../../transitdroid/service/rest/requests/UpdateUserRequestTest.html?line=31#src-31">transitdroid.service.rest.requests.UpdateUserRequestTest.testSetFirstName(UpdateUserRequestTest.java:31)</a></div><div> at org.junit.internal.runners.TestMethod.invoke(TestMethod.java:59)</div><div> at org.junit.internal.runners.MethodRoadie.runTestMethod(MethodRoadie.java:98)</div><div> at org.junit.internal.runners.MethodRoadie$2.run(MethodRoadie.java:79)</div><div> at org.junit.internal.runners.MethodRoadie.runBeforesThenTestThenAfters(MethodRoadie.java:87)</div><div> at org.junit.internal.runners.MethodRoadie.runTest(MethodRoadie.java:77)</div><div> at org.junit.internal.runners.MethodRoadie.run(MethodRoadie.java:42)</div><div> at org.junit.internal.runners.JUnit4ClassRunner.invokeTestMethod(JUnit4ClassRunner.java:88)</div><div> at org.junit.internal.runners.JUnit4ClassRunner.runMethods(JUnit4ClassRunner.java:51)</div><div> at org.junit.internal.runners.JUnit4ClassRunner$1.run(JUnit4ClassRunner.java:44)</div><div> at org.junit.internal.runners.ClassRoadie.runUnprotected(ClassRoadie.java:27)</div><div> at org.junit.internal.runners.ClassRoadie.runProtected(ClassRoadie.java:37)</div><div> at org.junit.internal.runners.JUnit4ClassRunner.run(JUnit4ClassRunner.java:42)</div><div> at org.eclipse.jdt.internal.junit4.runner.JUnit4TestReference.run(JUnit4TestReference.java:50)</div><div> at org.eclipse.jdt.internal.junit.runner.TestExecution.run(TestExecution.java:38)</div><div> at org.eclipse.jdt.internal.junit.runner.RemoteTestRunner.runTests(RemoteTestRunner.java:467)</div><div> at org.eclipse.jdt.internal.junit.runner.RemoteTestRunner.runTests(RemoteTestRunner.java:683)</div><div> at org.eclipse.jdt.internal.junit.runner.RemoteTestRunner.run(RemoteTestRunner.java:390)</div><div> at org.eclipse.jdt.internal.junit.runner.RemoteTestRunner.main(RemoteTestRunner.java:197)</div> </div>
                  </td>
    </tr>
          <tr>
        <td class="graphItem alignTop" colspan="2"><span class="sortValue">UpdateUserRequestTest.testSetRoles</span><a href="UpdateUserRequestTest_testSetRoles_179.html">UpdateUserRequestTest.testSetRoles</a></td>
        <td class="graphPercent alignTop" colspan="1" style="whitespace:nowrap;"><span class="sortValue">1365181966327</span>5 Apr 13:12:46</td>
        <td class="graphPercent alignTop" colspan="1">      <span class="sortValue">3</span>
    <span class="testResultFailure">FAIL</span>
  </td>
        <td class="graphPercent alignTop" colspan="1"><span class="sortValue">0.0010</span>0.001</td>
        <td class="graphItemRight alignTop" colspan="6" style="width:50%">
          <span class="sortValue">Not&nbsp;yet&nbsp;implemented</span>
           <span class="expand" id="togglebut24" onclick="toggleNodeExpansion('togglebut24', 'msgc24', 'msge24');return false;">&nbsp;</span>
           <div class="titleText errorMessage" id="msgc24">Not&nbsp;yet&nbsp;implemented</div>
           <div class="titleText errorMessage" id="msge24" style="display:none;"> <div>java.lang.AssertionError: Not yet implemented</div><div> at org.junit.Assert.fail(Assert.java:74)</div><div>	at <a href="../../../../transitdroid/service/rest/requests/UpdateUserRequestTest.html?line=21#src-21">transitdroid.service.rest.requests.UpdateUserRequestTest.testSetRoles(UpdateUserRequestTest.java:21)</a></div><div> at org.junit.internal.runners.TestMethod.invoke(TestMethod.java:59)</div><div> at org.junit.internal.runners.MethodRoadie.runTestMethod(MethodRoadie.java:98)</div><div> at org.junit.internal.runners.MethodRoadie$2.run(MethodRoadie.java:79)</div><div> at org.junit.internal.runners.MethodRoadie.runBeforesThenTestThenAfters(MethodRoadie.java:87)</div><div> at org.junit.internal.runners.MethodRoadie.runTest(MethodRoadie.java:77)</div><div> at org.junit.internal.runners.MethodRoadie.run(MethodRoadie.java:42)</div><div> at org.junit.internal.runners.JUnit4ClassRunner.invokeTestMethod(JUnit4ClassRunner.java:88)</div><div> at org.junit.internal.runners.JUnit4ClassRunner.runMethods(JUnit4ClassRunner.java:51)</div><div> at org.junit.internal.runners.JUnit4ClassRunner$1.run(JUnit4ClassRunner.java:44)</div><div> at org.junit.internal.runners.ClassRoadie.runUnprotected(ClassRoadie.java:27)</div><div> at org.junit.internal.runners.ClassRoadie.runProtected(ClassRoadie.java:37)</div><div> at org.junit.internal.runners.JUnit4ClassRunner.run(JUnit4ClassRunner.java:42)</div><div> at org.eclipse.jdt.internal.junit4.runner.JUnit4TestReference.run(JUnit4TestReference.java:50)</div><div> at org.eclipse.jdt.internal.junit.runner.TestExecution.run(TestExecution.java:38)</div><div> at org.eclipse.jdt.internal.junit.runner.RemoteTestRunner.runTests(RemoteTestRunner.java:467)</div><div> at org.eclipse.jdt.internal.junit.runner.RemoteTestRunner.runTests(RemoteTestRunner.java:683)</div><div> at org.eclipse.jdt.internal.junit.runner.RemoteTestRunner.run(RemoteTestRunner.java:390)</div><div> at org.eclipse.jdt.internal.junit.runner.RemoteTestRunner.main(RemoteTestRunner.java:197)</div> </div>
                  </td>
    </tr>
          <tr>
        <td class="graphItem alignTop" colspan="2"><span class="sortValue">UpdateUserRequestTest.testGetSalt</span><a href="UpdateUserRequestTest_testGetSalt_5k.html">UpdateUserRequestTest.testGetSalt</a></td>
        <td class="graphPercent alignTop" colspan="1" style="whitespace:nowrap;"><span class="sortValue">1365181896748</span>5 Apr 13:11:36</td>
        <td class="graphPercent alignTop" colspan="1">      <span class="sortValue">3</span>
    <span class="testResultFailure">FAIL</span>
  </td>
        <td class="graphPercent alignTop" colspan="1"><span class="sortValue">0.0</span>0</td>
        <td class="graphItemRight alignTop" colspan="6" style="width:50%">
          <span class="sortValue">Not&nbsp;yet&nbsp;implemented</span>
           <span class="expand" id="togglebut25" onclick="toggleNodeExpansion('togglebut25', 'msgc25', 'msge25');return false;">&nbsp;</span>
           <div class="titleText errorMessage" id="msgc25">Not&nbsp;yet&nbsp;implemented</div>
           <div class="titleText errorMessage" id="msge25" style="display:none;"> <div>java.lang.AssertionError: Not yet implemented</div><div> at org.junit.Assert.fail(Assert.java:74)</div><div>	at <a href="../../../../transitdroid/service/rest/requests/UpdateUserRequestTest.html?line=66#src-66">transitdroid.service.rest.requests.UpdateUserRequestTest.testGetSalt(UpdateUserRequestTest.java:66)</a></div><div> at org.junit.internal.runners.TestMethod.invoke(TestMethod.java:59)</div><div> at org.junit.internal.runners.MethodRoadie.runTestMethod(MethodRoadie.java:98)</div><div> at org.junit.internal.runners.MethodRoadie$2.run(MethodRoadie.java:79)</div><div> at org.junit.internal.runners.MethodRoadie.runBeforesThenTestThenAfters(MethodRoadie.java:87)</div><div> at org.junit.internal.runners.MethodRoadie.runTest(MethodRoadie.java:77)</div><div> at org.junit.internal.runners.MethodRoadie.run(MethodRoadie.java:42)</div><div> at org.junit.internal.runners.JUnit4ClassRunner.invokeTestMethod(JUnit4ClassRunner.java:88)</div><div> at org.junit.internal.runners.JUnit4ClassRunner.runMethods(JUnit4ClassRunner.java:51)</div><div> at org.junit.internal.runners.JUnit4ClassRunner$1.run(JUnit4ClassRunner.java:44)</div><div> at org.junit.internal.runners.ClassRoadie.runUnprotected(ClassRoadie.java:27)</div><div> at org.junit.internal.runners.ClassRoadie.runProtected(ClassRoadie.java:37)</div><div> at org.junit.internal.runners.JUnit4ClassRunner.run(JUnit4ClassRunner.java:42)</div><div> at org.eclipse.jdt.internal.junit4.runner.JUnit4TestReference.run(JUnit4TestReference.java:50)</div><div> at org.eclipse.jdt.internal.junit.runner.TestExecution.run(TestExecution.java:38)</div><div> at org.eclipse.jdt.internal.junit.runner.RemoteTestRunner.runTests(RemoteTestRunner.java:467)</div><div> at org.eclipse.jdt.internal.junit.runner.RemoteTestRunner.runTests(RemoteTestRunner.java:683)</div><div> at org.eclipse.jdt.internal.junit.runner.RemoteTestRunner.run(RemoteTestRunner.java:390)</div><div> at org.eclipse.jdt.internal.junit.runner.RemoteTestRunner.main(RemoteTestRunner.java:197)</div> </div>
                  </td>
    </tr>
          <tr>
        <td class="graphItem alignTop" colspan="2"><span class="sortValue">UpdateUserRequestTest.testUpdateUserRequest</span><a href="UpdateUserRequestTest_testUpdateUserRequest_sh.html">UpdateUserRequestTest.testUpdateUserRequest</a></td>
        <td class="graphPercent alignTop" colspan="1" style="whitespace:nowrap;"><span class="sortValue">1365181966381</span>5 Apr 13:12:46</td>
        <td class="graphPercent alignTop" colspan="1">      <span class="sortValue">3</span>
    <span class="testResultFailure">FAIL</span>
  </td>
        <td class="graphPercent alignTop" colspan="1"><span class="sortValue">0.0</span>0</td>
        <td class="graphItemRight alignTop" colspan="6" style="width:50%">
          <span class="sortValue">Not&nbsp;yet&nbsp;implemented</span>
           <span class="expand" id="togglebut26" onclick="toggleNodeExpansion('togglebut26', 'msgc26', 'msge26');return false;">&nbsp;</span>
           <div class="titleText errorMessage" id="msgc26">Not&nbsp;yet&nbsp;implemented</div>
           <div class="titleText errorMessage" id="msge26" style="display:none;"> <div>java.lang.AssertionError: Not yet implemented</div><div> at org.junit.Assert.fail(Assert.java:74)</div><div>	at <a href="../../../../transitdroid/service/rest/requests/UpdateUserRequestTest.html?line=11#src-11">transitdroid.service.rest.requests.UpdateUserRequestTest.testUpdateUserRequest(UpdateUserRequestTest.java:11)</a></div><div> at org.junit.internal.runners.TestMethod.invoke(TestMethod.java:59)</div><div> at org.junit.internal.runners.MethodRoadie.runTestMethod(MethodRoadie.java:98)</div><div> at org.junit.internal.runners.MethodRoadie$2.run(MethodRoadie.java:79)</div><div> at org.junit.internal.runners.MethodRoadie.runBeforesThenTestThenAfters(MethodRoadie.java:87)</div><div> at org.junit.internal.runners.MethodRoadie.runTest(MethodRoadie.java:77)</div><div> at org.junit.internal.runners.MethodRoadie.run(MethodRoadie.java:42)</div><div> at org.junit.internal.runners.JUnit4ClassRunner.invokeTestMethod(JUnit4ClassRunner.java:88)</div><div> at org.junit.internal.runners.JUnit4ClassRunner.runMethods(JUnit4ClassRunner.java:51)</div><div> at org.junit.internal.runners.JUnit4ClassRunner$1.run(JUnit4ClassRunner.java:44)</div><div> at org.junit.internal.runners.ClassRoadie.runUnprotected(ClassRoadie.java:27)</div><div> at org.junit.internal.runners.ClassRoadie.runProtected(ClassRoadie.java:37)</div><div> at org.junit.internal.runners.JUnit4ClassRunner.run(JUnit4ClassRunner.java:42)</div><div> at org.eclipse.jdt.internal.junit4.runner.JUnit4TestReference.run(JUnit4TestReference.java:50)</div><div> at org.eclipse.jdt.internal.junit.runner.TestExecution.run(TestExecution.java:38)</div><div> at org.eclipse.jdt.internal.junit.runner.RemoteTestRunner.runTests(RemoteTestRunner.java:467)</div><div> at org.eclipse.jdt.internal.junit.runner.RemoteTestRunner.runTests(RemoteTestRunner.java:683)</div><div> at org.eclipse.jdt.internal.junit.runner.RemoteTestRunner.run(RemoteTestRunner.java:390)</div><div> at org.eclipse.jdt.internal.junit.runner.RemoteTestRunner.main(RemoteTestRunner.java:197)</div> </div>
                  </td>
    </tr>
          <tr>
        <td class="graphItem alignTop" colspan="2"><span class="sortValue">UpdateUserRequestTest.testSetId</span><a href="UpdateUserRequestTest_testSetId_mx.html">UpdateUserRequestTest.testSetId</a></td>
        <td class="graphPercent alignTop" colspan="1" style="whitespace:nowrap;"><span class="sortValue">1365181966373</span>5 Apr 13:12:46</td>
        <td class="graphPercent alignTop" colspan="1">      <span class="sortValue">3</span>
    <span class="testResultFailure">FAIL</span>
  </td>
        <td class="graphPercent alignTop" colspan="1"><span class="sortValue">0.0</span>0</td>
        <td class="graphItemRight alignTop" colspan="6" style="width:50%">
          <span class="sortValue">Not&nbsp;yet&nbsp;implemented</span>
           <span class="expand" id="togglebut27" onclick="toggleNodeExpansion('togglebut27', 'msgc27', 'msge27');return false;">&nbsp;</span>
           <div class="titleText errorMessage" id="msgc27">Not&nbsp;yet&nbsp;implemented</div>
           <div class="titleText errorMessage" id="msge27" style="display:none;"> <div>java.lang.AssertionError: Not yet implemented</div><div> at org.junit.Assert.fail(Assert.java:74)</div><div>	at <a href="../../../../transitdroid/service/rest/requests/UpdateUserRequestTest.html?line=91#src-91">transitdroid.service.rest.requests.UpdateUserRequestTest.testSetId(UpdateUserRequestTest.java:91)</a></div><div> at org.junit.internal.runners.TestMethod.invoke(TestMethod.java:59)</div><div> at org.junit.internal.runners.MethodRoadie.runTestMethod(MethodRoadie.java:98)</div><div> at org.junit.internal.runners.MethodRoadie$2.run(MethodRoadie.java:79)</div><div> at org.junit.internal.runners.MethodRoadie.runBeforesThenTestThenAfters(MethodRoadie.java:87)</div><div> at org.junit.internal.runners.MethodRoadie.runTest(MethodRoadie.java:77)</div><div> at org.junit.internal.runners.MethodRoadie.run(MethodRoadie.java:42)</div><div> at org.junit.internal.runners.JUnit4ClassRunner.invokeTestMethod(JUnit4ClassRunner.java:88)</div><div> at org.junit.internal.runners.JUnit4ClassRunner.runMethods(JUnit4ClassRunner.java:51)</div><div> at org.junit.internal.runners.JUnit4ClassRunner$1.run(JUnit4ClassRunner.java:44)</div><div> at org.junit.internal.runners.ClassRoadie.runUnprotected(ClassRoadie.java:27)</div><div> at org.junit.internal.runners.ClassRoadie.runProtected(ClassRoadie.java:37)</div><div> at org.junit.internal.runners.JUnit4ClassRunner.run(JUnit4ClassRunner.java:42)</div><div> at org.eclipse.jdt.internal.junit4.runner.JUnit4TestReference.run(JUnit4TestReference.java:50)</div><div> at org.eclipse.jdt.internal.junit.runner.TestExecution.run(TestExecution.java:38)</div><div> at org.eclipse.jdt.internal.junit.runner.RemoteTestRunner.runTests(RemoteTestRunner.java:467)</div><div> at org.eclipse.jdt.internal.junit.runner.RemoteTestRunner.runTests(RemoteTestRunner.java:683)</div><div> at org.eclipse.jdt.internal.junit.runner.RemoteTestRunner.run(RemoteTestRunner.java:390)</div><div> at org.eclipse.jdt.internal.junit.runner.RemoteTestRunner.main(RemoteTestRunner.java:197)</div> </div>
                  </td>
    </tr>
          <tr>
        <td class="graphItem alignTop" colspan="2"><span class="sortValue">UpdateUserRequestTest.testGetLastName</span><a href="UpdateUserRequestTest_testGetLastName_ii.html">UpdateUserRequestTest.testGetLastName</a></td>
        <td class="graphPercent alignTop" colspan="1" style="whitespace:nowrap;"><span class="sortValue">1365181966341</span>5 Apr 13:12:46</td>
        <td class="graphPercent alignTop" colspan="1">      <span class="sortValue">3</span>
    <span class="testResultFailure">FAIL</span>
  </td>
        <td class="graphPercent alignTop" colspan="1"><span class="sortValue">0.0</span>0</td>
        <td class="graphItemRight alignTop" colspan="6" style="width:50%">
          <span class="sortValue">Not&nbsp;yet&nbsp;implemented</span>
           <span class="expand" id="togglebut28" onclick="toggleNodeExpansion('togglebut28', 'msgc28', 'msge28');return false;">&nbsp;</span>
           <div class="titleText errorMessage" id="msgc28">Not&nbsp;yet&nbsp;implemented</div>
           <div class="titleText errorMessage" id="msge28" style="display:none;"> <div>java.lang.AssertionError: Not yet implemented</div><div> at org.junit.Assert.fail(Assert.java:74)</div><div>	at <a href="../../../../transitdroid/service/rest/requests/UpdateUserRequestTest.html?line=36#src-36">transitdroid.service.rest.requests.UpdateUserRequestTest.testGetLastName(UpdateUserRequestTest.java:36)</a></div><div> at org.junit.internal.runners.TestMethod.invoke(TestMethod.java:59)</div><div> at org.junit.internal.runners.MethodRoadie.runTestMethod(MethodRoadie.java:98)</div><div> at org.junit.internal.runners.MethodRoadie$2.run(MethodRoadie.java:79)</div><div> at org.junit.internal.runners.MethodRoadie.runBeforesThenTestThenAfters(MethodRoadie.java:87)</div><div> at org.junit.internal.runners.MethodRoadie.runTest(MethodRoadie.java:77)</div><div> at org.junit.internal.runners.MethodRoadie.run(MethodRoadie.java:42)</div><div> at org.junit.internal.runners.JUnit4ClassRunner.invokeTestMethod(JUnit4ClassRunner.java:88)</div><div> at org.junit.internal.runners.JUnit4ClassRunner.runMethods(JUnit4ClassRunner.java:51)</div><div> at org.junit.internal.runners.JUnit4ClassRunner$1.run(JUnit4ClassRunner.java:44)</div><div> at org.junit.internal.runners.ClassRoadie.runUnprotected(ClassRoadie.java:27)</div><div> at org.junit.internal.runners.ClassRoadie.runProtected(ClassRoadie.java:37)</div><div> at org.junit.internal.runners.JUnit4ClassRunner.run(JUnit4ClassRunner.java:42)</div><div> at org.eclipse.jdt.internal.junit4.runner.JUnit4TestReference.run(JUnit4TestReference.java:50)</div><div> at org.eclipse.jdt.internal.junit.runner.TestExecution.run(TestExecution.java:38)</div><div> at org.eclipse.jdt.internal.junit.runner.RemoteTestRunner.runTests(RemoteTestRunner.java:467)</div><div> at org.eclipse.jdt.internal.junit.runner.RemoteTestRunner.runTests(RemoteTestRunner.java:683)</div><div> at org.eclipse.jdt.internal.junit.runner.RemoteTestRunner.run(RemoteTestRunner.java:390)</div><div> at org.eclipse.jdt.internal.junit.runner.RemoteTestRunner.main(RemoteTestRunner.java:197)</div> </div>
                  </td>
    </tr>
          <tr>
        <td class="graphItem alignTop" colspan="2"><span class="sortValue">UpdateUserRequestTest.testGetUsername</span><a href="UpdateUserRequestTest_testGetUsername_d8.html">UpdateUserRequestTest.testGetUsername</a></td>
        <td class="graphPercent alignTop" colspan="1" style="whitespace:nowrap;"><span class="sortValue">1365181896736</span>5 Apr 13:11:36</td>
        <td class="graphPercent alignTop" colspan="1">      <span class="sortValue">3</span>
    <span class="testResultFailure">FAIL</span>
  </td>
        <td class="graphPercent alignTop" colspan="1"><span class="sortValue">0.0010</span>0.001</td>
        <td class="graphItemRight alignTop" colspan="6" style="width:50%">
          <span class="sortValue">Not&nbsp;yet&nbsp;implemented</span>
           <span class="expand" id="togglebut29" onclick="toggleNodeExpansion('togglebut29', 'msgc29', 'msge29');return false;">&nbsp;</span>
           <div class="titleText errorMessage" id="msgc29">Not&nbsp;yet&nbsp;implemented</div>
           <div class="titleText errorMessage" id="msge29" style="display:none;"> <div>java.lang.AssertionError: Not yet implemented</div><div> at org.junit.Assert.fail(Assert.java:74)</div><div>	at <a href="../../../../transitdroid/service/rest/requests/UpdateUserRequestTest.html?line=46#src-46">transitdroid.service.rest.requests.UpdateUserRequestTest.testGetUsername(UpdateUserRequestTest.java:46)</a></div><div> at org.junit.internal.runners.TestMethod.invoke(TestMethod.java:59)</div><div> at org.junit.internal.runners.MethodRoadie.runTestMethod(MethodRoadie.java:98)</div><div> at org.junit.internal.runners.MethodRoadie$2.run(MethodRoadie.java:79)</div><div> at org.junit.internal.runners.MethodRoadie.runBeforesThenTestThenAfters(MethodRoadie.java:87)</div><div> at org.junit.internal.runners.MethodRoadie.runTest(MethodRoadie.java:77)</div><div> at org.junit.internal.runners.MethodRoadie.run(MethodRoadie.java:42)</div><div> at org.junit.internal.runners.JUnit4ClassRunner.invokeTestMethod(JUnit4ClassRunner.java:88)</div><div> at org.junit.internal.runners.JUnit4ClassRunner.runMethods(JUnit4ClassRunner.java:51)</div><div> at org.junit.internal.runners.JUnit4ClassRunner$1.run(JUnit4ClassRunner.java:44)</div><div> at org.junit.internal.runners.ClassRoadie.runUnprotected(ClassRoadie.java:27)</div><div> at org.junit.internal.runners.ClassRoadie.runProtected(ClassRoadie.java:37)</div><div> at org.junit.internal.runners.JUnit4ClassRunner.run(JUnit4ClassRunner.java:42)</div><div> at org.eclipse.jdt.internal.junit4.runner.JUnit4TestReference.run(JUnit4TestReference.java:50)</div><div> at org.eclipse.jdt.internal.junit.runner.TestExecution.run(TestExecution.java:38)</div><div> at org.eclipse.jdt.internal.junit.runner.RemoteTestRunner.runTests(RemoteTestRunner.java:467)</div><div> at org.eclipse.jdt.internal.junit.runner.RemoteTestRunner.runTests(RemoteTestRunner.java:683)</div><div> at org.eclipse.jdt.internal.junit.runner.RemoteTestRunner.run(RemoteTestRunner.java:390)</div><div> at org.eclipse.jdt.internal.junit.runner.RemoteTestRunner.main(RemoteTestRunner.java:197)</div> </div>
                  </td>
    </tr>
          <tr>
        <td class="graphItem alignTop" colspan="2"><span class="sortValue">UpdateUserRequestTest.testGetPassword</span><a href="UpdateUserRequestTest_testGetPassword_n5.html">UpdateUserRequestTest.testGetPassword</a></td>
        <td class="graphPercent alignTop" colspan="1" style="whitespace:nowrap;"><span class="sortValue">1365181896741</span>5 Apr 13:11:36</td>
        <td class="graphPercent alignTop" colspan="1">      <span class="sortValue">3</span>
    <span class="testResultFailure">FAIL</span>
  </td>
        <td class="graphPercent alignTop" colspan="1"><span class="sortValue">0.0</span>0</td>
        <td class="graphItemRight alignTop" colspan="6" style="width:50%">
          <span class="sortValue">Not&nbsp;yet&nbsp;implemented</span>
           <span class="expand" id="togglebut30" onclick="toggleNodeExpansion('togglebut30', 'msgc30', 'msge30');return false;">&nbsp;</span>
           <div class="titleText errorMessage" id="msgc30">Not&nbsp;yet&nbsp;implemented</div>
           <div class="titleText errorMessage" id="msge30" style="display:none;"> <div>java.lang.AssertionError: Not yet implemented</div><div> at org.junit.Assert.fail(Assert.java:74)</div><div>	at <a href="../../../../transitdroid/service/rest/requests/UpdateUserRequestTest.html?line=56#src-56">transitdroid.service.rest.requests.UpdateUserRequestTest.testGetPassword(UpdateUserRequestTest.java:56)</a></div><div> at org.junit.internal.runners.TestMethod.invoke(TestMethod.java:59)</div><div> at org.junit.internal.runners.MethodRoadie.runTestMethod(MethodRoadie.java:98)</div><div> at org.junit.internal.runners.MethodRoadie$2.run(MethodRoadie.java:79)</div><div> at org.junit.internal.runners.MethodRoadie.runBeforesThenTestThenAfters(MethodRoadie.java:87)</div><div> at org.junit.internal.runners.MethodRoadie.runTest(MethodRoadie.java:77)</div><div> at org.junit.internal.runners.MethodRoadie.run(MethodRoadie.java:42)</div><div> at org.junit.internal.runners.JUnit4ClassRunner.invokeTestMethod(JUnit4ClassRunner.java:88)</div><div> at org.junit.internal.runners.JUnit4ClassRunner.runMethods(JUnit4ClassRunner.java:51)</div><div> at org.junit.internal.runners.JUnit4ClassRunner$1.run(JUnit4ClassRunner.java:44)</div><div> at org.junit.internal.runners.ClassRoadie.runUnprotected(ClassRoadie.java:27)</div><div> at org.junit.internal.runners.ClassRoadie.runProtected(ClassRoadie.java:37)</div><div> at org.junit.internal.runners.JUnit4ClassRunner.run(JUnit4ClassRunner.java:42)</div><div> at org.eclipse.jdt.internal.junit4.runner.JUnit4TestReference.run(JUnit4TestReference.java:50)</div><div> at org.eclipse.jdt.internal.junit.runner.TestExecution.run(TestExecution.java:38)</div><div> at org.eclipse.jdt.internal.junit.runner.RemoteTestRunner.runTests(RemoteTestRunner.java:467)</div><div> at org.eclipse.jdt.internal.junit.runner.RemoteTestRunner.runTests(RemoteTestRunner.java:683)</div><div> at org.eclipse.jdt.internal.junit.runner.RemoteTestRunner.run(RemoteTestRunner.java:390)</div><div> at org.eclipse.jdt.internal.junit.runner.RemoteTestRunner.main(RemoteTestRunner.java:197)</div> </div>
                  </td>
    </tr>
          <tr>
        <td class="graphItem alignTop" colspan="2"><span class="sortValue">UpdateUserRequestTest.testGetFirstName</span><a href="UpdateUserRequestTest_testGetFirstName_p6.html">UpdateUserRequestTest.testGetFirstName</a></td>
        <td class="graphPercent alignTop" colspan="1" style="whitespace:nowrap;"><span class="sortValue">1365181896727</span>5 Apr 13:11:36</td>
        <td class="graphPercent alignTop" colspan="1">      <span class="sortValue">3</span>
    <span class="testResultFailure">FAIL</span>
  </td>
        <td class="graphPercent alignTop" colspan="1"><span class="sortValue">0.0</span>0</td>
        <td class="graphItemRight alignTop" colspan="6" style="width:50%">
          <span class="sortValue">Not&nbsp;yet&nbsp;implemented</span>
           <span class="expand" id="togglebut31" onclick="toggleNodeExpansion('togglebut31', 'msgc31', 'msge31');return false;">&nbsp;</span>
           <div class="titleText errorMessage" id="msgc31">Not&nbsp;yet&nbsp;implemented</div>
           <div class="titleText errorMessage" id="msge31" style="display:none;"> <div>java.lang.AssertionError: Not yet implemented</div><div> at org.junit.Assert.fail(Assert.java:74)</div><div>	at <a href="../../../../transitdroid/service/rest/requests/UpdateUserRequestTest.html?line=26#src-26">transitdroid.service.rest.requests.UpdateUserRequestTest.testGetFirstName(UpdateUserRequestTest.java:26)</a></div><div> at org.junit.internal.runners.TestMethod.invoke(TestMethod.java:59)</div><div> at org.junit.internal.runners.MethodRoadie.runTestMethod(MethodRoadie.java:98)</div><div> at org.junit.internal.runners.MethodRoadie$2.run(MethodRoadie.java:79)</div><div> at org.junit.internal.runners.MethodRoadie.runBeforesThenTestThenAfters(MethodRoadie.java:87)</div><div> at org.junit.internal.runners.MethodRoadie.runTest(MethodRoadie.java:77)</div><div> at org.junit.internal.runners.MethodRoadie.run(MethodRoadie.java:42)</div><div> at org.junit.internal.runners.JUnit4ClassRunner.invokeTestMethod(JUnit4ClassRunner.java:88)</div><div> at org.junit.internal.runners.JUnit4ClassRunner.runMethods(JUnit4ClassRunner.java:51)</div><div> at org.junit.internal.runners.JUnit4ClassRunner$1.run(JUnit4ClassRunner.java:44)</div><div> at org.junit.internal.runners.ClassRoadie.runUnprotected(ClassRoadie.java:27)</div><div> at org.junit.internal.runners.ClassRoadie.runProtected(ClassRoadie.java:37)</div><div> at org.junit.internal.runners.JUnit4ClassRunner.run(JUnit4ClassRunner.java:42)</div><div> at org.eclipse.jdt.internal.junit4.runner.JUnit4TestReference.run(JUnit4TestReference.java:50)</div><div> at org.eclipse.jdt.internal.junit.runner.TestExecution.run(TestExecution.java:38)</div><div> at org.eclipse.jdt.internal.junit.runner.RemoteTestRunner.runTests(RemoteTestRunner.java:467)</div><div> at org.eclipse.jdt.internal.junit.runner.RemoteTestRunner.runTests(RemoteTestRunner.java:683)</div><div> at org.eclipse.jdt.internal.junit.runner.RemoteTestRunner.run(RemoteTestRunner.java:390)</div><div> at org.eclipse.jdt.internal.junit.runner.RemoteTestRunner.main(RemoteTestRunner.java:197)</div> </div>
                  </td>
    </tr>
          <tr>
        <td class="graphItem alignTop" colspan="2"><span class="sortValue">UpdateUserRequestTest.testSetPassword</span><a href="UpdateUserRequestTest_testSetPassword_gt.html">UpdateUserRequestTest.testSetPassword</a></td>
        <td class="graphPercent alignTop" colspan="1" style="whitespace:nowrap;"><span class="sortValue">1365181896743</span>5 Apr 13:11:36</td>
        <td class="graphPercent alignTop" colspan="1">      <span class="sortValue">3</span>
    <span class="testResultFailure">FAIL</span>
  </td>
        <td class="graphPercent alignTop" colspan="1"><span class="sortValue">0.0</span>0</td>
        <td class="graphItemRight alignTop" colspan="6" style="width:50%">
          <span class="sortValue">Not&nbsp;yet&nbsp;implemented</span>
           <span class="expand" id="togglebut32" onclick="toggleNodeExpansion('togglebut32', 'msgc32', 'msge32');return false;">&nbsp;</span>
           <div class="titleText errorMessage" id="msgc32">Not&nbsp;yet&nbsp;implemented</div>
           <div class="titleText errorMessage" id="msge32" style="display:none;"> <div>java.lang.AssertionError: Not yet implemented</div><div> at org.junit.Assert.fail(Assert.java:74)</div><div>	at <a href="../../../../transitdroid/service/rest/requests/UpdateUserRequestTest.html?line=61#src-61">transitdroid.service.rest.requests.UpdateUserRequestTest.testSetPassword(UpdateUserRequestTest.java:61)</a></div><div> at org.junit.internal.runners.TestMethod.invoke(TestMethod.java:59)</div><div> at org.junit.internal.runners.MethodRoadie.runTestMethod(MethodRoadie.java:98)</div><div> at org.junit.internal.runners.MethodRoadie$2.run(MethodRoadie.java:79)</div><div> at org.junit.internal.runners.MethodRoadie.runBeforesThenTestThenAfters(MethodRoadie.java:87)</div><div> at org.junit.internal.runners.MethodRoadie.runTest(MethodRoadie.java:77)</div><div> at org.junit.internal.runners.MethodRoadie.run(MethodRoadie.java:42)</div><div> at org.junit.internal.runners.JUnit4ClassRunner.invokeTestMethod(JUnit4ClassRunner.java:88)</div><div> at org.junit.internal.runners.JUnit4ClassRunner.runMethods(JUnit4ClassRunner.java:51)</div><div> at org.junit.internal.runners.JUnit4ClassRunner$1.run(JUnit4ClassRunner.java:44)</div><div> at org.junit.internal.runners.ClassRoadie.runUnprotected(ClassRoadie.java:27)</div><div> at org.junit.internal.runners.ClassRoadie.runProtected(ClassRoadie.java:37)</div><div> at org.junit.internal.runners.JUnit4ClassRunner.run(JUnit4ClassRunner.java:42)</div><div> at org.eclipse.jdt.internal.junit4.runner.JUnit4TestReference.run(JUnit4TestReference.java:50)</div><div> at org.eclipse.jdt.internal.junit.runner.TestExecution.run(TestExecution.java:38)</div><div> at org.eclipse.jdt.internal.junit.runner.RemoteTestRunner.runTests(RemoteTestRunner.java:467)</div><div> at org.eclipse.jdt.internal.junit.runner.RemoteTestRunner.runTests(RemoteTestRunner.java:683)</div><div> at org.eclipse.jdt.internal.junit.runner.RemoteTestRunner.run(RemoteTestRunner.java:390)</div><div> at org.eclipse.jdt.internal.junit.runner.RemoteTestRunner.main(RemoteTestRunner.java:197)</div> </div>
                  </td>
    </tr>
          <tr>
        <td class="graphItem alignTop" colspan="2"><span class="sortValue">UpdateUserRequestTest.testGetRoles</span><a href="UpdateUserRequestTest_testGetRoles_bo.html">UpdateUserRequestTest.testGetRoles</a></td>
        <td class="graphPercent alignTop" colspan="1" style="whitespace:nowrap;"><span class="sortValue">1365181896723</span>5 Apr 13:11:36</td>
        <td class="graphPercent alignTop" colspan="1">      <span class="sortValue">3</span>
    <span class="testResultFailure">FAIL</span>
  </td>
        <td class="graphPercent alignTop" colspan="1"><span class="sortValue">0.0</span>0</td>
        <td class="graphItemRight alignTop" colspan="6" style="width:50%">
          <span class="sortValue">Not&nbsp;yet&nbsp;implemented</span>
           <span class="expand" id="togglebut33" onclick="toggleNodeExpansion('togglebut33', 'msgc33', 'msge33');return false;">&nbsp;</span>
           <div class="titleText errorMessage" id="msgc33">Not&nbsp;yet&nbsp;implemented</div>
           <div class="titleText errorMessage" id="msge33" style="display:none;"> <div>java.lang.AssertionError: Not yet implemented</div><div> at org.junit.Assert.fail(Assert.java:74)</div><div>	at <a href="../../../../transitdroid/service/rest/requests/UpdateUserRequestTest.html?line=16#src-16">transitdroid.service.rest.requests.UpdateUserRequestTest.testGetRoles(UpdateUserRequestTest.java:16)</a></div><div> at org.junit.internal.runners.TestMethod.invoke(TestMethod.java:59)</div><div> at org.junit.internal.runners.MethodRoadie.runTestMethod(MethodRoadie.java:98)</div><div> at org.junit.internal.runners.MethodRoadie$2.run(MethodRoadie.java:79)</div><div> at org.junit.internal.runners.MethodRoadie.runBeforesThenTestThenAfters(MethodRoadie.java:87)</div><div> at org.junit.internal.runners.MethodRoadie.runTest(MethodRoadie.java:77)</div><div> at org.junit.internal.runners.MethodRoadie.run(MethodRoadie.java:42)</div><div> at org.junit.internal.runners.JUnit4ClassRunner.invokeTestMethod(JUnit4ClassRunner.java:88)</div><div> at org.junit.internal.runners.JUnit4ClassRunner.runMethods(JUnit4ClassRunner.java:51)</div><div> at org.junit.internal.runners.JUnit4ClassRunner$1.run(JUnit4ClassRunner.java:44)</div><div> at org.junit.internal.runners.ClassRoadie.runUnprotected(ClassRoadie.java:27)</div><div> at org.junit.internal.runners.ClassRoadie.runProtected(ClassRoadie.java:37)</div><div> at org.junit.internal.runners.JUnit4ClassRunner.run(JUnit4ClassRunner.java:42)</div><div> at org.eclipse.jdt.internal.junit4.runner.JUnit4TestReference.run(JUnit4TestReference.java:50)</div><div> at org.eclipse.jdt.internal.junit.runner.TestExecution.run(TestExecution.java:38)</div><div> at org.eclipse.jdt.internal.junit.runner.RemoteTestRunner.runTests(RemoteTestRunner.java:467)</div><div> at org.eclipse.jdt.internal.junit.runner.RemoteTestRunner.runTests(RemoteTestRunner.java:683)</div><div> at org.eclipse.jdt.internal.junit.runner.RemoteTestRunner.run(RemoteTestRunner.java:390)</div><div> at org.eclipse.jdt.internal.junit.runner.RemoteTestRunner.main(RemoteTestRunner.java:197)</div> </div>
                  </td>
    </tr>
          <tr>
        <td class="graphItem alignTop" colspan="2"><span class="sortValue">UpdateUserRequestTest.testGetRoles</span><a href="UpdateUserRequestTest_testGetRoles_95.html">UpdateUserRequestTest.testGetRoles</a></td>
        <td class="graphPercent alignTop" colspan="1" style="whitespace:nowrap;"><span class="sortValue">1365181966324</span>5 Apr 13:12:46</td>
        <td class="graphPercent alignTop" colspan="1">      <span class="sortValue">3</span>
    <span class="testResultFailure">FAIL</span>
  </td>
        <td class="graphPercent alignTop" colspan="1"><span class="sortValue">0.0</span>0</td>
        <td class="graphItemRight alignTop" colspan="6" style="width:50%">
          <span class="sortValue">Not&nbsp;yet&nbsp;implemented</span>
           <span class="expand" id="togglebut34" onclick="toggleNodeExpansion('togglebut34', 'msgc34', 'msge34');return false;">&nbsp;</span>
           <div class="titleText errorMessage" id="msgc34">Not&nbsp;yet&nbsp;implemented</div>
           <div class="titleText errorMessage" id="msge34" style="display:none;"> <div>java.lang.AssertionError: Not yet implemented</div><div> at org.junit.Assert.fail(Assert.java:74)</div><div>	at <a href="../../../../transitdroid/service/rest/requests/UpdateUserRequestTest.html?line=16#src-16">transitdroid.service.rest.requests.UpdateUserRequestTest.testGetRoles(UpdateUserRequestTest.java:16)</a></div><div> at org.junit.internal.runners.TestMethod.invoke(TestMethod.java:59)</div><div> at org.junit.internal.runners.MethodRoadie.runTestMethod(MethodRoadie.java:98)</div><div> at org.junit.internal.runners.MethodRoadie$2.run(MethodRoadie.java:79)</div><div> at org.junit.internal.runners.MethodRoadie.runBeforesThenTestThenAfters(MethodRoadie.java:87)</div><div> at org.junit.internal.runners.MethodRoadie.runTest(MethodRoadie.java:77)</div><div> at org.junit.internal.runners.MethodRoadie.run(MethodRoadie.java:42)</div><div> at org.junit.internal.runners.JUnit4ClassRunner.invokeTestMethod(JUnit4ClassRunner.java:88)</div><div> at org.junit.internal.runners.JUnit4ClassRunner.runMethods(JUnit4ClassRunner.java:51)</div><div> at org.junit.internal.runners.JUnit4ClassRunner$1.run(JUnit4ClassRunner.java:44)</div><div> at org.junit.internal.runners.ClassRoadie.runUnprotected(ClassRoadie.java:27)</div><div> at org.junit.internal.runners.ClassRoadie.runProtected(ClassRoadie.java:37)</div><div> at org.junit.internal.runners.JUnit4ClassRunner.run(JUnit4ClassRunner.java:42)</div><div> at org.eclipse.jdt.internal.junit4.runner.JUnit4TestReference.run(JUnit4TestReference.java:50)</div><div> at org.eclipse.jdt.internal.junit.runner.TestExecution.run(TestExecution.java:38)</div><div> at org.eclipse.jdt.internal.junit.runner.RemoteTestRunner.runTests(RemoteTestRunner.java:467)</div><div> at org.eclipse.jdt.internal.junit.runner.RemoteTestRunner.runTests(RemoteTestRunner.java:683)</div><div> at org.eclipse.jdt.internal.junit.runner.RemoteTestRunner.run(RemoteTestRunner.java:390)</div><div> at org.eclipse.jdt.internal.junit.runner.RemoteTestRunner.main(RemoteTestRunner.java:197)</div> </div>
                  </td>
    </tr>
   </tbody>
<tbody>
<tr><td class="hbreak" colspan="7">&nbsp;</td></tr>
<tr><td class="footer" colspan="7">
<table>
<tr>
 <td><a target="_new" href="http://www.atlassian.com/software/clover"><img alt="Clover" src="../../../../img/logo.gif" style="border:none"/></a></td><td style="white-space:nowrap;"><i>Report generated by </i>Clover <a target="_new" href="http://www.atlassian.com/software/clover">Code Coverage</a> v3.1.11<i><br/>Fri Apr 5 2013 13:16:47 EDT</i>.</td>
<td>&nbsp;</td><td style="BORDER-LEFT: #9c9c9c 1px solid;">&nbsp;</td><td>Clover Evaluation License registered to Clover Plugin. You have 29 day(s) before your license expires.</td>
</tr>
</table>
</td>
</tr></tbody>
</table>
</body>
</html>
